[2024-06-18T00:43:00.475+0000] {local_task_job_runner.py:120} INFO - ::group::Pre task execution logs
[2024-06-18T00:43:00.490+0000] {taskinstance.py:2076} INFO - Dependencies all met for dep_context=non-requeueable deps ti=<TaskInstance: dag_data_etl_v22.preprocess_data.filter_tags scheduled__2024-06-17T12:00:00+00:00 [queued]>
[2024-06-18T00:43:00.495+0000] {taskinstance.py:2076} INFO - Dependencies all met for dep_context=requeueable deps ti=<TaskInstance: dag_data_etl_v22.preprocess_data.filter_tags scheduled__2024-06-17T12:00:00+00:00 [queued]>
[2024-06-18T00:43:00.495+0000] {taskinstance.py:2306} INFO - Starting attempt 1 of 6
[2024-06-18T00:43:00.505+0000] {taskinstance.py:2330} INFO - Executing <Task(_PythonDecoratedOperator): preprocess_data.filter_tags> on 2024-06-17 12:00:00+00:00
[2024-06-18T00:43:00.512+0000] {logging_mixin.py:188} WARNING - /home/***/.local/lib/python3.12/site-packages/***/task/task_runner/standard_task_runner.py:61 DeprecationWarning: This process (pid=9970) is multi-threaded, use of fork() may lead to deadlocks in the child.
[2024-06-18T00:43:00.512+0000] {standard_task_runner.py:90} INFO - Running: ['***', 'tasks', 'run', 'dag_data_etl_v22', 'preprocess_data.filter_tags', 'scheduled__2024-06-17T12:00:00+00:00', '--job-id', '104', '--raw', '--subdir', 'DAGS_FOLDER/data_etl_dag.py', '--cfg-path', '/tmp/tmpe7pwm7jg']
[2024-06-18T00:43:00.513+0000] {standard_task_runner.py:63} INFO - Started process 9975 to run task
[2024-06-18T00:43:00.513+0000] {standard_task_runner.py:91} INFO - Job 104: Subtask preprocess_data.filter_tags
[2024-06-18T00:43:00.542+0000] {task_command.py:426} INFO - Running <TaskInstance: dag_data_etl_v22.preprocess_data.filter_tags scheduled__2024-06-17T12:00:00+00:00 [running]> on host 10482076056f
[2024-06-18T00:43:00.591+0000] {taskinstance.py:2648} INFO - Exporting env vars: AIRFLOW_CTX_DAG_OWNER='Solarev Ruslan' AIRFLOW_CTX_DAG_ID='dag_data_etl_v22' AIRFLOW_CTX_TASK_ID='preprocess_data.filter_tags' AIRFLOW_CTX_EXECUTION_DATE='2024-06-17T12:00:00+00:00' AIRFLOW_CTX_TRY_NUMBER='1' AIRFLOW_CTX_DAG_RUN_ID='scheduled__2024-06-17T12:00:00+00:00'
[2024-06-18T00:43:00.592+0000] {taskinstance.py:430} INFO - ::endgroup::
[2024-06-18T00:43:00.616+0000] {logging_mixin.py:188} INFO -                                    Profession  ...                                               Tags
0                   Администратор базы данных  ...  [Деловая переписка, Обеспечение жизнедеятельно...
1                   Администратор базы данных  ...  [Деловая переписка, Делопроизводство, Организа...
2                   Администратор базы данных  ...  [Пользователь ПК, Работа с базами данных, Комм...
3                   Администратор базы данных  ...        [Работа с базами данных, Администрирование]
4                             ERP-программист  ...  [1С программирование, 1С: Розница, Умение рабо...
5                             ERP-программист  ...  [Информационные технологии, ERP-системы на баз...
6                             ERP-программист  ...                         [1С программирование, ERP]
7                             ERP-программист  ...  [1C ERP, Моделирование бизнес процессов, Удале...
8   Тестировщик программного обеспечения (ПО)  ...  [Аналитическое мышление, Аналитический склад у...
9   Тестировщик программного обеспечения (ПО)  ...        [Тестирование, Python, HTTP, Docker, Linux]
10                    Системный администратор  ...  [Ремонт ПК, Настройка ПК, Сборка ПК, Настройка...
11                    Системный администратор  ...  [Linux, Администрирование сетевого оборудовани...
12                    Системный администратор  ...   [Linux, Администрирование серверов Linux, Cisco]
13                       Технический писатель  ...  [Техническая документация, Проектная документа...
14                       Технический писатель  ...  [Техническая документация, Проектная документа...
15                       Технический писатель  ...  [MS Visio, HTML, Разработка технических задани...
16                        Администратор сайта  ...             [jQuery, JavaScript, MySQL, CSS, PHP5]
17                        Администратор сайта  ...             [jQuery, JavaScript, MySQL, CSS, PHP5]

[18 rows x 3 columns]
[2024-06-18T00:43:00.617+0000] {logging_mixin.py:188} INFO - Тип: <class 'pandas.core.frame.DataFrame'>
[2024-06-18T00:43:00.621+0000] {logging_mixin.py:188} INFO - Тип: <class 'pandas.core.frame.DataFrame'>
[2024-06-18T00:43:00.623+0000] {python.py:237} INFO - Done. Returned value was: None
[2024-06-18T00:43:00.624+0000] {taskinstance.py:441} INFO - ::group::Post task execution logs
[2024-06-18T00:43:00.628+0000] {taskinstance.py:1206} INFO - Marking task as SUCCESS. dag_id=dag_data_etl_v22, task_id=preprocess_data.filter_tags, run_id=scheduled__2024-06-17T12:00:00+00:00, execution_date=20240617T120000, start_date=20240618T004300, end_date=20240618T004300
[2024-06-18T00:43:00.647+0000] {local_task_job_runner.py:240} INFO - Task exited with return code 0
[2024-06-18T00:43:00.655+0000] {taskinstance.py:3498} INFO - 0 downstream tasks scheduled from follow-on schedule check
[2024-06-18T00:43:00.657+0000] {local_task_job_runner.py:222} INFO - ::endgroup::
