[2024-06-18T00:16:35.977+0000] {local_task_job_runner.py:120} INFO - ::group::Pre task execution logs
[2024-06-18T00:16:35.996+0000] {taskinstance.py:2076} INFO - Dependencies all met for dep_context=non-requeueable deps ti=<TaskInstance: dag_data_etl_v20.preprocess_data.preprocess_tags scheduled__2024-06-17T12:00:00+00:00 [queued]>
[2024-06-18T00:16:36.002+0000] {taskinstance.py:2076} INFO - Dependencies all met for dep_context=requeueable deps ti=<TaskInstance: dag_data_etl_v20.preprocess_data.preprocess_tags scheduled__2024-06-17T12:00:00+00:00 [queued]>
[2024-06-18T00:16:36.002+0000] {taskinstance.py:2306} INFO - Starting attempt 1 of 6
[2024-06-18T00:16:36.011+0000] {taskinstance.py:2330} INFO - Executing <Task(_PythonDecoratedOperator): preprocess_data.preprocess_tags> on 2024-06-17 12:00:00+00:00
[2024-06-18T00:16:36.019+0000] {logging_mixin.py:188} WARNING - /home/***/.local/lib/python3.12/site-packages/***/task/task_runner/standard_task_runner.py:61 DeprecationWarning: This process (pid=8059) is multi-threaded, use of fork() may lead to deadlocks in the child.
[2024-06-18T00:16:36.019+0000] {standard_task_runner.py:90} INFO - Running: ['***', 'tasks', 'run', 'dag_data_etl_v20', 'preprocess_data.preprocess_tags', 'scheduled__2024-06-17T12:00:00+00:00', '--job-id', '92', '--raw', '--subdir', 'DAGS_FOLDER/data_etl_dag.py', '--cfg-path', '/tmp/tmpzpa1f_v6']
[2024-06-18T00:16:36.020+0000] {standard_task_runner.py:63} INFO - Started process 8061 to run task
[2024-06-18T00:16:36.020+0000] {standard_task_runner.py:91} INFO - Job 92: Subtask preprocess_data.preprocess_tags
[2024-06-18T00:16:36.049+0000] {task_command.py:426} INFO - Running <TaskInstance: dag_data_etl_v20.preprocess_data.preprocess_tags scheduled__2024-06-17T12:00:00+00:00 [running]> on host 10482076056f
[2024-06-18T00:16:36.105+0000] {taskinstance.py:2648} INFO - Exporting env vars: AIRFLOW_CTX_DAG_OWNER='Solarev Ruslan' AIRFLOW_CTX_DAG_ID='dag_data_etl_v20' AIRFLOW_CTX_TASK_ID='preprocess_data.preprocess_tags' AIRFLOW_CTX_EXECUTION_DATE='2024-06-17T12:00:00+00:00' AIRFLOW_CTX_TRY_NUMBER='1' AIRFLOW_CTX_DAG_RUN_ID='scheduled__2024-06-17T12:00:00+00:00'
[2024-06-18T00:16:36.106+0000] {taskinstance.py:430} INFO - ::endgroup::
[2024-06-18T00:16:36.111+0000] {logging_mixin.py:188} INFO - Index(['Profession', 'Link', 'Tags'], dtype='object')
[2024-06-18T00:16:36.121+0000] {logging_mixin.py:188} INFO -                                    Profession  ...                                               Tags
0                   Администратор базы данных  ...  [Деловая переписка, Обеспечение жизнедеятельно...
1                   Администратор базы данных  ...  [Деловая переписка, Делопроизводство, Организа...
2                   Администратор базы данных  ...  [Пользователь ПК, Работа с базами данных, Комм...
3                   Администратор базы данных  ...        [Работа с базами данных, Администрирование]
4                   Администратор базы данных  ...                                                 []
5                             ERP-программист  ...                                                 []
6                             ERP-программист  ...  [1С программирование, 1С: Розница, Умение рабо...
7                             ERP-программист  ...  [Информационные технологии, ERP-системы на баз...
8                             ERP-программист  ...                         [1С программирование, ERP]
9                             ERP-программист  ...  [1C ERP, Моделирование бизнес процессов, Удале...
10  Тестировщик программного обеспечения (ПО)  ...                                                 []
11  Тестировщик программного обеспечения (ПО)  ...                                                 []
12  Тестировщик программного обеспечения (ПО)  ...                                                 []
13  Тестировщик программного обеспечения (ПО)  ...  [Аналитическое мышление, Аналитический склад у...
14  Тестировщик программного обеспечения (ПО)  ...        [Тестирование, Python, HTTP, Docker, Linux]
15                    Системный администратор  ...  [Ремонт ПК, Настройка ПК, Сборка ПК, Настройка...
16                    Системный администратор  ...                                                 []
17                    Системный администратор  ...                                                 []
18                    Системный администратор  ...  [1С-Битрикс, 1С: Документооборот, Техническая ...
19                    Системный администратор  ...                                                 []
20                       Технический писатель  ...  [Техническая документация, Проектная документа...
21                       Технический писатель  ...  [Техническая документация, Проектная документа...
22                       Технический писатель  ...                 [Английский\xa0— C1 — Продвинутый]
23                       Технический писатель  ...  [MS Visio, HTML, Разработка технических задани...
24                       Технический писатель  ...                                                 []
25                        Администратор сайта  ...                                                 []
26                        Администратор сайта  ...             [jQuery, JavaScript, MySQL, CSS, PHP5]
27                        Администратор сайта  ...                                                 []
28                        Администратор сайта  ...             [jQuery, JavaScript, MySQL, CSS, PHP5]
29                        Администратор сайта  ...                                                 []
30                           Бизнес-аналитик   ...                                                 []
31                           Бизнес-аналитик   ...                                                 []
32                           Бизнес-аналитик   ...                                                 []
33                           Бизнес-аналитик   ...                                                 []
34                           Бизнес-аналитик   ...                                                 []

[35 rows x 3 columns]
[2024-06-18T00:16:36.122+0000] {logging_mixin.py:188} INFO - Тип: <class 'pandas.core.frame.DataFrame'>
[2024-06-18T00:16:36.125+0000] {python.py:237} INFO - Done. Returned value was: dags/data/Preprocessed_dataset.csv
[2024-06-18T00:16:36.125+0000] {taskinstance.py:441} INFO - ::group::Post task execution logs
[2024-06-18T00:16:36.138+0000] {taskinstance.py:1206} INFO - Marking task as SUCCESS. dag_id=dag_data_etl_v20, task_id=preprocess_data.preprocess_tags, run_id=scheduled__2024-06-17T12:00:00+00:00, execution_date=20240617T120000, start_date=20240618T001635, end_date=20240618T001636
[2024-06-18T00:16:36.153+0000] {local_task_job_runner.py:240} INFO - Task exited with return code 0
[2024-06-18T00:16:36.165+0000] {taskinstance.py:3498} INFO - 2 downstream tasks scheduled from follow-on schedule check
[2024-06-18T00:16:36.168+0000] {local_task_job_runner.py:222} INFO - ::endgroup::
