[2024-06-18T00:11:36.344+0000] {local_task_job_runner.py:120} INFO - ::group::Pre task execution logs
[2024-06-18T00:11:36.361+0000] {taskinstance.py:2076} INFO - Dependencies all met for dep_context=non-requeueable deps ti=<TaskInstance: dag_data_etl_v19.preprocess_data.filter_tags scheduled__2024-06-17T12:00:00+00:00 [queued]>
[2024-06-18T00:11:36.365+0000] {taskinstance.py:2076} INFO - Dependencies all met for dep_context=requeueable deps ti=<TaskInstance: dag_data_etl_v19.preprocess_data.filter_tags scheduled__2024-06-17T12:00:00+00:00 [queued]>
[2024-06-18T00:11:36.366+0000] {taskinstance.py:2306} INFO - Starting attempt 1 of 6
[2024-06-18T00:11:36.375+0000] {taskinstance.py:2330} INFO - Executing <Task(_PythonDecoratedOperator): preprocess_data.filter_tags> on 2024-06-17 12:00:00+00:00
[2024-06-18T00:11:36.381+0000] {standard_task_runner.py:90} INFO - Running: ['***', 'tasks', 'run', 'dag_data_etl_v19', 'preprocess_data.filter_tags', 'scheduled__2024-06-17T12:00:00+00:00', '--job-id', '89', '--raw', '--subdir', 'DAGS_FOLDER/data_etl_dag.py', '--cfg-path', '/tmp/tmpo29nydqi']
[2024-06-18T00:11:36.382+0000] {standard_task_runner.py:91} INFO - Job 89: Subtask preprocess_data.filter_tags
[2024-06-18T00:11:36.383+0000] {logging_mixin.py:188} WARNING - /home/***/.local/lib/python3.12/site-packages/***/task/task_runner/standard_task_runner.py:61 DeprecationWarning: This process (pid=7675) is multi-threaded, use of fork() may lead to deadlocks in the child.
[2024-06-18T00:11:36.384+0000] {standard_task_runner.py:63} INFO - Started process 7680 to run task
[2024-06-18T00:11:36.409+0000] {task_command.py:426} INFO - Running <TaskInstance: dag_data_etl_v19.preprocess_data.filter_tags scheduled__2024-06-17T12:00:00+00:00 [running]> on host 10482076056f
[2024-06-18T00:11:36.460+0000] {taskinstance.py:2648} INFO - Exporting env vars: AIRFLOW_CTX_DAG_OWNER='Solarev Ruslan' AIRFLOW_CTX_DAG_ID='dag_data_etl_v19' AIRFLOW_CTX_TASK_ID='preprocess_data.filter_tags' AIRFLOW_CTX_EXECUTION_DATE='2024-06-17T12:00:00+00:00' AIRFLOW_CTX_TRY_NUMBER='1' AIRFLOW_CTX_DAG_RUN_ID='scheduled__2024-06-17T12:00:00+00:00'
[2024-06-18T00:11:36.461+0000] {taskinstance.py:430} INFO - ::endgroup::
[2024-06-18T00:11:36.470+0000] {logging_mixin.py:188} INFO -                                    Profession  ...                                               Tags
0                   Администратор базы данных  ...  ['Телефонные переговоры', 'Кассовые операции',...
1                   Администратор базы данных  ...  ['Деловая переписка', 'Обеспечение жизнедеятел...
2                   Администратор базы данных  ...  ['Деловая переписка', 'Делопроизводство', 'Орг...
3                   Администратор базы данных  ...  ['Пользователь ПК', 'Работа с базами данных', ...
4                   Администратор базы данных  ...    ['Работа с базами данных', 'Администрирование']
5                             ERP-программист  ...                                                 []
6                             ERP-программист  ...  ['1С программирование', '1С: Розница', 'Умение...
7                             ERP-программист  ...                     ['1С программирование', 'ERP']
8                             ERP-программист  ...  ['1C ERP', 'Моделирование бизнес процессов', '...
9                             ERP-программист  ...                                                 []
10  Тестировщик программного обеспечения (ПО)  ...                                                 []
11  Тестировщик программного обеспечения (ПО)  ...                                                 []
12  Тестировщик программного обеспечения (ПО)  ...                                                 []
13  Тестировщик программного обеспечения (ПО)  ...  ['Аналитическое мышление', 'Аналитический скла...
14  Тестировщик программного обеспечения (ПО)  ...  ['Тестирование', 'Python', 'HTTP', 'Docker', '...
15                    Системный администратор  ...  ['Ремонт ПК', 'Настройка ПК', 'Сборка ПК', 'На...
16                    Системный администратор  ...                                                 []
17                    Системный администратор  ...                                                 []
18                    Системный администратор  ...  ['1С-Битрикс', '1С: Документооборот', 'Техниче...
19                    Системный администратор  ...                                                 []
20                       Технический писатель  ...  ['Техническая документация', 'Проектная докуме...
21                       Технический писатель  ...  ['Техническая документация', 'Проектная докуме...
22                       Технический писатель  ...              ['Английский\\xa0— C1 — Продвинутый']
23                       Технический писатель  ...  ['MS Visio', 'HTML', 'Разработка технических з...
24                       Технический писатель  ...                                                 []
25                        Администратор сайта  ...                                                 []
26                        Администратор сайта  ...   ['jQuery', 'JavaScript', 'MySQL', 'CSS', 'PHP5']
27                        Администратор сайта  ...                                                 []
28                        Администратор сайта  ...   ['jQuery', 'JavaScript', 'MySQL', 'CSS', 'PHP5']
29                        Администратор сайта  ...                                                 []
30                           Бизнес-аналитик   ...                                                 []
31                           Бизнес-аналитик   ...                                                 []
32                           Бизнес-аналитик   ...                                                 []
33                           Бизнес-аналитик   ...                                                 []
34                           Бизнес-аналитик   ...                                                 []

[35 rows x 3 columns]
[2024-06-18T00:11:36.784+0000] {logging_mixin.py:188} INFO -                                   Profession  ...                               Tags
0                            ERP-программист  ...                    [С, С, С, R, С]
1                            ERP-программист  ...                             [С, R]
2                            ERP-программист  ...                       [C, R, R, С]
3  Тестировщик программного обеспечения (ПО)  ...                       [C, C, R, С]
4                    Системный администратор  ...  [С, C, С, С, С, С, С, С, С, С, С]
5                    Системный администратор  ...                             [С, С]
6                       Технический писатель  ...                                [C]
7                        Администратор сайта  ...                                [C]
8                        Администратор сайта  ...                                [C]

[9 rows x 3 columns]
[2024-06-18T00:11:36.785+0000] {logging_mixin.py:188} INFO - Тип: <class 'pandas.core.frame.DataFrame'>
[2024-06-18T00:11:36.790+0000] {logging_mixin.py:188} INFO - Тип: <class 'pandas.core.frame.DataFrame'>
[2024-06-18T00:11:36.805+0000] {python.py:237} INFO - Done. Returned value was: None
[2024-06-18T00:11:36.805+0000] {taskinstance.py:441} INFO - ::group::Post task execution logs
[2024-06-18T00:11:36.811+0000] {taskinstance.py:1206} INFO - Marking task as SUCCESS. dag_id=dag_data_etl_v19, task_id=preprocess_data.filter_tags, run_id=scheduled__2024-06-17T12:00:00+00:00, execution_date=20240617T120000, start_date=20240618T001136, end_date=20240618T001136
[2024-06-18T00:11:36.838+0000] {local_task_job_runner.py:240} INFO - Task exited with return code 0
[2024-06-18T00:11:36.848+0000] {taskinstance.py:3498} INFO - 0 downstream tasks scheduled from follow-on schedule check
[2024-06-18T00:11:36.852+0000] {local_task_job_runner.py:222} INFO - ::endgroup::
