[2024-06-16T23:13:29.435+0000] {local_task_job_runner.py:120} INFO - ::group::Pre task execution logs
[2024-06-16T23:13:29.454+0000] {taskinstance.py:2076} INFO - Dependencies all met for dep_context=non-requeueable deps ti=<TaskInstance: dag_data_etl_v3.parse_data scheduled__2024-06-16T00:00:00+00:00 [queued]>
[2024-06-16T23:13:29.460+0000] {taskinstance.py:2076} INFO - Dependencies all met for dep_context=requeueable deps ti=<TaskInstance: dag_data_etl_v3.parse_data scheduled__2024-06-16T00:00:00+00:00 [queued]>
[2024-06-16T23:13:29.460+0000] {taskinstance.py:2306} INFO - Starting attempt 1 of 6
[2024-06-16T23:13:29.483+0000] {taskinstance.py:2330} INFO - Executing <Task(PythonOperator): parse_data> on 2024-06-16 00:00:00+00:00
[2024-06-16T23:13:29.488+0000] {standard_task_runner.py:90} INFO - Running: ['***', 'tasks', 'run', 'dag_data_etl_v3', 'parse_data', 'scheduled__2024-06-16T00:00:00+00:00', '--job-id', '17', '--raw', '--subdir', 'DAGS_FOLDER/data_etl_dag.py', '--cfg-path', '/tmp/tmpnqs6hfdl']
[2024-06-16T23:13:29.490+0000] {standard_task_runner.py:91} INFO - Job 17: Subtask parse_data
[2024-06-16T23:13:29.490+0000] {logging_mixin.py:188} WARNING - /home/***/.local/lib/python3.12/site-packages/***/task/task_runner/standard_task_runner.py:61 DeprecationWarning: This process (pid=194) is multi-threaded, use of fork() may lead to deadlocks in the child.
[2024-06-16T23:13:29.490+0000] {standard_task_runner.py:63} INFO - Started process 196 to run task
[2024-06-16T23:13:29.516+0000] {task_command.py:426} INFO - Running <TaskInstance: dag_data_etl_v3.parse_data scheduled__2024-06-16T00:00:00+00:00 [running]> on host 10482076056f
[2024-06-16T23:13:29.564+0000] {taskinstance.py:2648} INFO - Exporting env vars: AIRFLOW_CTX_DAG_OWNER='Solarev Ruslan' AIRFLOW_CTX_DAG_ID='dag_data_etl_v3' AIRFLOW_CTX_TASK_ID='parse_data' AIRFLOW_CTX_EXECUTION_DATE='2024-06-16T00:00:00+00:00' AIRFLOW_CTX_TRY_NUMBER='1' AIRFLOW_CTX_DAG_RUN_ID='scheduled__2024-06-16T00:00:00+00:00'
[2024-06-16T23:13:29.564+0000] {taskinstance.py:430} INFO - ::endgroup::
[2024-06-16T23:13:29.580+0000] {logging_mixin.py:188} INFO - Добавлена новая профессия: Администратор базы данных
[2024-06-16T23:13:41.172+0000] {logging_mixin.py:188} INFO - Добавлена новая профессия: ERP-программист
[2024-06-16T23:13:51.949+0000] {logging_mixin.py:188} INFO - Добавлена новая профессия: Тестировщик программного обеспечения (ПО)
[2024-06-16T23:14:03.555+0000] {logging_mixin.py:188} INFO - Добавлена новая профессия: Модератор форума
[2024-06-16T23:14:04.960+0000] {logging_mixin.py:188} INFO - Добавлена новая профессия: HTML-верстальщик
[2024-06-16T23:14:06.574+0000] {logging_mixin.py:188} INFO - Добавлена новая профессия: Системный администратор
[2024-06-16T23:14:17.631+0000] {logging_mixin.py:188} INFO - Добавлена новая профессия: IT-евангелист
[2024-06-16T23:14:19.056+0000] {logging_mixin.py:188} INFO - Добавлена новая профессия: Технический писатель
[2024-06-16T23:14:30.341+0000] {logging_mixin.py:188} INFO - Добавлена новая профессия: Администратор сайта
[2024-06-16T23:14:41.705+0000] {logging_mixin.py:188} INFO - Добавлена новая профессия: Бизнес-аналитик 
[2024-06-16T23:14:54.212+0000] {logging_mixin.py:188} INFO - Добавлена новая профессия: Специалист по информационной безопасности
[2024-06-16T23:15:06.118+0000] {logging_mixin.py:188} INFO - Добавлена новая профессия: Веб-программист
[2024-06-16T23:15:16.942+0000] {logging_mixin.py:188} INFO - Добавлена новая профессия: Программист
[2024-06-16T23:15:28.016+0000] {logging_mixin.py:188} INFO - Добавлена новая профессия: Программист 1С
[2024-06-16T23:15:39.415+0000] {logging_mixin.py:188} INFO - Добавлена новая профессия: Системный программист
[2024-06-16T23:15:51.697+0000] {logging_mixin.py:188} INFO - Добавлена новая профессия: ERP-консультант
[2024-06-16T23:16:03.381+0000] {logging_mixin.py:188} INFO - Добавлена новая профессия: Корпоративный архитектор
[2024-06-16T23:16:14.860+0000] {logging_mixin.py:188} INFO - Добавлена новая профессия: QA-инженер
[2024-06-16T23:16:26.155+0000] {logging_mixin.py:188} INFO - Добавлена новая профессия: SEO-специалист
[2024-06-16T23:16:37.150+0000] {logging_mixin.py:188} INFO - Добавлена новая профессия: Data Scientist
[2024-06-16T23:16:49.561+0000] {logging_mixin.py:188} INFO - Добавлена новая профессия: Frontend разработчик
[2024-06-16T23:17:01.079+0000] {logging_mixin.py:188} INFO - Добавлена новая профессия: Backend разработчик
[2024-06-16T23:17:11.258+0000] {logging_mixin.py:188} INFO - Добавлена новая профессия: Мобильный разработчик
[2024-06-16T23:17:22.064+0000] {logging_mixin.py:188} INFO - Добавлена новая профессия: Юзабилити-специалист
[2024-06-16T23:17:23.670+0000] {logging_mixin.py:188} INFO - Добавлена новая профессия: Веб-аналитик
[2024-06-16T23:17:34.306+0000] {logging_mixin.py:188} INFO - Добавлена новая профессия: Специалист по информационным ресурсам
[2024-06-16T23:17:46.078+0000] {logging_mixin.py:188} INFO - Добавлена новая профессия: Линк-менеджер
[2024-06-16T23:17:47.455+0000] {logging_mixin.py:188} INFO - Добавлена новая профессия: Специалист по информационным системам
[2024-06-16T23:18:05.911+0000] {logging_mixin.py:188} INFO - Добавлена новая профессия: Архитектор VR
[2024-06-16T23:18:07.328+0000] {logging_mixin.py:188} INFO - Добавлена новая профессия: Flash-аниматор
[2024-06-16T23:18:08.703+0000] {logging_mixin.py:188} INFO - Добавлена новая профессия: Дизайнер интерфейсов
[2024-06-16T23:18:19.647+0000] {logging_mixin.py:188} INFO - Добавлена новая профессия: Системный инженер
[2024-06-16T23:18:31.153+0000] {logging_mixin.py:188} INFO - Добавлена новая профессия: Gamedev (разработчик игр)
[2024-06-16T23:18:41.693+0000] {logging_mixin.py:188} INFO - Добавлена новая профессия: Сетевой администратор
[2024-06-16T23:18:53.163+0000] {logging_mixin.py:188} INFO - Добавлена новая профессия: Разработчик БД (баз данных)
[2024-06-16T23:19:03.946+0000] {logging_mixin.py:188} INFO - Добавлена новая профессия: Embedded-программист
[2024-06-16T23:19:14.749+0000] {logging_mixin.py:188} INFO - Добавлена новая профессия: Архитектор баз данных
[2024-06-16T23:19:26.603+0000] {logging_mixin.py:188} INFO - Добавлена новая профессия: Программист PHP
[2024-06-16T23:19:37.348+0000] {logging_mixin.py:188} INFO - Добавлена новая профессия: Программист Ruby
[2024-06-16T23:19:47.827+0000] {logging_mixin.py:188} INFO - Добавлена новая профессия: Программист Java
[2024-06-16T23:19:58.996+0000] {logging_mixin.py:188} INFO - Добавлена новая профессия: Android-разработчик
[2024-06-16T23:20:10.027+0000] {logging_mixin.py:188} INFO - Добавлена новая профессия: iOS-разработчик
[2024-06-16T23:20:21.639+0000] {logging_mixin.py:188} INFO - Добавлена новая профессия: Программист C#
[2024-06-16T23:20:32.393+0000] {logging_mixin.py:188} INFO - Добавлена новая профессия: Разработчик нейроинтерфейсов
[2024-06-16T23:20:33.913+0000] {logging_mixin.py:188} INFO - Добавлена новая профессия: Программист Python
[2024-06-16T23:20:44.967+0000] {logging_mixin.py:188} INFO - Добавлена новая профессия: Программист Swift
[2024-06-16T23:20:55.916+0000] {logging_mixin.py:188} INFO - Добавлена новая профессия: Архитектор информационных систем
[2024-06-16T23:21:07.168+0000] {logging_mixin.py:188} INFO - Добавлена новая профессия: Биоинформатик
[2024-06-16T23:21:08.525+0000] {logging_mixin.py:188} INFO - Добавлена новая профессия: Программист C++
[2024-06-16T23:21:18.994+0000] {logging_mixin.py:188} INFO - Добавлена новая профессия: Программист JavaScript
[2024-06-16T23:21:29.728+0000] {logging_mixin.py:188} INFO - Добавлена новая профессия: Программист Kotlin
[2024-06-16T23:21:40.082+0000] {logging_mixin.py:188} INFO - Добавлена новая профессия: BI разработчик
[2024-06-16T23:21:50.974+0000] {logging_mixin.py:188} INFO - Добавлена новая профессия: Data Mining Specialist
[2024-06-16T23:21:52.372+0000] {logging_mixin.py:188} INFO - Добавлена новая профессия: Quant developer
[2024-06-16T23:21:53.701+0000] {logging_mixin.py:188} INFO - Добавлена новая профессия: Intelligent Systems Developer
[2024-06-16T23:22:04.603+0000] {logging_mixin.py:188} INFO - Добавлена новая профессия: Программист С
[2024-06-16T23:22:15.019+0000] {logging_mixin.py:188} INFO - Добавлена новая профессия: Лингвоэксперт
[2024-06-16T23:22:16.444+0000] {logging_mixin.py:188} INFO - Добавлена новая профессия: UX-дизайнер
[2024-06-16T23:22:26.934+0000] {logging_mixin.py:188} INFO - Добавлена новая профессия: UX-аналитик
[2024-06-16T23:22:39.477+0000] {logging_mixin.py:188} INFO - Добавлена новая профессия: UI-дизайнер
[2024-06-16T23:22:49.721+0000] {logging_mixin.py:188} INFO - Добавлена новая профессия: Инженер-программист
[2024-06-16T23:23:00.334+0000] {logging_mixin.py:188} INFO - Добавлена новая профессия: Компьютерный лингвист
[2024-06-16T23:23:01.736+0000] {logging_mixin.py:188} INFO - Добавлена новая профессия: Аналитик
[2024-06-16T23:23:13.396+0000] {logging_mixin.py:188} INFO - Добавлена новая профессия: Тестировщик мобильных приложений
[2024-06-16T23:23:24.496+0000] {logging_mixin.py:188} INFO - Добавлена новая профессия: Системный аналитик
[2024-06-16T23:23:36.614+0000] {logging_mixin.py:188} INFO - Добавлена новая профессия: Продуктовый аналитик
[2024-06-16T23:23:50.296+0000] {logging_mixin.py:188} INFO - Добавлена новая профессия: Go-разработчик
[2024-06-16T23:24:02.174+0000] {logging_mixin.py:188} INFO - Добавлена новая профессия: DevOps-инженер
[2024-06-16T23:24:13.447+0000] {logging_mixin.py:188} INFO - Добавлена новая профессия: Data Engineer
[2024-06-16T23:24:24.586+0000] {logging_mixin.py:188} INFO - Добавлена новая профессия: Big Data Analyst
[2024-06-16T23:24:36.533+0000] {logging_mixin.py:188} INFO - Добавлена новая профессия: Fullstack-разработчик на PHP
[2024-06-16T23:24:47.076+0000] {logging_mixin.py:188} INFO - Добавлена новая профессия: Fullstack-разработчик на JavaScript
[2024-06-16T23:24:58.553+0000] {logging_mixin.py:188} INFO - Добавлена новая профессия: Fullstack-разработчик на Python
[2024-06-16T23:25:00.334+0000] {logging_mixin.py:188} INFO - Добавлена новая профессия: Гейм-аналитик
[2024-06-16T23:25:01.680+0000] {logging_mixin.py:188} INFO - Добавлена новая профессия: Разработчик чат-ботов
[2024-06-16T23:25:12.829+0000] {logging_mixin.py:188} INFO - Добавлена новая профессия: Разработчик на Unity
[2024-06-16T23:25:23.078+0000] {logging_mixin.py:188} INFO - Добавлена новая профессия: QA Automation Engineer
[2024-06-16T23:25:34.020+0000] {logging_mixin.py:188} INFO - Добавлена новая профессия: Аналитик мобильных приложений
[2024-06-16T23:25:44.930+0000] {logging_mixin.py:188} INFO - Добавлена новая профессия: Профессия fullstack-разработчик
[2024-06-16T23:25:46.502+0000] {logging_mixin.py:188} INFO - Добавлена новая профессия: UX-исследователь
[2024-06-16T23:25:57.888+0000] {logging_mixin.py:188} INFO - Добавлена новая профессия: Программист дронов
[2024-06-16T23:25:59.277+0000] {logging_mixin.py:188} INFO - Добавлена новая профессия: VFX-дизайнер
[2024-06-16T23:26:00.654+0000] {logging_mixin.py:188} INFO - Добавлена новая профессия: Специалист по кибербезопасности
[2024-06-16T23:26:11.490+0000] {logging_mixin.py:188} INFO - Добавлена новая профессия: Разработчик на Unreal Engine
[2024-06-16T23:26:21.720+0000] {logging_mixin.py:188} INFO - Добавлена новая профессия: Блокчейн-разработчик
[2024-06-16T23:26:23.047+0000] {logging_mixin.py:188} INFO - Добавлена новая профессия: Разработчик нейросетей 
[2024-06-16T23:26:34.269+0000] {logging_mixin.py:188} INFO - Добавлена новая профессия: ML-специалист
[2024-06-16T23:26:35.756+0000] {logging_mixin.py:188} INFO - Добавлена новая профессия: Разработчик на React Native 
[2024-06-16T23:26:46.594+0000] {logging_mixin.py:188} INFO - Добавлена новая профессия: Node.js-разработчик
[2024-06-16T23:26:57.000+0000] {logging_mixin.py:188} INFO - Добавлена новая профессия: Prompt-инженер
[2024-06-16T23:26:58.392+0000] {logging_mixin.py:188} INFO - Добавлена новая профессия: NLP-специалист
[2024-06-16T23:26:59.901+0000] {logging_mixin.py:188} INFO - Добавлена новая профессия: Deep Learning Engineer
[2024-06-16T23:27:01.761+0000] {logging_mixin.py:188} INFO - Добавлена новая профессия: Разработчик компьютерного зрения
[2024-06-16T23:27:12.342+0000] {logging_mixin.py:188} INFO - Добавлена новая профессия: Пентестер
[2024-06-16T23:27:13.915+0000] {logging_mixin.py:188} INFO - Добавлена новая профессия: Маркетолог
[2024-06-16T23:27:24.772+0000] {logging_mixin.py:188} INFO - Добавлена новая профессия: SMM-специалист
[2024-06-16T23:27:35.717+0000] {logging_mixin.py:188} INFO - Добавлена новая профессия: Веб-маркетолог
[2024-06-16T23:27:37.370+0000] {python.py:237} INFO - Done. Returned value was: None
[2024-06-16T23:27:37.371+0000] {taskinstance.py:441} INFO - ::group::Post task execution logs
[2024-06-16T23:27:37.375+0000] {taskinstance.py:1206} INFO - Marking task as SUCCESS. dag_id=dag_data_etl_v3, task_id=parse_data, run_id=scheduled__2024-06-16T00:00:00+00:00, execution_date=20240616T000000, start_date=20240616T231329, end_date=20240616T232737
[2024-06-16T23:27:37.403+0000] {local_task_job_runner.py:240} INFO - Task exited with return code 0
[2024-06-16T23:27:37.415+0000] {taskinstance.py:3498} INFO - 1 downstream tasks scheduled from follow-on schedule check
[2024-06-16T23:27:37.417+0000] {local_task_job_runner.py:222} INFO - ::endgroup::
