[2024-06-18T03:30:23.955+0000] {local_task_job_runner.py:120} INFO - ::group::Pre task execution logs
[2024-06-18T03:30:23.972+0000] {taskinstance.py:2076} INFO - Dependencies all met for dep_context=non-requeueable deps ti=<TaskInstance: dag_data_etl_v28.data_etl.preprocess_data.preprocess_tags scheduled__2024-06-17T12:00:00+00:00 [queued]>
[2024-06-18T03:30:23.977+0000] {taskinstance.py:2076} INFO - Dependencies all met for dep_context=requeueable deps ti=<TaskInstance: dag_data_etl_v28.data_etl.preprocess_data.preprocess_tags scheduled__2024-06-17T12:00:00+00:00 [queued]>
[2024-06-18T03:30:23.977+0000] {taskinstance.py:2306} INFO - Starting attempt 1 of 6
[2024-06-18T03:30:23.985+0000] {taskinstance.py:2330} INFO - Executing <Task(_PythonDecoratedOperator): data_etl.preprocess_data.preprocess_tags> on 2024-06-17 12:00:00+00:00
[2024-06-18T03:30:23.990+0000] {logging_mixin.py:188} WARNING - /home/***/.local/lib/python3.12/site-packages/***/task/task_runner/standard_task_runner.py:61 DeprecationWarning: This process (pid=21985) is multi-threaded, use of fork() may lead to deadlocks in the child.
[2024-06-18T03:30:23.990+0000] {standard_task_runner.py:63} INFO - Started process 21992 to run task
[2024-06-18T03:30:23.990+0000] {standard_task_runner.py:90} INFO - Running: ['***', 'tasks', 'run', 'dag_data_etl_v28', 'data_etl.preprocess_data.preprocess_tags', 'scheduled__2024-06-17T12:00:00+00:00', '--job-id', '115', '--raw', '--subdir', 'DAGS_FOLDER/data_etl_dag.py', '--cfg-path', '/tmp/tmplr9owy3j']
[2024-06-18T03:30:23.991+0000] {standard_task_runner.py:91} INFO - Job 115: Subtask data_etl.preprocess_data.preprocess_tags
[2024-06-18T03:30:24.019+0000] {task_command.py:426} INFO - Running <TaskInstance: dag_data_etl_v28.data_etl.preprocess_data.preprocess_tags scheduled__2024-06-17T12:00:00+00:00 [running]> on host 10482076056f
[2024-06-18T03:30:24.067+0000] {taskinstance.py:2648} INFO - Exporting env vars: AIRFLOW_CTX_DAG_OWNER='Solarev Ruslan' AIRFLOW_CTX_DAG_ID='dag_data_etl_v28' AIRFLOW_CTX_TASK_ID='data_etl.preprocess_data.preprocess_tags' AIRFLOW_CTX_EXECUTION_DATE='2024-06-17T12:00:00+00:00' AIRFLOW_CTX_TRY_NUMBER='1' AIRFLOW_CTX_DAG_RUN_ID='scheduled__2024-06-17T12:00:00+00:00'
[2024-06-18T03:30:24.068+0000] {taskinstance.py:430} INFO - ::endgroup::
[2024-06-18T03:30:24.080+0000] {logging_mixin.py:188} INFO - Index(['Profession', 'Link', 'Tags'], dtype='object')
[2024-06-18T03:30:24.088+0000] {logging_mixin.py:188} INFO -                    Profession  ...                                               Tags
0   Администратор базы данных  ...                                                 []
1   Администратор базы данных  ...                                                 []
2   Администратор базы данных  ...                                                 []
3   Администратор базы данных  ...  [Пользователь ПК, Грамотная речь, Работа в ком...
4   Администратор базы данных  ...  [Администрирование баз данных, Работа в команд...
..                        ...  ...                                                ...
65           Бизнес-аналитик   ...                                                 []
66           Бизнес-аналитик   ...                                                 []
67           Бизнес-аналитик   ...  [SQL, MS PowerPoint, MS SQL, MS Access, ETL, Б...
68           Бизнес-аналитик   ...                                                 []
69           Бизнес-аналитик   ...          [Пользователь ПК, Аналитическое мышление]

[70 rows x 3 columns]
[2024-06-18T03:30:24.088+0000] {logging_mixin.py:188} INFO - Тип: <class 'pandas.core.frame.DataFrame'>
[2024-06-18T03:30:24.094+0000] {python.py:237} INFO - Done. Returned value was: dags/data/Preprocessed_dataset.csv
[2024-06-18T03:30:24.094+0000] {taskinstance.py:441} INFO - ::group::Post task execution logs
[2024-06-18T03:30:24.106+0000] {taskinstance.py:1206} INFO - Marking task as SUCCESS. dag_id=dag_data_etl_v28, task_id=data_etl.preprocess_data.preprocess_tags, run_id=scheduled__2024-06-17T12:00:00+00:00, execution_date=20240617T120000, start_date=20240618T033023, end_date=20240618T033024
[2024-06-18T03:30:24.123+0000] {local_task_job_runner.py:240} INFO - Task exited with return code 0
[2024-06-18T03:30:24.128+0000] {local_task_job_runner.py:222} INFO - ::endgroup::
