[2024-06-17T23:08:49.111+0000] {processor.py:161} INFO - Started process (PID=3166) to work on /opt/airflow/dags/tasks/parse_hh.py
[2024-06-17T23:08:49.111+0000] {processor.py:830} INFO - Processing file /opt/airflow/dags/tasks/parse_hh.py for tasks to queue
[2024-06-17T23:08:49.112+0000] {logging_mixin.py:188} INFO - [2024-06-17T23:08:49.112+0000] {dagbag.py:545} INFO - Filling up the DagBag from /opt/airflow/dags/tasks/parse_hh.py
[2024-06-17T23:08:49.453+0000] {processor.py:842} WARNING - No viable dags retrieved from /opt/airflow/dags/tasks/parse_hh.py
[2024-06-17T23:08:49.460+0000] {processor.py:183} INFO - Processing /opt/airflow/dags/tasks/parse_hh.py took 0.353 seconds
[2024-06-17T23:09:20.143+0000] {processor.py:161} INFO - Started process (PID=3202) to work on /opt/airflow/dags/tasks/parse_hh.py
[2024-06-17T23:09:20.143+0000] {processor.py:830} INFO - Processing file /opt/airflow/dags/tasks/parse_hh.py for tasks to queue
[2024-06-17T23:09:20.144+0000] {logging_mixin.py:188} INFO - [2024-06-17T23:09:20.143+0000] {dagbag.py:545} INFO - Filling up the DagBag from /opt/airflow/dags/tasks/parse_hh.py
[2024-06-17T23:09:20.466+0000] {processor.py:842} WARNING - No viable dags retrieved from /opt/airflow/dags/tasks/parse_hh.py
[2024-06-17T23:09:20.471+0000] {processor.py:183} INFO - Processing /opt/airflow/dags/tasks/parse_hh.py took 0.332 seconds
[2024-06-17T23:09:51.157+0000] {processor.py:161} INFO - Started process (PID=3247) to work on /opt/airflow/dags/tasks/parse_hh.py
[2024-06-17T23:09:51.158+0000] {processor.py:830} INFO - Processing file /opt/airflow/dags/tasks/parse_hh.py for tasks to queue
[2024-06-17T23:09:51.158+0000] {logging_mixin.py:188} INFO - [2024-06-17T23:09:51.158+0000] {dagbag.py:545} INFO - Filling up the DagBag from /opt/airflow/dags/tasks/parse_hh.py
[2024-06-17T23:09:51.481+0000] {processor.py:842} WARNING - No viable dags retrieved from /opt/airflow/dags/tasks/parse_hh.py
[2024-06-17T23:09:51.486+0000] {processor.py:183} INFO - Processing /opt/airflow/dags/tasks/parse_hh.py took 0.333 seconds
[2024-06-17T23:10:22.093+0000] {processor.py:161} INFO - Started process (PID=3283) to work on /opt/airflow/dags/tasks/parse_hh.py
[2024-06-17T23:10:22.094+0000] {processor.py:830} INFO - Processing file /opt/airflow/dags/tasks/parse_hh.py for tasks to queue
[2024-06-17T23:10:22.095+0000] {logging_mixin.py:188} INFO - [2024-06-17T23:10:22.095+0000] {dagbag.py:545} INFO - Filling up the DagBag from /opt/airflow/dags/tasks/parse_hh.py
[2024-06-17T23:10:22.657+0000] {processor.py:842} WARNING - No viable dags retrieved from /opt/airflow/dags/tasks/parse_hh.py
[2024-06-17T23:10:22.663+0000] {processor.py:183} INFO - Processing /opt/airflow/dags/tasks/parse_hh.py took 0.573 seconds
[2024-06-17T23:10:52.917+0000] {processor.py:161} INFO - Started process (PID=3320) to work on /opt/airflow/dags/tasks/parse_hh.py
[2024-06-17T23:10:52.918+0000] {processor.py:830} INFO - Processing file /opt/airflow/dags/tasks/parse_hh.py for tasks to queue
[2024-06-17T23:10:52.919+0000] {logging_mixin.py:188} INFO - [2024-06-17T23:10:52.919+0000] {dagbag.py:545} INFO - Filling up the DagBag from /opt/airflow/dags/tasks/parse_hh.py
[2024-06-17T23:10:53.368+0000] {processor.py:842} WARNING - No viable dags retrieved from /opt/airflow/dags/tasks/parse_hh.py
[2024-06-17T23:10:53.375+0000] {processor.py:183} INFO - Processing /opt/airflow/dags/tasks/parse_hh.py took 0.462 seconds
[2024-06-17T23:11:24.273+0000] {processor.py:161} INFO - Started process (PID=3355) to work on /opt/airflow/dags/tasks/parse_hh.py
[2024-06-17T23:11:24.278+0000] {processor.py:830} INFO - Processing file /opt/airflow/dags/tasks/parse_hh.py for tasks to queue
[2024-06-17T23:11:24.279+0000] {logging_mixin.py:188} INFO - [2024-06-17T23:11:24.279+0000] {dagbag.py:545} INFO - Filling up the DagBag from /opt/airflow/dags/tasks/parse_hh.py
[2024-06-17T23:11:24.914+0000] {processor.py:842} WARNING - No viable dags retrieved from /opt/airflow/dags/tasks/parse_hh.py
[2024-06-17T23:11:24.945+0000] {processor.py:183} INFO - Processing /opt/airflow/dags/tasks/parse_hh.py took 0.675 seconds
[2024-06-17T23:11:56.180+0000] {processor.py:161} INFO - Started process (PID=3394) to work on /opt/airflow/dags/tasks/parse_hh.py
[2024-06-17T23:11:56.181+0000] {processor.py:830} INFO - Processing file /opt/airflow/dags/tasks/parse_hh.py for tasks to queue
[2024-06-17T23:11:56.185+0000] {logging_mixin.py:188} INFO - [2024-06-17T23:11:56.184+0000] {dagbag.py:545} INFO - Filling up the DagBag from /opt/airflow/dags/tasks/parse_hh.py
[2024-06-17T23:11:56.798+0000] {processor.py:842} WARNING - No viable dags retrieved from /opt/airflow/dags/tasks/parse_hh.py
[2024-06-17T23:11:56.805+0000] {processor.py:183} INFO - Processing /opt/airflow/dags/tasks/parse_hh.py took 0.628 seconds
[2024-06-17T23:12:27.361+0000] {processor.py:161} INFO - Started process (PID=3430) to work on /opt/airflow/dags/tasks/parse_hh.py
[2024-06-17T23:12:27.361+0000] {processor.py:830} INFO - Processing file /opt/airflow/dags/tasks/parse_hh.py for tasks to queue
[2024-06-17T23:12:27.362+0000] {logging_mixin.py:188} INFO - [2024-06-17T23:12:27.362+0000] {dagbag.py:545} INFO - Filling up the DagBag from /opt/airflow/dags/tasks/parse_hh.py
[2024-06-17T23:12:27.912+0000] {processor.py:842} WARNING - No viable dags retrieved from /opt/airflow/dags/tasks/parse_hh.py
[2024-06-17T23:12:27.922+0000] {processor.py:183} INFO - Processing /opt/airflow/dags/tasks/parse_hh.py took 0.565 seconds
[2024-06-17T23:12:58.545+0000] {processor.py:161} INFO - Started process (PID=3466) to work on /opt/airflow/dags/tasks/parse_hh.py
[2024-06-17T23:12:58.546+0000] {processor.py:830} INFO - Processing file /opt/airflow/dags/tasks/parse_hh.py for tasks to queue
[2024-06-17T23:12:58.547+0000] {logging_mixin.py:188} INFO - [2024-06-17T23:12:58.547+0000] {dagbag.py:545} INFO - Filling up the DagBag from /opt/airflow/dags/tasks/parse_hh.py
[2024-06-17T23:12:59.210+0000] {processor.py:842} WARNING - No viable dags retrieved from /opt/airflow/dags/tasks/parse_hh.py
[2024-06-17T23:12:59.219+0000] {processor.py:183} INFO - Processing /opt/airflow/dags/tasks/parse_hh.py took 0.678 seconds
[2024-06-17T23:13:29.832+0000] {processor.py:161} INFO - Started process (PID=3499) to work on /opt/airflow/dags/tasks/parse_hh.py
[2024-06-17T23:13:29.859+0000] {processor.py:830} INFO - Processing file /opt/airflow/dags/tasks/parse_hh.py for tasks to queue
[2024-06-17T23:13:29.861+0000] {logging_mixin.py:188} INFO - [2024-06-17T23:13:29.861+0000] {dagbag.py:545} INFO - Filling up the DagBag from /opt/airflow/dags/tasks/parse_hh.py
[2024-06-17T23:13:30.532+0000] {processor.py:842} WARNING - No viable dags retrieved from /opt/airflow/dags/tasks/parse_hh.py
[2024-06-17T23:13:30.542+0000] {processor.py:183} INFO - Processing /opt/airflow/dags/tasks/parse_hh.py took 0.714 seconds
[2024-06-17T23:14:00.876+0000] {processor.py:161} INFO - Started process (PID=3535) to work on /opt/airflow/dags/tasks/parse_hh.py
[2024-06-17T23:14:00.884+0000] {processor.py:830} INFO - Processing file /opt/airflow/dags/tasks/parse_hh.py for tasks to queue
[2024-06-17T23:14:00.899+0000] {logging_mixin.py:188} INFO - [2024-06-17T23:14:00.899+0000] {dagbag.py:545} INFO - Filling up the DagBag from /opt/airflow/dags/tasks/parse_hh.py
[2024-06-17T23:14:01.334+0000] {processor.py:842} WARNING - No viable dags retrieved from /opt/airflow/dags/tasks/parse_hh.py
[2024-06-17T23:14:01.341+0000] {processor.py:183} INFO - Processing /opt/airflow/dags/tasks/parse_hh.py took 0.469 seconds
[2024-06-17T23:14:31.506+0000] {processor.py:161} INFO - Started process (PID=3570) to work on /opt/airflow/dags/tasks/parse_hh.py
[2024-06-17T23:14:31.506+0000] {processor.py:830} INFO - Processing file /opt/airflow/dags/tasks/parse_hh.py for tasks to queue
[2024-06-17T23:14:31.515+0000] {logging_mixin.py:188} INFO - [2024-06-17T23:14:31.514+0000] {dagbag.py:545} INFO - Filling up the DagBag from /opt/airflow/dags/tasks/parse_hh.py
[2024-06-17T23:14:32.357+0000] {processor.py:842} WARNING - No viable dags retrieved from /opt/airflow/dags/tasks/parse_hh.py
[2024-06-17T23:14:32.408+0000] {processor.py:183} INFO - Processing /opt/airflow/dags/tasks/parse_hh.py took 0.906 seconds
[2024-06-17T23:15:03.024+0000] {processor.py:161} INFO - Started process (PID=3606) to work on /opt/airflow/dags/tasks/parse_hh.py
[2024-06-17T23:15:03.024+0000] {processor.py:830} INFO - Processing file /opt/airflow/dags/tasks/parse_hh.py for tasks to queue
[2024-06-17T23:15:03.041+0000] {logging_mixin.py:188} INFO - [2024-06-17T23:15:03.041+0000] {dagbag.py:545} INFO - Filling up the DagBag from /opt/airflow/dags/tasks/parse_hh.py
[2024-06-17T23:15:03.503+0000] {processor.py:842} WARNING - No viable dags retrieved from /opt/airflow/dags/tasks/parse_hh.py
[2024-06-17T23:15:03.511+0000] {processor.py:183} INFO - Processing /opt/airflow/dags/tasks/parse_hh.py took 0.491 seconds
[2024-06-17T23:15:34.293+0000] {processor.py:161} INFO - Started process (PID=3642) to work on /opt/airflow/dags/tasks/parse_hh.py
[2024-06-17T23:15:34.294+0000] {processor.py:830} INFO - Processing file /opt/airflow/dags/tasks/parse_hh.py for tasks to queue
[2024-06-17T23:15:34.294+0000] {logging_mixin.py:188} INFO - [2024-06-17T23:15:34.294+0000] {dagbag.py:545} INFO - Filling up the DagBag from /opt/airflow/dags/tasks/parse_hh.py
[2024-06-17T23:15:34.752+0000] {processor.py:842} WARNING - No viable dags retrieved from /opt/airflow/dags/tasks/parse_hh.py
[2024-06-17T23:15:34.759+0000] {processor.py:183} INFO - Processing /opt/airflow/dags/tasks/parse_hh.py took 0.470 seconds
[2024-06-17T23:16:05.386+0000] {processor.py:161} INFO - Started process (PID=3678) to work on /opt/airflow/dags/tasks/parse_hh.py
[2024-06-17T23:16:05.394+0000] {processor.py:830} INFO - Processing file /opt/airflow/dags/tasks/parse_hh.py for tasks to queue
[2024-06-17T23:16:05.406+0000] {logging_mixin.py:188} INFO - [2024-06-17T23:16:05.406+0000] {dagbag.py:545} INFO - Filling up the DagBag from /opt/airflow/dags/tasks/parse_hh.py
[2024-06-17T23:16:06.096+0000] {processor.py:842} WARNING - No viable dags retrieved from /opt/airflow/dags/tasks/parse_hh.py
[2024-06-17T23:16:06.106+0000] {processor.py:183} INFO - Processing /opt/airflow/dags/tasks/parse_hh.py took 0.724 seconds
[2024-06-17T23:16:36.959+0000] {processor.py:161} INFO - Started process (PID=3715) to work on /opt/airflow/dags/tasks/parse_hh.py
[2024-06-17T23:16:36.960+0000] {processor.py:830} INFO - Processing file /opt/airflow/dags/tasks/parse_hh.py for tasks to queue
[2024-06-17T23:16:36.961+0000] {logging_mixin.py:188} INFO - [2024-06-17T23:16:36.960+0000] {dagbag.py:545} INFO - Filling up the DagBag from /opt/airflow/dags/tasks/parse_hh.py
[2024-06-17T23:16:37.382+0000] {processor.py:842} WARNING - No viable dags retrieved from /opt/airflow/dags/tasks/parse_hh.py
[2024-06-17T23:16:37.391+0000] {processor.py:183} INFO - Processing /opt/airflow/dags/tasks/parse_hh.py took 0.436 seconds
[2024-06-17T23:17:07.732+0000] {processor.py:161} INFO - Started process (PID=3753) to work on /opt/airflow/dags/tasks/parse_hh.py
[2024-06-17T23:17:07.737+0000] {processor.py:830} INFO - Processing file /opt/airflow/dags/tasks/parse_hh.py for tasks to queue
[2024-06-17T23:17:07.738+0000] {logging_mixin.py:188} INFO - [2024-06-17T23:17:07.738+0000] {dagbag.py:545} INFO - Filling up the DagBag from /opt/airflow/dags/tasks/parse_hh.py
[2024-06-17T23:17:08.231+0000] {processor.py:842} WARNING - No viable dags retrieved from /opt/airflow/dags/tasks/parse_hh.py
[2024-06-17T23:17:08.246+0000] {processor.py:183} INFO - Processing /opt/airflow/dags/tasks/parse_hh.py took 0.519 seconds
[2024-06-17T23:17:38.721+0000] {processor.py:161} INFO - Started process (PID=3795) to work on /opt/airflow/dags/tasks/parse_hh.py
[2024-06-17T23:17:38.721+0000] {processor.py:830} INFO - Processing file /opt/airflow/dags/tasks/parse_hh.py for tasks to queue
[2024-06-17T23:17:38.722+0000] {logging_mixin.py:188} INFO - [2024-06-17T23:17:38.722+0000] {dagbag.py:545} INFO - Filling up the DagBag from /opt/airflow/dags/tasks/parse_hh.py
[2024-06-17T23:17:39.286+0000] {processor.py:842} WARNING - No viable dags retrieved from /opt/airflow/dags/tasks/parse_hh.py
[2024-06-17T23:17:39.301+0000] {processor.py:183} INFO - Processing /opt/airflow/dags/tasks/parse_hh.py took 0.584 seconds
[2024-06-17T23:18:10.075+0000] {processor.py:161} INFO - Started process (PID=3831) to work on /opt/airflow/dags/tasks/parse_hh.py
[2024-06-17T23:18:10.077+0000] {processor.py:830} INFO - Processing file /opt/airflow/dags/tasks/parse_hh.py for tasks to queue
[2024-06-17T23:18:10.080+0000] {logging_mixin.py:188} INFO - [2024-06-17T23:18:10.080+0000] {dagbag.py:545} INFO - Filling up the DagBag from /opt/airflow/dags/tasks/parse_hh.py
[2024-06-17T23:18:10.678+0000] {processor.py:842} WARNING - No viable dags retrieved from /opt/airflow/dags/tasks/parse_hh.py
[2024-06-17T23:18:10.686+0000] {processor.py:183} INFO - Processing /opt/airflow/dags/tasks/parse_hh.py took 0.615 seconds
[2024-06-17T23:18:41.414+0000] {processor.py:161} INFO - Started process (PID=3867) to work on /opt/airflow/dags/tasks/parse_hh.py
[2024-06-17T23:18:41.425+0000] {processor.py:830} INFO - Processing file /opt/airflow/dags/tasks/parse_hh.py for tasks to queue
[2024-06-17T23:18:41.427+0000] {logging_mixin.py:188} INFO - [2024-06-17T23:18:41.426+0000] {dagbag.py:545} INFO - Filling up the DagBag from /opt/airflow/dags/tasks/parse_hh.py
[2024-06-17T23:18:41.940+0000] {processor.py:842} WARNING - No viable dags retrieved from /opt/airflow/dags/tasks/parse_hh.py
[2024-06-17T23:18:41.948+0000] {processor.py:183} INFO - Processing /opt/airflow/dags/tasks/parse_hh.py took 0.539 seconds
[2024-06-17T23:19:12.017+0000] {processor.py:161} INFO - Started process (PID=3903) to work on /opt/airflow/dags/tasks/parse_hh.py
[2024-06-17T23:19:12.018+0000] {processor.py:830} INFO - Processing file /opt/airflow/dags/tasks/parse_hh.py for tasks to queue
[2024-06-17T23:19:12.019+0000] {logging_mixin.py:188} INFO - [2024-06-17T23:19:12.018+0000] {dagbag.py:545} INFO - Filling up the DagBag from /opt/airflow/dags/tasks/parse_hh.py
[2024-06-17T23:19:12.503+0000] {processor.py:842} WARNING - No viable dags retrieved from /opt/airflow/dags/tasks/parse_hh.py
[2024-06-17T23:19:12.512+0000] {processor.py:183} INFO - Processing /opt/airflow/dags/tasks/parse_hh.py took 0.499 seconds
[2024-06-17T23:19:42.935+0000] {processor.py:161} INFO - Started process (PID=3936) to work on /opt/airflow/dags/tasks/parse_hh.py
[2024-06-17T23:19:42.937+0000] {processor.py:830} INFO - Processing file /opt/airflow/dags/tasks/parse_hh.py for tasks to queue
[2024-06-17T23:19:42.938+0000] {logging_mixin.py:188} INFO - [2024-06-17T23:19:42.938+0000] {dagbag.py:545} INFO - Filling up the DagBag from /opt/airflow/dags/tasks/parse_hh.py
[2024-06-17T23:19:43.473+0000] {processor.py:842} WARNING - No viable dags retrieved from /opt/airflow/dags/tasks/parse_hh.py
[2024-06-17T23:19:43.479+0000] {processor.py:183} INFO - Processing /opt/airflow/dags/tasks/parse_hh.py took 0.547 seconds
[2024-06-17T23:20:14.690+0000] {processor.py:161} INFO - Started process (PID=3975) to work on /opt/airflow/dags/tasks/parse_hh.py
[2024-06-17T23:20:14.691+0000] {processor.py:830} INFO - Processing file /opt/airflow/dags/tasks/parse_hh.py for tasks to queue
[2024-06-17T23:20:14.692+0000] {logging_mixin.py:188} INFO - [2024-06-17T23:20:14.692+0000] {dagbag.py:545} INFO - Filling up the DagBag from /opt/airflow/dags/tasks/parse_hh.py
[2024-06-17T23:20:15.118+0000] {processor.py:842} WARNING - No viable dags retrieved from /opt/airflow/dags/tasks/parse_hh.py
[2024-06-17T23:20:15.126+0000] {processor.py:183} INFO - Processing /opt/airflow/dags/tasks/parse_hh.py took 0.441 seconds
[2024-06-17T23:20:45.659+0000] {processor.py:161} INFO - Started process (PID=4008) to work on /opt/airflow/dags/tasks/parse_hh.py
[2024-06-17T23:20:45.660+0000] {processor.py:830} INFO - Processing file /opt/airflow/dags/tasks/parse_hh.py for tasks to queue
[2024-06-17T23:20:45.661+0000] {logging_mixin.py:188} INFO - [2024-06-17T23:20:45.661+0000] {dagbag.py:545} INFO - Filling up the DagBag from /opt/airflow/dags/tasks/parse_hh.py
[2024-06-17T23:20:46.259+0000] {processor.py:842} WARNING - No viable dags retrieved from /opt/airflow/dags/tasks/parse_hh.py
[2024-06-17T23:20:46.267+0000] {processor.py:183} INFO - Processing /opt/airflow/dags/tasks/parse_hh.py took 0.611 seconds
[2024-06-17T23:21:17.265+0000] {processor.py:161} INFO - Started process (PID=4044) to work on /opt/airflow/dags/tasks/parse_hh.py
[2024-06-17T23:21:17.267+0000] {processor.py:830} INFO - Processing file /opt/airflow/dags/tasks/parse_hh.py for tasks to queue
[2024-06-17T23:21:17.283+0000] {logging_mixin.py:188} INFO - [2024-06-17T23:21:17.283+0000] {dagbag.py:545} INFO - Filling up the DagBag from /opt/airflow/dags/tasks/parse_hh.py
[2024-06-17T23:21:17.708+0000] {processor.py:842} WARNING - No viable dags retrieved from /opt/airflow/dags/tasks/parse_hh.py
[2024-06-17T23:21:17.715+0000] {processor.py:183} INFO - Processing /opt/airflow/dags/tasks/parse_hh.py took 0.455 seconds
[2024-06-17T23:21:48.640+0000] {processor.py:161} INFO - Started process (PID=4080) to work on /opt/airflow/dags/tasks/parse_hh.py
[2024-06-17T23:21:48.641+0000] {processor.py:830} INFO - Processing file /opt/airflow/dags/tasks/parse_hh.py for tasks to queue
[2024-06-17T23:21:48.642+0000] {logging_mixin.py:188} INFO - [2024-06-17T23:21:48.641+0000] {dagbag.py:545} INFO - Filling up the DagBag from /opt/airflow/dags/tasks/parse_hh.py
[2024-06-17T23:21:49.151+0000] {processor.py:842} WARNING - No viable dags retrieved from /opt/airflow/dags/tasks/parse_hh.py
[2024-06-17T23:21:49.159+0000] {processor.py:183} INFO - Processing /opt/airflow/dags/tasks/parse_hh.py took 0.523 seconds
[2024-06-17T23:22:19.344+0000] {processor.py:161} INFO - Started process (PID=4116) to work on /opt/airflow/dags/tasks/parse_hh.py
[2024-06-17T23:22:19.345+0000] {processor.py:830} INFO - Processing file /opt/airflow/dags/tasks/parse_hh.py for tasks to queue
[2024-06-17T23:22:19.345+0000] {logging_mixin.py:188} INFO - [2024-06-17T23:22:19.345+0000] {dagbag.py:545} INFO - Filling up the DagBag from /opt/airflow/dags/tasks/parse_hh.py
[2024-06-17T23:22:19.657+0000] {processor.py:842} WARNING - No viable dags retrieved from /opt/airflow/dags/tasks/parse_hh.py
[2024-06-17T23:22:19.663+0000] {processor.py:183} INFO - Processing /opt/airflow/dags/tasks/parse_hh.py took 0.322 seconds
[2024-06-17T23:22:50.265+0000] {processor.py:161} INFO - Started process (PID=4152) to work on /opt/airflow/dags/tasks/parse_hh.py
[2024-06-17T23:22:50.268+0000] {processor.py:830} INFO - Processing file /opt/airflow/dags/tasks/parse_hh.py for tasks to queue
[2024-06-17T23:22:50.268+0000] {logging_mixin.py:188} INFO - [2024-06-17T23:22:50.268+0000] {dagbag.py:545} INFO - Filling up the DagBag from /opt/airflow/dags/tasks/parse_hh.py
[2024-06-17T23:22:50.599+0000] {processor.py:842} WARNING - No viable dags retrieved from /opt/airflow/dags/tasks/parse_hh.py
[2024-06-17T23:22:50.605+0000] {processor.py:183} INFO - Processing /opt/airflow/dags/tasks/parse_hh.py took 0.343 seconds
[2024-06-17T23:23:20.905+0000] {processor.py:161} INFO - Started process (PID=4191) to work on /opt/airflow/dags/tasks/parse_hh.py
[2024-06-17T23:23:20.906+0000] {processor.py:830} INFO - Processing file /opt/airflow/dags/tasks/parse_hh.py for tasks to queue
[2024-06-17T23:23:20.907+0000] {logging_mixin.py:188} INFO - [2024-06-17T23:23:20.906+0000] {dagbag.py:545} INFO - Filling up the DagBag from /opt/airflow/dags/tasks/parse_hh.py
[2024-06-17T23:23:21.205+0000] {processor.py:842} WARNING - No viable dags retrieved from /opt/airflow/dags/tasks/parse_hh.py
[2024-06-17T23:23:21.211+0000] {processor.py:183} INFO - Processing /opt/airflow/dags/tasks/parse_hh.py took 0.309 seconds
[2024-06-17T23:23:51.513+0000] {processor.py:161} INFO - Started process (PID=4227) to work on /opt/airflow/dags/tasks/parse_hh.py
[2024-06-17T23:23:51.513+0000] {processor.py:830} INFO - Processing file /opt/airflow/dags/tasks/parse_hh.py for tasks to queue
[2024-06-17T23:23:51.514+0000] {logging_mixin.py:188} INFO - [2024-06-17T23:23:51.514+0000] {dagbag.py:545} INFO - Filling up the DagBag from /opt/airflow/dags/tasks/parse_hh.py
[2024-06-17T23:23:51.817+0000] {processor.py:842} WARNING - No viable dags retrieved from /opt/airflow/dags/tasks/parse_hh.py
[2024-06-17T23:23:51.823+0000] {processor.py:183} INFO - Processing /opt/airflow/dags/tasks/parse_hh.py took 0.314 seconds
[2024-06-17T23:24:22.119+0000] {processor.py:161} INFO - Started process (PID=4260) to work on /opt/airflow/dags/tasks/parse_hh.py
[2024-06-17T23:24:22.119+0000] {processor.py:830} INFO - Processing file /opt/airflow/dags/tasks/parse_hh.py for tasks to queue
[2024-06-17T23:24:22.120+0000] {logging_mixin.py:188} INFO - [2024-06-17T23:24:22.120+0000] {dagbag.py:545} INFO - Filling up the DagBag from /opt/airflow/dags/tasks/parse_hh.py
[2024-06-17T23:24:22.431+0000] {processor.py:842} WARNING - No viable dags retrieved from /opt/airflow/dags/tasks/parse_hh.py
[2024-06-17T23:24:22.436+0000] {processor.py:183} INFO - Processing /opt/airflow/dags/tasks/parse_hh.py took 0.321 seconds
[2024-06-17T23:24:53.016+0000] {processor.py:161} INFO - Started process (PID=4296) to work on /opt/airflow/dags/tasks/parse_hh.py
[2024-06-17T23:24:53.016+0000] {processor.py:830} INFO - Processing file /opt/airflow/dags/tasks/parse_hh.py for tasks to queue
[2024-06-17T23:24:53.017+0000] {logging_mixin.py:188} INFO - [2024-06-17T23:24:53.017+0000] {dagbag.py:545} INFO - Filling up the DagBag from /opt/airflow/dags/tasks/parse_hh.py
[2024-06-17T23:24:53.340+0000] {processor.py:842} WARNING - No viable dags retrieved from /opt/airflow/dags/tasks/parse_hh.py
[2024-06-17T23:24:53.346+0000] {processor.py:183} INFO - Processing /opt/airflow/dags/tasks/parse_hh.py took 0.333 seconds
[2024-06-17T23:25:23.960+0000] {processor.py:161} INFO - Started process (PID=4332) to work on /opt/airflow/dags/tasks/parse_hh.py
[2024-06-17T23:25:23.961+0000] {processor.py:830} INFO - Processing file /opt/airflow/dags/tasks/parse_hh.py for tasks to queue
[2024-06-17T23:25:23.962+0000] {logging_mixin.py:188} INFO - [2024-06-17T23:25:23.962+0000] {dagbag.py:545} INFO - Filling up the DagBag from /opt/airflow/dags/tasks/parse_hh.py
[2024-06-17T23:25:24.304+0000] {processor.py:842} WARNING - No viable dags retrieved from /opt/airflow/dags/tasks/parse_hh.py
[2024-06-17T23:25:24.310+0000] {processor.py:183} INFO - Processing /opt/airflow/dags/tasks/parse_hh.py took 0.353 seconds
[2024-06-17T23:25:54.879+0000] {processor.py:161} INFO - Started process (PID=4368) to work on /opt/airflow/dags/tasks/parse_hh.py
[2024-06-17T23:25:54.880+0000] {processor.py:830} INFO - Processing file /opt/airflow/dags/tasks/parse_hh.py for tasks to queue
[2024-06-17T23:25:54.880+0000] {logging_mixin.py:188} INFO - [2024-06-17T23:25:54.880+0000] {dagbag.py:545} INFO - Filling up the DagBag from /opt/airflow/dags/tasks/parse_hh.py
[2024-06-17T23:25:55.193+0000] {processor.py:842} WARNING - No viable dags retrieved from /opt/airflow/dags/tasks/parse_hh.py
[2024-06-17T23:25:55.198+0000] {processor.py:183} INFO - Processing /opt/airflow/dags/tasks/parse_hh.py took 0.322 seconds
[2024-06-17T23:26:25.738+0000] {processor.py:161} INFO - Started process (PID=4404) to work on /opt/airflow/dags/tasks/parse_hh.py
[2024-06-17T23:26:25.739+0000] {processor.py:830} INFO - Processing file /opt/airflow/dags/tasks/parse_hh.py for tasks to queue
[2024-06-17T23:26:25.739+0000] {logging_mixin.py:188} INFO - [2024-06-17T23:26:25.739+0000] {dagbag.py:545} INFO - Filling up the DagBag from /opt/airflow/dags/tasks/parse_hh.py
[2024-06-17T23:26:26.054+0000] {processor.py:842} WARNING - No viable dags retrieved from /opt/airflow/dags/tasks/parse_hh.py
[2024-06-17T23:26:26.060+0000] {processor.py:183} INFO - Processing /opt/airflow/dags/tasks/parse_hh.py took 0.324 seconds
[2024-06-17T23:26:56.650+0000] {processor.py:161} INFO - Started process (PID=4440) to work on /opt/airflow/dags/tasks/parse_hh.py
[2024-06-17T23:26:56.650+0000] {processor.py:830} INFO - Processing file /opt/airflow/dags/tasks/parse_hh.py for tasks to queue
[2024-06-17T23:26:56.651+0000] {logging_mixin.py:188} INFO - [2024-06-17T23:26:56.651+0000] {dagbag.py:545} INFO - Filling up the DagBag from /opt/airflow/dags/tasks/parse_hh.py
[2024-06-17T23:26:56.959+0000] {processor.py:842} WARNING - No viable dags retrieved from /opt/airflow/dags/tasks/parse_hh.py
[2024-06-17T23:26:56.964+0000] {processor.py:183} INFO - Processing /opt/airflow/dags/tasks/parse_hh.py took 0.318 seconds
[2024-06-17T23:27:27.494+0000] {processor.py:161} INFO - Started process (PID=4476) to work on /opt/airflow/dags/tasks/parse_hh.py
[2024-06-17T23:27:27.495+0000] {processor.py:830} INFO - Processing file /opt/airflow/dags/tasks/parse_hh.py for tasks to queue
[2024-06-17T23:27:27.495+0000] {logging_mixin.py:188} INFO - [2024-06-17T23:27:27.495+0000] {dagbag.py:545} INFO - Filling up the DagBag from /opt/airflow/dags/tasks/parse_hh.py
[2024-06-17T23:27:27.807+0000] {processor.py:842} WARNING - No viable dags retrieved from /opt/airflow/dags/tasks/parse_hh.py
[2024-06-17T23:27:27.813+0000] {processor.py:183} INFO - Processing /opt/airflow/dags/tasks/parse_hh.py took 0.322 seconds
[2024-06-17T23:27:58.357+0000] {processor.py:161} INFO - Started process (PID=4512) to work on /opt/airflow/dags/tasks/parse_hh.py
[2024-06-17T23:27:58.358+0000] {processor.py:830} INFO - Processing file /opt/airflow/dags/tasks/parse_hh.py for tasks to queue
[2024-06-17T23:27:58.358+0000] {logging_mixin.py:188} INFO - [2024-06-17T23:27:58.358+0000] {dagbag.py:545} INFO - Filling up the DagBag from /opt/airflow/dags/tasks/parse_hh.py
[2024-06-17T23:27:58.696+0000] {processor.py:842} WARNING - No viable dags retrieved from /opt/airflow/dags/tasks/parse_hh.py
[2024-06-17T23:27:58.701+0000] {processor.py:183} INFO - Processing /opt/airflow/dags/tasks/parse_hh.py took 0.347 seconds
[2024-06-17T23:28:29.289+0000] {processor.py:161} INFO - Started process (PID=4548) to work on /opt/airflow/dags/tasks/parse_hh.py
[2024-06-17T23:28:29.290+0000] {processor.py:830} INFO - Processing file /opt/airflow/dags/tasks/parse_hh.py for tasks to queue
[2024-06-17T23:28:29.291+0000] {logging_mixin.py:188} INFO - [2024-06-17T23:28:29.290+0000] {dagbag.py:545} INFO - Filling up the DagBag from /opt/airflow/dags/tasks/parse_hh.py
[2024-06-17T23:28:29.613+0000] {processor.py:842} WARNING - No viable dags retrieved from /opt/airflow/dags/tasks/parse_hh.py
[2024-06-17T23:28:29.618+0000] {processor.py:183} INFO - Processing /opt/airflow/dags/tasks/parse_hh.py took 0.332 seconds
[2024-06-17T23:28:59.886+0000] {processor.py:161} INFO - Started process (PID=4584) to work on /opt/airflow/dags/tasks/parse_hh.py
[2024-06-17T23:28:59.886+0000] {processor.py:830} INFO - Processing file /opt/airflow/dags/tasks/parse_hh.py for tasks to queue
[2024-06-17T23:28:59.887+0000] {logging_mixin.py:188} INFO - [2024-06-17T23:28:59.887+0000] {dagbag.py:545} INFO - Filling up the DagBag from /opt/airflow/dags/tasks/parse_hh.py
[2024-06-17T23:29:00.224+0000] {processor.py:842} WARNING - No viable dags retrieved from /opt/airflow/dags/tasks/parse_hh.py
[2024-06-17T23:29:00.229+0000] {processor.py:183} INFO - Processing /opt/airflow/dags/tasks/parse_hh.py took 0.347 seconds
[2024-06-17T23:29:30.364+0000] {processor.py:161} INFO - Started process (PID=4620) to work on /opt/airflow/dags/tasks/parse_hh.py
[2024-06-17T23:29:30.366+0000] {processor.py:830} INFO - Processing file /opt/airflow/dags/tasks/parse_hh.py for tasks to queue
[2024-06-17T23:29:30.366+0000] {logging_mixin.py:188} INFO - [2024-06-17T23:29:30.366+0000] {dagbag.py:545} INFO - Filling up the DagBag from /opt/airflow/dags/tasks/parse_hh.py
[2024-06-17T23:29:30.689+0000] {processor.py:842} WARNING - No viable dags retrieved from /opt/airflow/dags/tasks/parse_hh.py
[2024-06-17T23:29:30.695+0000] {processor.py:183} INFO - Processing /opt/airflow/dags/tasks/parse_hh.py took 0.334 seconds
[2024-06-17T23:30:01.268+0000] {processor.py:161} INFO - Started process (PID=4656) to work on /opt/airflow/dags/tasks/parse_hh.py
[2024-06-17T23:30:01.269+0000] {processor.py:830} INFO - Processing file /opt/airflow/dags/tasks/parse_hh.py for tasks to queue
[2024-06-17T23:30:01.269+0000] {logging_mixin.py:188} INFO - [2024-06-17T23:30:01.269+0000] {dagbag.py:545} INFO - Filling up the DagBag from /opt/airflow/dags/tasks/parse_hh.py
[2024-06-17T23:30:01.583+0000] {processor.py:842} WARNING - No viable dags retrieved from /opt/airflow/dags/tasks/parse_hh.py
[2024-06-17T23:30:01.588+0000] {processor.py:183} INFO - Processing /opt/airflow/dags/tasks/parse_hh.py took 0.323 seconds
[2024-06-17T23:30:32.240+0000] {processor.py:161} INFO - Started process (PID=4692) to work on /opt/airflow/dags/tasks/parse_hh.py
[2024-06-17T23:30:32.240+0000] {processor.py:830} INFO - Processing file /opt/airflow/dags/tasks/parse_hh.py for tasks to queue
[2024-06-17T23:30:32.241+0000] {logging_mixin.py:188} INFO - [2024-06-17T23:30:32.241+0000] {dagbag.py:545} INFO - Filling up the DagBag from /opt/airflow/dags/tasks/parse_hh.py
[2024-06-17T23:30:32.589+0000] {processor.py:842} WARNING - No viable dags retrieved from /opt/airflow/dags/tasks/parse_hh.py
[2024-06-17T23:30:32.595+0000] {processor.py:183} INFO - Processing /opt/airflow/dags/tasks/parse_hh.py took 0.358 seconds
[2024-06-17T23:31:03.140+0000] {processor.py:161} INFO - Started process (PID=4728) to work on /opt/airflow/dags/tasks/parse_hh.py
[2024-06-17T23:31:03.141+0000] {processor.py:830} INFO - Processing file /opt/airflow/dags/tasks/parse_hh.py for tasks to queue
[2024-06-17T23:31:03.141+0000] {logging_mixin.py:188} INFO - [2024-06-17T23:31:03.141+0000] {dagbag.py:545} INFO - Filling up the DagBag from /opt/airflow/dags/tasks/parse_hh.py
[2024-06-17T23:31:03.449+0000] {processor.py:842} WARNING - No viable dags retrieved from /opt/airflow/dags/tasks/parse_hh.py
[2024-06-17T23:31:03.455+0000] {processor.py:183} INFO - Processing /opt/airflow/dags/tasks/parse_hh.py took 0.317 seconds
[2024-06-17T23:31:34.011+0000] {processor.py:161} INFO - Started process (PID=4764) to work on /opt/airflow/dags/tasks/parse_hh.py
[2024-06-17T23:31:34.012+0000] {processor.py:830} INFO - Processing file /opt/airflow/dags/tasks/parse_hh.py for tasks to queue
[2024-06-17T23:31:34.012+0000] {logging_mixin.py:188} INFO - [2024-06-17T23:31:34.012+0000] {dagbag.py:545} INFO - Filling up the DagBag from /opt/airflow/dags/tasks/parse_hh.py
[2024-06-17T23:31:34.326+0000] {processor.py:842} WARNING - No viable dags retrieved from /opt/airflow/dags/tasks/parse_hh.py
[2024-06-17T23:31:34.331+0000] {processor.py:183} INFO - Processing /opt/airflow/dags/tasks/parse_hh.py took 0.324 seconds
[2024-06-17T23:32:04.872+0000] {processor.py:161} INFO - Started process (PID=4800) to work on /opt/airflow/dags/tasks/parse_hh.py
[2024-06-17T23:32:04.872+0000] {processor.py:830} INFO - Processing file /opt/airflow/dags/tasks/parse_hh.py for tasks to queue
[2024-06-17T23:32:04.873+0000] {logging_mixin.py:188} INFO - [2024-06-17T23:32:04.873+0000] {dagbag.py:545} INFO - Filling up the DagBag from /opt/airflow/dags/tasks/parse_hh.py
[2024-06-17T23:32:05.194+0000] {processor.py:842} WARNING - No viable dags retrieved from /opt/airflow/dags/tasks/parse_hh.py
[2024-06-17T23:32:05.199+0000] {processor.py:183} INFO - Processing /opt/airflow/dags/tasks/parse_hh.py took 0.331 seconds
[2024-06-17T23:32:35.532+0000] {processor.py:161} INFO - Started process (PID=4839) to work on /opt/airflow/dags/tasks/parse_hh.py
[2024-06-17T23:32:35.533+0000] {processor.py:830} INFO - Processing file /opt/airflow/dags/tasks/parse_hh.py for tasks to queue
[2024-06-17T23:32:35.533+0000] {logging_mixin.py:188} INFO - [2024-06-17T23:32:35.533+0000] {dagbag.py:545} INFO - Filling up the DagBag from /opt/airflow/dags/tasks/parse_hh.py
[2024-06-17T23:32:35.852+0000] {processor.py:842} WARNING - No viable dags retrieved from /opt/airflow/dags/tasks/parse_hh.py
[2024-06-17T23:32:35.860+0000] {processor.py:183} INFO - Processing /opt/airflow/dags/tasks/parse_hh.py took 0.331 seconds
[2024-06-17T23:33:06.114+0000] {processor.py:161} INFO - Started process (PID=4872) to work on /opt/airflow/dags/tasks/parse_hh.py
[2024-06-17T23:33:06.115+0000] {processor.py:830} INFO - Processing file /opt/airflow/dags/tasks/parse_hh.py for tasks to queue
[2024-06-17T23:33:06.115+0000] {logging_mixin.py:188} INFO - [2024-06-17T23:33:06.115+0000] {dagbag.py:545} INFO - Filling up the DagBag from /opt/airflow/dags/tasks/parse_hh.py
[2024-06-17T23:33:06.439+0000] {processor.py:842} WARNING - No viable dags retrieved from /opt/airflow/dags/tasks/parse_hh.py
[2024-06-17T23:33:06.445+0000] {processor.py:183} INFO - Processing /opt/airflow/dags/tasks/parse_hh.py took 0.334 seconds
[2024-06-17T23:33:37.089+0000] {processor.py:161} INFO - Started process (PID=4908) to work on /opt/airflow/dags/tasks/parse_hh.py
[2024-06-17T23:33:37.090+0000] {processor.py:830} INFO - Processing file /opt/airflow/dags/tasks/parse_hh.py for tasks to queue
[2024-06-17T23:33:37.090+0000] {logging_mixin.py:188} INFO - [2024-06-17T23:33:37.090+0000] {dagbag.py:545} INFO - Filling up the DagBag from /opt/airflow/dags/tasks/parse_hh.py
[2024-06-17T23:33:37.410+0000] {processor.py:842} WARNING - No viable dags retrieved from /opt/airflow/dags/tasks/parse_hh.py
[2024-06-17T23:33:37.416+0000] {processor.py:183} INFO - Processing /opt/airflow/dags/tasks/parse_hh.py took 0.330 seconds
[2024-06-17T23:34:07.553+0000] {processor.py:161} INFO - Started process (PID=4950) to work on /opt/airflow/dags/tasks/parse_hh.py
[2024-06-17T23:34:07.554+0000] {processor.py:830} INFO - Processing file /opt/airflow/dags/tasks/parse_hh.py for tasks to queue
[2024-06-17T23:34:07.555+0000] {logging_mixin.py:188} INFO - [2024-06-17T23:34:07.555+0000] {dagbag.py:545} INFO - Filling up the DagBag from /opt/airflow/dags/tasks/parse_hh.py
[2024-06-17T23:34:07.881+0000] {processor.py:842} WARNING - No viable dags retrieved from /opt/airflow/dags/tasks/parse_hh.py
[2024-06-17T23:34:07.886+0000] {processor.py:183} INFO - Processing /opt/airflow/dags/tasks/parse_hh.py took 0.336 seconds
[2024-06-17T23:34:38.162+0000] {processor.py:161} INFO - Started process (PID=4992) to work on /opt/airflow/dags/tasks/parse_hh.py
[2024-06-17T23:34:38.162+0000] {processor.py:830} INFO - Processing file /opt/airflow/dags/tasks/parse_hh.py for tasks to queue
[2024-06-17T23:34:38.163+0000] {logging_mixin.py:188} INFO - [2024-06-17T23:34:38.163+0000] {dagbag.py:545} INFO - Filling up the DagBag from /opt/airflow/dags/tasks/parse_hh.py
[2024-06-17T23:34:38.512+0000] {processor.py:842} WARNING - No viable dags retrieved from /opt/airflow/dags/tasks/parse_hh.py
[2024-06-17T23:34:38.519+0000] {processor.py:183} INFO - Processing /opt/airflow/dags/tasks/parse_hh.py took 0.360 seconds
[2024-06-17T23:35:09.060+0000] {processor.py:161} INFO - Started process (PID=5028) to work on /opt/airflow/dags/tasks/parse_hh.py
[2024-06-17T23:35:09.061+0000] {processor.py:830} INFO - Processing file /opt/airflow/dags/tasks/parse_hh.py for tasks to queue
[2024-06-17T23:35:09.062+0000] {logging_mixin.py:188} INFO - [2024-06-17T23:35:09.061+0000] {dagbag.py:545} INFO - Filling up the DagBag from /opt/airflow/dags/tasks/parse_hh.py
[2024-06-17T23:35:09.412+0000] {processor.py:842} WARNING - No viable dags retrieved from /opt/airflow/dags/tasks/parse_hh.py
[2024-06-17T23:35:09.420+0000] {processor.py:183} INFO - Processing /opt/airflow/dags/tasks/parse_hh.py took 0.363 seconds
[2024-06-17T23:35:40.005+0000] {processor.py:161} INFO - Started process (PID=5079) to work on /opt/airflow/dags/tasks/parse_hh.py
[2024-06-17T23:35:40.005+0000] {processor.py:830} INFO - Processing file /opt/airflow/dags/tasks/parse_hh.py for tasks to queue
[2024-06-17T23:35:40.006+0000] {logging_mixin.py:188} INFO - [2024-06-17T23:35:40.006+0000] {dagbag.py:545} INFO - Filling up the DagBag from /opt/airflow/dags/tasks/parse_hh.py
[2024-06-17T23:35:40.338+0000] {processor.py:842} WARNING - No viable dags retrieved from /opt/airflow/dags/tasks/parse_hh.py
[2024-06-17T23:35:40.344+0000] {processor.py:183} INFO - Processing /opt/airflow/dags/tasks/parse_hh.py took 0.343 seconds
[2024-06-17T23:36:10.922+0000] {processor.py:161} INFO - Started process (PID=5115) to work on /opt/airflow/dags/tasks/parse_hh.py
[2024-06-17T23:36:10.922+0000] {processor.py:830} INFO - Processing file /opt/airflow/dags/tasks/parse_hh.py for tasks to queue
[2024-06-17T23:36:10.923+0000] {logging_mixin.py:188} INFO - [2024-06-17T23:36:10.922+0000] {dagbag.py:545} INFO - Filling up the DagBag from /opt/airflow/dags/tasks/parse_hh.py
[2024-06-17T23:36:11.281+0000] {processor.py:842} WARNING - No viable dags retrieved from /opt/airflow/dags/tasks/parse_hh.py
[2024-06-17T23:36:11.288+0000] {processor.py:183} INFO - Processing /opt/airflow/dags/tasks/parse_hh.py took 0.369 seconds
[2024-06-17T23:36:41.560+0000] {processor.py:161} INFO - Started process (PID=5151) to work on /opt/airflow/dags/tasks/parse_hh.py
[2024-06-17T23:36:41.561+0000] {processor.py:830} INFO - Processing file /opt/airflow/dags/tasks/parse_hh.py for tasks to queue
[2024-06-17T23:36:41.562+0000] {logging_mixin.py:188} INFO - [2024-06-17T23:36:41.562+0000] {dagbag.py:545} INFO - Filling up the DagBag from /opt/airflow/dags/tasks/parse_hh.py
[2024-06-17T23:36:41.904+0000] {processor.py:842} WARNING - No viable dags retrieved from /opt/airflow/dags/tasks/parse_hh.py
[2024-06-17T23:36:41.910+0000] {processor.py:183} INFO - Processing /opt/airflow/dags/tasks/parse_hh.py took 0.354 seconds
[2024-06-17T23:37:12.274+0000] {processor.py:161} INFO - Started process (PID=5191) to work on /opt/airflow/dags/tasks/parse_hh.py
[2024-06-17T23:37:12.274+0000] {processor.py:830} INFO - Processing file /opt/airflow/dags/tasks/parse_hh.py for tasks to queue
[2024-06-17T23:37:12.275+0000] {logging_mixin.py:188} INFO - [2024-06-17T23:37:12.274+0000] {dagbag.py:545} INFO - Filling up the DagBag from /opt/airflow/dags/tasks/parse_hh.py
[2024-06-17T23:37:12.600+0000] {processor.py:842} WARNING - No viable dags retrieved from /opt/airflow/dags/tasks/parse_hh.py
[2024-06-17T23:37:12.607+0000] {processor.py:183} INFO - Processing /opt/airflow/dags/tasks/parse_hh.py took 0.337 seconds
[2024-06-17T23:37:42.866+0000] {processor.py:161} INFO - Started process (PID=5225) to work on /opt/airflow/dags/tasks/parse_hh.py
[2024-06-17T23:37:42.866+0000] {processor.py:830} INFO - Processing file /opt/airflow/dags/tasks/parse_hh.py for tasks to queue
[2024-06-17T23:37:42.867+0000] {logging_mixin.py:188} INFO - [2024-06-17T23:37:42.867+0000] {dagbag.py:545} INFO - Filling up the DagBag from /opt/airflow/dags/tasks/parse_hh.py
[2024-06-17T23:37:43.196+0000] {processor.py:842} WARNING - No viable dags retrieved from /opt/airflow/dags/tasks/parse_hh.py
[2024-06-17T23:37:43.203+0000] {processor.py:183} INFO - Processing /opt/airflow/dags/tasks/parse_hh.py took 0.341 seconds
[2024-06-17T23:38:14.152+0000] {processor.py:161} INFO - Started process (PID=5261) to work on /opt/airflow/dags/tasks/parse_hh.py
[2024-06-17T23:38:14.152+0000] {processor.py:830} INFO - Processing file /opt/airflow/dags/tasks/parse_hh.py for tasks to queue
[2024-06-17T23:38:14.153+0000] {logging_mixin.py:188} INFO - [2024-06-17T23:38:14.153+0000] {dagbag.py:545} INFO - Filling up the DagBag from /opt/airflow/dags/tasks/parse_hh.py
[2024-06-17T23:38:14.570+0000] {processor.py:842} WARNING - No viable dags retrieved from /opt/airflow/dags/tasks/parse_hh.py
[2024-06-17T23:38:14.577+0000] {processor.py:183} INFO - Processing /opt/airflow/dags/tasks/parse_hh.py took 0.430 seconds
[2024-06-17T23:38:44.730+0000] {processor.py:161} INFO - Started process (PID=5297) to work on /opt/airflow/dags/tasks/parse_hh.py
[2024-06-17T23:38:44.731+0000] {processor.py:830} INFO - Processing file /opt/airflow/dags/tasks/parse_hh.py for tasks to queue
[2024-06-17T23:38:44.732+0000] {logging_mixin.py:188} INFO - [2024-06-17T23:38:44.731+0000] {dagbag.py:545} INFO - Filling up the DagBag from /opt/airflow/dags/tasks/parse_hh.py
[2024-06-17T23:38:45.170+0000] {processor.py:842} WARNING - No viable dags retrieved from /opt/airflow/dags/tasks/parse_hh.py
[2024-06-17T23:38:45.176+0000] {processor.py:183} INFO - Processing /opt/airflow/dags/tasks/parse_hh.py took 0.450 seconds
[2024-06-17T23:39:15.358+0000] {processor.py:161} INFO - Started process (PID=5333) to work on /opt/airflow/dags/tasks/parse_hh.py
[2024-06-17T23:39:15.361+0000] {processor.py:830} INFO - Processing file /opt/airflow/dags/tasks/parse_hh.py for tasks to queue
[2024-06-17T23:39:15.363+0000] {logging_mixin.py:188} INFO - [2024-06-17T23:39:15.362+0000] {dagbag.py:545} INFO - Filling up the DagBag from /opt/airflow/dags/tasks/parse_hh.py
[2024-06-17T23:39:15.752+0000] {processor.py:842} WARNING - No viable dags retrieved from /opt/airflow/dags/tasks/parse_hh.py
[2024-06-17T23:39:15.759+0000] {processor.py:183} INFO - Processing /opt/airflow/dags/tasks/parse_hh.py took 0.407 seconds
[2024-06-17T23:39:46.189+0000] {processor.py:161} INFO - Started process (PID=5369) to work on /opt/airflow/dags/tasks/parse_hh.py
[2024-06-17T23:39:46.190+0000] {processor.py:830} INFO - Processing file /opt/airflow/dags/tasks/parse_hh.py for tasks to queue
[2024-06-17T23:39:46.191+0000] {logging_mixin.py:188} INFO - [2024-06-17T23:39:46.190+0000] {dagbag.py:545} INFO - Filling up the DagBag from /opt/airflow/dags/tasks/parse_hh.py
[2024-06-17T23:39:46.762+0000] {processor.py:842} WARNING - No viable dags retrieved from /opt/airflow/dags/tasks/parse_hh.py
[2024-06-17T23:39:46.775+0000] {processor.py:183} INFO - Processing /opt/airflow/dags/tasks/parse_hh.py took 0.592 seconds
[2024-06-17T23:40:17.151+0000] {processor.py:161} INFO - Started process (PID=5407) to work on /opt/airflow/dags/tasks/parse_hh.py
[2024-06-17T23:40:17.152+0000] {processor.py:830} INFO - Processing file /opt/airflow/dags/tasks/parse_hh.py for tasks to queue
[2024-06-17T23:40:17.153+0000] {logging_mixin.py:188} INFO - [2024-06-17T23:40:17.152+0000] {dagbag.py:545} INFO - Filling up the DagBag from /opt/airflow/dags/tasks/parse_hh.py
[2024-06-17T23:40:17.541+0000] {processor.py:842} WARNING - No viable dags retrieved from /opt/airflow/dags/tasks/parse_hh.py
[2024-06-17T23:40:17.551+0000] {processor.py:183} INFO - Processing /opt/airflow/dags/tasks/parse_hh.py took 0.404 seconds
[2024-06-17T23:40:47.825+0000] {processor.py:161} INFO - Started process (PID=5440) to work on /opt/airflow/dags/tasks/parse_hh.py
[2024-06-17T23:40:47.826+0000] {processor.py:830} INFO - Processing file /opt/airflow/dags/tasks/parse_hh.py for tasks to queue
[2024-06-17T23:40:47.826+0000] {logging_mixin.py:188} INFO - [2024-06-17T23:40:47.826+0000] {dagbag.py:545} INFO - Filling up the DagBag from /opt/airflow/dags/tasks/parse_hh.py
[2024-06-17T23:40:48.178+0000] {processor.py:842} WARNING - No viable dags retrieved from /opt/airflow/dags/tasks/parse_hh.py
[2024-06-17T23:40:48.185+0000] {processor.py:183} INFO - Processing /opt/airflow/dags/tasks/parse_hh.py took 0.364 seconds
[2024-06-17T23:41:18.846+0000] {processor.py:161} INFO - Started process (PID=5476) to work on /opt/airflow/dags/tasks/parse_hh.py
[2024-06-17T23:41:18.847+0000] {processor.py:830} INFO - Processing file /opt/airflow/dags/tasks/parse_hh.py for tasks to queue
[2024-06-17T23:41:18.847+0000] {logging_mixin.py:188} INFO - [2024-06-17T23:41:18.847+0000] {dagbag.py:545} INFO - Filling up the DagBag from /opt/airflow/dags/tasks/parse_hh.py
[2024-06-17T23:41:19.184+0000] {processor.py:842} WARNING - No viable dags retrieved from /opt/airflow/dags/tasks/parse_hh.py
[2024-06-17T23:41:19.191+0000] {processor.py:183} INFO - Processing /opt/airflow/dags/tasks/parse_hh.py took 0.348 seconds
[2024-06-17T23:41:49.378+0000] {processor.py:161} INFO - Started process (PID=5512) to work on /opt/airflow/dags/tasks/parse_hh.py
[2024-06-17T23:41:49.379+0000] {processor.py:830} INFO - Processing file /opt/airflow/dags/tasks/parse_hh.py for tasks to queue
[2024-06-17T23:41:49.379+0000] {logging_mixin.py:188} INFO - [2024-06-17T23:41:49.379+0000] {dagbag.py:545} INFO - Filling up the DagBag from /opt/airflow/dags/tasks/parse_hh.py
[2024-06-17T23:41:49.622+0000] {processor.py:842} WARNING - No viable dags retrieved from /opt/airflow/dags/tasks/parse_hh.py
[2024-06-17T23:41:49.631+0000] {processor.py:183} INFO - Processing /opt/airflow/dags/tasks/parse_hh.py took 0.257 seconds
[2024-06-17T23:42:20.173+0000] {processor.py:161} INFO - Started process (PID=5548) to work on /opt/airflow/dags/tasks/parse_hh.py
[2024-06-17T23:42:20.173+0000] {processor.py:830} INFO - Processing file /opt/airflow/dags/tasks/parse_hh.py for tasks to queue
[2024-06-17T23:42:20.174+0000] {logging_mixin.py:188} INFO - [2024-06-17T23:42:20.174+0000] {dagbag.py:545} INFO - Filling up the DagBag from /opt/airflow/dags/tasks/parse_hh.py
[2024-06-17T23:42:20.415+0000] {processor.py:842} WARNING - No viable dags retrieved from /opt/airflow/dags/tasks/parse_hh.py
[2024-06-17T23:42:20.423+0000] {processor.py:183} INFO - Processing /opt/airflow/dags/tasks/parse_hh.py took 0.254 seconds
[2024-06-17T23:42:50.974+0000] {processor.py:161} INFO - Started process (PID=5584) to work on /opt/airflow/dags/tasks/parse_hh.py
[2024-06-17T23:42:50.975+0000] {processor.py:830} INFO - Processing file /opt/airflow/dags/tasks/parse_hh.py for tasks to queue
[2024-06-17T23:42:50.975+0000] {logging_mixin.py:188} INFO - [2024-06-17T23:42:50.975+0000] {dagbag.py:545} INFO - Filling up the DagBag from /opt/airflow/dags/tasks/parse_hh.py
[2024-06-17T23:42:51.232+0000] {processor.py:842} WARNING - No viable dags retrieved from /opt/airflow/dags/tasks/parse_hh.py
[2024-06-17T23:42:51.244+0000] {processor.py:183} INFO - Processing /opt/airflow/dags/tasks/parse_hh.py took 0.274 seconds
[2024-06-17T23:43:21.838+0000] {processor.py:161} INFO - Started process (PID=5620) to work on /opt/airflow/dags/tasks/parse_hh.py
[2024-06-17T23:43:21.839+0000] {processor.py:830} INFO - Processing file /opt/airflow/dags/tasks/parse_hh.py for tasks to queue
[2024-06-17T23:43:21.839+0000] {logging_mixin.py:188} INFO - [2024-06-17T23:43:21.839+0000] {dagbag.py:545} INFO - Filling up the DagBag from /opt/airflow/dags/tasks/parse_hh.py
[2024-06-17T23:43:22.095+0000] {processor.py:842} WARNING - No viable dags retrieved from /opt/airflow/dags/tasks/parse_hh.py
[2024-06-17T23:43:22.104+0000] {processor.py:183} INFO - Processing /opt/airflow/dags/tasks/parse_hh.py took 0.269 seconds
[2024-06-17T23:43:52.187+0000] {processor.py:161} INFO - Started process (PID=5653) to work on /opt/airflow/dags/tasks/parse_hh.py
[2024-06-17T23:43:52.187+0000] {processor.py:830} INFO - Processing file /opt/airflow/dags/tasks/parse_hh.py for tasks to queue
[2024-06-17T23:43:52.188+0000] {logging_mixin.py:188} INFO - [2024-06-17T23:43:52.188+0000] {dagbag.py:545} INFO - Filling up the DagBag from /opt/airflow/dags/tasks/parse_hh.py
[2024-06-17T23:43:52.429+0000] {processor.py:842} WARNING - No viable dags retrieved from /opt/airflow/dags/tasks/parse_hh.py
[2024-06-17T23:43:52.436+0000] {processor.py:183} INFO - Processing /opt/airflow/dags/tasks/parse_hh.py took 0.253 seconds
[2024-06-17T23:44:22.749+0000] {processor.py:161} INFO - Started process (PID=5686) to work on /opt/airflow/dags/tasks/parse_hh.py
[2024-06-17T23:44:22.750+0000] {processor.py:830} INFO - Processing file /opt/airflow/dags/tasks/parse_hh.py for tasks to queue
[2024-06-17T23:44:22.751+0000] {logging_mixin.py:188} INFO - [2024-06-17T23:44:22.751+0000] {dagbag.py:545} INFO - Filling up the DagBag from /opt/airflow/dags/tasks/parse_hh.py
[2024-06-17T23:44:22.993+0000] {processor.py:842} WARNING - No viable dags retrieved from /opt/airflow/dags/tasks/parse_hh.py
[2024-06-17T23:44:23.000+0000] {processor.py:183} INFO - Processing /opt/airflow/dags/tasks/parse_hh.py took 0.255 seconds
[2024-06-17T23:44:53.799+0000] {processor.py:161} INFO - Started process (PID=5729) to work on /opt/airflow/dags/tasks/parse_hh.py
[2024-06-17T23:44:53.800+0000] {processor.py:830} INFO - Processing file /opt/airflow/dags/tasks/parse_hh.py for tasks to queue
[2024-06-17T23:44:53.801+0000] {logging_mixin.py:188} INFO - [2024-06-17T23:44:53.800+0000] {dagbag.py:545} INFO - Filling up the DagBag from /opt/airflow/dags/tasks/parse_hh.py
[2024-06-17T23:44:54.049+0000] {processor.py:842} WARNING - No viable dags retrieved from /opt/airflow/dags/tasks/parse_hh.py
[2024-06-17T23:44:54.056+0000] {processor.py:183} INFO - Processing /opt/airflow/dags/tasks/parse_hh.py took 0.261 seconds
[2024-06-17T23:45:24.424+0000] {processor.py:161} INFO - Started process (PID=5773) to work on /opt/airflow/dags/tasks/parse_hh.py
[2024-06-17T23:45:24.425+0000] {processor.py:830} INFO - Processing file /opt/airflow/dags/tasks/parse_hh.py for tasks to queue
[2024-06-17T23:45:24.426+0000] {logging_mixin.py:188} INFO - [2024-06-17T23:45:24.425+0000] {dagbag.py:545} INFO - Filling up the DagBag from /opt/airflow/dags/tasks/parse_hh.py
[2024-06-17T23:45:24.665+0000] {processor.py:842} WARNING - No viable dags retrieved from /opt/airflow/dags/tasks/parse_hh.py
[2024-06-17T23:45:24.673+0000] {processor.py:183} INFO - Processing /opt/airflow/dags/tasks/parse_hh.py took 0.252 seconds
[2024-06-17T23:45:55.340+0000] {processor.py:161} INFO - Started process (PID=5809) to work on /opt/airflow/dags/tasks/parse_hh.py
[2024-06-17T23:45:55.340+0000] {processor.py:830} INFO - Processing file /opt/airflow/dags/tasks/parse_hh.py for tasks to queue
[2024-06-17T23:45:55.341+0000] {logging_mixin.py:188} INFO - [2024-06-17T23:45:55.341+0000] {dagbag.py:545} INFO - Filling up the DagBag from /opt/airflow/dags/tasks/parse_hh.py
[2024-06-17T23:45:55.595+0000] {processor.py:842} WARNING - No viable dags retrieved from /opt/airflow/dags/tasks/parse_hh.py
[2024-06-17T23:45:55.602+0000] {processor.py:183} INFO - Processing /opt/airflow/dags/tasks/parse_hh.py took 0.266 seconds
[2024-06-17T23:46:25.833+0000] {processor.py:161} INFO - Started process (PID=5851) to work on /opt/airflow/dags/tasks/parse_hh.py
[2024-06-17T23:46:25.834+0000] {processor.py:830} INFO - Processing file /opt/airflow/dags/tasks/parse_hh.py for tasks to queue
[2024-06-17T23:46:25.835+0000] {logging_mixin.py:188} INFO - [2024-06-17T23:46:25.835+0000] {dagbag.py:545} INFO - Filling up the DagBag from /opt/airflow/dags/tasks/parse_hh.py
[2024-06-17T23:46:26.098+0000] {processor.py:842} WARNING - No viable dags retrieved from /opt/airflow/dags/tasks/parse_hh.py
[2024-06-17T23:46:26.105+0000] {processor.py:183} INFO - Processing /opt/airflow/dags/tasks/parse_hh.py took 0.276 seconds
[2024-06-17T23:46:56.656+0000] {processor.py:161} INFO - Started process (PID=5887) to work on /opt/airflow/dags/tasks/parse_hh.py
[2024-06-17T23:46:56.657+0000] {processor.py:830} INFO - Processing file /opt/airflow/dags/tasks/parse_hh.py for tasks to queue
[2024-06-17T23:46:56.658+0000] {logging_mixin.py:188} INFO - [2024-06-17T23:46:56.657+0000] {dagbag.py:545} INFO - Filling up the DagBag from /opt/airflow/dags/tasks/parse_hh.py
[2024-06-17T23:46:56.936+0000] {processor.py:842} WARNING - No viable dags retrieved from /opt/airflow/dags/tasks/parse_hh.py
[2024-06-17T23:46:56.944+0000] {processor.py:183} INFO - Processing /opt/airflow/dags/tasks/parse_hh.py took 0.291 seconds
[2024-06-17T23:47:27.477+0000] {processor.py:161} INFO - Started process (PID=5932) to work on /opt/airflow/dags/tasks/parse_hh.py
[2024-06-17T23:47:27.478+0000] {processor.py:830} INFO - Processing file /opt/airflow/dags/tasks/parse_hh.py for tasks to queue
[2024-06-17T23:47:27.479+0000] {logging_mixin.py:188} INFO - [2024-06-17T23:47:27.479+0000] {dagbag.py:545} INFO - Filling up the DagBag from /opt/airflow/dags/tasks/parse_hh.py
[2024-06-17T23:47:27.732+0000] {processor.py:842} WARNING - No viable dags retrieved from /opt/airflow/dags/tasks/parse_hh.py
[2024-06-17T23:47:27.740+0000] {processor.py:183} INFO - Processing /opt/airflow/dags/tasks/parse_hh.py took 0.266 seconds
[2024-06-17T23:47:58.368+0000] {processor.py:161} INFO - Started process (PID=5968) to work on /opt/airflow/dags/tasks/parse_hh.py
[2024-06-17T23:47:58.369+0000] {processor.py:830} INFO - Processing file /opt/airflow/dags/tasks/parse_hh.py for tasks to queue
[2024-06-17T23:47:58.369+0000] {logging_mixin.py:188} INFO - [2024-06-17T23:47:58.369+0000] {dagbag.py:545} INFO - Filling up the DagBag from /opt/airflow/dags/tasks/parse_hh.py
[2024-06-17T23:47:58.621+0000] {processor.py:842} WARNING - No viable dags retrieved from /opt/airflow/dags/tasks/parse_hh.py
[2024-06-17T23:47:58.628+0000] {processor.py:183} INFO - Processing /opt/airflow/dags/tasks/parse_hh.py took 0.265 seconds
[2024-06-17T23:48:29.212+0000] {processor.py:161} INFO - Started process (PID=6004) to work on /opt/airflow/dags/tasks/parse_hh.py
[2024-06-17T23:48:29.213+0000] {processor.py:830} INFO - Processing file /opt/airflow/dags/tasks/parse_hh.py for tasks to queue
[2024-06-17T23:48:29.214+0000] {logging_mixin.py:188} INFO - [2024-06-17T23:48:29.214+0000] {dagbag.py:545} INFO - Filling up the DagBag from /opt/airflow/dags/tasks/parse_hh.py
[2024-06-17T23:48:29.567+0000] {processor.py:842} WARNING - No viable dags retrieved from /opt/airflow/dags/tasks/parse_hh.py
[2024-06-17T23:48:29.575+0000] {processor.py:183} INFO - Processing /opt/airflow/dags/tasks/parse_hh.py took 0.367 seconds
[2024-06-17T23:48:59.815+0000] {processor.py:161} INFO - Started process (PID=6040) to work on /opt/airflow/dags/tasks/parse_hh.py
[2024-06-17T23:48:59.816+0000] {processor.py:830} INFO - Processing file /opt/airflow/dags/tasks/parse_hh.py for tasks to queue
[2024-06-17T23:48:59.817+0000] {logging_mixin.py:188} INFO - [2024-06-17T23:48:59.817+0000] {dagbag.py:545} INFO - Filling up the DagBag from /opt/airflow/dags/tasks/parse_hh.py
[2024-06-17T23:49:00.065+0000] {processor.py:842} WARNING - No viable dags retrieved from /opt/airflow/dags/tasks/parse_hh.py
[2024-06-17T23:49:00.073+0000] {processor.py:183} INFO - Processing /opt/airflow/dags/tasks/parse_hh.py took 0.262 seconds
[2024-06-17T23:49:30.697+0000] {processor.py:161} INFO - Started process (PID=6076) to work on /opt/airflow/dags/tasks/parse_hh.py
[2024-06-17T23:49:30.698+0000] {processor.py:830} INFO - Processing file /opt/airflow/dags/tasks/parse_hh.py for tasks to queue
[2024-06-17T23:49:30.699+0000] {logging_mixin.py:188} INFO - [2024-06-17T23:49:30.698+0000] {dagbag.py:545} INFO - Filling up the DagBag from /opt/airflow/dags/tasks/parse_hh.py
[2024-06-17T23:49:30.958+0000] {processor.py:842} WARNING - No viable dags retrieved from /opt/airflow/dags/tasks/parse_hh.py
[2024-06-17T23:49:30.965+0000] {processor.py:183} INFO - Processing /opt/airflow/dags/tasks/parse_hh.py took 0.272 seconds
[2024-06-17T23:50:01.544+0000] {processor.py:161} INFO - Started process (PID=6112) to work on /opt/airflow/dags/tasks/parse_hh.py
[2024-06-17T23:50:01.545+0000] {processor.py:830} INFO - Processing file /opt/airflow/dags/tasks/parse_hh.py for tasks to queue
[2024-06-17T23:50:01.545+0000] {logging_mixin.py:188} INFO - [2024-06-17T23:50:01.545+0000] {dagbag.py:545} INFO - Filling up the DagBag from /opt/airflow/dags/tasks/parse_hh.py
[2024-06-17T23:50:01.807+0000] {processor.py:842} WARNING - No viable dags retrieved from /opt/airflow/dags/tasks/parse_hh.py
[2024-06-17T23:50:01.814+0000] {processor.py:183} INFO - Processing /opt/airflow/dags/tasks/parse_hh.py took 0.275 seconds
[2024-06-17T23:50:32.384+0000] {processor.py:161} INFO - Started process (PID=6148) to work on /opt/airflow/dags/tasks/parse_hh.py
[2024-06-17T23:50:32.385+0000] {processor.py:830} INFO - Processing file /opt/airflow/dags/tasks/parse_hh.py for tasks to queue
[2024-06-17T23:50:32.386+0000] {logging_mixin.py:188} INFO - [2024-06-17T23:50:32.386+0000] {dagbag.py:545} INFO - Filling up the DagBag from /opt/airflow/dags/tasks/parse_hh.py
[2024-06-17T23:50:32.628+0000] {processor.py:842} WARNING - No viable dags retrieved from /opt/airflow/dags/tasks/parse_hh.py
[2024-06-17T23:50:32.635+0000] {processor.py:183} INFO - Processing /opt/airflow/dags/tasks/parse_hh.py took 0.254 seconds
[2024-06-17T23:51:03.309+0000] {processor.py:161} INFO - Started process (PID=6184) to work on /opt/airflow/dags/tasks/parse_hh.py
[2024-06-17T23:51:03.310+0000] {processor.py:830} INFO - Processing file /opt/airflow/dags/tasks/parse_hh.py for tasks to queue
[2024-06-17T23:51:03.311+0000] {logging_mixin.py:188} INFO - [2024-06-17T23:51:03.311+0000] {dagbag.py:545} INFO - Filling up the DagBag from /opt/airflow/dags/tasks/parse_hh.py
[2024-06-17T23:51:03.554+0000] {processor.py:842} WARNING - No viable dags retrieved from /opt/airflow/dags/tasks/parse_hh.py
[2024-06-17T23:51:03.562+0000] {processor.py:183} INFO - Processing /opt/airflow/dags/tasks/parse_hh.py took 0.257 seconds
[2024-06-17T23:51:34.123+0000] {processor.py:161} INFO - Started process (PID=6220) to work on /opt/airflow/dags/tasks/parse_hh.py
[2024-06-17T23:51:34.123+0000] {processor.py:830} INFO - Processing file /opt/airflow/dags/tasks/parse_hh.py for tasks to queue
[2024-06-17T23:51:34.124+0000] {logging_mixin.py:188} INFO - [2024-06-17T23:51:34.124+0000] {dagbag.py:545} INFO - Filling up the DagBag from /opt/airflow/dags/tasks/parse_hh.py
[2024-06-17T23:51:34.385+0000] {processor.py:842} WARNING - No viable dags retrieved from /opt/airflow/dags/tasks/parse_hh.py
[2024-06-17T23:51:34.395+0000] {processor.py:183} INFO - Processing /opt/airflow/dags/tasks/parse_hh.py took 0.276 seconds
[2024-06-17T23:52:05.129+0000] {processor.py:161} INFO - Started process (PID=6256) to work on /opt/airflow/dags/tasks/parse_hh.py
[2024-06-17T23:52:05.131+0000] {processor.py:830} INFO - Processing file /opt/airflow/dags/tasks/parse_hh.py for tasks to queue
[2024-06-17T23:52:05.132+0000] {logging_mixin.py:188} INFO - [2024-06-17T23:52:05.131+0000] {dagbag.py:545} INFO - Filling up the DagBag from /opt/airflow/dags/tasks/parse_hh.py
[2024-06-17T23:52:05.383+0000] {processor.py:842} WARNING - No viable dags retrieved from /opt/airflow/dags/tasks/parse_hh.py
[2024-06-17T23:52:05.391+0000] {processor.py:183} INFO - Processing /opt/airflow/dags/tasks/parse_hh.py took 0.266 seconds
[2024-06-17T23:52:36.023+0000] {processor.py:161} INFO - Started process (PID=6292) to work on /opt/airflow/dags/tasks/parse_hh.py
[2024-06-17T23:52:36.024+0000] {processor.py:830} INFO - Processing file /opt/airflow/dags/tasks/parse_hh.py for tasks to queue
[2024-06-17T23:52:36.024+0000] {logging_mixin.py:188} INFO - [2024-06-17T23:52:36.024+0000] {dagbag.py:545} INFO - Filling up the DagBag from /opt/airflow/dags/tasks/parse_hh.py
[2024-06-17T23:52:36.280+0000] {processor.py:842} WARNING - No viable dags retrieved from /opt/airflow/dags/tasks/parse_hh.py
[2024-06-17T23:52:36.289+0000] {processor.py:183} INFO - Processing /opt/airflow/dags/tasks/parse_hh.py took 0.270 seconds
[2024-06-17T23:53:07.007+0000] {processor.py:161} INFO - Started process (PID=6328) to work on /opt/airflow/dags/tasks/parse_hh.py
[2024-06-17T23:53:07.008+0000] {processor.py:830} INFO - Processing file /opt/airflow/dags/tasks/parse_hh.py for tasks to queue
[2024-06-17T23:53:07.008+0000] {logging_mixin.py:188} INFO - [2024-06-17T23:53:07.008+0000] {dagbag.py:545} INFO - Filling up the DagBag from /opt/airflow/dags/tasks/parse_hh.py
[2024-06-17T23:53:07.278+0000] {processor.py:842} WARNING - No viable dags retrieved from /opt/airflow/dags/tasks/parse_hh.py
[2024-06-17T23:53:07.291+0000] {processor.py:183} INFO - Processing /opt/airflow/dags/tasks/parse_hh.py took 0.287 seconds
[2024-06-17T23:53:37.932+0000] {processor.py:161} INFO - Started process (PID=6364) to work on /opt/airflow/dags/tasks/parse_hh.py
[2024-06-17T23:53:37.933+0000] {processor.py:830} INFO - Processing file /opt/airflow/dags/tasks/parse_hh.py for tasks to queue
[2024-06-17T23:53:37.933+0000] {logging_mixin.py:188} INFO - [2024-06-17T23:53:37.933+0000] {dagbag.py:545} INFO - Filling up the DagBag from /opt/airflow/dags/tasks/parse_hh.py
[2024-06-17T23:53:38.173+0000] {processor.py:842} WARNING - No viable dags retrieved from /opt/airflow/dags/tasks/parse_hh.py
[2024-06-17T23:53:38.181+0000] {processor.py:183} INFO - Processing /opt/airflow/dags/tasks/parse_hh.py took 0.253 seconds
[2024-06-17T23:54:08.588+0000] {processor.py:161} INFO - Started process (PID=6400) to work on /opt/airflow/dags/tasks/parse_hh.py
[2024-06-17T23:54:08.589+0000] {processor.py:830} INFO - Processing file /opt/airflow/dags/tasks/parse_hh.py for tasks to queue
[2024-06-17T23:54:08.590+0000] {logging_mixin.py:188} INFO - [2024-06-17T23:54:08.589+0000] {dagbag.py:545} INFO - Filling up the DagBag from /opt/airflow/dags/tasks/parse_hh.py
[2024-06-17T23:54:08.847+0000] {processor.py:842} WARNING - No viable dags retrieved from /opt/airflow/dags/tasks/parse_hh.py
[2024-06-17T23:54:08.856+0000] {processor.py:183} INFO - Processing /opt/airflow/dags/tasks/parse_hh.py took 0.271 seconds
[2024-06-17T23:54:39.563+0000] {processor.py:161} INFO - Started process (PID=6436) to work on /opt/airflow/dags/tasks/parse_hh.py
[2024-06-17T23:54:39.563+0000] {processor.py:830} INFO - Processing file /opt/airflow/dags/tasks/parse_hh.py for tasks to queue
[2024-06-17T23:54:39.564+0000] {logging_mixin.py:188} INFO - [2024-06-17T23:54:39.564+0000] {dagbag.py:545} INFO - Filling up the DagBag from /opt/airflow/dags/tasks/parse_hh.py
[2024-06-17T23:54:39.811+0000] {processor.py:842} WARNING - No viable dags retrieved from /opt/airflow/dags/tasks/parse_hh.py
[2024-06-17T23:54:39.819+0000] {processor.py:183} INFO - Processing /opt/airflow/dags/tasks/parse_hh.py took 0.260 seconds
[2024-06-17T23:55:09.870+0000] {processor.py:161} INFO - Started process (PID=6472) to work on /opt/airflow/dags/tasks/parse_hh.py
[2024-06-17T23:55:09.870+0000] {processor.py:830} INFO - Processing file /opt/airflow/dags/tasks/parse_hh.py for tasks to queue
[2024-06-17T23:55:09.871+0000] {logging_mixin.py:188} INFO - [2024-06-17T23:55:09.871+0000] {dagbag.py:545} INFO - Filling up the DagBag from /opt/airflow/dags/tasks/parse_hh.py
[2024-06-17T23:55:10.127+0000] {processor.py:842} WARNING - No viable dags retrieved from /opt/airflow/dags/tasks/parse_hh.py
[2024-06-17T23:55:10.135+0000] {processor.py:183} INFO - Processing /opt/airflow/dags/tasks/parse_hh.py took 0.269 seconds
[2024-06-17T23:55:40.676+0000] {processor.py:161} INFO - Started process (PID=6514) to work on /opt/airflow/dags/tasks/parse_hh.py
[2024-06-17T23:55:40.677+0000] {processor.py:830} INFO - Processing file /opt/airflow/dags/tasks/parse_hh.py for tasks to queue
[2024-06-17T23:55:40.677+0000] {logging_mixin.py:188} INFO - [2024-06-17T23:55:40.677+0000] {dagbag.py:545} INFO - Filling up the DagBag from /opt/airflow/dags/tasks/parse_hh.py
[2024-06-17T23:55:40.925+0000] {processor.py:842} WARNING - No viable dags retrieved from /opt/airflow/dags/tasks/parse_hh.py
[2024-06-17T23:55:40.933+0000] {processor.py:183} INFO - Processing /opt/airflow/dags/tasks/parse_hh.py took 0.262 seconds
[2024-06-17T23:56:11.446+0000] {processor.py:161} INFO - Started process (PID=6556) to work on /opt/airflow/dags/tasks/parse_hh.py
[2024-06-17T23:56:11.447+0000] {processor.py:830} INFO - Processing file /opt/airflow/dags/tasks/parse_hh.py for tasks to queue
[2024-06-17T23:56:11.447+0000] {logging_mixin.py:188} INFO - [2024-06-17T23:56:11.447+0000] {dagbag.py:545} INFO - Filling up the DagBag from /opt/airflow/dags/tasks/parse_hh.py
[2024-06-17T23:56:11.693+0000] {processor.py:842} WARNING - No viable dags retrieved from /opt/airflow/dags/tasks/parse_hh.py
[2024-06-17T23:56:11.701+0000] {processor.py:183} INFO - Processing /opt/airflow/dags/tasks/parse_hh.py took 0.258 seconds
[2024-06-17T23:56:42.212+0000] {processor.py:161} INFO - Started process (PID=6592) to work on /opt/airflow/dags/tasks/parse_hh.py
[2024-06-17T23:56:42.212+0000] {processor.py:830} INFO - Processing file /opt/airflow/dags/tasks/parse_hh.py for tasks to queue
[2024-06-17T23:56:42.213+0000] {logging_mixin.py:188} INFO - [2024-06-17T23:56:42.213+0000] {dagbag.py:545} INFO - Filling up the DagBag from /opt/airflow/dags/tasks/parse_hh.py
[2024-06-17T23:56:42.460+0000] {processor.py:842} WARNING - No viable dags retrieved from /opt/airflow/dags/tasks/parse_hh.py
[2024-06-17T23:56:42.469+0000] {processor.py:183} INFO - Processing /opt/airflow/dags/tasks/parse_hh.py took 0.261 seconds
[2024-06-17T23:57:12.959+0000] {processor.py:161} INFO - Started process (PID=6637) to work on /opt/airflow/dags/tasks/parse_hh.py
[2024-06-17T23:57:12.959+0000] {processor.py:830} INFO - Processing file /opt/airflow/dags/tasks/parse_hh.py for tasks to queue
[2024-06-17T23:57:12.960+0000] {logging_mixin.py:188} INFO - [2024-06-17T23:57:12.960+0000] {dagbag.py:545} INFO - Filling up the DagBag from /opt/airflow/dags/tasks/parse_hh.py
[2024-06-17T23:57:13.195+0000] {processor.py:842} WARNING - No viable dags retrieved from /opt/airflow/dags/tasks/parse_hh.py
[2024-06-17T23:57:13.202+0000] {processor.py:183} INFO - Processing /opt/airflow/dags/tasks/parse_hh.py took 0.247 seconds
[2024-06-17T23:57:43.703+0000] {processor.py:161} INFO - Started process (PID=6673) to work on /opt/airflow/dags/tasks/parse_hh.py
[2024-06-17T23:57:43.703+0000] {processor.py:830} INFO - Processing file /opt/airflow/dags/tasks/parse_hh.py for tasks to queue
[2024-06-17T23:57:43.704+0000] {logging_mixin.py:188} INFO - [2024-06-17T23:57:43.704+0000] {dagbag.py:545} INFO - Filling up the DagBag from /opt/airflow/dags/tasks/parse_hh.py
[2024-06-17T23:57:43.966+0000] {processor.py:842} WARNING - No viable dags retrieved from /opt/airflow/dags/tasks/parse_hh.py
[2024-06-17T23:57:43.975+0000] {processor.py:183} INFO - Processing /opt/airflow/dags/tasks/parse_hh.py took 0.276 seconds
[2024-06-17T23:58:14.632+0000] {processor.py:161} INFO - Started process (PID=6709) to work on /opt/airflow/dags/tasks/parse_hh.py
[2024-06-17T23:58:14.633+0000] {processor.py:830} INFO - Processing file /opt/airflow/dags/tasks/parse_hh.py for tasks to queue
[2024-06-17T23:58:14.634+0000] {logging_mixin.py:188} INFO - [2024-06-17T23:58:14.634+0000] {dagbag.py:545} INFO - Filling up the DagBag from /opt/airflow/dags/tasks/parse_hh.py
[2024-06-17T23:58:14.869+0000] {processor.py:842} WARNING - No viable dags retrieved from /opt/airflow/dags/tasks/parse_hh.py
[2024-06-17T23:58:14.877+0000] {processor.py:183} INFO - Processing /opt/airflow/dags/tasks/parse_hh.py took 0.248 seconds
[2024-06-17T23:58:45.661+0000] {processor.py:161} INFO - Started process (PID=6745) to work on /opt/airflow/dags/tasks/parse_hh.py
[2024-06-17T23:58:45.661+0000] {processor.py:830} INFO - Processing file /opt/airflow/dags/tasks/parse_hh.py for tasks to queue
[2024-06-17T23:58:45.662+0000] {logging_mixin.py:188} INFO - [2024-06-17T23:58:45.662+0000] {dagbag.py:545} INFO - Filling up the DagBag from /opt/airflow/dags/tasks/parse_hh.py
[2024-06-17T23:58:45.913+0000] {processor.py:842} WARNING - No viable dags retrieved from /opt/airflow/dags/tasks/parse_hh.py
[2024-06-17T23:58:45.921+0000] {processor.py:183} INFO - Processing /opt/airflow/dags/tasks/parse_hh.py took 0.264 seconds
[2024-06-17T23:59:16.368+0000] {processor.py:161} INFO - Started process (PID=6781) to work on /opt/airflow/dags/tasks/parse_hh.py
[2024-06-17T23:59:16.369+0000] {processor.py:830} INFO - Processing file /opt/airflow/dags/tasks/parse_hh.py for tasks to queue
[2024-06-17T23:59:16.370+0000] {logging_mixin.py:188} INFO - [2024-06-17T23:59:16.369+0000] {dagbag.py:545} INFO - Filling up the DagBag from /opt/airflow/dags/tasks/parse_hh.py
[2024-06-17T23:59:16.614+0000] {processor.py:842} WARNING - No viable dags retrieved from /opt/airflow/dags/tasks/parse_hh.py
[2024-06-17T23:59:16.625+0000] {processor.py:183} INFO - Processing /opt/airflow/dags/tasks/parse_hh.py took 0.261 seconds
[2024-06-17T23:59:47.163+0000] {processor.py:161} INFO - Started process (PID=6817) to work on /opt/airflow/dags/tasks/parse_hh.py
[2024-06-17T23:59:47.164+0000] {processor.py:830} INFO - Processing file /opt/airflow/dags/tasks/parse_hh.py for tasks to queue
[2024-06-17T23:59:47.164+0000] {logging_mixin.py:188} INFO - [2024-06-17T23:59:47.164+0000] {dagbag.py:545} INFO - Filling up the DagBag from /opt/airflow/dags/tasks/parse_hh.py
[2024-06-17T23:59:47.418+0000] {processor.py:842} WARNING - No viable dags retrieved from /opt/airflow/dags/tasks/parse_hh.py
[2024-06-17T23:59:47.429+0000] {processor.py:183} INFO - Processing /opt/airflow/dags/tasks/parse_hh.py took 0.269 seconds
