[2024-06-21T00:28:56.630+0000] {local_task_job_runner.py:120} INFO - ::group::Pre task execution logs
[2024-06-21T00:28:56.646+0000] {taskinstance.py:2076} INFO - Dependencies all met for dep_context=non-requeueable deps ti=<TaskInstance: dag_data_etl_v53.data_etl.preprocessing_data.convert_to_matrix scheduled__2024-06-20T12:00:00+00:00 [queued]>
[2024-06-21T00:28:56.651+0000] {taskinstance.py:2076} INFO - Dependencies all met for dep_context=requeueable deps ti=<TaskInstance: dag_data_etl_v53.data_etl.preprocessing_data.convert_to_matrix scheduled__2024-06-20T12:00:00+00:00 [queued]>
[2024-06-21T00:28:56.651+0000] {taskinstance.py:2306} INFO - Starting attempt 1 of 6
[2024-06-21T00:28:56.660+0000] {taskinstance.py:2330} INFO - Executing <Task(PythonOperator): data_etl.preprocessing_data.convert_to_matrix> on 2024-06-20 12:00:00+00:00
[2024-06-21T00:28:56.666+0000] {logging_mixin.py:188} WARNING - /home/***/.local/lib/python3.12/site-packages/***/task/task_runner/standard_task_runner.py:61 DeprecationWarning: This process (pid=8881) is multi-threaded, use of fork() may lead to deadlocks in the child.
[2024-06-21T00:28:56.666+0000] {standard_task_runner.py:90} INFO - Running: ['***', 'tasks', 'run', 'dag_data_etl_v53', 'data_etl.preprocessing_data.convert_to_matrix', 'scheduled__2024-06-20T12:00:00+00:00', '--job-id', '241', '--raw', '--subdir', 'DAGS_FOLDER/data_etl_dag.py', '--cfg-path', '/tmp/tmpdoroh46r']
[2024-06-21T00:28:56.667+0000] {standard_task_runner.py:63} INFO - Started process 8883 to run task
[2024-06-21T00:28:56.668+0000] {standard_task_runner.py:91} INFO - Job 241: Subtask data_etl.preprocessing_data.convert_to_matrix
[2024-06-21T00:28:56.741+0000] {task_command.py:426} INFO - Running <TaskInstance: dag_data_etl_v53.data_etl.preprocessing_data.convert_to_matrix scheduled__2024-06-20T12:00:00+00:00 [running]> on host 10482076056f
[2024-06-21T00:28:56.787+0000] {taskinstance.py:2648} INFO - Exporting env vars: AIRFLOW_CTX_DAG_OWNER='Solarev Ruslan' AIRFLOW_CTX_DAG_ID='dag_data_etl_v53' AIRFLOW_CTX_TASK_ID='data_etl.preprocessing_data.convert_to_matrix' AIRFLOW_CTX_EXECUTION_DATE='2024-06-20T12:00:00+00:00' AIRFLOW_CTX_TRY_NUMBER='1' AIRFLOW_CTX_DAG_RUN_ID='scheduled__2024-06-20T12:00:00+00:00'
[2024-06-21T00:28:56.787+0000] {taskinstance.py:430} INFO - ::endgroup::
[2024-06-21T00:28:56.808+0000] {logging_mixin.py:188} INFO - Index(['Profession', 'Link', 'Tags'], dtype='object')
[2024-06-21T00:28:56.966+0000] {logging_mixin.py:188} INFO - 0/456
[2024-06-21T00:28:56.967+0000] {logging_mixin.py:188} INFO - 1/456
[2024-06-21T00:28:56.968+0000] {logging_mixin.py:188} INFO - 2/456
[2024-06-21T00:28:56.969+0000] {logging_mixin.py:188} INFO - 3/456
[2024-06-21T00:28:56.970+0000] {logging_mixin.py:188} INFO - 4/456
[2024-06-21T00:28:56.972+0000] {logging_mixin.py:188} INFO - 5/456
[2024-06-21T00:28:56.973+0000] {logging_mixin.py:188} INFO - 6/456
[2024-06-21T00:28:56.975+0000] {logging_mixin.py:188} INFO - 7/456
[2024-06-21T00:28:56.976+0000] {logging_mixin.py:188} INFO - 8/456
[2024-06-21T00:28:56.978+0000] {logging_mixin.py:188} INFO - 9/456
[2024-06-21T00:28:56.981+0000] {logging_mixin.py:188} INFO - 10/456
[2024-06-21T00:28:56.983+0000] {logging_mixin.py:188} INFO - 11/456
[2024-06-21T00:28:56.985+0000] {logging_mixin.py:188} INFO - 12/456
[2024-06-21T00:28:56.986+0000] {logging_mixin.py:188} INFO - 13/456
[2024-06-21T00:28:56.988+0000] {logging_mixin.py:188} INFO - 14/456
[2024-06-21T00:28:56.990+0000] {logging_mixin.py:188} INFO - 15/456
[2024-06-21T00:28:56.992+0000] {logging_mixin.py:188} INFO - 16/456
[2024-06-21T00:28:56.995+0000] {logging_mixin.py:188} INFO - 17/456
[2024-06-21T00:28:56.997+0000] {logging_mixin.py:188} INFO - 18/456
[2024-06-21T00:28:56.999+0000] {logging_mixin.py:188} INFO - 19/456
[2024-06-21T00:28:57.002+0000] {logging_mixin.py:188} INFO - 20/456
[2024-06-21T00:28:57.004+0000] {logging_mixin.py:188} INFO - 21/456
[2024-06-21T00:28:57.007+0000] {logging_mixin.py:188} INFO - 22/456
[2024-06-21T00:28:57.009+0000] {logging_mixin.py:188} INFO - 23/456
[2024-06-21T00:28:57.013+0000] {logging_mixin.py:188} INFO - 24/456
[2024-06-21T00:28:57.016+0000] {logging_mixin.py:188} INFO - 25/456
[2024-06-21T00:28:57.019+0000] {logging_mixin.py:188} INFO - 26/456
[2024-06-21T00:28:57.022+0000] {logging_mixin.py:188} INFO - 27/456
[2024-06-21T00:28:57.025+0000] {logging_mixin.py:188} INFO - 28/456
[2024-06-21T00:28:57.029+0000] {logging_mixin.py:188} INFO - 29/456
[2024-06-21T00:28:57.032+0000] {logging_mixin.py:188} INFO - 30/456
[2024-06-21T00:28:57.036+0000] {logging_mixin.py:188} INFO - 31/456
[2024-06-21T00:28:57.039+0000] {logging_mixin.py:188} INFO - 32/456
[2024-06-21T00:28:57.043+0000] {logging_mixin.py:188} INFO - 33/456
[2024-06-21T00:28:57.047+0000] {logging_mixin.py:188} INFO - 34/456
[2024-06-21T00:28:57.051+0000] {logging_mixin.py:188} INFO - 35/456
[2024-06-21T00:28:57.055+0000] {logging_mixin.py:188} INFO - 36/456
[2024-06-21T00:28:57.059+0000] {logging_mixin.py:188} INFO - 37/456
[2024-06-21T00:28:57.063+0000] {logging_mixin.py:188} INFO - 38/456
[2024-06-21T00:28:57.067+0000] {logging_mixin.py:188} INFO - 39/456
[2024-06-21T00:28:57.072+0000] {logging_mixin.py:188} INFO - 40/456
[2024-06-21T00:28:57.076+0000] {logging_mixin.py:188} INFO - 41/456
[2024-06-21T00:28:57.081+0000] {logging_mixin.py:188} INFO - 42/456
[2024-06-21T00:28:57.085+0000] {logging_mixin.py:188} INFO - 43/456
[2024-06-21T00:28:57.089+0000] {logging_mixin.py:188} INFO - 44/456
[2024-06-21T00:28:57.095+0000] {logging_mixin.py:188} INFO - 45/456
[2024-06-21T00:28:57.100+0000] {logging_mixin.py:188} INFO - 46/456
[2024-06-21T00:28:57.105+0000] {logging_mixin.py:188} INFO - 47/456
[2024-06-21T00:28:57.111+0000] {logging_mixin.py:188} INFO - 48/456
[2024-06-21T00:28:57.116+0000] {logging_mixin.py:188} INFO - 49/456
[2024-06-21T00:28:57.121+0000] {logging_mixin.py:188} INFO - 50/456
[2024-06-21T00:28:57.126+0000] {logging_mixin.py:188} INFO - 51/456
[2024-06-21T00:28:57.132+0000] {logging_mixin.py:188} INFO - 52/456
[2024-06-21T00:28:57.137+0000] {logging_mixin.py:188} INFO - 53/456
[2024-06-21T00:28:57.143+0000] {logging_mixin.py:188} INFO - 54/456
[2024-06-21T00:28:57.149+0000] {logging_mixin.py:188} INFO - 55/456
[2024-06-21T00:28:57.154+0000] {logging_mixin.py:188} INFO - 56/456
[2024-06-21T00:28:57.161+0000] {logging_mixin.py:188} INFO - 57/456
[2024-06-21T00:28:57.167+0000] {logging_mixin.py:188} INFO - 58/456
[2024-06-21T00:28:57.173+0000] {logging_mixin.py:188} INFO - 59/456
[2024-06-21T00:28:57.179+0000] {logging_mixin.py:188} INFO - 60/456
[2024-06-21T00:28:57.185+0000] {logging_mixin.py:188} INFO - 61/456
[2024-06-21T00:28:57.191+0000] {logging_mixin.py:188} INFO - 62/456
[2024-06-21T00:28:57.198+0000] {logging_mixin.py:188} INFO - 63/456
[2024-06-21T00:28:57.205+0000] {logging_mixin.py:188} INFO - 64/456
[2024-06-21T00:28:57.212+0000] {logging_mixin.py:188} INFO - 65/456
[2024-06-21T00:28:57.219+0000] {logging_mixin.py:188} INFO - 66/456
[2024-06-21T00:28:57.225+0000] {logging_mixin.py:188} INFO - 67/456
[2024-06-21T00:28:57.233+0000] {logging_mixin.py:188} INFO - 68/456
[2024-06-21T00:28:57.239+0000] {logging_mixin.py:188} INFO - 69/456
[2024-06-21T00:28:57.247+0000] {logging_mixin.py:188} INFO - 70/456
[2024-06-21T00:28:57.254+0000] {logging_mixin.py:188} INFO - 71/456
[2024-06-21T00:28:57.261+0000] {logging_mixin.py:188} INFO - 72/456
[2024-06-21T00:28:57.268+0000] {logging_mixin.py:188} INFO - 73/456
[2024-06-21T00:28:57.276+0000] {logging_mixin.py:188} INFO - 74/456
[2024-06-21T00:28:57.283+0000] {logging_mixin.py:188} INFO - 75/456
[2024-06-21T00:28:57.293+0000] {logging_mixin.py:188} INFO - 76/456
[2024-06-21T00:28:57.302+0000] {logging_mixin.py:188} INFO - 77/456
[2024-06-21T00:28:57.311+0000] {logging_mixin.py:188} INFO - 78/456
[2024-06-21T00:28:57.319+0000] {logging_mixin.py:188} INFO - 79/456
[2024-06-21T00:28:57.328+0000] {logging_mixin.py:188} INFO - 80/456
[2024-06-21T00:28:57.336+0000] {logging_mixin.py:188} INFO - 81/456
[2024-06-21T00:28:57.344+0000] {logging_mixin.py:188} INFO - 82/456
[2024-06-21T00:28:57.352+0000] {logging_mixin.py:188} INFO - 83/456
[2024-06-21T00:28:57.360+0000] {logging_mixin.py:188} INFO - 84/456
[2024-06-21T00:28:57.368+0000] {logging_mixin.py:188} INFO - 85/456
[2024-06-21T00:28:57.376+0000] {logging_mixin.py:188} INFO - 86/456
[2024-06-21T00:28:57.385+0000] {logging_mixin.py:188} INFO - 87/456
[2024-06-21T00:28:57.393+0000] {logging_mixin.py:188} INFO - 88/456
[2024-06-21T00:28:57.402+0000] {logging_mixin.py:188} INFO - 89/456
[2024-06-21T00:28:57.411+0000] {logging_mixin.py:188} INFO - 90/456
[2024-06-21T00:28:57.419+0000] {logging_mixin.py:188} INFO - 91/456
[2024-06-21T00:28:57.428+0000] {logging_mixin.py:188} INFO - 92/456
[2024-06-21T00:28:57.437+0000] {logging_mixin.py:188} INFO - 93/456
[2024-06-21T00:28:57.446+0000] {logging_mixin.py:188} INFO - 94/456
[2024-06-21T00:28:57.455+0000] {logging_mixin.py:188} INFO - 95/456
[2024-06-21T00:28:57.465+0000] {logging_mixin.py:188} INFO - 96/456
[2024-06-21T00:28:57.474+0000] {logging_mixin.py:188} INFO - 97/456
[2024-06-21T00:28:57.484+0000] {logging_mixin.py:188} INFO - 98/456
[2024-06-21T00:28:57.494+0000] {logging_mixin.py:188} INFO - 99/456
[2024-06-21T00:28:57.504+0000] {logging_mixin.py:188} INFO - 100/456
[2024-06-21T00:28:57.514+0000] {logging_mixin.py:188} INFO - 101/456
[2024-06-21T00:28:57.523+0000] {logging_mixin.py:188} INFO - 102/456
[2024-06-21T00:28:57.534+0000] {logging_mixin.py:188} INFO - 103/456
[2024-06-21T00:28:57.544+0000] {logging_mixin.py:188} INFO - 104/456
[2024-06-21T00:28:57.553+0000] {logging_mixin.py:188} INFO - 105/456
[2024-06-21T00:28:57.563+0000] {logging_mixin.py:188} INFO - 106/456
[2024-06-21T00:28:57.573+0000] {logging_mixin.py:188} INFO - 107/456
[2024-06-21T00:28:57.583+0000] {logging_mixin.py:188} INFO - 108/456
[2024-06-21T00:28:57.593+0000] {logging_mixin.py:188} INFO - 109/456
[2024-06-21T00:28:57.604+0000] {logging_mixin.py:188} INFO - 110/456
[2024-06-21T00:28:57.614+0000] {logging_mixin.py:188} INFO - 111/456
[2024-06-21T00:28:57.624+0000] {logging_mixin.py:188} INFO - 112/456
[2024-06-21T00:28:57.635+0000] {logging_mixin.py:188} INFO - 113/456
[2024-06-21T00:28:57.646+0000] {logging_mixin.py:188} INFO - 114/456
[2024-06-21T00:28:57.656+0000] {logging_mixin.py:188} INFO - 115/456
[2024-06-21T00:28:57.668+0000] {logging_mixin.py:188} INFO - 116/456
[2024-06-21T00:28:57.681+0000] {logging_mixin.py:188} INFO - 117/456
[2024-06-21T00:28:57.692+0000] {logging_mixin.py:188} INFO - 118/456
[2024-06-21T00:28:57.704+0000] {logging_mixin.py:188} INFO - 119/456
[2024-06-21T00:28:57.717+0000] {logging_mixin.py:188} INFO - 120/456
[2024-06-21T00:28:57.730+0000] {logging_mixin.py:188} INFO - 121/456
[2024-06-21T00:28:57.742+0000] {logging_mixin.py:188} INFO - 122/456
[2024-06-21T00:28:57.757+0000] {logging_mixin.py:188} INFO - 123/456
[2024-06-21T00:28:57.769+0000] {logging_mixin.py:188} INFO - 124/456
[2024-06-21T00:28:57.782+0000] {logging_mixin.py:188} INFO - 125/456
[2024-06-21T00:28:57.795+0000] {logging_mixin.py:188} INFO - 126/456
[2024-06-21T00:28:57.807+0000] {logging_mixin.py:188} INFO - 127/456
[2024-06-21T00:28:57.821+0000] {logging_mixin.py:188} INFO - 128/456
[2024-06-21T00:28:57.834+0000] {logging_mixin.py:188} INFO - 129/456
[2024-06-21T00:28:57.847+0000] {logging_mixin.py:188} INFO - 130/456
[2024-06-21T00:28:57.860+0000] {logging_mixin.py:188} INFO - 131/456
[2024-06-21T00:28:57.872+0000] {logging_mixin.py:188} INFO - 132/456
[2024-06-21T00:28:57.885+0000] {logging_mixin.py:188} INFO - 133/456
[2024-06-21T00:28:57.898+0000] {logging_mixin.py:188} INFO - 134/456
[2024-06-21T00:28:57.910+0000] {logging_mixin.py:188} INFO - 135/456
[2024-06-21T00:28:57.922+0000] {logging_mixin.py:188} INFO - 136/456
[2024-06-21T00:28:57.935+0000] {logging_mixin.py:188} INFO - 137/456
[2024-06-21T00:28:57.947+0000] {logging_mixin.py:188} INFO - 138/456
[2024-06-21T00:28:57.960+0000] {logging_mixin.py:188} INFO - 139/456
[2024-06-21T00:28:57.974+0000] {logging_mixin.py:188} INFO - 140/456
[2024-06-21T00:28:57.988+0000] {logging_mixin.py:188} INFO - 141/456
[2024-06-21T00:28:58.004+0000] {logging_mixin.py:188} INFO - 142/456
[2024-06-21T00:28:58.017+0000] {logging_mixin.py:188} INFO - 143/456
[2024-06-21T00:28:58.031+0000] {logging_mixin.py:188} INFO - 144/456
[2024-06-21T00:28:58.045+0000] {logging_mixin.py:188} INFO - 145/456
[2024-06-21T00:28:58.059+0000] {logging_mixin.py:188} INFO - 146/456
[2024-06-21T00:28:58.072+0000] {logging_mixin.py:188} INFO - 147/456
[2024-06-21T00:28:58.086+0000] {logging_mixin.py:188} INFO - 148/456
[2024-06-21T00:28:58.100+0000] {logging_mixin.py:188} INFO - 149/456
[2024-06-21T00:28:58.114+0000] {logging_mixin.py:188} INFO - 150/456
[2024-06-21T00:28:58.128+0000] {logging_mixin.py:188} INFO - 151/456
[2024-06-21T00:28:58.143+0000] {logging_mixin.py:188} INFO - 152/456
[2024-06-21T00:28:58.159+0000] {logging_mixin.py:188} INFO - 153/456
[2024-06-21T00:28:58.174+0000] {logging_mixin.py:188} INFO - 154/456
[2024-06-21T00:28:58.188+0000] {logging_mixin.py:188} INFO - 155/456
[2024-06-21T00:28:58.203+0000] {logging_mixin.py:188} INFO - 156/456
[2024-06-21T00:28:58.220+0000] {logging_mixin.py:188} INFO - 157/456
[2024-06-21T00:28:58.234+0000] {logging_mixin.py:188} INFO - 158/456
[2024-06-21T00:28:58.249+0000] {logging_mixin.py:188} INFO - 159/456
[2024-06-21T00:28:58.264+0000] {logging_mixin.py:188} INFO - 160/456
[2024-06-21T00:28:58.278+0000] {logging_mixin.py:188} INFO - 161/456
[2024-06-21T00:28:58.293+0000] {logging_mixin.py:188} INFO - 162/456
[2024-06-21T00:28:58.307+0000] {logging_mixin.py:188} INFO - 163/456
[2024-06-21T00:28:58.322+0000] {logging_mixin.py:188} INFO - 164/456
[2024-06-21T00:28:58.337+0000] {logging_mixin.py:188} INFO - 165/456
[2024-06-21T00:28:58.352+0000] {logging_mixin.py:188} INFO - 166/456
[2024-06-21T00:28:58.367+0000] {logging_mixin.py:188} INFO - 167/456
[2024-06-21T00:28:58.383+0000] {logging_mixin.py:188} INFO - 168/456
[2024-06-21T00:28:58.397+0000] {logging_mixin.py:188} INFO - 169/456
[2024-06-21T00:28:58.412+0000] {logging_mixin.py:188} INFO - 170/456
[2024-06-21T00:28:58.427+0000] {logging_mixin.py:188} INFO - 171/456
[2024-06-21T00:28:58.443+0000] {logging_mixin.py:188} INFO - 172/456
[2024-06-21T00:28:58.459+0000] {logging_mixin.py:188} INFO - 173/456
[2024-06-21T00:28:58.475+0000] {logging_mixin.py:188} INFO - 174/456
[2024-06-21T00:28:58.491+0000] {logging_mixin.py:188} INFO - 175/456
[2024-06-21T00:28:58.507+0000] {logging_mixin.py:188} INFO - 176/456
[2024-06-21T00:28:58.523+0000] {logging_mixin.py:188} INFO - 177/456
[2024-06-21T00:28:58.541+0000] {logging_mixin.py:188} INFO - 178/456
[2024-06-21T00:28:58.558+0000] {logging_mixin.py:188} INFO - 179/456
[2024-06-21T00:28:58.575+0000] {logging_mixin.py:188} INFO - 180/456
[2024-06-21T00:28:58.593+0000] {logging_mixin.py:188} INFO - 181/456
[2024-06-21T00:28:58.610+0000] {logging_mixin.py:188} INFO - 182/456
[2024-06-21T00:28:58.626+0000] {logging_mixin.py:188} INFO - 183/456
[2024-06-21T00:28:58.643+0000] {logging_mixin.py:188} INFO - 184/456
[2024-06-21T00:28:58.659+0000] {logging_mixin.py:188} INFO - 185/456
[2024-06-21T00:28:58.676+0000] {logging_mixin.py:188} INFO - 186/456
[2024-06-21T00:28:58.692+0000] {logging_mixin.py:188} INFO - 187/456
[2024-06-21T00:28:58.709+0000] {logging_mixin.py:188} INFO - 188/456
[2024-06-21T00:28:58.726+0000] {logging_mixin.py:188} INFO - 189/456
[2024-06-21T00:28:58.743+0000] {logging_mixin.py:188} INFO - 190/456
[2024-06-21T00:28:58.761+0000] {logging_mixin.py:188} INFO - 191/456
[2024-06-21T00:28:58.779+0000] {logging_mixin.py:188} INFO - 192/456
[2024-06-21T00:28:58.798+0000] {logging_mixin.py:188} INFO - 193/456
[2024-06-21T00:28:58.815+0000] {logging_mixin.py:188} INFO - 194/456
[2024-06-21T00:28:58.832+0000] {logging_mixin.py:188} INFO - 195/456
[2024-06-21T00:28:58.849+0000] {logging_mixin.py:188} INFO - 196/456
[2024-06-21T00:28:58.868+0000] {logging_mixin.py:188} INFO - 197/456
[2024-06-21T00:28:58.886+0000] {logging_mixin.py:188} INFO - 198/456
[2024-06-21T00:28:58.905+0000] {logging_mixin.py:188} INFO - 199/456
[2024-06-21T00:28:58.925+0000] {logging_mixin.py:188} INFO - 200/456
[2024-06-21T00:28:58.977+0000] {logging_mixin.py:188} INFO - 201/456
[2024-06-21T00:28:58.997+0000] {logging_mixin.py:188} INFO - 202/456
[2024-06-21T00:28:59.016+0000] {logging_mixin.py:188} INFO - 203/456
[2024-06-21T00:28:59.034+0000] {logging_mixin.py:188} INFO - 204/456
[2024-06-21T00:28:59.052+0000] {logging_mixin.py:188} INFO - 205/456
[2024-06-21T00:28:59.070+0000] {logging_mixin.py:188} INFO - 206/456
[2024-06-21T00:28:59.088+0000] {logging_mixin.py:188} INFO - 207/456
[2024-06-21T00:28:59.107+0000] {logging_mixin.py:188} INFO - 208/456
[2024-06-21T00:28:59.126+0000] {logging_mixin.py:188} INFO - 209/456
[2024-06-21T00:28:59.145+0000] {logging_mixin.py:188} INFO - 210/456
[2024-06-21T00:28:59.164+0000] {logging_mixin.py:188} INFO - 211/456
[2024-06-21T00:28:59.183+0000] {logging_mixin.py:188} INFO - 212/456
[2024-06-21T00:28:59.202+0000] {logging_mixin.py:188} INFO - 213/456
[2024-06-21T00:28:59.222+0000] {logging_mixin.py:188} INFO - 214/456
[2024-06-21T00:28:59.241+0000] {logging_mixin.py:188} INFO - 215/456
[2024-06-21T00:28:59.261+0000] {logging_mixin.py:188} INFO - 216/456
[2024-06-21T00:28:59.279+0000] {logging_mixin.py:188} INFO - 217/456
[2024-06-21T00:28:59.298+0000] {logging_mixin.py:188} INFO - 218/456
[2024-06-21T00:28:59.317+0000] {logging_mixin.py:188} INFO - 219/456
[2024-06-21T00:28:59.337+0000] {logging_mixin.py:188} INFO - 220/456
[2024-06-21T00:28:59.356+0000] {logging_mixin.py:188} INFO - 221/456
[2024-06-21T00:28:59.376+0000] {logging_mixin.py:188} INFO - 222/456
[2024-06-21T00:28:59.396+0000] {logging_mixin.py:188} INFO - 223/456
[2024-06-21T00:28:59.418+0000] {logging_mixin.py:188} INFO - 224/456
[2024-06-21T00:28:59.437+0000] {logging_mixin.py:188} INFO - 225/456
[2024-06-21T00:28:59.457+0000] {logging_mixin.py:188} INFO - 226/456
[2024-06-21T00:28:59.478+0000] {logging_mixin.py:188} INFO - 227/456
[2024-06-21T00:28:59.498+0000] {logging_mixin.py:188} INFO - 228/456
[2024-06-21T00:28:59.519+0000] {logging_mixin.py:188} INFO - 229/456
[2024-06-21T00:28:59.539+0000] {logging_mixin.py:188} INFO - 230/456
[2024-06-21T00:28:59.561+0000] {logging_mixin.py:188} INFO - 231/456
[2024-06-21T00:28:59.583+0000] {logging_mixin.py:188} INFO - 232/456
[2024-06-21T00:28:59.604+0000] {logging_mixin.py:188} INFO - 233/456
[2024-06-21T00:28:59.625+0000] {logging_mixin.py:188} INFO - 234/456
[2024-06-21T00:28:59.647+0000] {logging_mixin.py:188} INFO - 235/456
[2024-06-21T00:28:59.668+0000] {logging_mixin.py:188} INFO - 236/456
[2024-06-21T00:28:59.689+0000] {logging_mixin.py:188} INFO - 237/456
[2024-06-21T00:28:59.711+0000] {logging_mixin.py:188} INFO - 238/456
[2024-06-21T00:28:59.734+0000] {logging_mixin.py:188} INFO - 239/456
[2024-06-21T00:28:59.755+0000] {logging_mixin.py:188} INFO - 240/456
[2024-06-21T00:28:59.777+0000] {logging_mixin.py:188} INFO - 241/456
[2024-06-21T00:28:59.798+0000] {logging_mixin.py:188} INFO - 242/456
[2024-06-21T00:28:59.819+0000] {logging_mixin.py:188} INFO - 243/456
[2024-06-21T00:28:59.841+0000] {logging_mixin.py:188} INFO - 244/456
[2024-06-21T00:28:59.864+0000] {logging_mixin.py:188} INFO - 245/456
[2024-06-21T00:28:59.886+0000] {logging_mixin.py:188} INFO - 246/456
[2024-06-21T00:28:59.909+0000] {logging_mixin.py:188} INFO - 247/456
[2024-06-21T00:28:59.933+0000] {logging_mixin.py:188} INFO - 248/456
[2024-06-21T00:28:59.956+0000] {logging_mixin.py:188} INFO - 249/456
[2024-06-21T00:28:59.980+0000] {logging_mixin.py:188} INFO - 250/456
[2024-06-21T00:29:00.004+0000] {logging_mixin.py:188} INFO - 251/456
[2024-06-21T00:29:00.027+0000] {logging_mixin.py:188} INFO - 252/456
[2024-06-21T00:29:00.049+0000] {logging_mixin.py:188} INFO - 253/456
[2024-06-21T00:29:00.071+0000] {logging_mixin.py:188} INFO - 254/456
[2024-06-21T00:29:00.092+0000] {logging_mixin.py:188} INFO - 255/456
[2024-06-21T00:29:00.116+0000] {logging_mixin.py:188} INFO - 256/456
[2024-06-21T00:29:00.138+0000] {logging_mixin.py:188} INFO - 257/456
[2024-06-21T00:29:00.161+0000] {logging_mixin.py:188} INFO - 258/456
[2024-06-21T00:29:00.183+0000] {logging_mixin.py:188} INFO - 259/456
[2024-06-21T00:29:00.205+0000] {logging_mixin.py:188} INFO - 260/456
[2024-06-21T00:29:00.228+0000] {logging_mixin.py:188} INFO - 261/456
[2024-06-21T00:29:00.251+0000] {logging_mixin.py:188} INFO - 262/456
[2024-06-21T00:29:00.274+0000] {logging_mixin.py:188} INFO - 263/456
[2024-06-21T00:29:00.297+0000] {logging_mixin.py:188} INFO - 264/456
[2024-06-21T00:29:00.319+0000] {logging_mixin.py:188} INFO - 265/456
[2024-06-21T00:29:00.341+0000] {logging_mixin.py:188} INFO - 266/456
[2024-06-21T00:29:00.365+0000] {logging_mixin.py:188} INFO - 267/456
[2024-06-21T00:29:00.388+0000] {logging_mixin.py:188} INFO - 268/456
[2024-06-21T00:29:00.414+0000] {logging_mixin.py:188} INFO - 269/456
[2024-06-21T00:29:00.438+0000] {logging_mixin.py:188} INFO - 270/456
[2024-06-21T00:29:00.461+0000] {logging_mixin.py:188} INFO - 271/456
[2024-06-21T00:29:00.487+0000] {logging_mixin.py:188} INFO - 272/456
[2024-06-21T00:29:00.512+0000] {logging_mixin.py:188} INFO - 273/456
[2024-06-21T00:29:00.537+0000] {logging_mixin.py:188} INFO - 274/456
[2024-06-21T00:29:00.561+0000] {logging_mixin.py:188} INFO - 275/456
[2024-06-21T00:29:00.586+0000] {logging_mixin.py:188} INFO - 276/456
[2024-06-21T00:29:00.610+0000] {logging_mixin.py:188} INFO - 277/456
[2024-06-21T00:29:00.634+0000] {logging_mixin.py:188} INFO - 278/456
[2024-06-21T00:29:00.659+0000] {logging_mixin.py:188} INFO - 279/456
[2024-06-21T00:29:00.684+0000] {logging_mixin.py:188} INFO - 280/456
[2024-06-21T00:29:00.709+0000] {logging_mixin.py:188} INFO - 281/456
[2024-06-21T00:29:00.735+0000] {logging_mixin.py:188} INFO - 282/456
[2024-06-21T00:29:00.759+0000] {logging_mixin.py:188} INFO - 283/456
[2024-06-21T00:29:00.785+0000] {logging_mixin.py:188} INFO - 284/456
[2024-06-21T00:29:00.810+0000] {logging_mixin.py:188} INFO - 285/456
[2024-06-21T00:29:00.835+0000] {logging_mixin.py:188} INFO - 286/456
[2024-06-21T00:29:00.862+0000] {logging_mixin.py:188} INFO - 287/456
[2024-06-21T00:29:00.887+0000] {logging_mixin.py:188} INFO - 288/456
[2024-06-21T00:29:00.912+0000] {logging_mixin.py:188} INFO - 289/456
[2024-06-21T00:29:00.938+0000] {logging_mixin.py:188} INFO - 290/456
[2024-06-21T00:29:00.964+0000] {logging_mixin.py:188} INFO - 291/456
[2024-06-21T00:29:00.990+0000] {logging_mixin.py:188} INFO - 292/456
[2024-06-21T00:29:01.017+0000] {logging_mixin.py:188} INFO - 293/456
[2024-06-21T00:29:01.044+0000] {logging_mixin.py:188} INFO - 294/456
[2024-06-21T00:29:01.069+0000] {logging_mixin.py:188} INFO - 295/456
[2024-06-21T00:29:01.096+0000] {logging_mixin.py:188} INFO - 296/456
[2024-06-21T00:29:01.121+0000] {logging_mixin.py:188} INFO - 297/456
[2024-06-21T00:29:01.149+0000] {logging_mixin.py:188} INFO - 298/456
[2024-06-21T00:29:01.175+0000] {logging_mixin.py:188} INFO - 299/456
[2024-06-21T00:29:01.203+0000] {logging_mixin.py:188} INFO - 300/456
[2024-06-21T00:29:01.230+0000] {logging_mixin.py:188} INFO - 301/456
[2024-06-21T00:29:01.256+0000] {logging_mixin.py:188} INFO - 302/456
[2024-06-21T00:29:01.283+0000] {logging_mixin.py:188} INFO - 303/456
[2024-06-21T00:29:01.310+0000] {logging_mixin.py:188} INFO - 304/456
[2024-06-21T00:29:01.337+0000] {logging_mixin.py:188} INFO - 305/456
[2024-06-21T00:29:01.364+0000] {logging_mixin.py:188} INFO - 306/456
[2024-06-21T00:29:01.390+0000] {logging_mixin.py:188} INFO - 307/456
[2024-06-21T00:29:01.418+0000] {logging_mixin.py:188} INFO - 308/456
[2024-06-21T00:29:01.444+0000] {logging_mixin.py:188} INFO - 309/456
[2024-06-21T00:29:01.472+0000] {logging_mixin.py:188} INFO - 310/456
[2024-06-21T00:29:01.503+0000] {logging_mixin.py:188} INFO - 311/456
[2024-06-21T00:29:01.530+0000] {logging_mixin.py:188} INFO - 312/456
[2024-06-21T00:29:01.558+0000] {logging_mixin.py:188} INFO - 313/456
[2024-06-21T00:29:01.584+0000] {logging_mixin.py:188} INFO - 314/456
[2024-06-21T00:29:01.612+0000] {logging_mixin.py:188} INFO - 315/456
[2024-06-21T00:29:01.639+0000] {logging_mixin.py:188} INFO - 316/456
[2024-06-21T00:29:01.667+0000] {logging_mixin.py:188} INFO - 317/456
[2024-06-21T00:29:01.695+0000] {logging_mixin.py:188} INFO - 318/456
[2024-06-21T00:29:01.724+0000] {logging_mixin.py:188} INFO - 319/456
[2024-06-21T00:29:01.751+0000] {logging_mixin.py:188} INFO - 320/456
[2024-06-21T00:29:01.781+0000] {logging_mixin.py:188} INFO - 321/456
[2024-06-21T00:29:01.808+0000] {logging_mixin.py:188} INFO - 322/456
[2024-06-21T00:29:01.837+0000] {logging_mixin.py:188} INFO - 323/456
[2024-06-21T00:29:01.866+0000] {logging_mixin.py:188} INFO - 324/456
[2024-06-21T00:29:01.896+0000] {logging_mixin.py:188} INFO - 325/456
[2024-06-21T00:29:01.924+0000] {logging_mixin.py:188} INFO - 326/456
[2024-06-21T00:29:01.953+0000] {logging_mixin.py:188} INFO - 327/456
[2024-06-21T00:29:01.981+0000] {logging_mixin.py:188} INFO - 328/456
[2024-06-21T00:29:02.015+0000] {logging_mixin.py:188} INFO - 329/456
[2024-06-21T00:29:02.046+0000] {logging_mixin.py:188} INFO - 330/456
[2024-06-21T00:29:02.086+0000] {logging_mixin.py:188} INFO - 331/456
[2024-06-21T00:29:02.118+0000] {logging_mixin.py:188} INFO - 332/456
[2024-06-21T00:29:02.146+0000] {logging_mixin.py:188} INFO - 333/456
[2024-06-21T00:29:02.176+0000] {logging_mixin.py:188} INFO - 334/456
[2024-06-21T00:29:02.204+0000] {logging_mixin.py:188} INFO - 335/456
[2024-06-21T00:29:02.233+0000] {logging_mixin.py:188} INFO - 336/456
[2024-06-21T00:29:02.261+0000] {logging_mixin.py:188} INFO - 337/456
[2024-06-21T00:29:02.290+0000] {logging_mixin.py:188} INFO - 338/456
[2024-06-21T00:29:02.318+0000] {logging_mixin.py:188} INFO - 339/456
[2024-06-21T00:29:02.348+0000] {logging_mixin.py:188} INFO - 340/456
[2024-06-21T00:29:02.376+0000] {logging_mixin.py:188} INFO - 341/456
[2024-06-21T00:29:02.408+0000] {logging_mixin.py:188} INFO - 342/456
[2024-06-21T00:29:02.438+0000] {logging_mixin.py:188} INFO - 343/456
[2024-06-21T00:29:02.468+0000] {logging_mixin.py:188} INFO - 344/456
[2024-06-21T00:29:02.498+0000] {logging_mixin.py:188} INFO - 345/456
[2024-06-21T00:29:02.527+0000] {logging_mixin.py:188} INFO - 346/456
[2024-06-21T00:29:02.558+0000] {logging_mixin.py:188} INFO - 347/456
[2024-06-21T00:29:02.588+0000] {logging_mixin.py:188} INFO - 348/456
[2024-06-21T00:29:02.618+0000] {logging_mixin.py:188} INFO - 349/456
[2024-06-21T00:29:02.649+0000] {logging_mixin.py:188} INFO - 350/456
[2024-06-21T00:29:02.678+0000] {logging_mixin.py:188} INFO - 351/456
[2024-06-21T00:29:02.709+0000] {logging_mixin.py:188} INFO - 352/456
[2024-06-21T00:29:02.739+0000] {logging_mixin.py:188} INFO - 353/456
[2024-06-21T00:29:02.771+0000] {logging_mixin.py:188} INFO - 354/456
[2024-06-21T00:29:02.803+0000] {logging_mixin.py:188} INFO - 355/456
[2024-06-21T00:29:02.834+0000] {logging_mixin.py:188} INFO - 356/456
[2024-06-21T00:29:02.866+0000] {logging_mixin.py:188} INFO - 357/456
[2024-06-21T00:29:02.897+0000] {logging_mixin.py:188} INFO - 358/456
[2024-06-21T00:29:02.927+0000] {logging_mixin.py:188} INFO - 359/456
[2024-06-21T00:29:02.959+0000] {logging_mixin.py:188} INFO - 360/456
[2024-06-21T00:29:02.990+0000] {logging_mixin.py:188} INFO - 361/456
[2024-06-21T00:29:03.021+0000] {logging_mixin.py:188} INFO - 362/456
[2024-06-21T00:29:03.053+0000] {logging_mixin.py:188} INFO - 363/456
[2024-06-21T00:29:03.087+0000] {logging_mixin.py:188} INFO - 364/456
[2024-06-21T00:29:03.120+0000] {logging_mixin.py:188} INFO - 365/456
[2024-06-21T00:29:03.152+0000] {logging_mixin.py:188} INFO - 366/456
[2024-06-21T00:29:03.184+0000] {logging_mixin.py:188} INFO - 367/456
[2024-06-21T00:29:03.216+0000] {logging_mixin.py:188} INFO - 368/456
[2024-06-21T00:29:03.248+0000] {logging_mixin.py:188} INFO - 369/456
[2024-06-21T00:29:03.280+0000] {logging_mixin.py:188} INFO - 370/456
[2024-06-21T00:29:03.312+0000] {logging_mixin.py:188} INFO - 371/456
[2024-06-21T00:29:03.343+0000] {logging_mixin.py:188} INFO - 372/456
[2024-06-21T00:29:03.375+0000] {logging_mixin.py:188} INFO - 373/456
[2024-06-21T00:29:03.408+0000] {logging_mixin.py:188} INFO - 374/456
[2024-06-21T00:29:03.441+0000] {logging_mixin.py:188} INFO - 375/456
[2024-06-21T00:29:03.474+0000] {logging_mixin.py:188} INFO - 376/456
[2024-06-21T00:29:03.507+0000] {logging_mixin.py:188} INFO - 377/456
[2024-06-21T00:29:03.541+0000] {logging_mixin.py:188} INFO - 378/456
[2024-06-21T00:29:03.575+0000] {logging_mixin.py:188} INFO - 379/456
[2024-06-21T00:29:03.609+0000] {logging_mixin.py:188} INFO - 380/456
[2024-06-21T00:29:03.643+0000] {logging_mixin.py:188} INFO - 381/456
[2024-06-21T00:29:03.675+0000] {logging_mixin.py:188} INFO - 382/456
[2024-06-21T00:29:03.710+0000] {logging_mixin.py:188} INFO - 383/456
[2024-06-21T00:29:03.743+0000] {logging_mixin.py:188} INFO - 384/456
[2024-06-21T00:29:03.776+0000] {logging_mixin.py:188} INFO - 385/456
[2024-06-21T00:29:03.808+0000] {logging_mixin.py:188} INFO - 386/456
[2024-06-21T00:29:03.840+0000] {logging_mixin.py:188} INFO - 387/456
[2024-06-21T00:29:03.873+0000] {logging_mixin.py:188} INFO - 388/456
[2024-06-21T00:29:03.907+0000] {logging_mixin.py:188} INFO - 389/456
[2024-06-21T00:29:03.941+0000] {logging_mixin.py:188} INFO - 390/456
[2024-06-21T00:29:03.977+0000] {logging_mixin.py:188} INFO - 391/456
[2024-06-21T00:29:04.011+0000] {logging_mixin.py:188} INFO - 392/456
[2024-06-21T00:29:04.046+0000] {logging_mixin.py:188} INFO - 393/456
[2024-06-21T00:29:04.079+0000] {logging_mixin.py:188} INFO - 394/456
[2024-06-21T00:29:04.113+0000] {logging_mixin.py:188} INFO - 395/456
[2024-06-21T00:29:04.148+0000] {logging_mixin.py:188} INFO - 396/456
[2024-06-21T00:29:04.185+0000] {logging_mixin.py:188} INFO - 397/456
[2024-06-21T00:29:04.223+0000] {logging_mixin.py:188} INFO - 398/456
[2024-06-21T00:29:04.259+0000] {logging_mixin.py:188} INFO - 399/456
[2024-06-21T00:29:04.294+0000] {logging_mixin.py:188} INFO - 400/456
[2024-06-21T00:29:04.329+0000] {logging_mixin.py:188} INFO - 401/456
[2024-06-21T00:29:04.365+0000] {logging_mixin.py:188} INFO - 402/456
[2024-06-21T00:29:04.399+0000] {logging_mixin.py:188} INFO - 403/456
[2024-06-21T00:29:04.434+0000] {logging_mixin.py:188} INFO - 404/456
[2024-06-21T00:29:04.468+0000] {logging_mixin.py:188} INFO - 405/456
[2024-06-21T00:29:04.504+0000] {logging_mixin.py:188} INFO - 406/456
[2024-06-21T00:29:04.540+0000] {logging_mixin.py:188} INFO - 407/456
[2024-06-21T00:29:04.576+0000] {logging_mixin.py:188} INFO - 408/456
[2024-06-21T00:29:04.612+0000] {logging_mixin.py:188} INFO - 409/456
[2024-06-21T00:29:04.650+0000] {logging_mixin.py:188} INFO - 410/456
[2024-06-21T00:29:04.684+0000] {logging_mixin.py:188} INFO - 411/456
[2024-06-21T00:29:04.720+0000] {logging_mixin.py:188} INFO - 412/456
[2024-06-21T00:29:04.758+0000] {logging_mixin.py:188} INFO - 413/456
[2024-06-21T00:29:04.794+0000] {logging_mixin.py:188} INFO - 414/456
[2024-06-21T00:29:04.829+0000] {logging_mixin.py:188} INFO - 415/456
[2024-06-21T00:29:04.864+0000] {logging_mixin.py:188} INFO - 416/456
[2024-06-21T00:29:04.899+0000] {logging_mixin.py:188} INFO - 417/456
[2024-06-21T00:29:04.935+0000] {logging_mixin.py:188} INFO - 418/456
[2024-06-21T00:29:04.971+0000] {logging_mixin.py:188} INFO - 419/456
[2024-06-21T00:29:05.008+0000] {logging_mixin.py:188} INFO - 420/456
[2024-06-21T00:29:05.047+0000] {logging_mixin.py:188} INFO - 421/456
[2024-06-21T00:29:05.084+0000] {logging_mixin.py:188} INFO - 422/456
[2024-06-21T00:29:05.121+0000] {logging_mixin.py:188} INFO - 423/456
[2024-06-21T00:29:05.160+0000] {logging_mixin.py:188} INFO - 424/456
[2024-06-21T00:29:05.196+0000] {logging_mixin.py:188} INFO - 425/456
[2024-06-21T00:29:05.233+0000] {logging_mixin.py:188} INFO - 426/456
[2024-06-21T00:29:05.270+0000] {logging_mixin.py:188} INFO - 427/456
[2024-06-21T00:29:05.309+0000] {logging_mixin.py:188} INFO - 428/456
[2024-06-21T00:29:05.345+0000] {logging_mixin.py:188} INFO - 429/456
[2024-06-21T00:29:05.383+0000] {logging_mixin.py:188} INFO - 430/456
[2024-06-21T00:29:05.420+0000] {logging_mixin.py:188} INFO - 431/456
[2024-06-21T00:29:05.457+0000] {logging_mixin.py:188} INFO - 432/456
[2024-06-21T00:29:05.493+0000] {logging_mixin.py:188} INFO - 433/456
[2024-06-21T00:29:05.530+0000] {logging_mixin.py:188} INFO - 434/456
[2024-06-21T00:29:05.567+0000] {logging_mixin.py:188} INFO - 435/456
[2024-06-21T00:29:05.604+0000] {logging_mixin.py:188} INFO - 436/456
[2024-06-21T00:29:05.643+0000] {logging_mixin.py:188} INFO - 437/456
[2024-06-21T00:29:05.683+0000] {logging_mixin.py:188} INFO - 438/456
[2024-06-21T00:29:05.719+0000] {logging_mixin.py:188} INFO - 439/456
[2024-06-21T00:29:05.756+0000] {logging_mixin.py:188} INFO - 440/456
[2024-06-21T00:29:05.796+0000] {logging_mixin.py:188} INFO - 441/456
[2024-06-21T00:29:05.834+0000] {logging_mixin.py:188} INFO - 442/456
[2024-06-21T00:29:05.870+0000] {logging_mixin.py:188} INFO - 443/456
[2024-06-21T00:29:05.908+0000] {logging_mixin.py:188} INFO - 444/456
[2024-06-21T00:29:05.947+0000] {logging_mixin.py:188} INFO - 445/456
[2024-06-21T00:29:05.985+0000] {logging_mixin.py:188} INFO - 446/456
[2024-06-21T00:29:06.024+0000] {logging_mixin.py:188} INFO - 447/456
[2024-06-21T00:29:06.067+0000] {logging_mixin.py:188} INFO - 448/456
[2024-06-21T00:29:06.108+0000] {logging_mixin.py:188} INFO - 449/456
[2024-06-21T00:29:06.148+0000] {logging_mixin.py:188} INFO - 450/456
[2024-06-21T00:29:06.187+0000] {logging_mixin.py:188} INFO - 451/456
[2024-06-21T00:29:06.226+0000] {logging_mixin.py:188} INFO - 452/456
[2024-06-21T00:29:06.265+0000] {logging_mixin.py:188} INFO - 453/456
[2024-06-21T00:29:06.310+0000] {logging_mixin.py:188} INFO - 454/456
[2024-06-21T00:29:06.352+0000] {logging_mixin.py:188} INFO - 455/456
[2024-06-21T00:36:29.435+0000] {convert_to_matrix.py:45} INFO - Task convert_to_matrix was successfully completed
[2024-06-21T00:36:29.441+0000] {python.py:237} INFO - Done. Returned value was: None
[2024-06-21T00:36:29.441+0000] {taskinstance.py:441} INFO - ::group::Post task execution logs
[2024-06-21T00:36:29.446+0000] {taskinstance.py:1206} INFO - Marking task as SUCCESS. dag_id=dag_data_etl_v53, task_id=data_etl.preprocessing_data.convert_to_matrix, run_id=scheduled__2024-06-20T12:00:00+00:00, execution_date=20240620T120000, start_date=20240621T002856, end_date=20240621T003629
[2024-06-21T00:36:29.563+0000] {local_task_job_runner.py:240} INFO - Task exited with return code 0
[2024-06-21T00:36:29.572+0000] {taskinstance.py:3498} INFO - 0 downstream tasks scheduled from follow-on schedule check
[2024-06-21T00:36:29.574+0000] {local_task_job_runner.py:222} INFO - ::endgroup::
