[2024-06-18T03:08:20.821+0000] {local_task_job_runner.py:120} INFO - ::group::Pre task execution logs
[2024-06-18T03:08:20.838+0000] {taskinstance.py:2076} INFO - Dependencies all met for dep_context=non-requeueable deps ti=<TaskInstance: dag_data_etl_v24.get_professions scheduled__2024-06-17T12:00:00+00:00 [queued]>
[2024-06-18T03:08:20.843+0000] {taskinstance.py:2076} INFO - Dependencies all met for dep_context=requeueable deps ti=<TaskInstance: dag_data_etl_v24.get_professions scheduled__2024-06-17T12:00:00+00:00 [queued]>
[2024-06-18T03:08:20.843+0000] {taskinstance.py:2306} INFO - Starting attempt 1 of 6
[2024-06-18T03:08:20.851+0000] {taskinstance.py:2330} INFO - Executing <Task(_PythonDecoratedOperator): get_professions> on 2024-06-17 12:00:00+00:00
[2024-06-18T03:08:20.856+0000] {logging_mixin.py:188} WARNING - /home/***/.local/lib/python3.12/site-packages/***/task/task_runner/standard_task_runner.py:61 DeprecationWarning: This process (pid=20273) is multi-threaded, use of fork() may lead to deadlocks in the child.
[2024-06-18T03:08:20.856+0000] {standard_task_runner.py:90} INFO - Running: ['***', 'tasks', 'run', 'dag_data_etl_v24', 'get_professions', 'scheduled__2024-06-17T12:00:00+00:00', '--job-id', '107', '--raw', '--subdir', 'DAGS_FOLDER/data_etl_dag.py', '--cfg-path', '/tmp/tmpcud9wmwl']
[2024-06-18T03:08:20.858+0000] {standard_task_runner.py:63} INFO - Started process 20275 to run task
[2024-06-18T03:08:20.858+0000] {standard_task_runner.py:91} INFO - Job 107: Subtask get_professions
[2024-06-18T03:08:20.887+0000] {task_command.py:426} INFO - Running <TaskInstance: dag_data_etl_v24.get_professions scheduled__2024-06-17T12:00:00+00:00 [running]> on host 10482076056f
[2024-06-18T03:08:20.934+0000] {taskinstance.py:2648} INFO - Exporting env vars: AIRFLOW_CTX_DAG_OWNER='Solarev Ruslan' AIRFLOW_CTX_DAG_ID='dag_data_etl_v24' AIRFLOW_CTX_TASK_ID='get_professions' AIRFLOW_CTX_EXECUTION_DATE='2024-06-17T12:00:00+00:00' AIRFLOW_CTX_TRY_NUMBER='1' AIRFLOW_CTX_DAG_RUN_ID='scheduled__2024-06-17T12:00:00+00:00'
[2024-06-18T03:08:20.935+0000] {taskinstance.py:430} INFO - ::endgroup::
[2024-06-18T03:08:20.937+0000] {get_professions.py:11} INFO - Got the list of professions
[2024-06-18T03:08:20.956+0000] {logging_mixin.py:188} INFO - dags/data/Parsed_data.csv
[2024-06-18T03:08:20.957+0000] {logging_mixin.py:188} INFO - dags/data/Preprocessed_dataset.csv
[2024-06-18T03:08:20.957+0000] {logging_mixin.py:188} INFO - dags/data/HH_Dataset.csv
[2024-06-18T03:08:20.957+0000] {logging_mixin.py:188} INFO - dags/data/Top_tags.csv
[2024-06-18T03:08:20.958+0000] {logging_mixin.py:188} INFO - dags/data/Skill_matrix.csv
[2024-06-18T03:08:20.958+0000] {logging_mixin.py:188} INFO - 10
[2024-06-18T03:08:20.958+0000] {logging_mixin.py:188} INFO - vacancy
[2024-06-18T03:08:20.958+0000] {python.py:237} INFO - Done. Returned value was: ['Администратор базы данных', 'ERP-программист', 'Тестировщик программного обеспечения (ПО)', 'Модератор форума', 'HTML-верстальщик', 'Системный администратор', 'IT-евангелист', 'Технический писатель', 'Администратор сайта', 'Бизнес-аналитик ']
[2024-06-18T03:08:20.958+0000] {taskinstance.py:441} INFO - ::group::Post task execution logs
[2024-06-18T03:08:20.970+0000] {taskinstance.py:1206} INFO - Marking task as SUCCESS. dag_id=dag_data_etl_v24, task_id=get_professions, run_id=scheduled__2024-06-17T12:00:00+00:00, execution_date=20240617T120000, start_date=20240618T030820, end_date=20240618T030820
[2024-06-18T03:08:20.991+0000] {local_task_job_runner.py:240} INFO - Task exited with return code 0
[2024-06-18T03:08:21.005+0000] {taskinstance.py:3498} INFO - 1 downstream tasks scheduled from follow-on schedule check
[2024-06-18T03:08:21.007+0000] {local_task_job_runner.py:222} INFO - ::endgroup::
