[2024-06-17T23:09:36.905+0000] {local_task_job_runner.py:120} INFO - ::group::Pre task execution logs
[2024-06-17T23:09:36.921+0000] {taskinstance.py:2076} INFO - Dependencies all met for dep_context=non-requeueable deps ti=<TaskInstance: dag_data_etl_v15.preprocess_data.convert_to_matrix scheduled__2024-06-17T00:00:00+00:00 [queued]>
[2024-06-17T23:09:36.925+0000] {taskinstance.py:2076} INFO - Dependencies all met for dep_context=requeueable deps ti=<TaskInstance: dag_data_etl_v15.preprocess_data.convert_to_matrix scheduled__2024-06-17T00:00:00+00:00 [queued]>
[2024-06-17T23:09:36.926+0000] {taskinstance.py:2306} INFO - Starting attempt 1 of 6
[2024-06-17T23:09:36.934+0000] {taskinstance.py:2330} INFO - Executing <Task(_PythonDecoratedOperator): preprocess_data.convert_to_matrix> on 2024-06-17 00:00:00+00:00
[2024-06-17T23:09:36.939+0000] {standard_task_runner.py:90} INFO - Running: ['***', 'tasks', 'run', 'dag_data_etl_v15', 'preprocess_data.convert_to_matrix', 'scheduled__2024-06-17T00:00:00+00:00', '--job-id', '64', '--raw', '--subdir', 'DAGS_FOLDER/data_etl_dag.py', '--cfg-path', '/tmp/tmpzg10vugp']
[2024-06-17T23:09:36.940+0000] {logging_mixin.py:188} WARNING - /home/***/.local/lib/python3.12/site-packages/***/task/task_runner/standard_task_runner.py:61 DeprecationWarning: This process (pid=3227) is multi-threaded, use of fork() may lead to deadlocks in the child.
[2024-06-17T23:09:36.941+0000] {standard_task_runner.py:91} INFO - Job 64: Subtask preprocess_data.convert_to_matrix
[2024-06-17T23:09:36.941+0000] {standard_task_runner.py:63} INFO - Started process 3231 to run task
[2024-06-17T23:09:36.966+0000] {task_command.py:426} INFO - Running <TaskInstance: dag_data_etl_v15.preprocess_data.convert_to_matrix scheduled__2024-06-17T00:00:00+00:00 [running]> on host 10482076056f
[2024-06-17T23:09:37.016+0000] {taskinstance.py:2648} INFO - Exporting env vars: AIRFLOW_CTX_DAG_OWNER='Solarev Ruslan' AIRFLOW_CTX_DAG_ID='dag_data_etl_v15' AIRFLOW_CTX_TASK_ID='preprocess_data.convert_to_matrix' AIRFLOW_CTX_EXECUTION_DATE='2024-06-17T00:00:00+00:00' AIRFLOW_CTX_TRY_NUMBER='1' AIRFLOW_CTX_DAG_RUN_ID='scheduled__2024-06-17T00:00:00+00:00'
[2024-06-17T23:09:37.017+0000] {taskinstance.py:430} INFO - ::endgroup::
[2024-06-17T23:09:37.021+0000] {logging_mixin.py:188} INFO - Index(['Profession', 'Link', 'Tags'], dtype='object')
[2024-06-17T23:09:37.194+0000] {logging_mixin.py:188} INFO - 0/35
[2024-06-17T23:09:37.201+0000] {logging_mixin.py:188} INFO - 1/35
[2024-06-17T23:09:37.247+0000] {logging_mixin.py:188} INFO - 2/35
[2024-06-17T23:09:37.263+0000] {logging_mixin.py:188} INFO - 3/35
[2024-06-17T23:09:37.268+0000] {logging_mixin.py:188} INFO - 4/35
[2024-06-17T23:09:37.269+0000] {logging_mixin.py:188} INFO - 5/35
[2024-06-17T23:09:37.294+0000] {logging_mixin.py:188} INFO - 6/35
[2024-06-17T23:09:37.321+0000] {logging_mixin.py:188} INFO - 7/35
[2024-06-17T23:09:37.325+0000] {logging_mixin.py:188} INFO - 8/35
[2024-06-17T23:09:37.341+0000] {logging_mixin.py:188} INFO - 9/35
[2024-06-17T23:09:37.341+0000] {logging_mixin.py:188} INFO - 10/35
[2024-06-17T23:09:37.342+0000] {logging_mixin.py:188} INFO - 11/35
[2024-06-17T23:09:37.343+0000] {logging_mixin.py:188} INFO - 12/35
[2024-06-17T23:09:37.376+0000] {logging_mixin.py:188} INFO - 13/35
[2024-06-17T23:09:37.382+0000] {logging_mixin.py:188} INFO - 14/35
[2024-06-17T23:09:37.410+0000] {logging_mixin.py:188} INFO - 15/35
[2024-06-17T23:09:37.411+0000] {logging_mixin.py:188} INFO - 16/35
[2024-06-17T23:09:37.421+0000] {logging_mixin.py:188} INFO - 17/35
[2024-06-17T23:09:37.421+0000] {logging_mixin.py:188} INFO - 18/35
[2024-06-17T23:09:37.422+0000] {logging_mixin.py:188} INFO - 19/35
[2024-06-17T23:09:37.448+0000] {logging_mixin.py:188} INFO - 20/35
[2024-06-17T23:09:37.475+0000] {logging_mixin.py:188} INFO - 21/35
[2024-06-17T23:09:37.480+0000] {logging_mixin.py:188} INFO - 22/35
[2024-06-17T23:09:37.488+0000] {logging_mixin.py:188} INFO - 23/35
[2024-06-17T23:09:37.489+0000] {logging_mixin.py:188} INFO - 24/35
[2024-06-17T23:09:37.489+0000] {logging_mixin.py:188} INFO - 25/35
[2024-06-17T23:09:37.496+0000] {logging_mixin.py:188} INFO - 26/35
[2024-06-17T23:09:37.496+0000] {logging_mixin.py:188} INFO - 27/35
[2024-06-17T23:09:37.502+0000] {logging_mixin.py:188} INFO - 28/35
[2024-06-17T23:09:37.503+0000] {logging_mixin.py:188} INFO - 29/35
[2024-06-17T23:09:37.503+0000] {logging_mixin.py:188} INFO - 30/35
[2024-06-17T23:09:37.504+0000] {logging_mixin.py:188} INFO - 31/35
[2024-06-17T23:09:37.504+0000] {logging_mixin.py:188} INFO - 32/35
[2024-06-17T23:09:37.505+0000] {logging_mixin.py:188} INFO - 33/35
[2024-06-17T23:09:37.505+0000] {logging_mixin.py:188} INFO - 34/35
[2024-06-17T23:09:37.689+0000] {logging_mixin.py:188} INFO - Тип: <class 'pandas.core.frame.DataFrame'>
[2024-06-17T23:21:48.685+0000] {python.py:237} INFO - Done. Returned value was: None
[2024-06-17T23:21:48.701+0000] {taskinstance.py:441} INFO - ::group::Post task execution logs
[2024-06-17T23:21:48.707+0000] {taskinstance.py:1206} INFO - Marking task as SUCCESS. dag_id=dag_data_etl_v15, task_id=preprocess_data.convert_to_matrix, run_id=scheduled__2024-06-17T00:00:00+00:00, execution_date=20240617T000000, start_date=20240617T230936, end_date=20240617T232148
[2024-06-17T23:21:48.861+0000] {local_task_job_runner.py:240} INFO - Task exited with return code 0
[2024-06-17T23:21:48.873+0000] {taskinstance.py:3498} INFO - 0 downstream tasks scheduled from follow-on schedule check
[2024-06-17T23:21:48.876+0000] {local_task_job_runner.py:222} INFO - ::endgroup::
