[2024-06-18T03:35:22.814+0000] {local_task_job_runner.py:120} INFO - ::group::Pre task execution logs
[2024-06-18T03:35:22.831+0000] {taskinstance.py:2076} INFO - Dependencies all met for dep_context=non-requeueable deps ti=<TaskInstance: dag_data_etl_v30.data_etl.preprocess_data.filter_tags scheduled__2024-06-17T12:00:00+00:00 [queued]>
[2024-06-18T03:35:22.836+0000] {taskinstance.py:2076} INFO - Dependencies all met for dep_context=requeueable deps ti=<TaskInstance: dag_data_etl_v30.data_etl.preprocess_data.filter_tags scheduled__2024-06-17T12:00:00+00:00 [queued]>
[2024-06-18T03:35:22.837+0000] {taskinstance.py:2306} INFO - Starting attempt 1 of 6
[2024-06-18T03:35:22.845+0000] {taskinstance.py:2330} INFO - Executing <Task(_PythonDecoratedOperator): data_etl.preprocess_data.filter_tags> on 2024-06-17 12:00:00+00:00
[2024-06-18T03:35:22.854+0000] {logging_mixin.py:188} WARNING - /home/***/.local/lib/python3.12/site-packages/***/task/task_runner/standard_task_runner.py:61 DeprecationWarning: This process (pid=22359) is multi-threaded, use of fork() may lead to deadlocks in the child.
[2024-06-18T03:35:22.854+0000] {standard_task_runner.py:63} INFO - Started process 22361 to run task
[2024-06-18T03:35:22.854+0000] {standard_task_runner.py:90} INFO - Running: ['***', 'tasks', 'run', 'dag_data_etl_v30', 'data_etl.preprocess_data.filter_tags', 'scheduled__2024-06-17T12:00:00+00:00', '--job-id', '122', '--raw', '--subdir', 'DAGS_FOLDER/data_etl_dag.py', '--cfg-path', '/tmp/tmps6_427pg']
[2024-06-18T03:35:22.855+0000] {standard_task_runner.py:91} INFO - Job 122: Subtask data_etl.preprocess_data.filter_tags
[2024-06-18T03:35:22.887+0000] {task_command.py:426} INFO - Running <TaskInstance: dag_data_etl_v30.data_etl.preprocess_data.filter_tags scheduled__2024-06-17T12:00:00+00:00 [running]> on host 10482076056f
[2024-06-18T03:35:22.942+0000] {taskinstance.py:2648} INFO - Exporting env vars: AIRFLOW_CTX_DAG_OWNER='Solarev Ruslan' AIRFLOW_CTX_DAG_ID='dag_data_etl_v30' AIRFLOW_CTX_TASK_ID='data_etl.preprocess_data.filter_tags' AIRFLOW_CTX_EXECUTION_DATE='2024-06-17T12:00:00+00:00' AIRFLOW_CTX_TRY_NUMBER='1' AIRFLOW_CTX_DAG_RUN_ID='scheduled__2024-06-17T12:00:00+00:00'
[2024-06-18T03:35:22.944+0000] {taskinstance.py:430} INFO - ::endgroup::
[2024-06-18T03:35:22.976+0000] {logging_mixin.py:188} INFO - Тип: <class 'pandas.core.frame.DataFrame'>
[2024-06-18T03:35:22.980+0000] {logging_mixin.py:188} INFO - Тип: <class 'pandas.core.frame.DataFrame'>
[2024-06-18T03:35:22.987+0000] {python.py:237} INFO - Done. Returned value was: dags/data/Preprocessed_dataset.csv
[2024-06-18T03:35:22.987+0000] {taskinstance.py:441} INFO - ::group::Post task execution logs
[2024-06-18T03:35:23.004+0000] {taskinstance.py:1206} INFO - Marking task as SUCCESS. dag_id=dag_data_etl_v30, task_id=data_etl.preprocess_data.filter_tags, run_id=scheduled__2024-06-17T12:00:00+00:00, execution_date=20240617T120000, start_date=20240618T033522, end_date=20240618T033523
[2024-06-18T03:35:23.027+0000] {local_task_job_runner.py:240} INFO - Task exited with return code 0
[2024-06-18T03:35:23.042+0000] {taskinstance.py:3498} INFO - 1 downstream tasks scheduled from follow-on schedule check
[2024-06-18T03:35:23.046+0000] {local_task_job_runner.py:222} INFO - ::endgroup::
