[2024-06-18T03:19:44.861+0000] {local_task_job_runner.py:120} INFO - ::group::Pre task execution logs
[2024-06-18T03:19:44.883+0000] {taskinstance.py:2076} INFO - Dependencies all met for dep_context=non-requeueable deps ti=<TaskInstance: dag_data_etl_v25.preprocess_data.preprocess_tags scheduled__2024-06-17T12:00:00+00:00 [queued]>
[2024-06-18T03:19:44.889+0000] {taskinstance.py:2076} INFO - Dependencies all met for dep_context=requeueable deps ti=<TaskInstance: dag_data_etl_v25.preprocess_data.preprocess_tags scheduled__2024-06-17T12:00:00+00:00 [queued]>
[2024-06-18T03:19:44.890+0000] {taskinstance.py:2306} INFO - Starting attempt 1 of 6
[2024-06-18T03:19:44.900+0000] {taskinstance.py:2330} INFO - Executing <Task(_PythonDecoratedOperator): preprocess_data.preprocess_tags> on 2024-06-17 12:00:00+00:00
[2024-06-18T03:19:44.911+0000] {logging_mixin.py:188} WARNING - /home/***/.local/lib/python3.12/site-packages/***/task/task_runner/standard_task_runner.py:61 DeprecationWarning: This process (pid=21199) is multi-threaded, use of fork() may lead to deadlocks in the child.
[2024-06-18T03:19:44.910+0000] {standard_task_runner.py:90} INFO - Running: ['***', 'tasks', 'run', 'dag_data_etl_v25', 'preprocess_data.preprocess_tags', 'scheduled__2024-06-17T12:00:00+00:00', '--job-id', '109', '--raw', '--subdir', 'DAGS_FOLDER/data_etl_dag.py', '--cfg-path', '/tmp/tmpdpcxwrrl']
[2024-06-18T03:19:44.912+0000] {standard_task_runner.py:63} INFO - Started process 21207 to run task
[2024-06-18T03:19:44.912+0000] {standard_task_runner.py:91} INFO - Job 109: Subtask preprocess_data.preprocess_tags
[2024-06-18T03:19:44.959+0000] {task_command.py:426} INFO - Running <TaskInstance: dag_data_etl_v25.preprocess_data.preprocess_tags scheduled__2024-06-17T12:00:00+00:00 [running]> on host 10482076056f
[2024-06-18T03:19:45.034+0000] {taskinstance.py:2648} INFO - Exporting env vars: AIRFLOW_CTX_DAG_OWNER='Solarev Ruslan' AIRFLOW_CTX_DAG_ID='dag_data_etl_v25' AIRFLOW_CTX_TASK_ID='preprocess_data.preprocess_tags' AIRFLOW_CTX_EXECUTION_DATE='2024-06-17T12:00:00+00:00' AIRFLOW_CTX_TRY_NUMBER='1' AIRFLOW_CTX_DAG_RUN_ID='scheduled__2024-06-17T12:00:00+00:00'
[2024-06-18T03:19:45.035+0000] {taskinstance.py:430} INFO - ::endgroup::
[2024-06-18T03:19:45.051+0000] {logging_mixin.py:188} INFO - Index(['Profession', 'Link', 'Tags'], dtype='object')
[2024-06-18T03:19:45.064+0000] {logging_mixin.py:188} INFO -                                    Profession  ...                                               Tags
0                   Администратор базы данных  ...  [Телефонные переговоры, Кассовые операции, Раб...
1                   Администратор базы данных  ...                                                 []
2                   Администратор базы данных  ...  [Грамотная речь, Коммуникабельность, Пользоват...
3                   Администратор базы данных  ...                                                 []
4                   Администратор базы данных  ...          [Опытный пользователь ПК, Электротехника]
5                             ERP-программист  ...                                                 []
6                             ERP-программист  ...                                                 []
7                             ERP-программист  ...                                                 []
8                             ERP-программист  ...                                                 []
9                             ERP-программист  ...  [1С 8.3 на уровне разработчика конфигурации 1С...
10  Тестировщик программного обеспечения (ПО)  ...  [Бизнес-анализ, MS Visio, Разработка нового пр...
11  Тестировщик программного обеспечения (ПО)  ...                                                 []
12  Тестировщик программного обеспечения (ПО)  ...                                                 []
13  Тестировщик программного обеспечения (ПО)  ...                                                 []
14  Тестировщик программного обеспечения (ПО)  ...                                                 []
15                    Системный администратор  ...                                                 []
16                    Системный администратор  ...  [Настройка ПК, Пользователь ПК, Администрирова...
17                    Системный администратор  ...                                                 []
18                    Системный администратор  ...  [Точность и внимательность, Стремление к профе...
19                    Системный администратор  ...                                                 []
20                       Технический писатель  ...                 [Английский\xa0— C1 — Продвинутый]
21                       Технический писатель  ...                                                 []
22                       Технический писатель  ...                                                 []
23                       Технический писатель  ...                                                 []
24                       Технический писатель  ...  [Техническая документация, Технические условия...
25                        Администратор сайта  ...                                                 []
26                        Администратор сайта  ...                                                 []
27                        Администратор сайта  ...                                                 []
28                        Администратор сайта  ...  [Заполнение карточек сайта, Администрирование ...
29                        Администратор сайта  ...  [MS Excel, Внимательность, Ответственность, Гр...
30                           Бизнес-аналитик   ...                                                 []
31                           Бизнес-аналитик   ...                                                 []
32                           Бизнес-аналитик   ...                                                 []
33                           Бизнес-аналитик   ...                                                 []
34                           Бизнес-аналитик   ...                                                 []

[35 rows x 3 columns]
[2024-06-18T03:19:45.065+0000] {logging_mixin.py:188} INFO - Тип: <class 'pandas.core.frame.DataFrame'>
[2024-06-18T03:19:45.071+0000] {python.py:237} INFO - Done. Returned value was: None
[2024-06-18T03:19:45.072+0000] {taskinstance.py:441} INFO - ::group::Post task execution logs
[2024-06-18T03:19:45.076+0000] {taskinstance.py:1206} INFO - Marking task as SUCCESS. dag_id=dag_data_etl_v25, task_id=preprocess_data.preprocess_tags, run_id=scheduled__2024-06-17T12:00:00+00:00, execution_date=20240617T120000, start_date=20240618T031944, end_date=20240618T031945
[2024-06-18T03:19:45.126+0000] {local_task_job_runner.py:240} INFO - Task exited with return code 0
[2024-06-18T03:19:45.135+0000] {taskinstance.py:3498} INFO - 0 downstream tasks scheduled from follow-on schedule check
[2024-06-18T03:19:45.139+0000] {local_task_job_runner.py:222} INFO - ::endgroup::
