[2024-06-21T01:05:25.416+0000] {local_task_job_runner.py:120} INFO - ::group::Pre task execution logs
[2024-06-21T01:05:25.435+0000] {taskinstance.py:2076} INFO - Dependencies all met for dep_context=non-requeueable deps ti=<TaskInstance: dag_data_etl_v54.data_etl.parsing_data.get_dataset_with_tags scheduled__2024-06-20T12:00:00+00:00 [queued]>
[2024-06-21T01:05:25.440+0000] {taskinstance.py:2076} INFO - Dependencies all met for dep_context=requeueable deps ti=<TaskInstance: dag_data_etl_v54.data_etl.parsing_data.get_dataset_with_tags scheduled__2024-06-20T12:00:00+00:00 [queued]>
[2024-06-21T01:05:25.440+0000] {taskinstance.py:2306} INFO - Starting attempt 1 of 6
[2024-06-21T01:05:25.448+0000] {taskinstance.py:2330} INFO - Executing <Task(_PythonDecoratedOperator): data_etl.parsing_data.get_dataset_with_tags> on 2024-06-20 12:00:00+00:00
[2024-06-21T01:05:25.452+0000] {logging_mixin.py:188} WARNING - /home/***/.local/lib/python3.12/site-packages/***/task/task_runner/standard_task_runner.py:61 DeprecationWarning: This process (pid=11457) is multi-threaded, use of fork() may lead to deadlocks in the child.
[2024-06-21T01:05:25.453+0000] {standard_task_runner.py:63} INFO - Started process 11459 to run task
[2024-06-21T01:05:25.453+0000] {standard_task_runner.py:90} INFO - Running: ['***', 'tasks', 'run', 'dag_data_etl_v54', 'data_etl.parsing_data.get_dataset_with_tags', 'scheduled__2024-06-20T12:00:00+00:00', '--job-id', '243', '--raw', '--subdir', 'DAGS_FOLDER/data_etl_dag.py', '--cfg-path', '/tmp/tmpvlmohl1v']
[2024-06-21T01:05:25.454+0000] {standard_task_runner.py:91} INFO - Job 243: Subtask data_etl.parsing_data.get_dataset_with_tags
[2024-06-21T01:05:25.480+0000] {task_command.py:426} INFO - Running <TaskInstance: dag_data_etl_v54.data_etl.parsing_data.get_dataset_with_tags scheduled__2024-06-20T12:00:00+00:00 [running]> on host 10482076056f
[2024-06-21T01:05:25.531+0000] {taskinstance.py:2648} INFO - Exporting env vars: AIRFLOW_CTX_DAG_OWNER='Solarev Ruslan' AIRFLOW_CTX_DAG_ID='dag_data_etl_v54' AIRFLOW_CTX_TASK_ID='data_etl.parsing_data.get_dataset_with_tags' AIRFLOW_CTX_EXECUTION_DATE='2024-06-20T12:00:00+00:00' AIRFLOW_CTX_TRY_NUMBER='1' AIRFLOW_CTX_DAG_RUN_ID='scheduled__2024-06-20T12:00:00+00:00'
[2024-06-21T01:05:25.532+0000] {taskinstance.py:430} INFO - ::endgroup::
[2024-06-21T01:05:25.540+0000] {parse_hh.py:234} INFO - New profession was added: Администратор базы данных
[2024-06-21T01:05:46.430+0000] {parse_hh.py:234} INFO - New profession was added: ERP-программист
[2024-06-21T01:06:30.427+0000] {parse_hh.py:154} ERROR - Connection error!
[2024-06-21T01:06:30.428+0000] {parse_hh.py:201} ERROR - Error during getting tags: cannot access local variable 'res' where it is not associated with a value
[2024-06-21T01:06:35.149+0000] {parse_hh.py:234} INFO - New profession was added: Тестировщик программного обеспечения (ПО)
[2024-06-21T01:07:09.332+0000] {parse_hh.py:234} INFO - New profession was added: Модератор форума
[2024-06-21T01:07:11.378+0000] {parse_hh.py:234} INFO - New profession was added: HTML-верстальщик
[2024-06-21T01:07:12.971+0000] {parse_hh.py:234} INFO - New profession was added: Системный администратор
[2024-06-21T01:07:35.805+0000] {parse_hh.py:234} INFO - New profession was added: IT-евангелист
[2024-06-21T01:07:37.387+0000] {parse_hh.py:234} INFO - New profession was added: Технический писатель
[2024-06-21T01:07:59.753+0000] {parse_hh.py:234} INFO - New profession was added: Администратор сайта
[2024-06-21T01:08:24.176+0000] {parse_hh.py:234} INFO - New profession was added: Бизнес-аналитик 
[2024-06-21T01:08:46.953+0000] {parse_hh.py:234} INFO - New profession was added: Специалист по информационной безопасности
[2024-06-21T01:09:08.377+0000] {parse_hh.py:234} INFO - New profession was added: Веб-программист
[2024-06-21T01:09:29.519+0000] {parse_hh.py:234} INFO - New profession was added: Программист
[2024-06-21T01:10:02.792+0000] {parse_hh.py:234} INFO - New profession was added: Программист 1С
[2024-06-21T01:10:24.118+0000] {parse_hh.py:234} INFO - New profession was added: Системный программист
[2024-06-21T01:10:55.003+0000] {parse_hh.py:234} INFO - New profession was added: ERP-консультант
[2024-06-21T01:11:20.297+0000] {parse_hh.py:234} INFO - New profession was added: Корпоративный архитектор
[2024-06-21T01:11:46.218+0000] {parse_hh.py:234} INFO - New profession was added: QA-инженер
[2024-06-21T01:12:12.422+0000] {parse_hh.py:234} INFO - New profession was added: SEO-специалист
[2024-06-21T01:12:41.464+0000] {parse_hh.py:234} INFO - New profession was added: Data Scientist
[2024-06-21T01:13:03.931+0000] {parse_hh.py:234} INFO - New profession was added: Frontend разработчик
[2024-06-21T01:13:24.663+0000] {parse_hh.py:234} INFO - New profession was added: Backend разработчик
[2024-06-21T01:13:45.839+0000] {parse_hh.py:234} INFO - New profession was added: Мобильный разработчик
[2024-06-21T01:14:06.729+0000] {parse_hh.py:234} INFO - New profession was added: Юзабилити-специалист
[2024-06-21T01:14:07.988+0000] {parse_hh.py:234} INFO - New profession was added: Веб-аналитик
[2024-06-21T01:14:28.306+0000] {parse_hh.py:234} INFO - New profession was added: Специалист по информационным ресурсам
[2024-06-21T01:14:49.745+0000] {parse_hh.py:234} INFO - New profession was added: Линк-менеджер
[2024-06-21T01:14:51.074+0000] {parse_hh.py:234} INFO - New profession was added: Специалист по информационным системам
[2024-06-21T01:15:20.022+0000] {parse_hh.py:234} INFO - New profession was added: Архитектор VR
[2024-06-21T01:15:21.359+0000] {parse_hh.py:234} INFO - New profession was added: Flash-аниматор
[2024-06-21T01:15:22.597+0000] {parse_hh.py:234} INFO - New profession was added: Дизайнер интерфейсов
[2024-06-21T01:15:42.269+0000] {parse_hh.py:234} INFO - New profession was added: Системный инженер
[2024-06-21T01:16:02.824+0000] {parse_hh.py:234} INFO - New profession was added: Gamedev (разработчик игр)
[2024-06-21T01:16:22.535+0000] {parse_hh.py:234} INFO - New profession was added: Сетевой администратор
[2024-06-21T01:16:43.351+0000] {parse_hh.py:234} INFO - New profession was added: Разработчик БД (баз данных)
[2024-06-21T01:17:04.202+0000] {parse_hh.py:234} INFO - New profession was added: Embedded-программист
[2024-06-21T01:17:25.432+0000] {parse_hh.py:234} INFO - New profession was added: Архитектор баз данных
[2024-06-21T01:17:45.491+0000] {parse_hh.py:234} INFO - New profession was added: Программист PHP
[2024-06-21T01:18:06.207+0000] {parse_hh.py:234} INFO - New profession was added: Программист Ruby
[2024-06-21T01:18:26.232+0000] {parse_hh.py:234} INFO - New profession was added: Программист Java
[2024-06-21T01:18:45.354+0000] {parse_hh.py:234} INFO - New profession was added: Android-разработчик
[2024-06-21T01:19:05.520+0000] {parse_hh.py:234} INFO - New profession was added: iOS-разработчик
[2024-06-21T01:19:25.475+0000] {parse_hh.py:234} INFO - New profession was added: Программист C#
[2024-06-21T01:19:45.284+0000] {parse_hh.py:234} INFO - New profession was added: Разработчик нейроинтерфейсов
[2024-06-21T01:19:46.850+0000] {parse_hh.py:234} INFO - New profession was added: Программист Python
[2024-06-21T01:20:07.317+0000] {parse_hh.py:234} INFO - New profession was added: Программист Swift
[2024-06-21T01:20:28.348+0000] {parse_hh.py:234} INFO - New profession was added: Архитектор информационных систем
[2024-06-21T01:20:49.694+0000] {parse_hh.py:234} INFO - New profession was added: Биоинформатик
[2024-06-21T01:20:51.012+0000] {parse_hh.py:234} INFO - New profession was added: Программист C++
[2024-06-21T01:21:10.944+0000] {parse_hh.py:234} INFO - New profession was added: Программист JavaScript
[2024-06-21T01:21:31.036+0000] {parse_hh.py:234} INFO - New profession was added: Программист Kotlin
[2024-06-21T01:21:50.778+0000] {parse_hh.py:234} INFO - New profession was added: BI разработчик
[2024-06-21T01:22:11.207+0000] {parse_hh.py:234} INFO - New profession was added: Data Mining Specialist
[2024-06-21T01:22:12.550+0000] {parse_hh.py:234} INFO - New profession was added: Quant developer
[2024-06-21T01:22:13.746+0000] {parse_hh.py:234} INFO - New profession was added: Intelligent Systems Developer
[2024-06-21T01:22:33.560+0000] {parse_hh.py:234} INFO - New profession was added: Программист С
[2024-06-21T01:22:53.719+0000] {parse_hh.py:234} INFO - New profession was added: Лингвоэксперт
[2024-06-21T01:22:55.108+0000] {parse_hh.py:234} INFO - New profession was added: UX-дизайнер
[2024-06-21T01:23:14.993+0000] {parse_hh.py:234} INFO - New profession was added: UX-аналитик
[2024-06-21T01:23:35.042+0000] {parse_hh.py:234} INFO - New profession was added: UI-дизайнер
[2024-06-21T01:23:55.005+0000] {parse_hh.py:234} INFO - New profession was added: Инженер-программист
[2024-06-21T01:24:14.706+0000] {parse_hh.py:234} INFO - New profession was added: Компьютерный лингвист
[2024-06-21T01:24:16.049+0000] {parse_hh.py:234} INFO - New profession was added: Аналитик
[2024-06-21T01:24:40.672+0000] {parse_hh.py:234} INFO - New profession was added: Тестировщик мобильных приложений
[2024-06-21T01:25:01.528+0000] {parse_hh.py:234} INFO - New profession was added: Системный аналитик
[2024-06-21T01:25:21.718+0000] {parse_hh.py:234} INFO - New profession was added: Продуктовый аналитик
[2024-06-21T01:25:45.132+0000] {parse_hh.py:234} INFO - New profession was added: Go-разработчик
[2024-06-21T01:26:05.302+0000] {parse_hh.py:234} INFO - New profession was added: DevOps-инженер
[2024-06-21T01:26:25.074+0000] {parse_hh.py:234} INFO - New profession was added: Data Engineer
[2024-06-21T01:26:45.080+0000] {parse_hh.py:234} INFO - New profession was added: Big Data Analyst
[2024-06-21T01:27:07.667+0000] {parse_hh.py:234} INFO - New profession was added: Fullstack-разработчик на PHP
[2024-06-21T01:27:28.325+0000] {parse_hh.py:234} INFO - New profession was added: Fullstack-разработчик на JavaScript
[2024-06-21T01:27:49.542+0000] {parse_hh.py:234} INFO - New profession was added: Fullstack-разработчик на Python
[2024-06-21T01:27:51.086+0000] {parse_hh.py:234} INFO - New profession was added: Гейм-аналитик
[2024-06-21T01:27:52.563+0000] {parse_hh.py:234} INFO - New profession was added: Разработчик чат-ботов
[2024-06-21T01:28:13.425+0000] {parse_hh.py:234} INFO - New profession was added: Разработчик на Unity
[2024-06-21T01:28:33.106+0000] {parse_hh.py:234} INFO - New profession was added: QA Automation Engineer
[2024-06-21T01:28:53.578+0000] {parse_hh.py:234} INFO - New profession was added: Аналитик мобильных приложений
[2024-06-21T01:29:13.607+0000] {parse_hh.py:234} INFO - New profession was added: Профессия fullstack-разработчик
[2024-06-21T01:29:14.945+0000] {parse_hh.py:234} INFO - New profession was added: UX-исследователь
[2024-06-21T01:29:34.647+0000] {parse_hh.py:234} INFO - New profession was added: Программист дронов
[2024-06-21T01:29:35.889+0000] {parse_hh.py:234} INFO - New profession was added: VFX-дизайнер
[2024-06-21T01:29:37.063+0000] {parse_hh.py:234} INFO - New profession was added: Специалист по кибербезопасности
[2024-06-21T01:29:58.045+0000] {parse_hh.py:234} INFO - New profession was added: Разработчик на Unreal Engine
[2024-06-21T01:30:17.637+0000] {parse_hh.py:234} INFO - New profession was added: Блокчейн-разработчик
[2024-06-21T01:30:18.884+0000] {parse_hh.py:234} INFO - New profession was added: Разработчик нейросетей 
[2024-06-21T01:30:39.333+0000] {parse_hh.py:234} INFO - New profession was added: ML-специалист
[2024-06-21T01:30:40.589+0000] {parse_hh.py:234} INFO - New profession was added: Разработчик на React Native 
[2024-06-21T01:31:01.351+0000] {parse_hh.py:234} INFO - New profession was added: Node.js-разработчик
[2024-06-21T01:31:21.392+0000] {parse_hh.py:234} INFO - New profession was added: Prompt-инженер
[2024-06-21T01:31:22.809+0000] {parse_hh.py:234} INFO - New profession was added: NLP-специалист
[2024-06-21T01:31:24.423+0000] {parse_hh.py:234} INFO - New profession was added: Deep Learning Engineer
[2024-06-21T01:31:44.362+0000] {parse_hh.py:234} INFO - New profession was added: Разработчик компьютерного зрения
[2024-06-21T01:32:05.120+0000] {parse_hh.py:234} INFO - New profession was added: Пентестер
[2024-06-21T01:32:06.551+0000] {parse_hh.py:234} INFO - New profession was added: Маркетолог
[2024-06-21T01:32:26.472+0000] {parse_hh.py:234} INFO - New profession was added: SMM-специалист
[2024-06-21T01:32:45.783+0000] {parse_hh.py:234} INFO - New profession was added: Веб-маркетолог
[2024-06-21T01:32:47.361+0000] {parse_hh.py:245} INFO - task parsing_data was successfully completed
[2024-06-21T01:32:47.361+0000] {python.py:237} INFO - Done. Returned value was: None
[2024-06-21T01:32:47.361+0000] {taskinstance.py:441} INFO - ::group::Post task execution logs
[2024-06-21T01:32:47.366+0000] {taskinstance.py:1206} INFO - Marking task as SUCCESS. dag_id=dag_data_etl_v54, task_id=data_etl.parsing_data.get_dataset_with_tags, run_id=scheduled__2024-06-20T12:00:00+00:00, execution_date=20240620T120000, start_date=20240621T010525, end_date=20240621T013247
[2024-06-21T01:32:47.416+0000] {local_task_job_runner.py:240} INFO - Task exited with return code 0
[2024-06-21T01:32:47.430+0000] {taskinstance.py:3498} INFO - 1 downstream tasks scheduled from follow-on schedule check
[2024-06-21T01:32:47.436+0000] {local_task_job_runner.py:222} INFO - ::endgroup::
