[2024-06-20T11:35:20.472+0000] {local_task_job_runner.py:120} INFO - ::group::Pre task execution logs
[2024-06-20T11:35:20.489+0000] {taskinstance.py:2076} INFO - Dependencies all met for dep_context=non-requeueable deps ti=<TaskInstance: dag_data_etl_v30.data_etl.preprocess_data.preprocess_tags scheduled__2024-06-18T00:00:00+00:00 [queued]>
[2024-06-20T11:35:20.493+0000] {taskinstance.py:2076} INFO - Dependencies all met for dep_context=requeueable deps ti=<TaskInstance: dag_data_etl_v30.data_etl.preprocess_data.preprocess_tags scheduled__2024-06-18T00:00:00+00:00 [queued]>
[2024-06-20T11:35:20.493+0000] {taskinstance.py:2306} INFO - Starting attempt 2 of 6
[2024-06-20T11:35:20.502+0000] {taskinstance.py:2330} INFO - Executing <Task(_PythonDecoratedOperator): data_etl.preprocess_data.preprocess_tags> on 2024-06-18 00:00:00+00:00
[2024-06-20T11:35:20.507+0000] {standard_task_runner.py:90} INFO - Running: ['***', 'tasks', 'run', 'dag_data_etl_v30', 'data_etl.preprocess_data.preprocess_tags', 'scheduled__2024-06-18T00:00:00+00:00', '--job-id', '132', '--raw', '--subdir', 'DAGS_FOLDER/data_etl_dag.py', '--cfg-path', '/tmp/tmpal2ozolh']
[2024-06-20T11:35:20.509+0000] {logging_mixin.py:188} WARNING - /home/***/.local/lib/python3.12/site-packages/***/task/task_runner/standard_task_runner.py:61 DeprecationWarning: This process (pid=1051) is multi-threaded, use of fork() may lead to deadlocks in the child.
[2024-06-20T11:35:20.510+0000] {standard_task_runner.py:91} INFO - Job 132: Subtask data_etl.preprocess_data.preprocess_tags
[2024-06-20T11:35:20.511+0000] {standard_task_runner.py:63} INFO - Started process 1057 to run task
[2024-06-20T11:35:20.539+0000] {task_command.py:426} INFO - Running <TaskInstance: dag_data_etl_v30.data_etl.preprocess_data.preprocess_tags scheduled__2024-06-18T00:00:00+00:00 [running]> on host 10482076056f
[2024-06-20T11:35:20.589+0000] {taskinstance.py:2648} INFO - Exporting env vars: AIRFLOW_CTX_DAG_OWNER='Solarev Ruslan' AIRFLOW_CTX_DAG_ID='dag_data_etl_v30' AIRFLOW_CTX_TASK_ID='data_etl.preprocess_data.preprocess_tags' AIRFLOW_CTX_EXECUTION_DATE='2024-06-18T00:00:00+00:00' AIRFLOW_CTX_TRY_NUMBER='2' AIRFLOW_CTX_DAG_RUN_ID='scheduled__2024-06-18T00:00:00+00:00'
[2024-06-20T11:35:20.590+0000] {taskinstance.py:430} INFO - ::endgroup::
[2024-06-20T11:35:20.601+0000] {logging_mixin.py:188} INFO - Index(['Profession', 'Link', 'Tags'], dtype='object')
[2024-06-20T11:35:20.610+0000] {logging_mixin.py:188} INFO -                    Profession  ...                                               Tags
0   Администратор базы данных  ...                                                 []
1   Администратор базы данных  ...                                                 []
2   Администратор базы данных  ...                                                 []
3   Администратор базы данных  ...                                                 []
4   Администратор базы данных  ...  [MS Excel, Телефонные переговоры, исходящие зв...
..                        ...  ...                                                ...
65           Бизнес-аналитик   ...  [Управление продажами, 1С: Предприятие: Розниц...
66           Бизнес-аналитик   ...  [Управление продажами, 1С: Предприятие: Розниц...
67           Бизнес-аналитик   ...  [Бизнес-анализ, Аналитическое мышление, Кредит...
68           Бизнес-аналитик   ...                                                 []
69           Бизнес-аналитик   ...                                                 []

[70 rows x 3 columns]
[2024-06-20T11:35:20.610+0000] {logging_mixin.py:188} INFO - Тип: <class 'pandas.core.frame.DataFrame'>
[2024-06-20T11:35:20.614+0000] {python.py:237} INFO - Done. Returned value was: None
[2024-06-20T11:35:20.614+0000] {taskinstance.py:441} INFO - ::group::Post task execution logs
[2024-06-20T11:35:20.619+0000] {taskinstance.py:1206} INFO - Marking task as SUCCESS. dag_id=dag_data_etl_v30, task_id=data_etl.preprocess_data.preprocess_tags, run_id=scheduled__2024-06-18T00:00:00+00:00, execution_date=20240618T000000, start_date=20240620T113520, end_date=20240620T113520
[2024-06-20T11:35:20.643+0000] {local_task_job_runner.py:240} INFO - Task exited with return code 0
[2024-06-20T11:35:20.648+0000] {local_task_job_runner.py:222} INFO - ::endgroup::
