[2024-06-17T04:36:16.677+0000] {local_task_job_runner.py:120} INFO - ::group::Pre task execution logs
[2024-06-17T04:36:16.695+0000] {taskinstance.py:2076} INFO - Dependencies all met for dep_context=non-requeueable deps ti=<TaskInstance: dag_data_etl_v9.get_dataset_with_tags scheduled__2024-06-16T12:00:00+00:00 [queued]>
[2024-06-17T04:36:16.699+0000] {taskinstance.py:2076} INFO - Dependencies all met for dep_context=requeueable deps ti=<TaskInstance: dag_data_etl_v9.get_dataset_with_tags scheduled__2024-06-16T12:00:00+00:00 [queued]>
[2024-06-17T04:36:16.699+0000] {taskinstance.py:2306} INFO - Starting attempt 2 of 6
[2024-06-17T04:36:16.708+0000] {taskinstance.py:2330} INFO - Executing <Task(_PythonDecoratedOperator): get_dataset_with_tags> on 2024-06-16 12:00:00+00:00
[2024-06-17T04:36:16.713+0000] {standard_task_runner.py:90} INFO - Running: ['***', 'tasks', 'run', 'dag_data_etl_v9', 'get_dataset_with_tags', 'scheduled__2024-06-16T12:00:00+00:00', '--job-id', '29', '--raw', '--subdir', 'DAGS_FOLDER/data_etl_dag.py', '--cfg-path', '/tmp/tmprvn05sdl']
[2024-06-17T04:36:16.714+0000] {standard_task_runner.py:91} INFO - Job 29: Subtask get_dataset_with_tags
[2024-06-17T04:36:16.715+0000] {logging_mixin.py:188} WARNING - /home/***/.local/lib/python3.12/site-packages/***/task/task_runner/standard_task_runner.py:61 DeprecationWarning: This process (pid=11469) is multi-threaded, use of fork() may lead to deadlocks in the child.
[2024-06-17T04:36:16.715+0000] {standard_task_runner.py:63} INFO - Started process 11471 to run task
[2024-06-17T04:36:16.743+0000] {task_command.py:426} INFO - Running <TaskInstance: dag_data_etl_v9.get_dataset_with_tags scheduled__2024-06-16T12:00:00+00:00 [running]> on host 10482076056f
[2024-06-17T04:36:16.801+0000] {taskinstance.py:2648} INFO - Exporting env vars: AIRFLOW_CTX_DAG_OWNER='Solarev Ruslan' AIRFLOW_CTX_DAG_ID='dag_data_etl_v9' AIRFLOW_CTX_TASK_ID='get_dataset_with_tags' AIRFLOW_CTX_EXECUTION_DATE='2024-06-16T12:00:00+00:00' AIRFLOW_CTX_TRY_NUMBER='2' AIRFLOW_CTX_DAG_RUN_ID='scheduled__2024-06-16T12:00:00+00:00'
[2024-06-17T04:36:16.801+0000] {taskinstance.py:430} INFO - ::endgroup::
[2024-06-17T04:36:16.809+0000] {logging_mixin.py:188} INFO - Добавлена новая профессия: Администратор базы данных
[2024-06-17T04:36:28.516+0000] {logging_mixin.py:188} INFO - Добавлена новая профессия: ERP-программист
[2024-06-17T04:36:38.955+0000] {logging_mixin.py:188} INFO - Добавлена новая профессия: Тестировщик программного обеспечения (ПО)
[2024-06-17T04:36:49.560+0000] {logging_mixin.py:188} INFO - Добавлена новая профессия: Модератор форума
[2024-06-17T04:36:50.993+0000] {logging_mixin.py:188} INFO - Добавлена новая профессия: HTML-верстальщик
[2024-06-17T04:36:52.512+0000] {logging_mixin.py:188} INFO - Добавлена новая профессия: Системный администратор
[2024-06-17T04:37:03.870+0000] {logging_mixin.py:188} INFO - Добавлена новая профессия: IT-евангелист
[2024-06-17T04:37:05.292+0000] {logging_mixin.py:188} INFO - Добавлена новая профессия: Технический писатель
[2024-06-17T04:37:15.833+0000] {logging_mixin.py:188} INFO - Добавлена новая профессия: Администратор сайта
[2024-06-17T04:37:26.238+0000] {logging_mixin.py:188} INFO - Добавлена новая профессия: Бизнес-аналитик 
[2024-06-17T04:37:37.269+0000] {logging_mixin.py:188} INFO - Добавлена новая профессия: Специалист по информационной безопасности
[2024-06-17T04:37:48.583+0000] {logging_mixin.py:188} INFO - Добавлена новая профессия: Веб-программист
[2024-06-17T04:37:59.644+0000] {logging_mixin.py:188} INFO - Добавлена новая профессия: Программист
[2024-06-17T04:38:10.960+0000] {logging_mixin.py:188} INFO - Добавлена новая профессия: Программист 1С
[2024-06-17T04:38:22.179+0000] {logging_mixin.py:188} INFO - Добавлена новая профессия: Системный программист
[2024-06-17T04:38:33.138+0000] {logging_mixin.py:188} INFO - Добавлена новая профессия: ERP-консультант
[2024-06-17T04:38:44.324+0000] {logging_mixin.py:188} INFO - Добавлена новая профессия: Корпоративный архитектор
[2024-06-17T04:38:55.484+0000] {logging_mixin.py:188} INFO - Добавлена новая профессия: QA-инженер
[2024-06-17T04:39:07.032+0000] {logging_mixin.py:188} INFO - Добавлена новая профессия: SEO-специалист
[2024-06-17T04:39:18.089+0000] {logging_mixin.py:188} INFO - Добавлена новая профессия: Data Scientist
[2024-06-17T04:39:29.295+0000] {logging_mixin.py:188} INFO - Добавлена новая профессия: Frontend разработчик
[2024-06-17T04:39:39.817+0000] {logging_mixin.py:188} INFO - Добавлена новая профессия: Backend разработчик
[2024-06-17T04:39:50.969+0000] {logging_mixin.py:188} INFO - Добавлена новая профессия: Мобильный разработчик
[2024-06-17T04:40:02.039+0000] {logging_mixin.py:188} INFO - Добавлена новая профессия: Юзабилити-специалист
[2024-06-17T04:40:03.409+0000] {logging_mixin.py:188} INFO - Добавлена новая профессия: Веб-аналитик
[2024-06-17T04:40:14.287+0000] {logging_mixin.py:188} INFO - Добавлена новая профессия: Специалист по информационным ресурсам
[2024-06-17T04:40:25.885+0000] {logging_mixin.py:188} INFO - Добавлена новая профессия: Линк-менеджер
[2024-06-17T04:40:27.302+0000] {logging_mixin.py:188} INFO - Добавлена новая профессия: Специалист по информационным системам
[2024-06-17T04:40:43.671+0000] {logging_mixin.py:188} INFO - Добавлена новая профессия: Архитектор VR
[2024-06-17T04:40:45.588+0000] {logging_mixin.py:188} INFO - Добавлена новая профессия: Flash-аниматор
[2024-06-17T04:40:47.485+0000] {logging_mixin.py:188} INFO - Добавлена новая профессия: Дизайнер интерфейсов
[2024-06-17T04:40:58.574+0000] {logging_mixin.py:188} INFO - Добавлена новая профессия: Системный инженер
[2024-06-17T04:41:10.358+0000] {logging_mixin.py:188} INFO - Добавлена новая профессия: Gamedev (разработчик игр)
[2024-06-17T04:41:21.047+0000] {logging_mixin.py:188} INFO - Добавлена новая профессия: Сетевой администратор
[2024-06-17T04:41:32.557+0000] {logging_mixin.py:188} INFO - Добавлена новая профессия: Разработчик БД (баз данных)
[2024-06-17T04:41:44.168+0000] {logging_mixin.py:188} INFO - Добавлена новая профессия: Embedded-программист
[2024-06-17T04:41:54.397+0000] {logging_mixin.py:188} INFO - Добавлена новая профессия: Архитектор баз данных
[2024-06-17T04:42:08.303+0000] {logging_mixin.py:188} INFO - Добавлена новая профессия: Программист PHP
[2024-06-17T04:42:19.273+0000] {logging_mixin.py:188} INFO - Добавлена новая профессия: Программист Ruby
[2024-06-17T04:42:31.164+0000] {logging_mixin.py:188} INFO - Добавлена новая профессия: Программист Java
[2024-06-17T04:42:41.981+0000] {logging_mixin.py:188} INFO - Добавлена новая профессия: Android-разработчик
[2024-06-17T04:42:54.896+0000] {logging_mixin.py:188} INFO - Добавлена новая профессия: iOS-разработчик
[2024-06-17T04:43:07.422+0000] {logging_mixin.py:188} INFO - Добавлена новая профессия: Программист C#
[2024-06-17T04:43:19.529+0000] {logging_mixin.py:188} INFO - Добавлена новая профессия: Разработчик нейроинтерфейсов
[2024-06-17T04:43:21.016+0000] {logging_mixin.py:188} INFO - Добавлена новая профессия: Программист Python
[2024-06-17T04:43:36.250+0000] {logging_mixin.py:188} INFO - Добавлена новая профессия: Программист Swift
[2024-06-17T04:43:46.230+0000] {logging_mixin.py:188} INFO - Добавлена новая профессия: Архитектор информационных систем
[2024-06-17T04:43:57.182+0000] {logging_mixin.py:188} INFO - Добавлена новая профессия: Биоинформатик
[2024-06-17T04:43:59.470+0000] {logging_mixin.py:188} INFO - Добавлена новая профессия: Программист C++
[2024-06-17T04:44:11.378+0000] {logging_mixin.py:188} INFO - Добавлена новая профессия: Программист JavaScript
[2024-06-17T04:44:22.424+0000] {logging_mixin.py:188} INFO - Добавлена новая профессия: Программист Kotlin
[2024-06-17T04:44:34.547+0000] {logging_mixin.py:188} INFO - Добавлена новая профессия: BI разработчик
[2024-06-17T04:44:45.907+0000] {logging_mixin.py:188} INFO - Добавлена новая профессия: Data Mining Specialist
[2024-06-17T04:44:49.435+0000] {logging_mixin.py:188} INFO - Добавлена новая профессия: Quant developer
[2024-06-17T04:44:52.022+0000] {logging_mixin.py:188} INFO - Добавлена новая профессия: Intelligent Systems Developer
[2024-06-17T04:45:05.960+0000] {logging_mixin.py:188} INFO - Добавлена новая профессия: Программист С
[2024-06-17T04:45:17.099+0000] {logging_mixin.py:188} INFO - Добавлена новая профессия: Лингвоэксперт
[2024-06-17T04:45:18.467+0000] {logging_mixin.py:188} INFO - Добавлена новая профессия: UX-дизайнер
[2024-06-17T04:45:29.494+0000] {logging_mixin.py:188} INFO - Добавлена новая профессия: UX-аналитик
[2024-06-17T04:45:39.629+0000] {logging_mixin.py:188} INFO - Добавлена новая профессия: UI-дизайнер
[2024-06-17T04:45:51.679+0000] {logging_mixin.py:188} INFO - Добавлена новая профессия: Инженер-программист
[2024-06-17T04:46:01.869+0000] {logging_mixin.py:188} INFO - Добавлена новая профессия: Компьютерный лингвист
[2024-06-17T04:46:03.330+0000] {logging_mixin.py:188} INFO - Добавлена новая профессия: Аналитик
[2024-06-17T04:46:16.386+0000] {logging_mixin.py:188} INFO - Добавлена новая профессия: Тестировщик мобильных приложений
[2024-06-17T04:46:28.725+0000] {logging_mixin.py:188} INFO - Добавлена новая профессия: Системный аналитик
[2024-06-17T04:46:39.685+0000] {logging_mixin.py:188} INFO - Добавлена новая профессия: Продуктовый аналитик
[2024-06-17T04:46:51.065+0000] {logging_mixin.py:188} INFO - Добавлена новая профессия: Go-разработчик
[2024-06-17T04:47:01.836+0000] {logging_mixin.py:188} INFO - Добавлена новая профессия: DevOps-инженер
[2024-06-17T04:47:12.158+0000] {logging_mixin.py:188} INFO - Добавлена новая профессия: Data Engineer
[2024-06-17T04:47:22.252+0000] {logging_mixin.py:188} INFO - Добавлена новая профессия: Big Data Analyst
[2024-06-17T04:47:33.799+0000] {logging_mixin.py:188} INFO - Добавлена новая профессия: Fullstack-разработчик на PHP
[2024-06-17T04:47:44.210+0000] {logging_mixin.py:188} INFO - Добавлена новая профессия: Fullstack-разработчик на JavaScript
[2024-06-17T04:47:54.864+0000] {logging_mixin.py:188} INFO - Добавлена новая профессия: Fullstack-разработчик на Python
[2024-06-17T04:47:56.538+0000] {logging_mixin.py:188} INFO - Добавлена новая профессия: Гейм-аналитик
[2024-06-17T04:47:58.032+0000] {logging_mixin.py:188} INFO - Добавлена новая профессия: Разработчик чат-ботов
[2024-06-17T04:48:09.394+0000] {logging_mixin.py:188} INFO - Добавлена новая профессия: Разработчик на Unity
[2024-06-17T04:48:27.365+0000] {logging_mixin.py:188} INFO - Добавлена новая профессия: QA Automation Engineer
[2024-06-17T04:48:38.210+0000] {logging_mixin.py:188} INFO - Добавлена новая профессия: Аналитик мобильных приложений
[2024-06-17T04:48:49.038+0000] {logging_mixin.py:188} INFO - Добавлена новая профессия: Профессия fullstack-разработчик
[2024-06-17T04:48:50.610+0000] {logging_mixin.py:188} INFO - Добавлена новая профессия: UX-исследователь
[2024-06-17T04:49:03.409+0000] {logging_mixin.py:188} INFO - Добавлена новая профессия: Программист дронов
[2024-06-17T04:49:04.799+0000] {logging_mixin.py:188} INFO - Добавлена новая профессия: VFX-дизайнер
[2024-06-17T04:49:06.330+0000] {logging_mixin.py:188} INFO - Добавлена новая профессия: Специалист по кибербезопасности
[2024-06-17T04:49:17.481+0000] {logging_mixin.py:188} INFO - Добавлена новая профессия: Разработчик на Unreal Engine
[2024-06-17T04:49:27.573+0000] {logging_mixin.py:188} INFO - Добавлена новая профессия: Блокчейн-разработчик
[2024-06-17T04:49:29.377+0000] {logging_mixin.py:188} INFO - Добавлена новая профессия: Разработчик нейросетей 
[2024-06-17T04:49:40.045+0000] {logging_mixin.py:188} INFO - Добавлена новая профессия: ML-специалист
[2024-06-17T04:49:41.441+0000] {logging_mixin.py:188} INFO - Добавлена новая профессия: Разработчик на React Native 
[2024-06-17T04:49:52.490+0000] {logging_mixin.py:188} INFO - Добавлена новая профессия: Node.js-разработчик
[2024-06-17T04:50:03.755+0000] {logging_mixin.py:188} INFO - Добавлена новая профессия: Prompt-инженер
[2024-06-17T04:50:05.210+0000] {logging_mixin.py:188} INFO - Добавлена новая профессия: NLP-специалист
[2024-06-17T04:50:06.613+0000] {logging_mixin.py:188} INFO - Добавлена новая профессия: Deep Learning Engineer
[2024-06-17T04:50:08.367+0000] {logging_mixin.py:188} INFO - Добавлена новая профессия: Разработчик компьютерного зрения
[2024-06-17T04:50:20.399+0000] {logging_mixin.py:188} INFO - Добавлена новая профессия: Пентестер
[2024-06-17T04:50:22.049+0000] {logging_mixin.py:188} INFO - Добавлена новая профессия: Маркетолог
[2024-06-17T04:50:34.673+0000] {logging_mixin.py:188} INFO - Добавлена новая профессия: SMM-специалист
[2024-06-17T04:50:46.491+0000] {logging_mixin.py:188} INFO - Добавлена новая профессия: Веб-маркетолог
[2024-06-17T04:50:49.315+0000] {python.py:237} INFO - Done. Returned value was:                    Profession  ...                                               Tags
0   Администратор базы данных  ...  ['Работа с базами данных' '1C: Предприятие' 'В...
1   Администратор базы данных  ...  ['Деловая переписка' 'Обеспечение жизнедеятель...
2   Администратор базы данных  ...  ['Телефонные переговоры' 'Кассовые операции' '...
3   Администратор базы данных  ...  ['Деловая переписка' 'Делопроизводство' 'Орган...
4   Администратор базы данных  ...  ['1С' '1С программирование' 'Cистемы управлени...
..                        ...  ...                                                ...
0              SMM-специалист  ...  [Уверенное пользование ПК, Cоциальный маркетин...
1              SMM-специалист  ...  [Продвижение бренда, Деловая коммуникация, Раб...
2              SMM-специалист  ...  [Ипотечное кредитование, Клиентоориентированно...
3              SMM-специалист  ...  [Грамотная речь, Копирайтинг, SMM, Социальные ...
4              SMM-специалист  ...  [Грамотная речь, Копирайтинг, SMM, Социальные ...

[720 rows x 3 columns]
[2024-06-17T04:50:49.416+0000] {taskinstance.py:441} INFO - ::group::Post task execution logs
[2024-06-17T04:50:49.429+0000] {xcom.py:675} ERROR - Object of type DataFrame is not JSON serializable. If you are using pickle instead of JSON for XCom, then you need to enable pickle support for XCom in your *** config or make sure to decorate your object with attr.
[2024-06-17T04:50:49.429+0000] {taskinstance.py:2905} ERROR - Task failed with exception
Traceback (most recent call last):
  File "/home/airflow/.local/lib/python3.12/site-packages/airflow/utils/json.py", line 91, in default
    return serialize(o)
           ^^^^^^^^^^^^
  File "/home/airflow/.local/lib/python3.12/site-packages/airflow/serialization/serde.py", line 148, in serialize
    data, serialized_classname, version, is_serialized = _serializers[qn].serialize(o)
                                                         ^^^^^^^^^^^^^^^^^^^^^^^^^^^^^
  File "/home/airflow/.local/lib/python3.12/site-packages/airflow/serialization/serializers/pandas.py", line 49, in serialize
    table = pa.Table.from_pandas(o)
            ^^^^^^^^^^^^^^^^^^^^^^^
  File "pyarrow/table.pxi", line 4525, in pyarrow.lib.Table.from_pandas
  File "/home/airflow/.local/lib/python3.12/site-packages/pyarrow/pandas_compat.py", line 624, in dataframe_to_arrays
    arrays[i] = maybe_fut.result()
                ^^^^^^^^^^^^^^^^^^
  File "/usr/local/lib/python3.12/concurrent/futures/_base.py", line 449, in result
    return self.__get_result()
           ^^^^^^^^^^^^^^^^^^^
  File "/usr/local/lib/python3.12/concurrent/futures/_base.py", line 401, in __get_result
    raise self._exception
  File "/usr/local/lib/python3.12/concurrent/futures/thread.py", line 58, in run
    result = self.fn(*self.args, **self.kwargs)
             ^^^^^^^^^^^^^^^^^^^^^^^^^^^^^^^^^^
  File "/home/airflow/.local/lib/python3.12/site-packages/pyarrow/pandas_compat.py", line 598, in convert_column
    raise e
  File "/home/airflow/.local/lib/python3.12/site-packages/pyarrow/pandas_compat.py", line 592, in convert_column
    result = pa.array(col, type=type_, from_pandas=True, safe=safe)
             ^^^^^^^^^^^^^^^^^^^^^^^^^^^^^^^^^^^^^^^^^^^^^^^^^^^^^^
  File "pyarrow/array.pxi", line 345, in pyarrow.lib.array
  File "pyarrow/array.pxi", line 85, in pyarrow.lib._ndarray_to_array
  File "pyarrow/error.pxi", line 91, in pyarrow.lib.check_status
pyarrow.lib.ArrowTypeError: ("Expected bytes, got a 'list' object", 'Conversion failed for column Tags with type object')

During handling of the above exception, another exception occurred:

Traceback (most recent call last):
  File "/home/airflow/.local/lib/python3.12/site-packages/airflow/models/taskinstance.py", line 486, in _execute_task
    task_instance.xcom_push(key=XCOM_RETURN_KEY, value=xcom_value, session=session)
  File "/home/airflow/.local/lib/python3.12/site-packages/airflow/utils/session.py", line 76, in wrapper
    return func(*args, **kwargs)
           ^^^^^^^^^^^^^^^^^^^^^
  File "/home/airflow/.local/lib/python3.12/site-packages/airflow/models/taskinstance.py", line 3197, in xcom_push
    XCom.set(
  File "/home/airflow/.local/lib/python3.12/site-packages/airflow/utils/session.py", line 76, in wrapper
    return func(*args, **kwargs)
           ^^^^^^^^^^^^^^^^^^^^^
  File "/home/airflow/.local/lib/python3.12/site-packages/airflow/models/xcom.py", line 246, in set
    value = cls.serialize_value(
            ^^^^^^^^^^^^^^^^^^^^
  File "/home/airflow/.local/lib/python3.12/site-packages/airflow/models/xcom.py", line 673, in serialize_value
    return json.dumps(value, cls=XComEncoder).encode("UTF-8")
           ^^^^^^^^^^^^^^^^^^^^^^^^^^^^^^^^^^
  File "/usr/local/lib/python3.12/json/__init__.py", line 238, in dumps
    **kw).encode(obj)
          ^^^^^^^^^^^
  File "/home/airflow/.local/lib/python3.12/site-packages/airflow/utils/json.py", line 104, in encode
    return super().encode(o)
           ^^^^^^^^^^^^^^^^^
  File "/usr/local/lib/python3.12/json/encoder.py", line 200, in encode
    chunks = self.iterencode(o, _one_shot=True)
             ^^^^^^^^^^^^^^^^^^^^^^^^^^^^^^^^^^
  File "/usr/local/lib/python3.12/json/encoder.py", line 258, in iterencode
    return _iterencode(o, 0)
           ^^^^^^^^^^^^^^^^^
  File "/home/airflow/.local/lib/python3.12/site-packages/airflow/utils/json.py", line 93, in default
    return super().default(o)
           ^^^^^^^^^^^^^^^^^^
  File "/usr/local/lib/python3.12/json/encoder.py", line 180, in default
    raise TypeError(f'Object of type {o.__class__.__name__} '
TypeError: Object of type DataFrame is not JSON serializable
[2024-06-17T04:50:49.435+0000] {taskinstance.py:1206} INFO - Marking task as UP_FOR_RETRY. dag_id=dag_data_etl_v9, task_id=get_dataset_with_tags, run_id=scheduled__2024-06-16T12:00:00+00:00, execution_date=20240616T120000, start_date=20240617T043616, end_date=20240617T045049
[2024-06-17T04:50:49.443+0000] {standard_task_runner.py:110} ERROR - Failed to execute job 29 for task get_dataset_with_tags (Object of type DataFrame is not JSON serializable; 11471)
[2024-06-17T04:50:49.486+0000] {local_task_job_runner.py:240} INFO - Task exited with return code 1
[2024-06-17T04:50:49.500+0000] {taskinstance.py:3498} INFO - 0 downstream tasks scheduled from follow-on schedule check
[2024-06-17T04:50:49.503+0000] {local_task_job_runner.py:222} INFO - ::endgroup::
