[2024-06-17T12:33:37.659+0000] {local_task_job_runner.py:120} INFO - ::group::Pre task execution logs
[2024-06-17T12:33:37.677+0000] {taskinstance.py:2076} INFO - Dependencies all met for dep_context=non-requeueable deps ti=<TaskInstance: dag_data_etl_v14.preprocess_data.convert_to_matrix scheduled__2024-06-17T00:00:00+00:00 [queued]>
[2024-06-17T12:33:37.683+0000] {taskinstance.py:2076} INFO - Dependencies all met for dep_context=requeueable deps ti=<TaskInstance: dag_data_etl_v14.preprocess_data.convert_to_matrix scheduled__2024-06-17T00:00:00+00:00 [queued]>
[2024-06-17T12:33:37.683+0000] {taskinstance.py:2306} INFO - Starting attempt 1 of 6
[2024-06-17T12:33:37.692+0000] {taskinstance.py:2330} INFO - Executing <Task(_PythonDecoratedOperator): preprocess_data.convert_to_matrix> on 2024-06-17 00:00:00+00:00
[2024-06-17T12:33:37.697+0000] {standard_task_runner.py:90} INFO - Running: ['***', 'tasks', 'run', 'dag_data_etl_v14', 'preprocess_data.convert_to_matrix', 'scheduled__2024-06-17T00:00:00+00:00', '--job-id', '56', '--raw', '--subdir', 'DAGS_FOLDER/data_etl_dag.py', '--cfg-path', '/tmp/tmpv5tmlfgt']
[2024-06-17T12:33:37.699+0000] {standard_task_runner.py:91} INFO - Job 56: Subtask preprocess_data.convert_to_matrix
[2024-06-17T12:33:37.699+0000] {logging_mixin.py:188} WARNING - /home/***/.local/lib/python3.12/site-packages/***/task/task_runner/standard_task_runner.py:61 DeprecationWarning: This process (pid=3241) is multi-threaded, use of fork() may lead to deadlocks in the child.
[2024-06-17T12:33:37.699+0000] {standard_task_runner.py:63} INFO - Started process 3245 to run task
[2024-06-17T12:33:37.728+0000] {task_command.py:426} INFO - Running <TaskInstance: dag_data_etl_v14.preprocess_data.convert_to_matrix scheduled__2024-06-17T00:00:00+00:00 [running]> on host 10482076056f
[2024-06-17T12:33:37.792+0000] {taskinstance.py:2648} INFO - Exporting env vars: AIRFLOW_CTX_DAG_OWNER='Solarev Ruslan' AIRFLOW_CTX_DAG_ID='dag_data_etl_v14' AIRFLOW_CTX_TASK_ID='preprocess_data.convert_to_matrix' AIRFLOW_CTX_EXECUTION_DATE='2024-06-17T00:00:00+00:00' AIRFLOW_CTX_TRY_NUMBER='1' AIRFLOW_CTX_DAG_RUN_ID='scheduled__2024-06-17T00:00:00+00:00'
[2024-06-17T12:33:37.793+0000] {taskinstance.py:430} INFO - ::endgroup::
[2024-06-17T12:33:37.798+0000] {logging_mixin.py:188} INFO - Index(['Profession', 'Link', 'Tags'], dtype='object')
[2024-06-17T12:33:37.982+0000] {logging_mixin.py:188} INFO - 0/105
[2024-06-17T12:33:37.988+0000] {logging_mixin.py:188} INFO - 1/105
[2024-06-17T12:33:38.035+0000] {logging_mixin.py:188} INFO - 2/105
[2024-06-17T12:33:38.049+0000] {logging_mixin.py:188} INFO - 3/105
[2024-06-17T12:33:38.050+0000] {logging_mixin.py:188} INFO - 4/105
[2024-06-17T12:33:38.051+0000] {logging_mixin.py:188} INFO - 5/105
[2024-06-17T12:33:38.074+0000] {logging_mixin.py:188} INFO - 6/105
[2024-06-17T12:33:38.098+0000] {logging_mixin.py:188} INFO - 7/105
[2024-06-17T12:33:38.102+0000] {logging_mixin.py:188} INFO - 8/105
[2024-06-17T12:33:38.112+0000] {logging_mixin.py:188} INFO - 9/105
[2024-06-17T12:33:38.113+0000] {logging_mixin.py:188} INFO - 10/105
[2024-06-17T12:33:38.147+0000] {logging_mixin.py:188} INFO - 11/105
[2024-06-17T12:33:38.147+0000] {logging_mixin.py:188} INFO - 12/105
[2024-06-17T12:33:38.165+0000] {logging_mixin.py:188} INFO - 13/105
[2024-06-17T12:33:38.165+0000] {logging_mixin.py:188} INFO - 14/105
[2024-06-17T12:33:38.169+0000] {logging_mixin.py:188} INFO - 15/105
[2024-06-17T12:33:38.177+0000] {logging_mixin.py:188} INFO - 16/105
[2024-06-17T12:33:38.185+0000] {logging_mixin.py:188} INFO - 17/105
[2024-06-17T12:33:38.201+0000] {logging_mixin.py:188} INFO - 18/105
[2024-06-17T12:33:38.222+0000] {logging_mixin.py:188} INFO - 19/105
[2024-06-17T12:33:38.249+0000] {logging_mixin.py:188} INFO - 20/105
[2024-06-17T12:33:38.277+0000] {logging_mixin.py:188} INFO - 21/105
[2024-06-17T12:33:38.283+0000] {logging_mixin.py:188} INFO - 22/105
[2024-06-17T12:33:38.308+0000] {logging_mixin.py:188} INFO - 23/105
[2024-06-17T12:33:38.327+0000] {logging_mixin.py:188} INFO - 24/105
[2024-06-17T12:33:38.328+0000] {logging_mixin.py:188} INFO - 25/105
[2024-06-17T12:33:38.335+0000] {logging_mixin.py:188} INFO - 26/105
[2024-06-17T12:33:38.336+0000] {logging_mixin.py:188} INFO - 27/105
[2024-06-17T12:33:38.343+0000] {logging_mixin.py:188} INFO - 28/105
[2024-06-17T12:33:38.344+0000] {logging_mixin.py:188} INFO - 29/105
[2024-06-17T12:33:38.344+0000] {logging_mixin.py:188} INFO - 30/105
[2024-06-17T12:33:38.345+0000] {logging_mixin.py:188} INFO - 31/105
[2024-06-17T12:33:38.345+0000] {logging_mixin.py:188} INFO - 32/105
[2024-06-17T12:33:38.345+0000] {logging_mixin.py:188} INFO - 33/105
[2024-06-17T12:33:38.346+0000] {logging_mixin.py:188} INFO - 34/105
[2024-06-17T12:33:38.351+0000] {logging_mixin.py:188} INFO - 35/105
[2024-06-17T12:33:38.352+0000] {logging_mixin.py:188} INFO - 36/105
[2024-06-17T12:33:38.361+0000] {logging_mixin.py:188} INFO - 37/105
[2024-06-17T12:33:38.362+0000] {logging_mixin.py:188} INFO - 38/105
[2024-06-17T12:33:38.367+0000] {logging_mixin.py:188} INFO - 39/105
[2024-06-17T12:33:38.367+0000] {logging_mixin.py:188} INFO - 40/105
[2024-06-17T12:33:38.379+0000] {logging_mixin.py:188} INFO - 41/105
[2024-06-17T12:33:38.392+0000] {logging_mixin.py:188} INFO - 42/105
[2024-06-17T12:33:38.409+0000] {logging_mixin.py:188} INFO - 43/105
[2024-06-17T12:33:38.439+0000] {logging_mixin.py:188} INFO - 44/105
[2024-06-17T12:33:38.448+0000] {logging_mixin.py:188} INFO - 45/105
[2024-06-17T12:33:38.457+0000] {logging_mixin.py:188} INFO - 46/105
[2024-06-17T12:33:38.457+0000] {logging_mixin.py:188} INFO - 47/105
[2024-06-17T12:33:38.465+0000] {logging_mixin.py:188} INFO - 48/105
[2024-06-17T12:33:38.491+0000] {logging_mixin.py:188} INFO - 49/105
[2024-06-17T12:33:38.496+0000] {logging_mixin.py:188} INFO - 50/105
[2024-06-17T12:33:38.507+0000] {logging_mixin.py:188} INFO - 51/105
[2024-06-17T12:33:38.508+0000] {logging_mixin.py:188} INFO - 52/105
[2024-06-17T12:33:38.508+0000] {logging_mixin.py:188} INFO - 53/105
[2024-06-17T12:33:38.537+0000] {logging_mixin.py:188} INFO - 54/105
[2024-06-17T12:33:38.538+0000] {logging_mixin.py:188} INFO - 55/105
[2024-06-17T12:33:38.541+0000] {logging_mixin.py:188} INFO - 56/105
[2024-06-17T12:33:38.549+0000] {logging_mixin.py:188} INFO - 57/105
[2024-06-17T12:33:38.556+0000] {logging_mixin.py:188} INFO - 58/105
[2024-06-17T12:33:38.587+0000] {logging_mixin.py:188} INFO - 59/105
[2024-06-17T12:33:38.597+0000] {logging_mixin.py:188} INFO - 60/105
[2024-06-17T12:33:38.600+0000] {logging_mixin.py:188} INFO - 61/105
[2024-06-17T12:33:38.610+0000] {logging_mixin.py:188} INFO - 62/105
[2024-06-17T12:33:38.633+0000] {logging_mixin.py:188} INFO - 63/105
[2024-06-17T12:33:38.637+0000] {logging_mixin.py:188} INFO - 64/105
[2024-06-17T12:33:38.651+0000] {logging_mixin.py:188} INFO - 65/105
[2024-06-17T12:33:38.666+0000] {logging_mixin.py:188} INFO - 66/105
[2024-06-17T12:33:38.667+0000] {logging_mixin.py:188} INFO - 67/105
[2024-06-17T12:33:38.668+0000] {logging_mixin.py:188} INFO - 68/105
[2024-06-17T12:33:38.687+0000] {logging_mixin.py:188} INFO - 69/105
[2024-06-17T12:33:38.703+0000] {logging_mixin.py:188} INFO - 70/105
[2024-06-17T12:33:38.715+0000] {logging_mixin.py:188} INFO - 71/105
[2024-06-17T12:33:38.726+0000] {logging_mixin.py:188} INFO - 72/105
[2024-06-17T12:33:38.726+0000] {logging_mixin.py:188} INFO - 73/105
[2024-06-17T12:33:38.743+0000] {logging_mixin.py:188} INFO - 74/105
[2024-06-17T12:33:38.743+0000] {logging_mixin.py:188} INFO - 75/105
[2024-06-17T12:33:38.744+0000] {logging_mixin.py:188} INFO - 76/105
[2024-06-17T12:33:38.744+0000] {logging_mixin.py:188} INFO - 77/105
[2024-06-17T12:33:38.745+0000] {logging_mixin.py:188} INFO - 78/105
[2024-06-17T12:33:38.745+0000] {logging_mixin.py:188} INFO - 79/105
[2024-06-17T12:33:38.756+0000] {logging_mixin.py:188} INFO - 80/105
[2024-06-17T12:33:38.764+0000] {logging_mixin.py:188} INFO - 81/105
[2024-06-17T12:33:38.779+0000] {logging_mixin.py:188} INFO - 82/105
[2024-06-17T12:33:38.807+0000] {logging_mixin.py:188} INFO - 83/105
[2024-06-17T12:33:38.808+0000] {logging_mixin.py:188} INFO - 84/105
[2024-06-17T12:33:38.808+0000] {logging_mixin.py:188} INFO - 85/105
[2024-06-17T12:33:38.845+0000] {logging_mixin.py:188} INFO - 86/105
[2024-06-17T12:33:38.846+0000] {logging_mixin.py:188} INFO - 87/105
[2024-06-17T12:33:38.862+0000] {logging_mixin.py:188} INFO - 88/105
[2024-06-17T12:33:38.887+0000] {logging_mixin.py:188} INFO - 89/105
[2024-06-17T12:33:38.895+0000] {logging_mixin.py:188} INFO - 90/105
[2024-06-17T12:33:38.895+0000] {logging_mixin.py:188} INFO - 91/105
[2024-06-17T12:33:38.896+0000] {logging_mixin.py:188} INFO - 92/105
[2024-06-17T12:33:38.897+0000] {logging_mixin.py:188} INFO - 93/105
[2024-06-17T12:33:38.897+0000] {logging_mixin.py:188} INFO - 94/105
[2024-06-17T12:33:38.905+0000] {logging_mixin.py:188} INFO - 95/105
[2024-06-17T12:33:38.920+0000] {logging_mixin.py:188} INFO - 96/105
[2024-06-17T12:33:38.920+0000] {logging_mixin.py:188} INFO - 97/105
[2024-06-17T12:33:38.921+0000] {logging_mixin.py:188} INFO - 98/105
[2024-06-17T12:33:38.942+0000] {logging_mixin.py:188} INFO - 99/105
[2024-06-17T12:33:38.953+0000] {logging_mixin.py:188} INFO - 100/105
[2024-06-17T12:33:38.953+0000] {logging_mixin.py:188} INFO - 101/105
[2024-06-17T12:33:38.958+0000] {logging_mixin.py:188} INFO - 102/105
[2024-06-17T12:33:38.982+0000] {logging_mixin.py:188} INFO - 103/105
[2024-06-17T12:33:39.019+0000] {logging_mixin.py:188} INFO - 104/105
[2024-06-17T12:33:39.254+0000] {logging_mixin.py:188} INFO - Тип: <class 'pandas.core.frame.DataFrame'>
[2024-06-17T12:33:39.827+0000] {python.py:237} INFO - Done. Returned value was: None
[2024-06-17T12:33:39.827+0000] {taskinstance.py:441} INFO - ::group::Post task execution logs
[2024-06-17T12:33:39.832+0000] {taskinstance.py:1206} INFO - Marking task as SUCCESS. dag_id=dag_data_etl_v14, task_id=preprocess_data.convert_to_matrix, run_id=scheduled__2024-06-17T00:00:00+00:00, execution_date=20240617T000000, start_date=20240617T123337, end_date=20240617T123339
[2024-06-17T12:33:39.878+0000] {local_task_job_runner.py:240} INFO - Task exited with return code 0
[2024-06-17T12:33:39.889+0000] {taskinstance.py:3498} INFO - 0 downstream tasks scheduled from follow-on schedule check
[2024-06-17T12:33:39.892+0000] {local_task_job_runner.py:222} INFO - ::endgroup::
