[2024-06-20T12:07:12.980+0000] {local_task_job_runner.py:120} INFO - ::group::Pre task execution logs
[2024-06-20T12:07:12.998+0000] {taskinstance.py:2076} INFO - Dependencies all met for dep_context=non-requeueable deps ti=<TaskInstance: dag_data_etl_v34.data_etl.parse_data.parse_data scheduled__2024-06-20T00:00:00+00:00 [queued]>
[2024-06-20T12:07:13.003+0000] {taskinstance.py:2076} INFO - Dependencies all met for dep_context=requeueable deps ti=<TaskInstance: dag_data_etl_v34.data_etl.parse_data.parse_data scheduled__2024-06-20T00:00:00+00:00 [queued]>
[2024-06-20T12:07:13.004+0000] {taskinstance.py:2306} INFO - Starting attempt 1 of 6
[2024-06-20T12:07:13.013+0000] {taskinstance.py:2330} INFO - Executing <Task(PythonOperator): data_etl.parse_data.parse_data> on 2024-06-20 00:00:00+00:00
[2024-06-20T12:07:13.017+0000] {standard_task_runner.py:90} INFO - Running: ['***', 'tasks', 'run', 'dag_data_etl_v34', 'data_etl.parse_data.parse_data', 'scheduled__2024-06-20T00:00:00+00:00', '--job-id', '152', '--raw', '--subdir', 'DAGS_FOLDER/data_etl_dag.py', '--cfg-path', '/tmp/tmpfvk19ek7']
[2024-06-20T12:07:13.019+0000] {standard_task_runner.py:91} INFO - Job 152: Subtask data_etl.parse_data.parse_data
[2024-06-20T12:07:13.019+0000] {logging_mixin.py:188} WARNING - /home/***/.local/lib/python3.12/site-packages/***/task/task_runner/standard_task_runner.py:61 DeprecationWarning: This process (pid=3401) is multi-threaded, use of fork() may lead to deadlocks in the child.
[2024-06-20T12:07:13.020+0000] {standard_task_runner.py:63} INFO - Started process 3403 to run task
[2024-06-20T12:07:13.049+0000] {task_command.py:426} INFO - Running <TaskInstance: dag_data_etl_v34.data_etl.parse_data.parse_data scheduled__2024-06-20T00:00:00+00:00 [running]> on host 10482076056f
[2024-06-20T12:07:13.104+0000] {taskinstance.py:2648} INFO - Exporting env vars: AIRFLOW_CTX_DAG_OWNER='Solarev Ruslan' AIRFLOW_CTX_DAG_ID='dag_data_etl_v34' AIRFLOW_CTX_TASK_ID='data_etl.parse_data.parse_data' AIRFLOW_CTX_EXECUTION_DATE='2024-06-20T00:00:00+00:00' AIRFLOW_CTX_TRY_NUMBER='1' AIRFLOW_CTX_DAG_RUN_ID='scheduled__2024-06-20T00:00:00+00:00'
[2024-06-20T12:07:13.104+0000] {taskinstance.py:430} INFO - ::endgroup::
[2024-06-20T12:07:13.123+0000] {parse_hh.py:232} ERROR - Error: 'NoneType' object is not iterable
[2024-06-20T12:07:13.123+0000] {logging_mixin.py:188} INFO - Тип: <class 'pandas.core.frame.DataFrame'>
[2024-06-20T12:07:13.127+0000] {python.py:237} INFO - Done. Returned value was: None
[2024-06-20T12:07:13.127+0000] {taskinstance.py:441} INFO - ::group::Post task execution logs
[2024-06-20T12:07:13.132+0000] {taskinstance.py:1206} INFO - Marking task as SUCCESS. dag_id=dag_data_etl_v34, task_id=data_etl.parse_data.parse_data, run_id=scheduled__2024-06-20T00:00:00+00:00, execution_date=20240620T000000, start_date=20240620T120712, end_date=20240620T120713
[2024-06-20T12:07:13.153+0000] {local_task_job_runner.py:240} INFO - Task exited with return code 0
[2024-06-20T12:07:13.169+0000] {taskinstance.py:3498} INFO - 1 downstream tasks scheduled from follow-on schedule check
[2024-06-20T12:07:13.172+0000] {local_task_job_runner.py:222} INFO - ::endgroup::
