[2024-06-16T23:13:16.422+0000] {processor.py:161} INFO - Started process (PID=185) to work on /opt/airflow/dags/data_etl_dag.py
[2024-06-16T23:13:16.423+0000] {processor.py:830} INFO - Processing file /opt/airflow/dags/data_etl_dag.py for tasks to queue
[2024-06-16T23:13:16.425+0000] {logging_mixin.py:188} INFO - [2024-06-16T23:13:16.425+0000] {dagbag.py:545} INFO - Filling up the DagBag from /opt/airflow/dags/data_etl_dag.py
[2024-06-16T23:13:16.814+0000] {processor.py:840} INFO - DAG(s) 'dag_data_etl_v3' retrieved from /opt/airflow/dags/data_etl_dag.py
[2024-06-16T23:13:16.915+0000] {logging_mixin.py:188} INFO - [2024-06-16T23:13:16.915+0000] {override.py:1829} INFO - Created Permission View: can read on DAG:dag_data_etl_v3
[2024-06-16T23:13:16.923+0000] {logging_mixin.py:188} INFO - [2024-06-16T23:13:16.923+0000] {override.py:1829} INFO - Created Permission View: can edit on DAG:dag_data_etl_v3
[2024-06-16T23:13:16.928+0000] {logging_mixin.py:188} INFO - [2024-06-16T23:13:16.928+0000] {override.py:1829} INFO - Created Permission View: can delete on DAG:dag_data_etl_v3
[2024-06-16T23:13:16.929+0000] {logging_mixin.py:188} INFO - [2024-06-16T23:13:16.929+0000] {dag.py:3096} INFO - Sync 1 DAGs
[2024-06-16T23:13:16.935+0000] {logging_mixin.py:188} INFO - [2024-06-16T23:13:16.935+0000] {dag.py:3118} INFO - Creating ORM DAG for dag_data_etl_v3
[2024-06-16T23:13:16.942+0000] {logging_mixin.py:188} INFO - [2024-06-16T23:13:16.942+0000] {dag.py:3954} INFO - Setting next_dagrun for dag_data_etl_v3 to 2024-06-16 00:00:00+00:00, run_after=2024-06-16 12:00:00+00:00
[2024-06-16T23:13:16.955+0000] {processor.py:183} INFO - Processing /opt/airflow/dags/data_etl_dag.py took 0.538 seconds
[2024-06-16T23:13:47.094+0000] {processor.py:161} INFO - Started process (PID=203) to work on /opt/airflow/dags/data_etl_dag.py
[2024-06-16T23:13:47.095+0000] {processor.py:830} INFO - Processing file /opt/airflow/dags/data_etl_dag.py for tasks to queue
[2024-06-16T23:13:47.096+0000] {logging_mixin.py:188} INFO - [2024-06-16T23:13:47.096+0000] {dagbag.py:545} INFO - Filling up the DagBag from /opt/airflow/dags/data_etl_dag.py
[2024-06-16T23:13:47.431+0000] {processor.py:840} INFO - DAG(s) 'dag_data_etl_v3' retrieved from /opt/airflow/dags/data_etl_dag.py
[2024-06-16T23:13:47.443+0000] {logging_mixin.py:188} INFO - [2024-06-16T23:13:47.443+0000] {dag.py:3096} INFO - Sync 1 DAGs
[2024-06-16T23:13:47.456+0000] {logging_mixin.py:188} INFO - [2024-06-16T23:13:47.456+0000] {dag.py:3954} INFO - Setting next_dagrun for dag_data_etl_v3 to 2024-06-16 12:00:00+00:00, run_after=2024-06-17 00:00:00+00:00
[2024-06-16T23:13:47.467+0000] {processor.py:183} INFO - Processing /opt/airflow/dags/data_etl_dag.py took 0.376 seconds
[2024-06-16T23:14:17.589+0000] {processor.py:161} INFO - Started process (PID=215) to work on /opt/airflow/dags/data_etl_dag.py
[2024-06-16T23:14:17.590+0000] {processor.py:830} INFO - Processing file /opt/airflow/dags/data_etl_dag.py for tasks to queue
[2024-06-16T23:14:17.590+0000] {logging_mixin.py:188} INFO - [2024-06-16T23:14:17.590+0000] {dagbag.py:545} INFO - Filling up the DagBag from /opt/airflow/dags/data_etl_dag.py
[2024-06-16T23:14:17.938+0000] {processor.py:840} INFO - DAG(s) 'dag_data_etl_v3' retrieved from /opt/airflow/dags/data_etl_dag.py
[2024-06-16T23:14:17.953+0000] {logging_mixin.py:188} INFO - [2024-06-16T23:14:17.952+0000] {dag.py:3096} INFO - Sync 1 DAGs
[2024-06-16T23:14:17.966+0000] {logging_mixin.py:188} INFO - [2024-06-16T23:14:17.966+0000] {dag.py:3954} INFO - Setting next_dagrun for dag_data_etl_v3 to 2024-06-16 12:00:00+00:00, run_after=2024-06-17 00:00:00+00:00
[2024-06-16T23:14:17.980+0000] {processor.py:183} INFO - Processing /opt/airflow/dags/data_etl_dag.py took 0.394 seconds
[2024-06-16T23:14:48.113+0000] {processor.py:161} INFO - Started process (PID=227) to work on /opt/airflow/dags/data_etl_dag.py
[2024-06-16T23:14:48.113+0000] {processor.py:830} INFO - Processing file /opt/airflow/dags/data_etl_dag.py for tasks to queue
[2024-06-16T23:14:48.114+0000] {logging_mixin.py:188} INFO - [2024-06-16T23:14:48.114+0000] {dagbag.py:545} INFO - Filling up the DagBag from /opt/airflow/dags/data_etl_dag.py
[2024-06-16T23:14:48.474+0000] {processor.py:840} INFO - DAG(s) 'dag_data_etl_v3' retrieved from /opt/airflow/dags/data_etl_dag.py
[2024-06-16T23:14:48.486+0000] {logging_mixin.py:188} INFO - [2024-06-16T23:14:48.486+0000] {dag.py:3096} INFO - Sync 1 DAGs
[2024-06-16T23:14:48.498+0000] {logging_mixin.py:188} INFO - [2024-06-16T23:14:48.497+0000] {dag.py:3954} INFO - Setting next_dagrun for dag_data_etl_v3 to 2024-06-16 12:00:00+00:00, run_after=2024-06-17 00:00:00+00:00
[2024-06-16T23:14:48.512+0000] {processor.py:183} INFO - Processing /opt/airflow/dags/data_etl_dag.py took 0.402 seconds
[2024-06-16T23:15:18.657+0000] {processor.py:161} INFO - Started process (PID=239) to work on /opt/airflow/dags/data_etl_dag.py
[2024-06-16T23:15:18.657+0000] {processor.py:830} INFO - Processing file /opt/airflow/dags/data_etl_dag.py for tasks to queue
[2024-06-16T23:15:18.658+0000] {logging_mixin.py:188} INFO - [2024-06-16T23:15:18.658+0000] {dagbag.py:545} INFO - Filling up the DagBag from /opt/airflow/dags/data_etl_dag.py
[2024-06-16T23:15:19.011+0000] {processor.py:840} INFO - DAG(s) 'dag_data_etl_v3' retrieved from /opt/airflow/dags/data_etl_dag.py
[2024-06-16T23:15:19.023+0000] {logging_mixin.py:188} INFO - [2024-06-16T23:15:19.022+0000] {dag.py:3096} INFO - Sync 1 DAGs
[2024-06-16T23:15:19.034+0000] {logging_mixin.py:188} INFO - [2024-06-16T23:15:19.034+0000] {dag.py:3954} INFO - Setting next_dagrun for dag_data_etl_v3 to 2024-06-16 12:00:00+00:00, run_after=2024-06-17 00:00:00+00:00
[2024-06-16T23:15:19.044+0000] {processor.py:183} INFO - Processing /opt/airflow/dags/data_etl_dag.py took 0.391 seconds
[2024-06-16T23:15:49.170+0000] {processor.py:161} INFO - Started process (PID=251) to work on /opt/airflow/dags/data_etl_dag.py
[2024-06-16T23:15:49.170+0000] {processor.py:830} INFO - Processing file /opt/airflow/dags/data_etl_dag.py for tasks to queue
[2024-06-16T23:15:49.171+0000] {logging_mixin.py:188} INFO - [2024-06-16T23:15:49.171+0000] {dagbag.py:545} INFO - Filling up the DagBag from /opt/airflow/dags/data_etl_dag.py
[2024-06-16T23:15:49.524+0000] {processor.py:840} INFO - DAG(s) 'dag_data_etl_v3' retrieved from /opt/airflow/dags/data_etl_dag.py
[2024-06-16T23:15:49.536+0000] {logging_mixin.py:188} INFO - [2024-06-16T23:15:49.536+0000] {dag.py:3096} INFO - Sync 1 DAGs
[2024-06-16T23:15:49.549+0000] {logging_mixin.py:188} INFO - [2024-06-16T23:15:49.549+0000] {dag.py:3954} INFO - Setting next_dagrun for dag_data_etl_v3 to 2024-06-16 12:00:00+00:00, run_after=2024-06-17 00:00:00+00:00
[2024-06-16T23:15:49.561+0000] {processor.py:183} INFO - Processing /opt/airflow/dags/data_etl_dag.py took 0.394 seconds
[2024-06-16T23:16:19.695+0000] {processor.py:161} INFO - Started process (PID=263) to work on /opt/airflow/dags/data_etl_dag.py
[2024-06-16T23:16:19.695+0000] {processor.py:830} INFO - Processing file /opt/airflow/dags/data_etl_dag.py for tasks to queue
[2024-06-16T23:16:19.696+0000] {logging_mixin.py:188} INFO - [2024-06-16T23:16:19.696+0000] {dagbag.py:545} INFO - Filling up the DagBag from /opt/airflow/dags/data_etl_dag.py
[2024-06-16T23:16:20.052+0000] {processor.py:840} INFO - DAG(s) 'dag_data_etl_v3' retrieved from /opt/airflow/dags/data_etl_dag.py
[2024-06-16T23:16:20.064+0000] {logging_mixin.py:188} INFO - [2024-06-16T23:16:20.063+0000] {dag.py:3096} INFO - Sync 1 DAGs
[2024-06-16T23:16:20.075+0000] {logging_mixin.py:188} INFO - [2024-06-16T23:16:20.075+0000] {dag.py:3954} INFO - Setting next_dagrun for dag_data_etl_v3 to 2024-06-16 12:00:00+00:00, run_after=2024-06-17 00:00:00+00:00
[2024-06-16T23:16:20.086+0000] {processor.py:183} INFO - Processing /opt/airflow/dags/data_etl_dag.py took 0.394 seconds
[2024-06-16T23:16:50.214+0000] {processor.py:161} INFO - Started process (PID=275) to work on /opt/airflow/dags/data_etl_dag.py
[2024-06-16T23:16:50.214+0000] {processor.py:830} INFO - Processing file /opt/airflow/dags/data_etl_dag.py for tasks to queue
[2024-06-16T23:16:50.215+0000] {logging_mixin.py:188} INFO - [2024-06-16T23:16:50.215+0000] {dagbag.py:545} INFO - Filling up the DagBag from /opt/airflow/dags/data_etl_dag.py
[2024-06-16T23:16:50.574+0000] {processor.py:840} INFO - DAG(s) 'dag_data_etl_v3' retrieved from /opt/airflow/dags/data_etl_dag.py
[2024-06-16T23:16:50.587+0000] {logging_mixin.py:188} INFO - [2024-06-16T23:16:50.586+0000] {dag.py:3096} INFO - Sync 1 DAGs
[2024-06-16T23:16:50.601+0000] {logging_mixin.py:188} INFO - [2024-06-16T23:16:50.600+0000] {dag.py:3954} INFO - Setting next_dagrun for dag_data_etl_v3 to 2024-06-16 12:00:00+00:00, run_after=2024-06-17 00:00:00+00:00
[2024-06-16T23:16:50.613+0000] {processor.py:183} INFO - Processing /opt/airflow/dags/data_etl_dag.py took 0.403 seconds
[2024-06-16T23:17:20.753+0000] {processor.py:161} INFO - Started process (PID=287) to work on /opt/airflow/dags/data_etl_dag.py
[2024-06-16T23:17:20.753+0000] {processor.py:830} INFO - Processing file /opt/airflow/dags/data_etl_dag.py for tasks to queue
[2024-06-16T23:17:20.754+0000] {logging_mixin.py:188} INFO - [2024-06-16T23:17:20.754+0000] {dagbag.py:545} INFO - Filling up the DagBag from /opt/airflow/dags/data_etl_dag.py
[2024-06-16T23:17:21.105+0000] {processor.py:840} INFO - DAG(s) 'dag_data_etl_v3' retrieved from /opt/airflow/dags/data_etl_dag.py
[2024-06-16T23:17:21.117+0000] {logging_mixin.py:188} INFO - [2024-06-16T23:17:21.117+0000] {dag.py:3096} INFO - Sync 1 DAGs
[2024-06-16T23:17:21.129+0000] {logging_mixin.py:188} INFO - [2024-06-16T23:17:21.129+0000] {dag.py:3954} INFO - Setting next_dagrun for dag_data_etl_v3 to 2024-06-16 12:00:00+00:00, run_after=2024-06-17 00:00:00+00:00
[2024-06-16T23:17:21.140+0000] {processor.py:183} INFO - Processing /opt/airflow/dags/data_etl_dag.py took 0.390 seconds
[2024-06-16T23:17:51.289+0000] {processor.py:161} INFO - Started process (PID=299) to work on /opt/airflow/dags/data_etl_dag.py
[2024-06-16T23:17:51.290+0000] {processor.py:830} INFO - Processing file /opt/airflow/dags/data_etl_dag.py for tasks to queue
[2024-06-16T23:17:51.291+0000] {logging_mixin.py:188} INFO - [2024-06-16T23:17:51.290+0000] {dagbag.py:545} INFO - Filling up the DagBag from /opt/airflow/dags/data_etl_dag.py
[2024-06-16T23:17:51.649+0000] {processor.py:840} INFO - DAG(s) 'dag_data_etl_v3' retrieved from /opt/airflow/dags/data_etl_dag.py
[2024-06-16T23:17:51.663+0000] {logging_mixin.py:188} INFO - [2024-06-16T23:17:51.663+0000] {dag.py:3096} INFO - Sync 1 DAGs
[2024-06-16T23:17:51.675+0000] {logging_mixin.py:188} INFO - [2024-06-16T23:17:51.675+0000] {dag.py:3954} INFO - Setting next_dagrun for dag_data_etl_v3 to 2024-06-16 12:00:00+00:00, run_after=2024-06-17 00:00:00+00:00
[2024-06-16T23:17:51.686+0000] {processor.py:183} INFO - Processing /opt/airflow/dags/data_etl_dag.py took 0.401 seconds
[2024-06-16T23:18:22.117+0000] {processor.py:161} INFO - Started process (PID=310) to work on /opt/airflow/dags/data_etl_dag.py
[2024-06-16T23:18:22.117+0000] {processor.py:830} INFO - Processing file /opt/airflow/dags/data_etl_dag.py for tasks to queue
[2024-06-16T23:18:22.118+0000] {logging_mixin.py:188} INFO - [2024-06-16T23:18:22.118+0000] {dagbag.py:545} INFO - Filling up the DagBag from /opt/airflow/dags/data_etl_dag.py
[2024-06-16T23:18:22.457+0000] {processor.py:840} INFO - DAG(s) 'dag_data_etl_v3' retrieved from /opt/airflow/dags/data_etl_dag.py
[2024-06-16T23:18:22.468+0000] {logging_mixin.py:188} INFO - [2024-06-16T23:18:22.468+0000] {dag.py:3096} INFO - Sync 1 DAGs
[2024-06-16T23:18:22.478+0000] {logging_mixin.py:188} INFO - [2024-06-16T23:18:22.478+0000] {dag.py:3954} INFO - Setting next_dagrun for dag_data_etl_v3 to 2024-06-16 12:00:00+00:00, run_after=2024-06-17 00:00:00+00:00
[2024-06-16T23:18:22.492+0000] {processor.py:183} INFO - Processing /opt/airflow/dags/data_etl_dag.py took 0.378 seconds
[2024-06-16T23:18:52.612+0000] {processor.py:161} INFO - Started process (PID=322) to work on /opt/airflow/dags/data_etl_dag.py
[2024-06-16T23:18:52.613+0000] {processor.py:830} INFO - Processing file /opt/airflow/dags/data_etl_dag.py for tasks to queue
[2024-06-16T23:18:52.614+0000] {logging_mixin.py:188} INFO - [2024-06-16T23:18:52.614+0000] {dagbag.py:545} INFO - Filling up the DagBag from /opt/airflow/dags/data_etl_dag.py
[2024-06-16T23:18:52.961+0000] {processor.py:840} INFO - DAG(s) 'dag_data_etl_v3' retrieved from /opt/airflow/dags/data_etl_dag.py
[2024-06-16T23:18:52.972+0000] {logging_mixin.py:188} INFO - [2024-06-16T23:18:52.972+0000] {dag.py:3096} INFO - Sync 1 DAGs
[2024-06-16T23:18:52.982+0000] {logging_mixin.py:188} INFO - [2024-06-16T23:18:52.982+0000] {dag.py:3954} INFO - Setting next_dagrun for dag_data_etl_v3 to 2024-06-16 12:00:00+00:00, run_after=2024-06-17 00:00:00+00:00
[2024-06-16T23:18:52.992+0000] {processor.py:183} INFO - Processing /opt/airflow/dags/data_etl_dag.py took 0.383 seconds
[2024-06-16T23:19:23.178+0000] {processor.py:161} INFO - Started process (PID=334) to work on /opt/airflow/dags/data_etl_dag.py
[2024-06-16T23:19:23.178+0000] {processor.py:830} INFO - Processing file /opt/airflow/dags/data_etl_dag.py for tasks to queue
[2024-06-16T23:19:23.180+0000] {logging_mixin.py:188} INFO - [2024-06-16T23:19:23.179+0000] {dagbag.py:545} INFO - Filling up the DagBag from /opt/airflow/dags/data_etl_dag.py
[2024-06-16T23:19:23.499+0000] {processor.py:840} INFO - DAG(s) 'dag_data_etl_v3' retrieved from /opt/airflow/dags/data_etl_dag.py
[2024-06-16T23:19:23.510+0000] {logging_mixin.py:188} INFO - [2024-06-16T23:19:23.510+0000] {dag.py:3096} INFO - Sync 1 DAGs
[2024-06-16T23:19:23.521+0000] {logging_mixin.py:188} INFO - [2024-06-16T23:19:23.521+0000] {dag.py:3954} INFO - Setting next_dagrun for dag_data_etl_v3 to 2024-06-16 12:00:00+00:00, run_after=2024-06-17 00:00:00+00:00
[2024-06-16T23:19:23.533+0000] {processor.py:183} INFO - Processing /opt/airflow/dags/data_etl_dag.py took 0.358 seconds
[2024-06-16T23:19:53.656+0000] {processor.py:161} INFO - Started process (PID=346) to work on /opt/airflow/dags/data_etl_dag.py
[2024-06-16T23:19:53.656+0000] {processor.py:830} INFO - Processing file /opt/airflow/dags/data_etl_dag.py for tasks to queue
[2024-06-16T23:19:53.657+0000] {logging_mixin.py:188} INFO - [2024-06-16T23:19:53.657+0000] {dagbag.py:545} INFO - Filling up the DagBag from /opt/airflow/dags/data_etl_dag.py
[2024-06-16T23:19:53.975+0000] {processor.py:840} INFO - DAG(s) 'dag_data_etl_v3' retrieved from /opt/airflow/dags/data_etl_dag.py
[2024-06-16T23:19:53.986+0000] {logging_mixin.py:188} INFO - [2024-06-16T23:19:53.986+0000] {dag.py:3096} INFO - Sync 1 DAGs
[2024-06-16T23:19:53.997+0000] {logging_mixin.py:188} INFO - [2024-06-16T23:19:53.997+0000] {dag.py:3954} INFO - Setting next_dagrun for dag_data_etl_v3 to 2024-06-16 12:00:00+00:00, run_after=2024-06-17 00:00:00+00:00
[2024-06-16T23:19:54.008+0000] {processor.py:183} INFO - Processing /opt/airflow/dags/data_etl_dag.py took 0.355 seconds
[2024-06-16T23:20:24.137+0000] {processor.py:161} INFO - Started process (PID=358) to work on /opt/airflow/dags/data_etl_dag.py
[2024-06-16T23:20:24.137+0000] {processor.py:830} INFO - Processing file /opt/airflow/dags/data_etl_dag.py for tasks to queue
[2024-06-16T23:20:24.139+0000] {logging_mixin.py:188} INFO - [2024-06-16T23:20:24.139+0000] {dagbag.py:545} INFO - Filling up the DagBag from /opt/airflow/dags/data_etl_dag.py
[2024-06-16T23:20:24.475+0000] {processor.py:840} INFO - DAG(s) 'dag_data_etl_v3' retrieved from /opt/airflow/dags/data_etl_dag.py
[2024-06-16T23:20:24.486+0000] {logging_mixin.py:188} INFO - [2024-06-16T23:20:24.486+0000] {dag.py:3096} INFO - Sync 1 DAGs
[2024-06-16T23:20:24.497+0000] {logging_mixin.py:188} INFO - [2024-06-16T23:20:24.497+0000] {dag.py:3954} INFO - Setting next_dagrun for dag_data_etl_v3 to 2024-06-16 12:00:00+00:00, run_after=2024-06-17 00:00:00+00:00
[2024-06-16T23:20:24.508+0000] {processor.py:183} INFO - Processing /opt/airflow/dags/data_etl_dag.py took 0.374 seconds
[2024-06-16T23:20:54.659+0000] {processor.py:161} INFO - Started process (PID=370) to work on /opt/airflow/dags/data_etl_dag.py
[2024-06-16T23:20:54.660+0000] {processor.py:830} INFO - Processing file /opt/airflow/dags/data_etl_dag.py for tasks to queue
[2024-06-16T23:20:54.661+0000] {logging_mixin.py:188} INFO - [2024-06-16T23:20:54.661+0000] {dagbag.py:545} INFO - Filling up the DagBag from /opt/airflow/dags/data_etl_dag.py
[2024-06-16T23:20:55.006+0000] {processor.py:840} INFO - DAG(s) 'dag_data_etl_v3' retrieved from /opt/airflow/dags/data_etl_dag.py
[2024-06-16T23:20:55.018+0000] {logging_mixin.py:188} INFO - [2024-06-16T23:20:55.017+0000] {dag.py:3096} INFO - Sync 1 DAGs
[2024-06-16T23:20:55.028+0000] {logging_mixin.py:188} INFO - [2024-06-16T23:20:55.028+0000] {dag.py:3954} INFO - Setting next_dagrun for dag_data_etl_v3 to 2024-06-16 12:00:00+00:00, run_after=2024-06-17 00:00:00+00:00
[2024-06-16T23:20:55.039+0000] {processor.py:183} INFO - Processing /opt/airflow/dags/data_etl_dag.py took 0.383 seconds
[2024-06-16T23:21:25.156+0000] {processor.py:161} INFO - Started process (PID=382) to work on /opt/airflow/dags/data_etl_dag.py
[2024-06-16T23:21:25.157+0000] {processor.py:830} INFO - Processing file /opt/airflow/dags/data_etl_dag.py for tasks to queue
[2024-06-16T23:21:25.158+0000] {logging_mixin.py:188} INFO - [2024-06-16T23:21:25.158+0000] {dagbag.py:545} INFO - Filling up the DagBag from /opt/airflow/dags/data_etl_dag.py
[2024-06-16T23:21:25.469+0000] {processor.py:840} INFO - DAG(s) 'dag_data_etl_v3' retrieved from /opt/airflow/dags/data_etl_dag.py
[2024-06-16T23:21:25.480+0000] {logging_mixin.py:188} INFO - [2024-06-16T23:21:25.480+0000] {dag.py:3096} INFO - Sync 1 DAGs
[2024-06-16T23:21:25.490+0000] {logging_mixin.py:188} INFO - [2024-06-16T23:21:25.490+0000] {dag.py:3954} INFO - Setting next_dagrun for dag_data_etl_v3 to 2024-06-16 12:00:00+00:00, run_after=2024-06-17 00:00:00+00:00
[2024-06-16T23:21:25.501+0000] {processor.py:183} INFO - Processing /opt/airflow/dags/data_etl_dag.py took 0.348 seconds
[2024-06-16T23:21:55.620+0000] {processor.py:161} INFO - Started process (PID=394) to work on /opt/airflow/dags/data_etl_dag.py
[2024-06-16T23:21:55.621+0000] {processor.py:830} INFO - Processing file /opt/airflow/dags/data_etl_dag.py for tasks to queue
[2024-06-16T23:21:55.622+0000] {logging_mixin.py:188} INFO - [2024-06-16T23:21:55.622+0000] {dagbag.py:545} INFO - Filling up the DagBag from /opt/airflow/dags/data_etl_dag.py
[2024-06-16T23:21:55.936+0000] {processor.py:840} INFO - DAG(s) 'dag_data_etl_v3' retrieved from /opt/airflow/dags/data_etl_dag.py
[2024-06-16T23:21:55.947+0000] {logging_mixin.py:188} INFO - [2024-06-16T23:21:55.947+0000] {dag.py:3096} INFO - Sync 1 DAGs
[2024-06-16T23:21:55.958+0000] {logging_mixin.py:188} INFO - [2024-06-16T23:21:55.958+0000] {dag.py:3954} INFO - Setting next_dagrun for dag_data_etl_v3 to 2024-06-16 12:00:00+00:00, run_after=2024-06-17 00:00:00+00:00
[2024-06-16T23:21:55.968+0000] {processor.py:183} INFO - Processing /opt/airflow/dags/data_etl_dag.py took 0.351 seconds
[2024-06-16T23:22:26.082+0000] {processor.py:161} INFO - Started process (PID=406) to work on /opt/airflow/dags/data_etl_dag.py
[2024-06-16T23:22:26.083+0000] {processor.py:830} INFO - Processing file /opt/airflow/dags/data_etl_dag.py for tasks to queue
[2024-06-16T23:22:26.084+0000] {logging_mixin.py:188} INFO - [2024-06-16T23:22:26.083+0000] {dagbag.py:545} INFO - Filling up the DagBag from /opt/airflow/dags/data_etl_dag.py
[2024-06-16T23:22:26.408+0000] {processor.py:840} INFO - DAG(s) 'dag_data_etl_v3' retrieved from /opt/airflow/dags/data_etl_dag.py
[2024-06-16T23:22:26.419+0000] {logging_mixin.py:188} INFO - [2024-06-16T23:22:26.418+0000] {dag.py:3096} INFO - Sync 1 DAGs
[2024-06-16T23:22:26.429+0000] {logging_mixin.py:188} INFO - [2024-06-16T23:22:26.429+0000] {dag.py:3954} INFO - Setting next_dagrun for dag_data_etl_v3 to 2024-06-16 12:00:00+00:00, run_after=2024-06-17 00:00:00+00:00
[2024-06-16T23:22:26.440+0000] {processor.py:183} INFO - Processing /opt/airflow/dags/data_etl_dag.py took 0.361 seconds
[2024-06-16T23:22:56.558+0000] {processor.py:161} INFO - Started process (PID=418) to work on /opt/airflow/dags/data_etl_dag.py
[2024-06-16T23:22:56.558+0000] {processor.py:830} INFO - Processing file /opt/airflow/dags/data_etl_dag.py for tasks to queue
[2024-06-16T23:22:56.559+0000] {logging_mixin.py:188} INFO - [2024-06-16T23:22:56.559+0000] {dagbag.py:545} INFO - Filling up the DagBag from /opt/airflow/dags/data_etl_dag.py
[2024-06-16T23:22:56.888+0000] {processor.py:840} INFO - DAG(s) 'dag_data_etl_v3' retrieved from /opt/airflow/dags/data_etl_dag.py
[2024-06-16T23:22:56.899+0000] {logging_mixin.py:188} INFO - [2024-06-16T23:22:56.899+0000] {dag.py:3096} INFO - Sync 1 DAGs
[2024-06-16T23:22:56.910+0000] {logging_mixin.py:188} INFO - [2024-06-16T23:22:56.910+0000] {dag.py:3954} INFO - Setting next_dagrun for dag_data_etl_v3 to 2024-06-16 12:00:00+00:00, run_after=2024-06-17 00:00:00+00:00
[2024-06-16T23:22:56.920+0000] {processor.py:183} INFO - Processing /opt/airflow/dags/data_etl_dag.py took 0.365 seconds
[2024-06-16T23:23:27.340+0000] {processor.py:161} INFO - Started process (PID=430) to work on /opt/airflow/dags/data_etl_dag.py
[2024-06-16T23:23:27.340+0000] {processor.py:830} INFO - Processing file /opt/airflow/dags/data_etl_dag.py for tasks to queue
[2024-06-16T23:23:27.341+0000] {logging_mixin.py:188} INFO - [2024-06-16T23:23:27.341+0000] {dagbag.py:545} INFO - Filling up the DagBag from /opt/airflow/dags/data_etl_dag.py
[2024-06-16T23:23:27.664+0000] {processor.py:840} INFO - DAG(s) 'dag_data_etl_v3' retrieved from /opt/airflow/dags/data_etl_dag.py
[2024-06-16T23:23:27.675+0000] {logging_mixin.py:188} INFO - [2024-06-16T23:23:27.675+0000] {dag.py:3096} INFO - Sync 1 DAGs
[2024-06-16T23:23:27.685+0000] {logging_mixin.py:188} INFO - [2024-06-16T23:23:27.685+0000] {dag.py:3954} INFO - Setting next_dagrun for dag_data_etl_v3 to 2024-06-16 12:00:00+00:00, run_after=2024-06-17 00:00:00+00:00
[2024-06-16T23:23:27.696+0000] {processor.py:183} INFO - Processing /opt/airflow/dags/data_etl_dag.py took 0.359 seconds
[2024-06-16T23:23:57.788+0000] {processor.py:161} INFO - Started process (PID=443) to work on /opt/airflow/dags/data_etl_dag.py
[2024-06-16T23:23:57.789+0000] {processor.py:830} INFO - Processing file /opt/airflow/dags/data_etl_dag.py for tasks to queue
[2024-06-16T23:23:57.790+0000] {logging_mixin.py:188} INFO - [2024-06-16T23:23:57.790+0000] {dagbag.py:545} INFO - Filling up the DagBag from /opt/airflow/dags/data_etl_dag.py
[2024-06-16T23:23:58.100+0000] {processor.py:840} INFO - DAG(s) 'dag_data_etl_v3' retrieved from /opt/airflow/dags/data_etl_dag.py
[2024-06-16T23:23:58.111+0000] {logging_mixin.py:188} INFO - [2024-06-16T23:23:58.111+0000] {dag.py:3096} INFO - Sync 1 DAGs
[2024-06-16T23:23:58.122+0000] {logging_mixin.py:188} INFO - [2024-06-16T23:23:58.121+0000] {dag.py:3954} INFO - Setting next_dagrun for dag_data_etl_v3 to 2024-06-16 12:00:00+00:00, run_after=2024-06-17 00:00:00+00:00
[2024-06-16T23:23:58.132+0000] {processor.py:183} INFO - Processing /opt/airflow/dags/data_etl_dag.py took 0.347 seconds
[2024-06-16T23:24:28.268+0000] {processor.py:161} INFO - Started process (PID=455) to work on /opt/airflow/dags/data_etl_dag.py
[2024-06-16T23:24:28.269+0000] {processor.py:830} INFO - Processing file /opt/airflow/dags/data_etl_dag.py for tasks to queue
[2024-06-16T23:24:28.270+0000] {logging_mixin.py:188} INFO - [2024-06-16T23:24:28.270+0000] {dagbag.py:545} INFO - Filling up the DagBag from /opt/airflow/dags/data_etl_dag.py
[2024-06-16T23:24:28.604+0000] {processor.py:840} INFO - DAG(s) 'dag_data_etl_v3' retrieved from /opt/airflow/dags/data_etl_dag.py
[2024-06-16T23:24:28.615+0000] {logging_mixin.py:188} INFO - [2024-06-16T23:24:28.615+0000] {dag.py:3096} INFO - Sync 1 DAGs
[2024-06-16T23:24:28.626+0000] {logging_mixin.py:188} INFO - [2024-06-16T23:24:28.626+0000] {dag.py:3954} INFO - Setting next_dagrun for dag_data_etl_v3 to 2024-06-16 12:00:00+00:00, run_after=2024-06-17 00:00:00+00:00
[2024-06-16T23:24:28.636+0000] {processor.py:183} INFO - Processing /opt/airflow/dags/data_etl_dag.py took 0.371 seconds
[2024-06-16T23:24:58.798+0000] {processor.py:161} INFO - Started process (PID=467) to work on /opt/airflow/dags/data_etl_dag.py
[2024-06-16T23:24:58.801+0000] {processor.py:830} INFO - Processing file /opt/airflow/dags/data_etl_dag.py for tasks to queue
[2024-06-16T23:24:58.802+0000] {logging_mixin.py:188} INFO - [2024-06-16T23:24:58.802+0000] {dagbag.py:545} INFO - Filling up the DagBag from /opt/airflow/dags/data_etl_dag.py
[2024-06-16T23:24:59.216+0000] {processor.py:840} INFO - DAG(s) 'dag_data_etl_v3' retrieved from /opt/airflow/dags/data_etl_dag.py
[2024-06-16T23:24:59.233+0000] {logging_mixin.py:188} INFO - [2024-06-16T23:24:59.232+0000] {dag.py:3096} INFO - Sync 1 DAGs
[2024-06-16T23:24:59.245+0000] {logging_mixin.py:188} INFO - [2024-06-16T23:24:59.245+0000] {dag.py:3954} INFO - Setting next_dagrun for dag_data_etl_v3 to 2024-06-16 12:00:00+00:00, run_after=2024-06-17 00:00:00+00:00
[2024-06-16T23:24:59.320+0000] {processor.py:183} INFO - Processing /opt/airflow/dags/data_etl_dag.py took 0.525 seconds
[2024-06-16T23:25:29.525+0000] {processor.py:161} INFO - Started process (PID=479) to work on /opt/airflow/dags/data_etl_dag.py
[2024-06-16T23:25:29.525+0000] {processor.py:830} INFO - Processing file /opt/airflow/dags/data_etl_dag.py for tasks to queue
[2024-06-16T23:25:29.526+0000] {logging_mixin.py:188} INFO - [2024-06-16T23:25:29.526+0000] {dagbag.py:545} INFO - Filling up the DagBag from /opt/airflow/dags/data_etl_dag.py
[2024-06-16T23:25:29.879+0000] {processor.py:840} INFO - DAG(s) 'dag_data_etl_v3' retrieved from /opt/airflow/dags/data_etl_dag.py
[2024-06-16T23:25:29.891+0000] {logging_mixin.py:188} INFO - [2024-06-16T23:25:29.891+0000] {dag.py:3096} INFO - Sync 1 DAGs
[2024-06-16T23:25:29.903+0000] {logging_mixin.py:188} INFO - [2024-06-16T23:25:29.903+0000] {dag.py:3954} INFO - Setting next_dagrun for dag_data_etl_v3 to 2024-06-16 12:00:00+00:00, run_after=2024-06-17 00:00:00+00:00
[2024-06-16T23:25:29.916+0000] {processor.py:183} INFO - Processing /opt/airflow/dags/data_etl_dag.py took 0.394 seconds
[2024-06-16T23:26:00.034+0000] {processor.py:161} INFO - Started process (PID=491) to work on /opt/airflow/dags/data_etl_dag.py
[2024-06-16T23:26:00.035+0000] {processor.py:830} INFO - Processing file /opt/airflow/dags/data_etl_dag.py for tasks to queue
[2024-06-16T23:26:00.036+0000] {logging_mixin.py:188} INFO - [2024-06-16T23:26:00.036+0000] {dagbag.py:545} INFO - Filling up the DagBag from /opt/airflow/dags/data_etl_dag.py
[2024-06-16T23:26:00.367+0000] {processor.py:840} INFO - DAG(s) 'dag_data_etl_v3' retrieved from /opt/airflow/dags/data_etl_dag.py
[2024-06-16T23:26:00.378+0000] {logging_mixin.py:188} INFO - [2024-06-16T23:26:00.378+0000] {dag.py:3096} INFO - Sync 1 DAGs
[2024-06-16T23:26:00.389+0000] {logging_mixin.py:188} INFO - [2024-06-16T23:26:00.389+0000] {dag.py:3954} INFO - Setting next_dagrun for dag_data_etl_v3 to 2024-06-16 12:00:00+00:00, run_after=2024-06-17 00:00:00+00:00
[2024-06-16T23:26:00.400+0000] {processor.py:183} INFO - Processing /opt/airflow/dags/data_etl_dag.py took 0.369 seconds
[2024-06-16T23:26:30.530+0000] {processor.py:161} INFO - Started process (PID=503) to work on /opt/airflow/dags/data_etl_dag.py
[2024-06-16T23:26:30.530+0000] {processor.py:830} INFO - Processing file /opt/airflow/dags/data_etl_dag.py for tasks to queue
[2024-06-16T23:26:30.531+0000] {logging_mixin.py:188} INFO - [2024-06-16T23:26:30.531+0000] {dagbag.py:545} INFO - Filling up the DagBag from /opt/airflow/dags/data_etl_dag.py
[2024-06-16T23:26:30.861+0000] {processor.py:840} INFO - DAG(s) 'dag_data_etl_v3' retrieved from /opt/airflow/dags/data_etl_dag.py
[2024-06-16T23:26:30.873+0000] {logging_mixin.py:188} INFO - [2024-06-16T23:26:30.873+0000] {dag.py:3096} INFO - Sync 1 DAGs
[2024-06-16T23:26:30.884+0000] {logging_mixin.py:188} INFO - [2024-06-16T23:26:30.884+0000] {dag.py:3954} INFO - Setting next_dagrun for dag_data_etl_v3 to 2024-06-16 12:00:00+00:00, run_after=2024-06-17 00:00:00+00:00
[2024-06-16T23:26:30.895+0000] {processor.py:183} INFO - Processing /opt/airflow/dags/data_etl_dag.py took 0.368 seconds
[2024-06-16T23:27:01.060+0000] {processor.py:161} INFO - Started process (PID=515) to work on /opt/airflow/dags/data_etl_dag.py
[2024-06-16T23:27:01.061+0000] {processor.py:830} INFO - Processing file /opt/airflow/dags/data_etl_dag.py for tasks to queue
[2024-06-16T23:27:01.061+0000] {logging_mixin.py:188} INFO - [2024-06-16T23:27:01.061+0000] {dagbag.py:545} INFO - Filling up the DagBag from /opt/airflow/dags/data_etl_dag.py
[2024-06-16T23:27:01.384+0000] {processor.py:840} INFO - DAG(s) 'dag_data_etl_v3' retrieved from /opt/airflow/dags/data_etl_dag.py
[2024-06-16T23:27:01.396+0000] {logging_mixin.py:188} INFO - [2024-06-16T23:27:01.396+0000] {dag.py:3096} INFO - Sync 1 DAGs
[2024-06-16T23:27:01.407+0000] {logging_mixin.py:188} INFO - [2024-06-16T23:27:01.407+0000] {dag.py:3954} INFO - Setting next_dagrun for dag_data_etl_v3 to 2024-06-16 12:00:00+00:00, run_after=2024-06-17 00:00:00+00:00
[2024-06-16T23:27:01.417+0000] {processor.py:183} INFO - Processing /opt/airflow/dags/data_etl_dag.py took 0.360 seconds
[2024-06-16T23:27:31.537+0000] {processor.py:161} INFO - Started process (PID=527) to work on /opt/airflow/dags/data_etl_dag.py
[2024-06-16T23:27:31.538+0000] {processor.py:830} INFO - Processing file /opt/airflow/dags/data_etl_dag.py for tasks to queue
[2024-06-16T23:27:31.539+0000] {logging_mixin.py:188} INFO - [2024-06-16T23:27:31.539+0000] {dagbag.py:545} INFO - Filling up the DagBag from /opt/airflow/dags/data_etl_dag.py
[2024-06-16T23:27:31.881+0000] {processor.py:840} INFO - DAG(s) 'dag_data_etl_v3' retrieved from /opt/airflow/dags/data_etl_dag.py
[2024-06-16T23:27:31.894+0000] {logging_mixin.py:188} INFO - [2024-06-16T23:27:31.893+0000] {dag.py:3096} INFO - Sync 1 DAGs
[2024-06-16T23:27:31.905+0000] {logging_mixin.py:188} INFO - [2024-06-16T23:27:31.905+0000] {dag.py:3954} INFO - Setting next_dagrun for dag_data_etl_v3 to 2024-06-16 12:00:00+00:00, run_after=2024-06-17 00:00:00+00:00
[2024-06-16T23:27:31.915+0000] {processor.py:183} INFO - Processing /opt/airflow/dags/data_etl_dag.py took 0.381 seconds
[2024-06-16T23:28:02.042+0000] {processor.py:161} INFO - Started process (PID=551) to work on /opt/airflow/dags/data_etl_dag.py
[2024-06-16T23:28:02.043+0000] {processor.py:830} INFO - Processing file /opt/airflow/dags/data_etl_dag.py for tasks to queue
[2024-06-16T23:28:02.044+0000] {logging_mixin.py:188} INFO - [2024-06-16T23:28:02.044+0000] {dagbag.py:545} INFO - Filling up the DagBag from /opt/airflow/dags/data_etl_dag.py
[2024-06-16T23:28:02.367+0000] {processor.py:840} INFO - DAG(s) 'dag_data_etl_v3' retrieved from /opt/airflow/dags/data_etl_dag.py
[2024-06-16T23:28:02.379+0000] {logging_mixin.py:188} INFO - [2024-06-16T23:28:02.378+0000] {dag.py:3096} INFO - Sync 1 DAGs
[2024-06-16T23:28:02.389+0000] {logging_mixin.py:188} INFO - [2024-06-16T23:28:02.389+0000] {dag.py:3954} INFO - Setting next_dagrun for dag_data_etl_v3 to 2024-06-16 12:00:00+00:00, run_after=2024-06-17 00:00:00+00:00
[2024-06-16T23:28:02.400+0000] {processor.py:183} INFO - Processing /opt/airflow/dags/data_etl_dag.py took 0.360 seconds
[2024-06-16T23:28:32.447+0000] {processor.py:161} INFO - Started process (PID=563) to work on /opt/airflow/dags/data_etl_dag.py
[2024-06-16T23:28:32.448+0000] {processor.py:830} INFO - Processing file /opt/airflow/dags/data_etl_dag.py for tasks to queue
[2024-06-16T23:28:32.449+0000] {logging_mixin.py:188} INFO - [2024-06-16T23:28:32.449+0000] {dagbag.py:545} INFO - Filling up the DagBag from /opt/airflow/dags/data_etl_dag.py
[2024-06-16T23:28:32.771+0000] {processor.py:840} INFO - DAG(s) 'dag_data_etl_v3' retrieved from /opt/airflow/dags/data_etl_dag.py
[2024-06-16T23:28:32.782+0000] {logging_mixin.py:188} INFO - [2024-06-16T23:28:32.782+0000] {dag.py:3096} INFO - Sync 1 DAGs
[2024-06-16T23:28:32.793+0000] {logging_mixin.py:188} INFO - [2024-06-16T23:28:32.792+0000] {dag.py:3954} INFO - Setting next_dagrun for dag_data_etl_v3 to 2024-06-16 12:00:00+00:00, run_after=2024-06-17 00:00:00+00:00
[2024-06-16T23:28:32.808+0000] {processor.py:183} INFO - Processing /opt/airflow/dags/data_etl_dag.py took 0.364 seconds
[2024-06-16T23:29:02.933+0000] {processor.py:161} INFO - Started process (PID=575) to work on /opt/airflow/dags/data_etl_dag.py
[2024-06-16T23:29:02.934+0000] {processor.py:830} INFO - Processing file /opt/airflow/dags/data_etl_dag.py for tasks to queue
[2024-06-16T23:29:02.935+0000] {logging_mixin.py:188} INFO - [2024-06-16T23:29:02.935+0000] {dagbag.py:545} INFO - Filling up the DagBag from /opt/airflow/dags/data_etl_dag.py
[2024-06-16T23:29:03.283+0000] {processor.py:840} INFO - DAG(s) 'dag_data_etl_v3' retrieved from /opt/airflow/dags/data_etl_dag.py
[2024-06-16T23:29:03.294+0000] {logging_mixin.py:188} INFO - [2024-06-16T23:29:03.294+0000] {dag.py:3096} INFO - Sync 1 DAGs
[2024-06-16T23:29:03.305+0000] {logging_mixin.py:188} INFO - [2024-06-16T23:29:03.305+0000] {dag.py:3954} INFO - Setting next_dagrun for dag_data_etl_v3 to 2024-06-16 12:00:00+00:00, run_after=2024-06-17 00:00:00+00:00
[2024-06-16T23:29:03.316+0000] {processor.py:183} INFO - Processing /opt/airflow/dags/data_etl_dag.py took 0.386 seconds
[2024-06-16T23:29:33.467+0000] {processor.py:161} INFO - Started process (PID=587) to work on /opt/airflow/dags/data_etl_dag.py
[2024-06-16T23:29:33.468+0000] {processor.py:830} INFO - Processing file /opt/airflow/dags/data_etl_dag.py for tasks to queue
[2024-06-16T23:29:33.469+0000] {logging_mixin.py:188} INFO - [2024-06-16T23:29:33.469+0000] {dagbag.py:545} INFO - Filling up the DagBag from /opt/airflow/dags/data_etl_dag.py
[2024-06-16T23:29:33.793+0000] {processor.py:840} INFO - DAG(s) 'dag_data_etl_v3' retrieved from /opt/airflow/dags/data_etl_dag.py
[2024-06-16T23:29:33.805+0000] {logging_mixin.py:188} INFO - [2024-06-16T23:29:33.805+0000] {dag.py:3096} INFO - Sync 1 DAGs
[2024-06-16T23:29:33.816+0000] {logging_mixin.py:188} INFO - [2024-06-16T23:29:33.816+0000] {dag.py:3954} INFO - Setting next_dagrun for dag_data_etl_v3 to 2024-06-16 12:00:00+00:00, run_after=2024-06-17 00:00:00+00:00
[2024-06-16T23:29:33.827+0000] {processor.py:183} INFO - Processing /opt/airflow/dags/data_etl_dag.py took 0.363 seconds
[2024-06-16T23:30:03.961+0000] {processor.py:161} INFO - Started process (PID=599) to work on /opt/airflow/dags/data_etl_dag.py
[2024-06-16T23:30:03.962+0000] {processor.py:830} INFO - Processing file /opt/airflow/dags/data_etl_dag.py for tasks to queue
[2024-06-16T23:30:03.963+0000] {logging_mixin.py:188} INFO - [2024-06-16T23:30:03.962+0000] {dagbag.py:545} INFO - Filling up the DagBag from /opt/airflow/dags/data_etl_dag.py
[2024-06-16T23:30:04.305+0000] {processor.py:840} INFO - DAG(s) 'dag_data_etl_v3' retrieved from /opt/airflow/dags/data_etl_dag.py
[2024-06-16T23:30:04.317+0000] {logging_mixin.py:188} INFO - [2024-06-16T23:30:04.317+0000] {dag.py:3096} INFO - Sync 1 DAGs
[2024-06-16T23:30:04.329+0000] {logging_mixin.py:188} INFO - [2024-06-16T23:30:04.328+0000] {dag.py:3954} INFO - Setting next_dagrun for dag_data_etl_v3 to 2024-06-16 12:00:00+00:00, run_after=2024-06-17 00:00:00+00:00
[2024-06-16T23:30:04.340+0000] {processor.py:183} INFO - Processing /opt/airflow/dags/data_etl_dag.py took 0.382 seconds
[2024-06-16T23:30:34.460+0000] {processor.py:161} INFO - Started process (PID=611) to work on /opt/airflow/dags/data_etl_dag.py
[2024-06-16T23:30:34.460+0000] {processor.py:830} INFO - Processing file /opt/airflow/dags/data_etl_dag.py for tasks to queue
[2024-06-16T23:30:34.461+0000] {logging_mixin.py:188} INFO - [2024-06-16T23:30:34.461+0000] {dagbag.py:545} INFO - Filling up the DagBag from /opt/airflow/dags/data_etl_dag.py
[2024-06-16T23:30:34.784+0000] {processor.py:840} INFO - DAG(s) 'dag_data_etl_v3' retrieved from /opt/airflow/dags/data_etl_dag.py
[2024-06-16T23:30:34.795+0000] {logging_mixin.py:188} INFO - [2024-06-16T23:30:34.795+0000] {dag.py:3096} INFO - Sync 1 DAGs
[2024-06-16T23:30:34.806+0000] {logging_mixin.py:188} INFO - [2024-06-16T23:30:34.805+0000] {dag.py:3954} INFO - Setting next_dagrun for dag_data_etl_v3 to 2024-06-16 12:00:00+00:00, run_after=2024-06-17 00:00:00+00:00
[2024-06-16T23:30:34.818+0000] {processor.py:183} INFO - Processing /opt/airflow/dags/data_etl_dag.py took 0.361 seconds
[2024-06-16T23:31:04.943+0000] {processor.py:161} INFO - Started process (PID=622) to work on /opt/airflow/dags/data_etl_dag.py
[2024-06-16T23:31:04.944+0000] {processor.py:830} INFO - Processing file /opt/airflow/dags/data_etl_dag.py for tasks to queue
[2024-06-16T23:31:04.945+0000] {logging_mixin.py:188} INFO - [2024-06-16T23:31:04.945+0000] {dagbag.py:545} INFO - Filling up the DagBag from /opt/airflow/dags/data_etl_dag.py
[2024-06-16T23:31:05.275+0000] {processor.py:840} INFO - DAG(s) 'dag_data_etl_v3' retrieved from /opt/airflow/dags/data_etl_dag.py
[2024-06-16T23:31:05.286+0000] {logging_mixin.py:188} INFO - [2024-06-16T23:31:05.285+0000] {dag.py:3096} INFO - Sync 1 DAGs
[2024-06-16T23:31:05.296+0000] {logging_mixin.py:188} INFO - [2024-06-16T23:31:05.296+0000] {dag.py:3954} INFO - Setting next_dagrun for dag_data_etl_v3 to 2024-06-16 12:00:00+00:00, run_after=2024-06-17 00:00:00+00:00
[2024-06-16T23:31:05.306+0000] {processor.py:183} INFO - Processing /opt/airflow/dags/data_etl_dag.py took 0.366 seconds
[2024-06-16T23:31:35.448+0000] {processor.py:161} INFO - Started process (PID=640) to work on /opt/airflow/dags/data_etl_dag.py
[2024-06-16T23:31:35.449+0000] {processor.py:830} INFO - Processing file /opt/airflow/dags/data_etl_dag.py for tasks to queue
[2024-06-16T23:31:35.450+0000] {logging_mixin.py:188} INFO - [2024-06-16T23:31:35.450+0000] {dagbag.py:545} INFO - Filling up the DagBag from /opt/airflow/dags/data_etl_dag.py
[2024-06-16T23:31:35.831+0000] {processor.py:840} INFO - DAG(s) 'dag_data_etl_v3' retrieved from /opt/airflow/dags/data_etl_dag.py
[2024-06-16T23:31:35.843+0000] {logging_mixin.py:188} INFO - [2024-06-16T23:31:35.843+0000] {dag.py:3096} INFO - Sync 1 DAGs
[2024-06-16T23:31:35.855+0000] {logging_mixin.py:188} INFO - [2024-06-16T23:31:35.854+0000] {dag.py:3954} INFO - Setting next_dagrun for dag_data_etl_v3 to 2024-06-16 12:00:00+00:00, run_after=2024-06-17 00:00:00+00:00
[2024-06-16T23:31:35.867+0000] {processor.py:183} INFO - Processing /opt/airflow/dags/data_etl_dag.py took 0.422 seconds
[2024-06-16T23:32:06.028+0000] {processor.py:161} INFO - Started process (PID=652) to work on /opt/airflow/dags/data_etl_dag.py
[2024-06-16T23:32:06.028+0000] {processor.py:830} INFO - Processing file /opt/airflow/dags/data_etl_dag.py for tasks to queue
[2024-06-16T23:32:06.029+0000] {logging_mixin.py:188} INFO - [2024-06-16T23:32:06.029+0000] {dagbag.py:545} INFO - Filling up the DagBag from /opt/airflow/dags/data_etl_dag.py
[2024-06-16T23:32:06.361+0000] {processor.py:840} INFO - DAG(s) 'dag_data_etl_v3' retrieved from /opt/airflow/dags/data_etl_dag.py
[2024-06-16T23:32:06.372+0000] {logging_mixin.py:188} INFO - [2024-06-16T23:32:06.372+0000] {dag.py:3096} INFO - Sync 1 DAGs
[2024-06-16T23:32:06.384+0000] {logging_mixin.py:188} INFO - [2024-06-16T23:32:06.384+0000] {dag.py:3954} INFO - Setting next_dagrun for dag_data_etl_v3 to 2024-06-16 12:00:00+00:00, run_after=2024-06-17 00:00:00+00:00
[2024-06-16T23:32:06.396+0000] {processor.py:183} INFO - Processing /opt/airflow/dags/data_etl_dag.py took 0.371 seconds
[2024-06-16T23:32:36.519+0000] {processor.py:161} INFO - Started process (PID=664) to work on /opt/airflow/dags/data_etl_dag.py
[2024-06-16T23:32:36.519+0000] {processor.py:830} INFO - Processing file /opt/airflow/dags/data_etl_dag.py for tasks to queue
[2024-06-16T23:32:36.521+0000] {logging_mixin.py:188} INFO - [2024-06-16T23:32:36.521+0000] {dagbag.py:545} INFO - Filling up the DagBag from /opt/airflow/dags/data_etl_dag.py
[2024-06-16T23:32:36.841+0000] {processor.py:840} INFO - DAG(s) 'dag_data_etl_v3' retrieved from /opt/airflow/dags/data_etl_dag.py
[2024-06-16T23:32:36.853+0000] {logging_mixin.py:188} INFO - [2024-06-16T23:32:36.853+0000] {dag.py:3096} INFO - Sync 1 DAGs
[2024-06-16T23:32:36.865+0000] {logging_mixin.py:188} INFO - [2024-06-16T23:32:36.864+0000] {dag.py:3954} INFO - Setting next_dagrun for dag_data_etl_v3 to 2024-06-16 12:00:00+00:00, run_after=2024-06-17 00:00:00+00:00
[2024-06-16T23:32:36.877+0000] {processor.py:183} INFO - Processing /opt/airflow/dags/data_etl_dag.py took 0.361 seconds
[2024-06-16T23:33:07.012+0000] {processor.py:161} INFO - Started process (PID=676) to work on /opt/airflow/dags/data_etl_dag.py
[2024-06-16T23:33:07.013+0000] {processor.py:830} INFO - Processing file /opt/airflow/dags/data_etl_dag.py for tasks to queue
[2024-06-16T23:33:07.014+0000] {logging_mixin.py:188} INFO - [2024-06-16T23:33:07.014+0000] {dagbag.py:545} INFO - Filling up the DagBag from /opt/airflow/dags/data_etl_dag.py
[2024-06-16T23:33:07.375+0000] {processor.py:840} INFO - DAG(s) 'dag_data_etl_v3' retrieved from /opt/airflow/dags/data_etl_dag.py
[2024-06-16T23:33:07.389+0000] {logging_mixin.py:188} INFO - [2024-06-16T23:33:07.389+0000] {dag.py:3096} INFO - Sync 1 DAGs
[2024-06-16T23:33:07.404+0000] {logging_mixin.py:188} INFO - [2024-06-16T23:33:07.404+0000] {dag.py:3954} INFO - Setting next_dagrun for dag_data_etl_v3 to 2024-06-16 12:00:00+00:00, run_after=2024-06-17 00:00:00+00:00
[2024-06-16T23:33:07.417+0000] {processor.py:183} INFO - Processing /opt/airflow/dags/data_etl_dag.py took 0.408 seconds
[2024-06-16T23:33:37.856+0000] {processor.py:161} INFO - Started process (PID=688) to work on /opt/airflow/dags/data_etl_dag.py
[2024-06-16T23:33:37.857+0000] {processor.py:830} INFO - Processing file /opt/airflow/dags/data_etl_dag.py for tasks to queue
[2024-06-16T23:33:37.858+0000] {logging_mixin.py:188} INFO - [2024-06-16T23:33:37.858+0000] {dagbag.py:545} INFO - Filling up the DagBag from /opt/airflow/dags/data_etl_dag.py
[2024-06-16T23:33:38.204+0000] {processor.py:840} INFO - DAG(s) 'dag_data_etl_v3' retrieved from /opt/airflow/dags/data_etl_dag.py
[2024-06-16T23:33:38.215+0000] {logging_mixin.py:188} INFO - [2024-06-16T23:33:38.215+0000] {dag.py:3096} INFO - Sync 1 DAGs
[2024-06-16T23:33:38.226+0000] {logging_mixin.py:188} INFO - [2024-06-16T23:33:38.226+0000] {dag.py:3954} INFO - Setting next_dagrun for dag_data_etl_v3 to 2024-06-16 12:00:00+00:00, run_after=2024-06-17 00:00:00+00:00
[2024-06-16T23:33:38.238+0000] {processor.py:183} INFO - Processing /opt/airflow/dags/data_etl_dag.py took 0.385 seconds
[2024-06-16T23:34:08.347+0000] {processor.py:161} INFO - Started process (PID=700) to work on /opt/airflow/dags/data_etl_dag.py
[2024-06-16T23:34:08.348+0000] {processor.py:830} INFO - Processing file /opt/airflow/dags/data_etl_dag.py for tasks to queue
[2024-06-16T23:34:08.349+0000] {logging_mixin.py:188} INFO - [2024-06-16T23:34:08.348+0000] {dagbag.py:545} INFO - Filling up the DagBag from /opt/airflow/dags/data_etl_dag.py
[2024-06-16T23:34:08.674+0000] {processor.py:840} INFO - DAG(s) 'dag_data_etl_v3' retrieved from /opt/airflow/dags/data_etl_dag.py
[2024-06-16T23:34:08.685+0000] {logging_mixin.py:188} INFO - [2024-06-16T23:34:08.685+0000] {dag.py:3096} INFO - Sync 1 DAGs
[2024-06-16T23:34:08.697+0000] {logging_mixin.py:188} INFO - [2024-06-16T23:34:08.696+0000] {dag.py:3954} INFO - Setting next_dagrun for dag_data_etl_v3 to 2024-06-16 12:00:00+00:00, run_after=2024-06-17 00:00:00+00:00
[2024-06-16T23:34:08.707+0000] {processor.py:183} INFO - Processing /opt/airflow/dags/data_etl_dag.py took 0.363 seconds
[2024-06-16T23:34:38.834+0000] {processor.py:161} INFO - Started process (PID=712) to work on /opt/airflow/dags/data_etl_dag.py
[2024-06-16T23:34:38.835+0000] {processor.py:830} INFO - Processing file /opt/airflow/dags/data_etl_dag.py for tasks to queue
[2024-06-16T23:34:38.836+0000] {logging_mixin.py:188} INFO - [2024-06-16T23:34:38.835+0000] {dagbag.py:545} INFO - Filling up the DagBag from /opt/airflow/dags/data_etl_dag.py
[2024-06-16T23:34:39.182+0000] {processor.py:840} INFO - DAG(s) 'dag_data_etl_v3' retrieved from /opt/airflow/dags/data_etl_dag.py
[2024-06-16T23:34:39.194+0000] {logging_mixin.py:188} INFO - [2024-06-16T23:34:39.194+0000] {dag.py:3096} INFO - Sync 1 DAGs
[2024-06-16T23:34:39.206+0000] {logging_mixin.py:188} INFO - [2024-06-16T23:34:39.205+0000] {dag.py:3954} INFO - Setting next_dagrun for dag_data_etl_v3 to 2024-06-16 12:00:00+00:00, run_after=2024-06-17 00:00:00+00:00
[2024-06-16T23:34:39.218+0000] {processor.py:183} INFO - Processing /opt/airflow/dags/data_etl_dag.py took 0.387 seconds
[2024-06-16T23:35:09.345+0000] {processor.py:161} INFO - Started process (PID=724) to work on /opt/airflow/dags/data_etl_dag.py
[2024-06-16T23:35:09.346+0000] {processor.py:830} INFO - Processing file /opt/airflow/dags/data_etl_dag.py for tasks to queue
[2024-06-16T23:35:09.347+0000] {logging_mixin.py:188} INFO - [2024-06-16T23:35:09.347+0000] {dagbag.py:545} INFO - Filling up the DagBag from /opt/airflow/dags/data_etl_dag.py
[2024-06-16T23:35:09.697+0000] {processor.py:840} INFO - DAG(s) 'dag_data_etl_v3' retrieved from /opt/airflow/dags/data_etl_dag.py
[2024-06-16T23:35:09.711+0000] {logging_mixin.py:188} INFO - [2024-06-16T23:35:09.710+0000] {dag.py:3096} INFO - Sync 1 DAGs
[2024-06-16T23:35:09.723+0000] {logging_mixin.py:188} INFO - [2024-06-16T23:35:09.722+0000] {dag.py:3954} INFO - Setting next_dagrun for dag_data_etl_v3 to 2024-06-16 12:00:00+00:00, run_after=2024-06-17 00:00:00+00:00
[2024-06-16T23:35:09.733+0000] {processor.py:183} INFO - Processing /opt/airflow/dags/data_etl_dag.py took 0.391 seconds
[2024-06-16T23:35:39.864+0000] {processor.py:161} INFO - Started process (PID=736) to work on /opt/airflow/dags/data_etl_dag.py
[2024-06-16T23:35:39.864+0000] {processor.py:830} INFO - Processing file /opt/airflow/dags/data_etl_dag.py for tasks to queue
[2024-06-16T23:35:39.865+0000] {logging_mixin.py:188} INFO - [2024-06-16T23:35:39.865+0000] {dagbag.py:545} INFO - Filling up the DagBag from /opt/airflow/dags/data_etl_dag.py
[2024-06-16T23:35:40.177+0000] {processor.py:840} INFO - DAG(s) 'dag_data_etl_v3' retrieved from /opt/airflow/dags/data_etl_dag.py
[2024-06-16T23:35:40.188+0000] {logging_mixin.py:188} INFO - [2024-06-16T23:35:40.188+0000] {dag.py:3096} INFO - Sync 1 DAGs
[2024-06-16T23:35:40.199+0000] {logging_mixin.py:188} INFO - [2024-06-16T23:35:40.199+0000] {dag.py:3954} INFO - Setting next_dagrun for dag_data_etl_v3 to 2024-06-16 12:00:00+00:00, run_after=2024-06-17 00:00:00+00:00
[2024-06-16T23:35:40.209+0000] {processor.py:183} INFO - Processing /opt/airflow/dags/data_etl_dag.py took 0.348 seconds
[2024-06-16T23:36:10.334+0000] {processor.py:161} INFO - Started process (PID=748) to work on /opt/airflow/dags/data_etl_dag.py
[2024-06-16T23:36:10.335+0000] {processor.py:830} INFO - Processing file /opt/airflow/dags/data_etl_dag.py for tasks to queue
[2024-06-16T23:36:10.336+0000] {logging_mixin.py:188} INFO - [2024-06-16T23:36:10.336+0000] {dagbag.py:545} INFO - Filling up the DagBag from /opt/airflow/dags/data_etl_dag.py
[2024-06-16T23:36:10.678+0000] {processor.py:840} INFO - DAG(s) 'dag_data_etl_v3' retrieved from /opt/airflow/dags/data_etl_dag.py
[2024-06-16T23:36:10.690+0000] {logging_mixin.py:188} INFO - [2024-06-16T23:36:10.690+0000] {dag.py:3096} INFO - Sync 1 DAGs
[2024-06-16T23:36:10.701+0000] {logging_mixin.py:188} INFO - [2024-06-16T23:36:10.701+0000] {dag.py:3954} INFO - Setting next_dagrun for dag_data_etl_v3 to 2024-06-16 12:00:00+00:00, run_after=2024-06-17 00:00:00+00:00
[2024-06-16T23:36:10.712+0000] {processor.py:183} INFO - Processing /opt/airflow/dags/data_etl_dag.py took 0.381 seconds
[2024-06-16T23:36:40.838+0000] {processor.py:161} INFO - Started process (PID=760) to work on /opt/airflow/dags/data_etl_dag.py
[2024-06-16T23:36:40.838+0000] {processor.py:830} INFO - Processing file /opt/airflow/dags/data_etl_dag.py for tasks to queue
[2024-06-16T23:36:40.839+0000] {logging_mixin.py:188} INFO - [2024-06-16T23:36:40.839+0000] {dagbag.py:545} INFO - Filling up the DagBag from /opt/airflow/dags/data_etl_dag.py
[2024-06-16T23:36:41.170+0000] {processor.py:840} INFO - DAG(s) 'dag_data_etl_v3' retrieved from /opt/airflow/dags/data_etl_dag.py
[2024-06-16T23:36:41.181+0000] {logging_mixin.py:188} INFO - [2024-06-16T23:36:41.181+0000] {dag.py:3096} INFO - Sync 1 DAGs
[2024-06-16T23:36:41.192+0000] {logging_mixin.py:188} INFO - [2024-06-16T23:36:41.191+0000] {dag.py:3954} INFO - Setting next_dagrun for dag_data_etl_v3 to 2024-06-16 12:00:00+00:00, run_after=2024-06-17 00:00:00+00:00
[2024-06-16T23:36:41.202+0000] {processor.py:183} INFO - Processing /opt/airflow/dags/data_etl_dag.py took 0.367 seconds
[2024-06-16T23:37:11.358+0000] {processor.py:161} INFO - Started process (PID=772) to work on /opt/airflow/dags/data_etl_dag.py
[2024-06-16T23:37:11.359+0000] {processor.py:830} INFO - Processing file /opt/airflow/dags/data_etl_dag.py for tasks to queue
[2024-06-16T23:37:11.360+0000] {logging_mixin.py:188} INFO - [2024-06-16T23:37:11.360+0000] {dagbag.py:545} INFO - Filling up the DagBag from /opt/airflow/dags/data_etl_dag.py
[2024-06-16T23:37:11.673+0000] {processor.py:840} INFO - DAG(s) 'dag_data_etl_v3' retrieved from /opt/airflow/dags/data_etl_dag.py
[2024-06-16T23:37:11.684+0000] {logging_mixin.py:188} INFO - [2024-06-16T23:37:11.684+0000] {dag.py:3096} INFO - Sync 1 DAGs
[2024-06-16T23:37:11.695+0000] {logging_mixin.py:188} INFO - [2024-06-16T23:37:11.695+0000] {dag.py:3954} INFO - Setting next_dagrun for dag_data_etl_v3 to 2024-06-16 12:00:00+00:00, run_after=2024-06-17 00:00:00+00:00
[2024-06-16T23:37:11.706+0000] {processor.py:183} INFO - Processing /opt/airflow/dags/data_etl_dag.py took 0.351 seconds
[2024-06-16T23:37:41.837+0000] {processor.py:161} INFO - Started process (PID=784) to work on /opt/airflow/dags/data_etl_dag.py
[2024-06-16T23:37:41.837+0000] {processor.py:830} INFO - Processing file /opt/airflow/dags/data_etl_dag.py for tasks to queue
[2024-06-16T23:37:41.838+0000] {logging_mixin.py:188} INFO - [2024-06-16T23:37:41.838+0000] {dagbag.py:545} INFO - Filling up the DagBag from /opt/airflow/dags/data_etl_dag.py
[2024-06-16T23:37:42.181+0000] {processor.py:840} INFO - DAG(s) 'dag_data_etl_v3' retrieved from /opt/airflow/dags/data_etl_dag.py
[2024-06-16T23:37:42.195+0000] {logging_mixin.py:188} INFO - [2024-06-16T23:37:42.195+0000] {dag.py:3096} INFO - Sync 1 DAGs
[2024-06-16T23:37:42.208+0000] {logging_mixin.py:188} INFO - [2024-06-16T23:37:42.208+0000] {dag.py:3954} INFO - Setting next_dagrun for dag_data_etl_v3 to 2024-06-16 12:00:00+00:00, run_after=2024-06-17 00:00:00+00:00
[2024-06-16T23:37:42.221+0000] {processor.py:183} INFO - Processing /opt/airflow/dags/data_etl_dag.py took 0.387 seconds
[2024-06-16T23:38:12.339+0000] {processor.py:161} INFO - Started process (PID=796) to work on /opt/airflow/dags/data_etl_dag.py
[2024-06-16T23:38:12.340+0000] {processor.py:830} INFO - Processing file /opt/airflow/dags/data_etl_dag.py for tasks to queue
[2024-06-16T23:38:12.341+0000] {logging_mixin.py:188} INFO - [2024-06-16T23:38:12.341+0000] {dagbag.py:545} INFO - Filling up the DagBag from /opt/airflow/dags/data_etl_dag.py
[2024-06-16T23:38:12.670+0000] {processor.py:840} INFO - DAG(s) 'dag_data_etl_v3' retrieved from /opt/airflow/dags/data_etl_dag.py
[2024-06-16T23:38:12.681+0000] {logging_mixin.py:188} INFO - [2024-06-16T23:38:12.681+0000] {dag.py:3096} INFO - Sync 1 DAGs
[2024-06-16T23:38:12.692+0000] {logging_mixin.py:188} INFO - [2024-06-16T23:38:12.692+0000] {dag.py:3954} INFO - Setting next_dagrun for dag_data_etl_v3 to 2024-06-16 12:00:00+00:00, run_after=2024-06-17 00:00:00+00:00
[2024-06-16T23:38:12.706+0000] {processor.py:183} INFO - Processing /opt/airflow/dags/data_etl_dag.py took 0.369 seconds
[2024-06-16T23:38:43.104+0000] {processor.py:161} INFO - Started process (PID=808) to work on /opt/airflow/dags/data_etl_dag.py
[2024-06-16T23:38:43.104+0000] {processor.py:830} INFO - Processing file /opt/airflow/dags/data_etl_dag.py for tasks to queue
[2024-06-16T23:38:43.105+0000] {logging_mixin.py:188} INFO - [2024-06-16T23:38:43.105+0000] {dagbag.py:545} INFO - Filling up the DagBag from /opt/airflow/dags/data_etl_dag.py
[2024-06-16T23:38:43.449+0000] {processor.py:840} INFO - DAG(s) 'dag_data_etl_v3' retrieved from /opt/airflow/dags/data_etl_dag.py
[2024-06-16T23:38:43.461+0000] {logging_mixin.py:188} INFO - [2024-06-16T23:38:43.461+0000] {dag.py:3096} INFO - Sync 1 DAGs
[2024-06-16T23:38:43.472+0000] {logging_mixin.py:188} INFO - [2024-06-16T23:38:43.472+0000] {dag.py:3954} INFO - Setting next_dagrun for dag_data_etl_v3 to 2024-06-16 12:00:00+00:00, run_after=2024-06-17 00:00:00+00:00
[2024-06-16T23:38:43.483+0000] {processor.py:183} INFO - Processing /opt/airflow/dags/data_etl_dag.py took 0.382 seconds
[2024-06-16T23:39:13.823+0000] {processor.py:161} INFO - Started process (PID=820) to work on /opt/airflow/dags/data_etl_dag.py
[2024-06-16T23:39:13.824+0000] {processor.py:830} INFO - Processing file /opt/airflow/dags/data_etl_dag.py for tasks to queue
[2024-06-16T23:39:13.827+0000] {logging_mixin.py:188} INFO - [2024-06-16T23:39:13.827+0000] {dagbag.py:545} INFO - Filling up the DagBag from /opt/airflow/dags/data_etl_dag.py
[2024-06-16T23:39:14.234+0000] {processor.py:840} INFO - DAG(s) 'dag_data_etl_v3' retrieved from /opt/airflow/dags/data_etl_dag.py
[2024-06-16T23:39:14.246+0000] {logging_mixin.py:188} INFO - [2024-06-16T23:39:14.246+0000] {dag.py:3096} INFO - Sync 1 DAGs
[2024-06-16T23:39:14.257+0000] {logging_mixin.py:188} INFO - [2024-06-16T23:39:14.257+0000] {dag.py:3954} INFO - Setting next_dagrun for dag_data_etl_v3 to 2024-06-16 12:00:00+00:00, run_after=2024-06-17 00:00:00+00:00
[2024-06-16T23:39:14.275+0000] {processor.py:183} INFO - Processing /opt/airflow/dags/data_etl_dag.py took 0.455 seconds
[2024-06-16T23:39:44.420+0000] {processor.py:161} INFO - Started process (PID=832) to work on /opt/airflow/dags/data_etl_dag.py
[2024-06-16T23:39:44.420+0000] {processor.py:830} INFO - Processing file /opt/airflow/dags/data_etl_dag.py for tasks to queue
[2024-06-16T23:39:44.421+0000] {logging_mixin.py:188} INFO - [2024-06-16T23:39:44.421+0000] {dagbag.py:545} INFO - Filling up the DagBag from /opt/airflow/dags/data_etl_dag.py
[2024-06-16T23:39:44.739+0000] {processor.py:840} INFO - DAG(s) 'dag_data_etl_v3' retrieved from /opt/airflow/dags/data_etl_dag.py
[2024-06-16T23:39:44.752+0000] {logging_mixin.py:188} INFO - [2024-06-16T23:39:44.751+0000] {dag.py:3096} INFO - Sync 1 DAGs
[2024-06-16T23:39:44.764+0000] {logging_mixin.py:188} INFO - [2024-06-16T23:39:44.763+0000] {dag.py:3954} INFO - Setting next_dagrun for dag_data_etl_v3 to 2024-06-16 12:00:00+00:00, run_after=2024-06-17 00:00:00+00:00
[2024-06-16T23:39:44.775+0000] {processor.py:183} INFO - Processing /opt/airflow/dags/data_etl_dag.py took 0.358 seconds
[2024-06-16T23:40:14.909+0000] {processor.py:161} INFO - Started process (PID=844) to work on /opt/airflow/dags/data_etl_dag.py
[2024-06-16T23:40:14.909+0000] {processor.py:830} INFO - Processing file /opt/airflow/dags/data_etl_dag.py for tasks to queue
[2024-06-16T23:40:14.910+0000] {logging_mixin.py:188} INFO - [2024-06-16T23:40:14.910+0000] {dagbag.py:545} INFO - Filling up the DagBag from /opt/airflow/dags/data_etl_dag.py
[2024-06-16T23:40:15.228+0000] {processor.py:840} INFO - DAG(s) 'dag_data_etl_v3' retrieved from /opt/airflow/dags/data_etl_dag.py
[2024-06-16T23:40:15.239+0000] {logging_mixin.py:188} INFO - [2024-06-16T23:40:15.239+0000] {dag.py:3096} INFO - Sync 1 DAGs
[2024-06-16T23:40:15.250+0000] {logging_mixin.py:188} INFO - [2024-06-16T23:40:15.250+0000] {dag.py:3954} INFO - Setting next_dagrun for dag_data_etl_v3 to 2024-06-16 12:00:00+00:00, run_after=2024-06-17 00:00:00+00:00
[2024-06-16T23:40:15.260+0000] {processor.py:183} INFO - Processing /opt/airflow/dags/data_etl_dag.py took 0.354 seconds
[2024-06-16T23:40:45.370+0000] {processor.py:161} INFO - Started process (PID=856) to work on /opt/airflow/dags/data_etl_dag.py
[2024-06-16T23:40:45.370+0000] {processor.py:830} INFO - Processing file /opt/airflow/dags/data_etl_dag.py for tasks to queue
[2024-06-16T23:40:45.371+0000] {logging_mixin.py:188} INFO - [2024-06-16T23:40:45.371+0000] {dagbag.py:545} INFO - Filling up the DagBag from /opt/airflow/dags/data_etl_dag.py
[2024-06-16T23:40:45.701+0000] {processor.py:840} INFO - DAG(s) 'dag_data_etl_v3' retrieved from /opt/airflow/dags/data_etl_dag.py
[2024-06-16T23:40:45.712+0000] {logging_mixin.py:188} INFO - [2024-06-16T23:40:45.712+0000] {dag.py:3096} INFO - Sync 1 DAGs
[2024-06-16T23:40:45.722+0000] {logging_mixin.py:188} INFO - [2024-06-16T23:40:45.722+0000] {dag.py:3954} INFO - Setting next_dagrun for dag_data_etl_v3 to 2024-06-16 12:00:00+00:00, run_after=2024-06-17 00:00:00+00:00
[2024-06-16T23:40:45.734+0000] {processor.py:183} INFO - Processing /opt/airflow/dags/data_etl_dag.py took 0.367 seconds
[2024-06-16T23:41:15.860+0000] {processor.py:161} INFO - Started process (PID=868) to work on /opt/airflow/dags/data_etl_dag.py
[2024-06-16T23:41:15.861+0000] {processor.py:830} INFO - Processing file /opt/airflow/dags/data_etl_dag.py for tasks to queue
[2024-06-16T23:41:15.862+0000] {logging_mixin.py:188} INFO - [2024-06-16T23:41:15.861+0000] {dagbag.py:545} INFO - Filling up the DagBag from /opt/airflow/dags/data_etl_dag.py
[2024-06-16T23:41:16.178+0000] {processor.py:840} INFO - DAG(s) 'dag_data_etl_v3' retrieved from /opt/airflow/dags/data_etl_dag.py
[2024-06-16T23:41:16.190+0000] {logging_mixin.py:188} INFO - [2024-06-16T23:41:16.190+0000] {dag.py:3096} INFO - Sync 1 DAGs
[2024-06-16T23:41:16.202+0000] {logging_mixin.py:188} INFO - [2024-06-16T23:41:16.202+0000] {dag.py:3954} INFO - Setting next_dagrun for dag_data_etl_v3 to 2024-06-16 12:00:00+00:00, run_after=2024-06-17 00:00:00+00:00
[2024-06-16T23:41:16.213+0000] {processor.py:183} INFO - Processing /opt/airflow/dags/data_etl_dag.py took 0.356 seconds
[2024-06-16T23:41:46.345+0000] {processor.py:161} INFO - Started process (PID=880) to work on /opt/airflow/dags/data_etl_dag.py
[2024-06-16T23:41:46.346+0000] {processor.py:830} INFO - Processing file /opt/airflow/dags/data_etl_dag.py for tasks to queue
[2024-06-16T23:41:46.347+0000] {logging_mixin.py:188} INFO - [2024-06-16T23:41:46.346+0000] {dagbag.py:545} INFO - Filling up the DagBag from /opt/airflow/dags/data_etl_dag.py
[2024-06-16T23:41:46.670+0000] {processor.py:840} INFO - DAG(s) 'dag_data_etl_v3' retrieved from /opt/airflow/dags/data_etl_dag.py
[2024-06-16T23:41:46.684+0000] {logging_mixin.py:188} INFO - [2024-06-16T23:41:46.684+0000] {dag.py:3096} INFO - Sync 1 DAGs
[2024-06-16T23:41:46.695+0000] {logging_mixin.py:188} INFO - [2024-06-16T23:41:46.695+0000] {dag.py:3954} INFO - Setting next_dagrun for dag_data_etl_v3 to 2024-06-16 12:00:00+00:00, run_after=2024-06-17 00:00:00+00:00
[2024-06-16T23:41:46.706+0000] {processor.py:183} INFO - Processing /opt/airflow/dags/data_etl_dag.py took 0.364 seconds
[2024-06-16T23:42:16.850+0000] {processor.py:161} INFO - Started process (PID=892) to work on /opt/airflow/dags/data_etl_dag.py
[2024-06-16T23:42:16.851+0000] {processor.py:830} INFO - Processing file /opt/airflow/dags/data_etl_dag.py for tasks to queue
[2024-06-16T23:42:16.852+0000] {logging_mixin.py:188} INFO - [2024-06-16T23:42:16.852+0000] {dagbag.py:545} INFO - Filling up the DagBag from /opt/airflow/dags/data_etl_dag.py
[2024-06-16T23:42:17.183+0000] {processor.py:840} INFO - DAG(s) 'dag_data_etl_v3' retrieved from /opt/airflow/dags/data_etl_dag.py
[2024-06-16T23:42:17.196+0000] {logging_mixin.py:188} INFO - [2024-06-16T23:42:17.195+0000] {dag.py:3096} INFO - Sync 1 DAGs
[2024-06-16T23:42:17.206+0000] {logging_mixin.py:188} INFO - [2024-06-16T23:42:17.206+0000] {dag.py:3954} INFO - Setting next_dagrun for dag_data_etl_v3 to 2024-06-16 12:00:00+00:00, run_after=2024-06-17 00:00:00+00:00
[2024-06-16T23:42:17.218+0000] {processor.py:183} INFO - Processing /opt/airflow/dags/data_etl_dag.py took 0.371 seconds
[2024-06-16T23:42:47.368+0000] {processor.py:161} INFO - Started process (PID=904) to work on /opt/airflow/dags/data_etl_dag.py
[2024-06-16T23:42:47.368+0000] {processor.py:830} INFO - Processing file /opt/airflow/dags/data_etl_dag.py for tasks to queue
[2024-06-16T23:42:47.369+0000] {logging_mixin.py:188} INFO - [2024-06-16T23:42:47.369+0000] {dagbag.py:545} INFO - Filling up the DagBag from /opt/airflow/dags/data_etl_dag.py
[2024-06-16T23:42:47.715+0000] {processor.py:840} INFO - DAG(s) 'dag_data_etl_v3' retrieved from /opt/airflow/dags/data_etl_dag.py
[2024-06-16T23:42:47.727+0000] {logging_mixin.py:188} INFO - [2024-06-16T23:42:47.726+0000] {dag.py:3096} INFO - Sync 1 DAGs
[2024-06-16T23:42:47.738+0000] {logging_mixin.py:188} INFO - [2024-06-16T23:42:47.738+0000] {dag.py:3954} INFO - Setting next_dagrun for dag_data_etl_v3 to 2024-06-16 12:00:00+00:00, run_after=2024-06-17 00:00:00+00:00
[2024-06-16T23:42:47.749+0000] {processor.py:183} INFO - Processing /opt/airflow/dags/data_etl_dag.py took 0.385 seconds
[2024-06-16T23:43:18.151+0000] {processor.py:161} INFO - Started process (PID=916) to work on /opt/airflow/dags/data_etl_dag.py
[2024-06-16T23:43:18.151+0000] {processor.py:830} INFO - Processing file /opt/airflow/dags/data_etl_dag.py for tasks to queue
[2024-06-16T23:43:18.152+0000] {logging_mixin.py:188} INFO - [2024-06-16T23:43:18.152+0000] {dagbag.py:545} INFO - Filling up the DagBag from /opt/airflow/dags/data_etl_dag.py
[2024-06-16T23:43:18.470+0000] {processor.py:840} INFO - DAG(s) 'dag_data_etl_v3' retrieved from /opt/airflow/dags/data_etl_dag.py
[2024-06-16T23:43:18.482+0000] {logging_mixin.py:188} INFO - [2024-06-16T23:43:18.481+0000] {dag.py:3096} INFO - Sync 1 DAGs
[2024-06-16T23:43:18.493+0000] {logging_mixin.py:188} INFO - [2024-06-16T23:43:18.492+0000] {dag.py:3954} INFO - Setting next_dagrun for dag_data_etl_v3 to 2024-06-16 12:00:00+00:00, run_after=2024-06-17 00:00:00+00:00
[2024-06-16T23:43:18.506+0000] {processor.py:183} INFO - Processing /opt/airflow/dags/data_etl_dag.py took 0.358 seconds
[2024-06-16T23:43:48.608+0000] {processor.py:161} INFO - Started process (PID=928) to work on /opt/airflow/dags/data_etl_dag.py
[2024-06-16T23:43:48.609+0000] {processor.py:830} INFO - Processing file /opt/airflow/dags/data_etl_dag.py for tasks to queue
[2024-06-16T23:43:48.610+0000] {logging_mixin.py:188} INFO - [2024-06-16T23:43:48.609+0000] {dagbag.py:545} INFO - Filling up the DagBag from /opt/airflow/dags/data_etl_dag.py
[2024-06-16T23:43:48.919+0000] {processor.py:840} INFO - DAG(s) 'dag_data_etl_v3' retrieved from /opt/airflow/dags/data_etl_dag.py
[2024-06-16T23:43:48.930+0000] {logging_mixin.py:188} INFO - [2024-06-16T23:43:48.930+0000] {dag.py:3096} INFO - Sync 1 DAGs
[2024-06-16T23:43:48.942+0000] {logging_mixin.py:188} INFO - [2024-06-16T23:43:48.942+0000] {dag.py:3954} INFO - Setting next_dagrun for dag_data_etl_v3 to 2024-06-16 12:00:00+00:00, run_after=2024-06-17 00:00:00+00:00
[2024-06-16T23:43:48.956+0000] {processor.py:183} INFO - Processing /opt/airflow/dags/data_etl_dag.py took 0.351 seconds
[2024-06-16T23:44:19.077+0000] {processor.py:161} INFO - Started process (PID=941) to work on /opt/airflow/dags/data_etl_dag.py
[2024-06-16T23:44:19.078+0000] {processor.py:830} INFO - Processing file /opt/airflow/dags/data_etl_dag.py for tasks to queue
[2024-06-16T23:44:19.079+0000] {logging_mixin.py:188} INFO - [2024-06-16T23:44:19.079+0000] {dagbag.py:545} INFO - Filling up the DagBag from /opt/airflow/dags/data_etl_dag.py
[2024-06-16T23:44:19.418+0000] {processor.py:840} INFO - DAG(s) 'dag_data_etl_v3' retrieved from /opt/airflow/dags/data_etl_dag.py
[2024-06-16T23:44:19.430+0000] {logging_mixin.py:188} INFO - [2024-06-16T23:44:19.429+0000] {dag.py:3096} INFO - Sync 1 DAGs
[2024-06-16T23:44:19.447+0000] {logging_mixin.py:188} INFO - [2024-06-16T23:44:19.447+0000] {dag.py:3954} INFO - Setting next_dagrun for dag_data_etl_v3 to 2024-06-16 12:00:00+00:00, run_after=2024-06-17 00:00:00+00:00
[2024-06-16T23:44:19.463+0000] {processor.py:183} INFO - Processing /opt/airflow/dags/data_etl_dag.py took 0.389 seconds
[2024-06-16T23:44:49.588+0000] {processor.py:161} INFO - Started process (PID=953) to work on /opt/airflow/dags/data_etl_dag.py
[2024-06-16T23:44:49.589+0000] {processor.py:830} INFO - Processing file /opt/airflow/dags/data_etl_dag.py for tasks to queue
[2024-06-16T23:44:49.590+0000] {logging_mixin.py:188} INFO - [2024-06-16T23:44:49.590+0000] {dagbag.py:545} INFO - Filling up the DagBag from /opt/airflow/dags/data_etl_dag.py
[2024-06-16T23:44:49.947+0000] {processor.py:840} INFO - DAG(s) 'dag_data_etl_v3' retrieved from /opt/airflow/dags/data_etl_dag.py
[2024-06-16T23:44:49.960+0000] {logging_mixin.py:188} INFO - [2024-06-16T23:44:49.960+0000] {dag.py:3096} INFO - Sync 1 DAGs
[2024-06-16T23:44:49.971+0000] {logging_mixin.py:188} INFO - [2024-06-16T23:44:49.971+0000] {dag.py:3954} INFO - Setting next_dagrun for dag_data_etl_v3 to 2024-06-16 12:00:00+00:00, run_after=2024-06-17 00:00:00+00:00
[2024-06-16T23:44:49.984+0000] {processor.py:183} INFO - Processing /opt/airflow/dags/data_etl_dag.py took 0.398 seconds
[2024-06-16T23:45:20.128+0000] {processor.py:161} INFO - Started process (PID=965) to work on /opt/airflow/dags/data_etl_dag.py
[2024-06-16T23:45:20.128+0000] {processor.py:830} INFO - Processing file /opt/airflow/dags/data_etl_dag.py for tasks to queue
[2024-06-16T23:45:20.129+0000] {logging_mixin.py:188} INFO - [2024-06-16T23:45:20.129+0000] {dagbag.py:545} INFO - Filling up the DagBag from /opt/airflow/dags/data_etl_dag.py
[2024-06-16T23:45:20.447+0000] {processor.py:840} INFO - DAG(s) 'dag_data_etl_v3' retrieved from /opt/airflow/dags/data_etl_dag.py
[2024-06-16T23:45:20.458+0000] {logging_mixin.py:188} INFO - [2024-06-16T23:45:20.458+0000] {dag.py:3096} INFO - Sync 1 DAGs
[2024-06-16T23:45:20.468+0000] {logging_mixin.py:188} INFO - [2024-06-16T23:45:20.468+0000] {dag.py:3954} INFO - Setting next_dagrun for dag_data_etl_v3 to 2024-06-16 12:00:00+00:00, run_after=2024-06-17 00:00:00+00:00
[2024-06-16T23:45:20.479+0000] {processor.py:183} INFO - Processing /opt/airflow/dags/data_etl_dag.py took 0.354 seconds
[2024-06-16T23:45:50.628+0000] {processor.py:161} INFO - Started process (PID=977) to work on /opt/airflow/dags/data_etl_dag.py
[2024-06-16T23:45:50.628+0000] {processor.py:830} INFO - Processing file /opt/airflow/dags/data_etl_dag.py for tasks to queue
[2024-06-16T23:45:50.629+0000] {logging_mixin.py:188} INFO - [2024-06-16T23:45:50.629+0000] {dagbag.py:545} INFO - Filling up the DagBag from /opt/airflow/dags/data_etl_dag.py
[2024-06-16T23:45:50.970+0000] {processor.py:840} INFO - DAG(s) 'dag_data_etl_v3' retrieved from /opt/airflow/dags/data_etl_dag.py
[2024-06-16T23:45:50.981+0000] {logging_mixin.py:188} INFO - [2024-06-16T23:45:50.981+0000] {dag.py:3096} INFO - Sync 1 DAGs
[2024-06-16T23:45:50.992+0000] {logging_mixin.py:188} INFO - [2024-06-16T23:45:50.992+0000] {dag.py:3954} INFO - Setting next_dagrun for dag_data_etl_v3 to 2024-06-16 12:00:00+00:00, run_after=2024-06-17 00:00:00+00:00
[2024-06-16T23:45:51.002+0000] {processor.py:183} INFO - Processing /opt/airflow/dags/data_etl_dag.py took 0.378 seconds
[2024-06-16T23:46:21.136+0000] {processor.py:161} INFO - Started process (PID=989) to work on /opt/airflow/dags/data_etl_dag.py
[2024-06-16T23:46:21.138+0000] {processor.py:830} INFO - Processing file /opt/airflow/dags/data_etl_dag.py for tasks to queue
[2024-06-16T23:46:21.139+0000] {logging_mixin.py:188} INFO - [2024-06-16T23:46:21.138+0000] {dagbag.py:545} INFO - Filling up the DagBag from /opt/airflow/dags/data_etl_dag.py
[2024-06-16T23:46:21.473+0000] {processor.py:840} INFO - DAG(s) 'dag_data_etl_v3' retrieved from /opt/airflow/dags/data_etl_dag.py
[2024-06-16T23:46:21.486+0000] {logging_mixin.py:188} INFO - [2024-06-16T23:46:21.485+0000] {dag.py:3096} INFO - Sync 1 DAGs
[2024-06-16T23:46:21.497+0000] {logging_mixin.py:188} INFO - [2024-06-16T23:46:21.497+0000] {dag.py:3954} INFO - Setting next_dagrun for dag_data_etl_v3 to 2024-06-16 12:00:00+00:00, run_after=2024-06-17 00:00:00+00:00
[2024-06-16T23:46:21.509+0000] {processor.py:183} INFO - Processing /opt/airflow/dags/data_etl_dag.py took 0.375 seconds
[2024-06-16T23:46:51.632+0000] {processor.py:161} INFO - Started process (PID=1001) to work on /opt/airflow/dags/data_etl_dag.py
[2024-06-16T23:46:51.633+0000] {processor.py:830} INFO - Processing file /opt/airflow/dags/data_etl_dag.py for tasks to queue
[2024-06-16T23:46:51.634+0000] {logging_mixin.py:188} INFO - [2024-06-16T23:46:51.634+0000] {dagbag.py:545} INFO - Filling up the DagBag from /opt/airflow/dags/data_etl_dag.py
[2024-06-16T23:46:51.966+0000] {processor.py:840} INFO - DAG(s) 'dag_data_etl_v3' retrieved from /opt/airflow/dags/data_etl_dag.py
[2024-06-16T23:46:51.977+0000] {logging_mixin.py:188} INFO - [2024-06-16T23:46:51.977+0000] {dag.py:3096} INFO - Sync 1 DAGs
[2024-06-16T23:46:51.988+0000] {logging_mixin.py:188} INFO - [2024-06-16T23:46:51.988+0000] {dag.py:3954} INFO - Setting next_dagrun for dag_data_etl_v3 to 2024-06-16 12:00:00+00:00, run_after=2024-06-17 00:00:00+00:00
[2024-06-16T23:46:52.002+0000] {processor.py:183} INFO - Processing /opt/airflow/dags/data_etl_dag.py took 0.373 seconds
[2024-06-16T23:47:22.154+0000] {processor.py:161} INFO - Started process (PID=1013) to work on /opt/airflow/dags/data_etl_dag.py
[2024-06-16T23:47:22.154+0000] {processor.py:830} INFO - Processing file /opt/airflow/dags/data_etl_dag.py for tasks to queue
[2024-06-16T23:47:22.155+0000] {logging_mixin.py:188} INFO - [2024-06-16T23:47:22.155+0000] {dagbag.py:545} INFO - Filling up the DagBag from /opt/airflow/dags/data_etl_dag.py
[2024-06-16T23:47:22.494+0000] {processor.py:840} INFO - DAG(s) 'dag_data_etl_v3' retrieved from /opt/airflow/dags/data_etl_dag.py
[2024-06-16T23:47:22.506+0000] {logging_mixin.py:188} INFO - [2024-06-16T23:47:22.506+0000] {dag.py:3096} INFO - Sync 1 DAGs
[2024-06-16T23:47:22.519+0000] {logging_mixin.py:188} INFO - [2024-06-16T23:47:22.519+0000] {dag.py:3954} INFO - Setting next_dagrun for dag_data_etl_v3 to 2024-06-16 12:00:00+00:00, run_after=2024-06-17 00:00:00+00:00
[2024-06-16T23:47:22.532+0000] {processor.py:183} INFO - Processing /opt/airflow/dags/data_etl_dag.py took 0.381 seconds
[2024-06-16T23:47:52.648+0000] {processor.py:161} INFO - Started process (PID=1024) to work on /opt/airflow/dags/data_etl_dag.py
[2024-06-16T23:47:52.649+0000] {processor.py:830} INFO - Processing file /opt/airflow/dags/data_etl_dag.py for tasks to queue
[2024-06-16T23:47:52.650+0000] {logging_mixin.py:188} INFO - [2024-06-16T23:47:52.650+0000] {dagbag.py:545} INFO - Filling up the DagBag from /opt/airflow/dags/data_etl_dag.py
[2024-06-16T23:47:52.961+0000] {processor.py:840} INFO - DAG(s) 'dag_data_etl_v3' retrieved from /opt/airflow/dags/data_etl_dag.py
[2024-06-16T23:47:52.974+0000] {logging_mixin.py:188} INFO - [2024-06-16T23:47:52.974+0000] {dag.py:3096} INFO - Sync 1 DAGs
[2024-06-16T23:47:52.985+0000] {logging_mixin.py:188} INFO - [2024-06-16T23:47:52.985+0000] {dag.py:3954} INFO - Setting next_dagrun for dag_data_etl_v3 to 2024-06-16 12:00:00+00:00, run_after=2024-06-17 00:00:00+00:00
[2024-06-16T23:47:52.995+0000] {processor.py:183} INFO - Processing /opt/airflow/dags/data_etl_dag.py took 0.349 seconds
[2024-06-16T23:48:23.449+0000] {processor.py:161} INFO - Started process (PID=1036) to work on /opt/airflow/dags/data_etl_dag.py
[2024-06-16T23:48:23.450+0000] {processor.py:830} INFO - Processing file /opt/airflow/dags/data_etl_dag.py for tasks to queue
[2024-06-16T23:48:23.451+0000] {logging_mixin.py:188} INFO - [2024-06-16T23:48:23.450+0000] {dagbag.py:545} INFO - Filling up the DagBag from /opt/airflow/dags/data_etl_dag.py
[2024-06-16T23:48:23.805+0000] {processor.py:840} INFO - DAG(s) 'dag_data_etl_v3' retrieved from /opt/airflow/dags/data_etl_dag.py
[2024-06-16T23:48:23.819+0000] {logging_mixin.py:188} INFO - [2024-06-16T23:48:23.818+0000] {dag.py:3096} INFO - Sync 1 DAGs
[2024-06-16T23:48:23.832+0000] {logging_mixin.py:188} INFO - [2024-06-16T23:48:23.832+0000] {dag.py:3954} INFO - Setting next_dagrun for dag_data_etl_v3 to 2024-06-16 12:00:00+00:00, run_after=2024-06-17 00:00:00+00:00
[2024-06-16T23:48:23.843+0000] {processor.py:183} INFO - Processing /opt/airflow/dags/data_etl_dag.py took 0.397 seconds
[2024-06-16T23:48:53.891+0000] {processor.py:161} INFO - Started process (PID=1048) to work on /opt/airflow/dags/data_etl_dag.py
[2024-06-16T23:48:53.891+0000] {processor.py:830} INFO - Processing file /opt/airflow/dags/data_etl_dag.py for tasks to queue
[2024-06-16T23:48:53.892+0000] {logging_mixin.py:188} INFO - [2024-06-16T23:48:53.892+0000] {dagbag.py:545} INFO - Filling up the DagBag from /opt/airflow/dags/data_etl_dag.py
[2024-06-16T23:48:54.205+0000] {processor.py:840} INFO - DAG(s) 'dag_data_etl_v3' retrieved from /opt/airflow/dags/data_etl_dag.py
[2024-06-16T23:48:54.216+0000] {logging_mixin.py:188} INFO - [2024-06-16T23:48:54.215+0000] {dag.py:3096} INFO - Sync 1 DAGs
[2024-06-16T23:48:54.226+0000] {logging_mixin.py:188} INFO - [2024-06-16T23:48:54.226+0000] {dag.py:3954} INFO - Setting next_dagrun for dag_data_etl_v3 to 2024-06-16 12:00:00+00:00, run_after=2024-06-17 00:00:00+00:00
[2024-06-16T23:48:54.236+0000] {processor.py:183} INFO - Processing /opt/airflow/dags/data_etl_dag.py took 0.348 seconds
[2024-06-16T23:49:24.355+0000] {processor.py:161} INFO - Started process (PID=1060) to work on /opt/airflow/dags/data_etl_dag.py
[2024-06-16T23:49:24.356+0000] {processor.py:830} INFO - Processing file /opt/airflow/dags/data_etl_dag.py for tasks to queue
[2024-06-16T23:49:24.357+0000] {logging_mixin.py:188} INFO - [2024-06-16T23:49:24.356+0000] {dagbag.py:545} INFO - Filling up the DagBag from /opt/airflow/dags/data_etl_dag.py
[2024-06-16T23:49:24.677+0000] {processor.py:840} INFO - DAG(s) 'dag_data_etl_v3' retrieved from /opt/airflow/dags/data_etl_dag.py
[2024-06-16T23:49:24.687+0000] {logging_mixin.py:188} INFO - [2024-06-16T23:49:24.687+0000] {dag.py:3096} INFO - Sync 1 DAGs
[2024-06-16T23:49:24.698+0000] {logging_mixin.py:188} INFO - [2024-06-16T23:49:24.698+0000] {dag.py:3954} INFO - Setting next_dagrun for dag_data_etl_v3 to 2024-06-16 12:00:00+00:00, run_after=2024-06-17 00:00:00+00:00
[2024-06-16T23:49:24.709+0000] {processor.py:183} INFO - Processing /opt/airflow/dags/data_etl_dag.py took 0.357 seconds
[2024-06-16T23:49:54.841+0000] {processor.py:161} INFO - Started process (PID=1072) to work on /opt/airflow/dags/data_etl_dag.py
[2024-06-16T23:49:54.842+0000] {processor.py:830} INFO - Processing file /opt/airflow/dags/data_etl_dag.py for tasks to queue
[2024-06-16T23:49:54.843+0000] {logging_mixin.py:188} INFO - [2024-06-16T23:49:54.842+0000] {dagbag.py:545} INFO - Filling up the DagBag from /opt/airflow/dags/data_etl_dag.py
[2024-06-16T23:49:55.160+0000] {processor.py:840} INFO - DAG(s) 'dag_data_etl_v3' retrieved from /opt/airflow/dags/data_etl_dag.py
[2024-06-16T23:49:55.171+0000] {logging_mixin.py:188} INFO - [2024-06-16T23:49:55.170+0000] {dag.py:3096} INFO - Sync 1 DAGs
[2024-06-16T23:49:55.181+0000] {logging_mixin.py:188} INFO - [2024-06-16T23:49:55.181+0000] {dag.py:3954} INFO - Setting next_dagrun for dag_data_etl_v3 to 2024-06-16 12:00:00+00:00, run_after=2024-06-17 00:00:00+00:00
[2024-06-16T23:49:55.192+0000] {processor.py:183} INFO - Processing /opt/airflow/dags/data_etl_dag.py took 0.354 seconds
[2024-06-16T23:50:25.321+0000] {processor.py:161} INFO - Started process (PID=1084) to work on /opt/airflow/dags/data_etl_dag.py
[2024-06-16T23:50:25.321+0000] {processor.py:830} INFO - Processing file /opt/airflow/dags/data_etl_dag.py for tasks to queue
[2024-06-16T23:50:25.322+0000] {logging_mixin.py:188} INFO - [2024-06-16T23:50:25.322+0000] {dagbag.py:545} INFO - Filling up the DagBag from /opt/airflow/dags/data_etl_dag.py
[2024-06-16T23:50:25.633+0000] {processor.py:840} INFO - DAG(s) 'dag_data_etl_v3' retrieved from /opt/airflow/dags/data_etl_dag.py
[2024-06-16T23:50:25.645+0000] {logging_mixin.py:188} INFO - [2024-06-16T23:50:25.645+0000] {dag.py:3096} INFO - Sync 1 DAGs
[2024-06-16T23:50:25.657+0000] {logging_mixin.py:188} INFO - [2024-06-16T23:50:25.657+0000] {dag.py:3954} INFO - Setting next_dagrun for dag_data_etl_v3 to 2024-06-16 12:00:00+00:00, run_after=2024-06-17 00:00:00+00:00
[2024-06-16T23:50:25.676+0000] {processor.py:183} INFO - Processing /opt/airflow/dags/data_etl_dag.py took 0.358 seconds
[2024-06-16T23:50:55.810+0000] {processor.py:161} INFO - Started process (PID=1096) to work on /opt/airflow/dags/data_etl_dag.py
[2024-06-16T23:50:55.811+0000] {processor.py:830} INFO - Processing file /opt/airflow/dags/data_etl_dag.py for tasks to queue
[2024-06-16T23:50:55.811+0000] {logging_mixin.py:188} INFO - [2024-06-16T23:50:55.811+0000] {dagbag.py:545} INFO - Filling up the DagBag from /opt/airflow/dags/data_etl_dag.py
[2024-06-16T23:50:56.139+0000] {processor.py:840} INFO - DAG(s) 'dag_data_etl_v3' retrieved from /opt/airflow/dags/data_etl_dag.py
[2024-06-16T23:50:56.151+0000] {logging_mixin.py:188} INFO - [2024-06-16T23:50:56.151+0000] {dag.py:3096} INFO - Sync 1 DAGs
[2024-06-16T23:50:56.161+0000] {logging_mixin.py:188} INFO - [2024-06-16T23:50:56.161+0000] {dag.py:3954} INFO - Setting next_dagrun for dag_data_etl_v3 to 2024-06-16 12:00:00+00:00, run_after=2024-06-17 00:00:00+00:00
[2024-06-16T23:50:56.173+0000] {processor.py:183} INFO - Processing /opt/airflow/dags/data_etl_dag.py took 0.366 seconds
[2024-06-16T23:51:26.293+0000] {processor.py:161} INFO - Started process (PID=1107) to work on /opt/airflow/dags/data_etl_dag.py
[2024-06-16T23:51:26.293+0000] {processor.py:830} INFO - Processing file /opt/airflow/dags/data_etl_dag.py for tasks to queue
[2024-06-16T23:51:26.294+0000] {logging_mixin.py:188} INFO - [2024-06-16T23:51:26.294+0000] {dagbag.py:545} INFO - Filling up the DagBag from /opt/airflow/dags/data_etl_dag.py
[2024-06-16T23:51:26.624+0000] {processor.py:840} INFO - DAG(s) 'dag_data_etl_v3' retrieved from /opt/airflow/dags/data_etl_dag.py
[2024-06-16T23:51:26.636+0000] {logging_mixin.py:188} INFO - [2024-06-16T23:51:26.636+0000] {dag.py:3096} INFO - Sync 1 DAGs
[2024-06-16T23:51:26.647+0000] {logging_mixin.py:188} INFO - [2024-06-16T23:51:26.647+0000] {dag.py:3954} INFO - Setting next_dagrun for dag_data_etl_v3 to 2024-06-16 12:00:00+00:00, run_after=2024-06-17 00:00:00+00:00
[2024-06-16T23:51:26.658+0000] {processor.py:183} INFO - Processing /opt/airflow/dags/data_etl_dag.py took 0.368 seconds
[2024-06-16T23:51:56.794+0000] {processor.py:161} INFO - Started process (PID=1119) to work on /opt/airflow/dags/data_etl_dag.py
[2024-06-16T23:51:56.794+0000] {processor.py:830} INFO - Processing file /opt/airflow/dags/data_etl_dag.py for tasks to queue
[2024-06-16T23:51:56.795+0000] {logging_mixin.py:188} INFO - [2024-06-16T23:51:56.795+0000] {dagbag.py:545} INFO - Filling up the DagBag from /opt/airflow/dags/data_etl_dag.py
[2024-06-16T23:51:57.135+0000] {processor.py:840} INFO - DAG(s) 'dag_data_etl_v3' retrieved from /opt/airflow/dags/data_etl_dag.py
[2024-06-16T23:51:57.146+0000] {logging_mixin.py:188} INFO - [2024-06-16T23:51:57.146+0000] {dag.py:3096} INFO - Sync 1 DAGs
[2024-06-16T23:51:57.157+0000] {logging_mixin.py:188} INFO - [2024-06-16T23:51:57.157+0000] {dag.py:3954} INFO - Setting next_dagrun for dag_data_etl_v3 to 2024-06-16 12:00:00+00:00, run_after=2024-06-17 00:00:00+00:00
[2024-06-16T23:51:57.168+0000] {processor.py:183} INFO - Processing /opt/airflow/dags/data_etl_dag.py took 0.377 seconds
[2024-06-16T23:52:27.296+0000] {processor.py:161} INFO - Started process (PID=1131) to work on /opt/airflow/dags/data_etl_dag.py
[2024-06-16T23:52:27.297+0000] {processor.py:830} INFO - Processing file /opt/airflow/dags/data_etl_dag.py for tasks to queue
[2024-06-16T23:52:27.298+0000] {logging_mixin.py:188} INFO - [2024-06-16T23:52:27.298+0000] {dagbag.py:545} INFO - Filling up the DagBag from /opt/airflow/dags/data_etl_dag.py
[2024-06-16T23:52:27.604+0000] {processor.py:840} INFO - DAG(s) 'dag_data_etl_v3' retrieved from /opt/airflow/dags/data_etl_dag.py
[2024-06-16T23:52:27.615+0000] {logging_mixin.py:188} INFO - [2024-06-16T23:52:27.615+0000] {dag.py:3096} INFO - Sync 1 DAGs
[2024-06-16T23:52:27.625+0000] {logging_mixin.py:188} INFO - [2024-06-16T23:52:27.625+0000] {dag.py:3954} INFO - Setting next_dagrun for dag_data_etl_v3 to 2024-06-16 12:00:00+00:00, run_after=2024-06-17 00:00:00+00:00
[2024-06-16T23:52:27.637+0000] {processor.py:183} INFO - Processing /opt/airflow/dags/data_etl_dag.py took 0.344 seconds
[2024-06-16T23:52:57.774+0000] {processor.py:161} INFO - Started process (PID=1143) to work on /opt/airflow/dags/data_etl_dag.py
[2024-06-16T23:52:57.775+0000] {processor.py:830} INFO - Processing file /opt/airflow/dags/data_etl_dag.py for tasks to queue
[2024-06-16T23:52:57.776+0000] {logging_mixin.py:188} INFO - [2024-06-16T23:52:57.775+0000] {dagbag.py:545} INFO - Filling up the DagBag from /opt/airflow/dags/data_etl_dag.py
[2024-06-16T23:52:58.102+0000] {processor.py:840} INFO - DAG(s) 'dag_data_etl_v3' retrieved from /opt/airflow/dags/data_etl_dag.py
[2024-06-16T23:52:58.113+0000] {logging_mixin.py:188} INFO - [2024-06-16T23:52:58.113+0000] {dag.py:3096} INFO - Sync 1 DAGs
[2024-06-16T23:52:58.125+0000] {logging_mixin.py:188} INFO - [2024-06-16T23:52:58.125+0000] {dag.py:3954} INFO - Setting next_dagrun for dag_data_etl_v3 to 2024-06-16 12:00:00+00:00, run_after=2024-06-17 00:00:00+00:00
[2024-06-16T23:52:58.138+0000] {processor.py:183} INFO - Processing /opt/airflow/dags/data_etl_dag.py took 0.367 seconds
[2024-06-16T23:53:28.606+0000] {processor.py:161} INFO - Started process (PID=1155) to work on /opt/airflow/dags/data_etl_dag.py
[2024-06-16T23:53:28.607+0000] {processor.py:830} INFO - Processing file /opt/airflow/dags/data_etl_dag.py for tasks to queue
[2024-06-16T23:53:28.608+0000] {logging_mixin.py:188} INFO - [2024-06-16T23:53:28.608+0000] {dagbag.py:545} INFO - Filling up the DagBag from /opt/airflow/dags/data_etl_dag.py
[2024-06-16T23:53:28.937+0000] {processor.py:840} INFO - DAG(s) 'dag_data_etl_v3' retrieved from /opt/airflow/dags/data_etl_dag.py
[2024-06-16T23:53:28.948+0000] {logging_mixin.py:188} INFO - [2024-06-16T23:53:28.948+0000] {dag.py:3096} INFO - Sync 1 DAGs
[2024-06-16T23:53:28.960+0000] {logging_mixin.py:188} INFO - [2024-06-16T23:53:28.960+0000] {dag.py:3954} INFO - Setting next_dagrun for dag_data_etl_v3 to 2024-06-16 12:00:00+00:00, run_after=2024-06-17 00:00:00+00:00
[2024-06-16T23:53:28.971+0000] {processor.py:183} INFO - Processing /opt/airflow/dags/data_etl_dag.py took 0.367 seconds
[2024-06-16T23:53:59.009+0000] {processor.py:161} INFO - Started process (PID=1167) to work on /opt/airflow/dags/data_etl_dag.py
[2024-06-16T23:53:59.009+0000] {processor.py:830} INFO - Processing file /opt/airflow/dags/data_etl_dag.py for tasks to queue
[2024-06-16T23:53:59.010+0000] {logging_mixin.py:188} INFO - [2024-06-16T23:53:59.010+0000] {dagbag.py:545} INFO - Filling up the DagBag from /opt/airflow/dags/data_etl_dag.py
[2024-06-16T23:53:59.333+0000] {processor.py:840} INFO - DAG(s) 'dag_data_etl_v3' retrieved from /opt/airflow/dags/data_etl_dag.py
[2024-06-16T23:53:59.345+0000] {logging_mixin.py:188} INFO - [2024-06-16T23:53:59.345+0000] {dag.py:3096} INFO - Sync 1 DAGs
[2024-06-16T23:53:59.356+0000] {logging_mixin.py:188} INFO - [2024-06-16T23:53:59.356+0000] {dag.py:3954} INFO - Setting next_dagrun for dag_data_etl_v3 to 2024-06-16 12:00:00+00:00, run_after=2024-06-17 00:00:00+00:00
[2024-06-16T23:53:59.367+0000] {processor.py:183} INFO - Processing /opt/airflow/dags/data_etl_dag.py took 0.362 seconds
[2024-06-16T23:54:29.480+0000] {processor.py:161} INFO - Started process (PID=1179) to work on /opt/airflow/dags/data_etl_dag.py
[2024-06-16T23:54:29.483+0000] {processor.py:830} INFO - Processing file /opt/airflow/dags/data_etl_dag.py for tasks to queue
[2024-06-16T23:54:29.484+0000] {logging_mixin.py:188} INFO - [2024-06-16T23:54:29.483+0000] {dagbag.py:545} INFO - Filling up the DagBag from /opt/airflow/dags/data_etl_dag.py
[2024-06-16T23:54:29.806+0000] {processor.py:840} INFO - DAG(s) 'dag_data_etl_v3' retrieved from /opt/airflow/dags/data_etl_dag.py
[2024-06-16T23:54:29.821+0000] {logging_mixin.py:188} INFO - [2024-06-16T23:54:29.821+0000] {dag.py:3096} INFO - Sync 1 DAGs
[2024-06-16T23:54:29.832+0000] {logging_mixin.py:188} INFO - [2024-06-16T23:54:29.832+0000] {dag.py:3954} INFO - Setting next_dagrun for dag_data_etl_v3 to 2024-06-16 12:00:00+00:00, run_after=2024-06-17 00:00:00+00:00
[2024-06-16T23:54:29.842+0000] {processor.py:183} INFO - Processing /opt/airflow/dags/data_etl_dag.py took 0.366 seconds
[2024-06-16T23:54:59.978+0000] {processor.py:161} INFO - Started process (PID=1191) to work on /opt/airflow/dags/data_etl_dag.py
[2024-06-16T23:54:59.979+0000] {processor.py:830} INFO - Processing file /opt/airflow/dags/data_etl_dag.py for tasks to queue
[2024-06-16T23:54:59.979+0000] {logging_mixin.py:188} INFO - [2024-06-16T23:54:59.979+0000] {dagbag.py:545} INFO - Filling up the DagBag from /opt/airflow/dags/data_etl_dag.py
[2024-06-16T23:55:00.305+0000] {processor.py:840} INFO - DAG(s) 'dag_data_etl_v3' retrieved from /opt/airflow/dags/data_etl_dag.py
[2024-06-16T23:55:00.317+0000] {logging_mixin.py:188} INFO - [2024-06-16T23:55:00.316+0000] {dag.py:3096} INFO - Sync 1 DAGs
[2024-06-16T23:55:00.327+0000] {logging_mixin.py:188} INFO - [2024-06-16T23:55:00.327+0000] {dag.py:3954} INFO - Setting next_dagrun for dag_data_etl_v3 to 2024-06-16 12:00:00+00:00, run_after=2024-06-17 00:00:00+00:00
[2024-06-16T23:55:00.338+0000] {processor.py:183} INFO - Processing /opt/airflow/dags/data_etl_dag.py took 0.362 seconds
[2024-06-16T23:55:30.461+0000] {processor.py:161} INFO - Started process (PID=1203) to work on /opt/airflow/dags/data_etl_dag.py
[2024-06-16T23:55:30.462+0000] {processor.py:830} INFO - Processing file /opt/airflow/dags/data_etl_dag.py for tasks to queue
[2024-06-16T23:55:30.463+0000] {logging_mixin.py:188} INFO - [2024-06-16T23:55:30.463+0000] {dagbag.py:545} INFO - Filling up the DagBag from /opt/airflow/dags/data_etl_dag.py
[2024-06-16T23:55:30.809+0000] {processor.py:840} INFO - DAG(s) 'dag_data_etl_v3' retrieved from /opt/airflow/dags/data_etl_dag.py
[2024-06-16T23:55:30.820+0000] {logging_mixin.py:188} INFO - [2024-06-16T23:55:30.820+0000] {dag.py:3096} INFO - Sync 1 DAGs
[2024-06-16T23:55:30.831+0000] {logging_mixin.py:188} INFO - [2024-06-16T23:55:30.831+0000] {dag.py:3954} INFO - Setting next_dagrun for dag_data_etl_v3 to 2024-06-16 12:00:00+00:00, run_after=2024-06-17 00:00:00+00:00
[2024-06-16T23:55:30.844+0000] {processor.py:183} INFO - Processing /opt/airflow/dags/data_etl_dag.py took 0.386 seconds
[2024-06-16T23:56:00.983+0000] {processor.py:161} INFO - Started process (PID=1215) to work on /opt/airflow/dags/data_etl_dag.py
[2024-06-16T23:56:00.984+0000] {processor.py:830} INFO - Processing file /opt/airflow/dags/data_etl_dag.py for tasks to queue
[2024-06-16T23:56:00.985+0000] {logging_mixin.py:188} INFO - [2024-06-16T23:56:00.985+0000] {dagbag.py:545} INFO - Filling up the DagBag from /opt/airflow/dags/data_etl_dag.py
[2024-06-16T23:56:01.303+0000] {processor.py:840} INFO - DAG(s) 'dag_data_etl_v3' retrieved from /opt/airflow/dags/data_etl_dag.py
[2024-06-16T23:56:01.314+0000] {logging_mixin.py:188} INFO - [2024-06-16T23:56:01.314+0000] {dag.py:3096} INFO - Sync 1 DAGs
[2024-06-16T23:56:01.325+0000] {logging_mixin.py:188} INFO - [2024-06-16T23:56:01.325+0000] {dag.py:3954} INFO - Setting next_dagrun for dag_data_etl_v3 to 2024-06-16 12:00:00+00:00, run_after=2024-06-17 00:00:00+00:00
[2024-06-16T23:56:01.336+0000] {processor.py:183} INFO - Processing /opt/airflow/dags/data_etl_dag.py took 0.356 seconds
[2024-06-16T23:56:31.465+0000] {processor.py:161} INFO - Started process (PID=1227) to work on /opt/airflow/dags/data_etl_dag.py
[2024-06-16T23:56:31.465+0000] {processor.py:830} INFO - Processing file /opt/airflow/dags/data_etl_dag.py for tasks to queue
[2024-06-16T23:56:31.466+0000] {logging_mixin.py:188} INFO - [2024-06-16T23:56:31.466+0000] {dagbag.py:545} INFO - Filling up the DagBag from /opt/airflow/dags/data_etl_dag.py
[2024-06-16T23:56:31.792+0000] {processor.py:840} INFO - DAG(s) 'dag_data_etl_v3' retrieved from /opt/airflow/dags/data_etl_dag.py
[2024-06-16T23:56:31.805+0000] {logging_mixin.py:188} INFO - [2024-06-16T23:56:31.805+0000] {dag.py:3096} INFO - Sync 1 DAGs
[2024-06-16T23:56:31.816+0000] {logging_mixin.py:188} INFO - [2024-06-16T23:56:31.816+0000] {dag.py:3954} INFO - Setting next_dagrun for dag_data_etl_v3 to 2024-06-16 12:00:00+00:00, run_after=2024-06-17 00:00:00+00:00
[2024-06-16T23:56:31.829+0000] {processor.py:183} INFO - Processing /opt/airflow/dags/data_etl_dag.py took 0.367 seconds
[2024-06-16T23:57:01.975+0000] {processor.py:161} INFO - Started process (PID=1239) to work on /opt/airflow/dags/data_etl_dag.py
[2024-06-16T23:57:01.975+0000] {processor.py:830} INFO - Processing file /opt/airflow/dags/data_etl_dag.py for tasks to queue
[2024-06-16T23:57:01.976+0000] {logging_mixin.py:188} INFO - [2024-06-16T23:57:01.976+0000] {dagbag.py:545} INFO - Filling up the DagBag from /opt/airflow/dags/data_etl_dag.py
[2024-06-16T23:57:02.308+0000] {processor.py:840} INFO - DAG(s) 'dag_data_etl_v3' retrieved from /opt/airflow/dags/data_etl_dag.py
[2024-06-16T23:57:02.319+0000] {logging_mixin.py:188} INFO - [2024-06-16T23:57:02.319+0000] {dag.py:3096} INFO - Sync 1 DAGs
[2024-06-16T23:57:02.330+0000] {logging_mixin.py:188} INFO - [2024-06-16T23:57:02.330+0000] {dag.py:3954} INFO - Setting next_dagrun for dag_data_etl_v3 to 2024-06-16 12:00:00+00:00, run_after=2024-06-17 00:00:00+00:00
[2024-06-16T23:57:02.341+0000] {processor.py:183} INFO - Processing /opt/airflow/dags/data_etl_dag.py took 0.369 seconds
[2024-06-16T23:57:32.489+0000] {processor.py:161} INFO - Started process (PID=1251) to work on /opt/airflow/dags/data_etl_dag.py
[2024-06-16T23:57:32.489+0000] {processor.py:830} INFO - Processing file /opt/airflow/dags/data_etl_dag.py for tasks to queue
[2024-06-16T23:57:32.490+0000] {logging_mixin.py:188} INFO - [2024-06-16T23:57:32.490+0000] {dagbag.py:545} INFO - Filling up the DagBag from /opt/airflow/dags/data_etl_dag.py
[2024-06-16T23:57:32.845+0000] {processor.py:840} INFO - DAG(s) 'dag_data_etl_v3' retrieved from /opt/airflow/dags/data_etl_dag.py
[2024-06-16T23:57:32.858+0000] {logging_mixin.py:188} INFO - [2024-06-16T23:57:32.857+0000] {dag.py:3096} INFO - Sync 1 DAGs
[2024-06-16T23:57:32.869+0000] {logging_mixin.py:188} INFO - [2024-06-16T23:57:32.868+0000] {dag.py:3954} INFO - Setting next_dagrun for dag_data_etl_v3 to 2024-06-16 12:00:00+00:00, run_after=2024-06-17 00:00:00+00:00
[2024-06-16T23:57:32.879+0000] {processor.py:183} INFO - Processing /opt/airflow/dags/data_etl_dag.py took 0.394 seconds
[2024-06-16T23:58:03.023+0000] {processor.py:161} INFO - Started process (PID=1263) to work on /opt/airflow/dags/data_etl_dag.py
[2024-06-16T23:58:03.024+0000] {processor.py:830} INFO - Processing file /opt/airflow/dags/data_etl_dag.py for tasks to queue
[2024-06-16T23:58:03.025+0000] {logging_mixin.py:188} INFO - [2024-06-16T23:58:03.025+0000] {dagbag.py:545} INFO - Filling up the DagBag from /opt/airflow/dags/data_etl_dag.py
[2024-06-16T23:58:03.390+0000] {processor.py:840} INFO - DAG(s) 'dag_data_etl_v3' retrieved from /opt/airflow/dags/data_etl_dag.py
[2024-06-16T23:58:03.403+0000] {logging_mixin.py:188} INFO - [2024-06-16T23:58:03.402+0000] {dag.py:3096} INFO - Sync 1 DAGs
[2024-06-16T23:58:03.414+0000] {logging_mixin.py:188} INFO - [2024-06-16T23:58:03.414+0000] {dag.py:3954} INFO - Setting next_dagrun for dag_data_etl_v3 to 2024-06-16 12:00:00+00:00, run_after=2024-06-17 00:00:00+00:00
[2024-06-16T23:58:03.424+0000] {processor.py:183} INFO - Processing /opt/airflow/dags/data_etl_dag.py took 0.404 seconds
[2024-06-16T23:58:34.019+0000] {processor.py:161} INFO - Started process (PID=1275) to work on /opt/airflow/dags/data_etl_dag.py
[2024-06-16T23:58:34.048+0000] {processor.py:830} INFO - Processing file /opt/airflow/dags/data_etl_dag.py for tasks to queue
[2024-06-16T23:58:34.050+0000] {logging_mixin.py:188} INFO - [2024-06-16T23:58:34.049+0000] {dagbag.py:545} INFO - Filling up the DagBag from /opt/airflow/dags/data_etl_dag.py
[2024-06-16T23:58:34.439+0000] {processor.py:840} INFO - DAG(s) 'dag_data_etl_v3' retrieved from /opt/airflow/dags/data_etl_dag.py
[2024-06-16T23:58:34.453+0000] {logging_mixin.py:188} INFO - [2024-06-16T23:58:34.452+0000] {dag.py:3096} INFO - Sync 1 DAGs
[2024-06-16T23:58:34.466+0000] {logging_mixin.py:188} INFO - [2024-06-16T23:58:34.465+0000] {dag.py:3954} INFO - Setting next_dagrun for dag_data_etl_v3 to 2024-06-16 12:00:00+00:00, run_after=2024-06-17 00:00:00+00:00
[2024-06-16T23:58:34.538+0000] {processor.py:183} INFO - Processing /opt/airflow/dags/data_etl_dag.py took 0.522 seconds
[2024-06-16T23:59:04.714+0000] {processor.py:161} INFO - Started process (PID=1287) to work on /opt/airflow/dags/data_etl_dag.py
[2024-06-16T23:59:04.715+0000] {processor.py:830} INFO - Processing file /opt/airflow/dags/data_etl_dag.py for tasks to queue
[2024-06-16T23:59:04.716+0000] {logging_mixin.py:188} INFO - [2024-06-16T23:59:04.715+0000] {dagbag.py:545} INFO - Filling up the DagBag from /opt/airflow/dags/data_etl_dag.py
[2024-06-16T23:59:05.049+0000] {processor.py:840} INFO - DAG(s) 'dag_data_etl_v3' retrieved from /opt/airflow/dags/data_etl_dag.py
[2024-06-16T23:59:05.060+0000] {logging_mixin.py:188} INFO - [2024-06-16T23:59:05.060+0000] {dag.py:3096} INFO - Sync 1 DAGs
[2024-06-16T23:59:05.071+0000] {logging_mixin.py:188} INFO - [2024-06-16T23:59:05.071+0000] {dag.py:3954} INFO - Setting next_dagrun for dag_data_etl_v3 to 2024-06-16 12:00:00+00:00, run_after=2024-06-17 00:00:00+00:00
[2024-06-16T23:59:05.083+0000] {processor.py:183} INFO - Processing /opt/airflow/dags/data_etl_dag.py took 0.372 seconds
[2024-06-16T23:59:35.207+0000] {processor.py:161} INFO - Started process (PID=1299) to work on /opt/airflow/dags/data_etl_dag.py
[2024-06-16T23:59:35.208+0000] {processor.py:830} INFO - Processing file /opt/airflow/dags/data_etl_dag.py for tasks to queue
[2024-06-16T23:59:35.209+0000] {logging_mixin.py:188} INFO - [2024-06-16T23:59:35.209+0000] {dagbag.py:545} INFO - Filling up the DagBag from /opt/airflow/dags/data_etl_dag.py
[2024-06-16T23:59:35.565+0000] {processor.py:840} INFO - DAG(s) 'dag_data_etl_v3' retrieved from /opt/airflow/dags/data_etl_dag.py
[2024-06-16T23:59:35.577+0000] {logging_mixin.py:188} INFO - [2024-06-16T23:59:35.577+0000] {dag.py:3096} INFO - Sync 1 DAGs
[2024-06-16T23:59:35.589+0000] {logging_mixin.py:188} INFO - [2024-06-16T23:59:35.589+0000] {dag.py:3954} INFO - Setting next_dagrun for dag_data_etl_v3 to 2024-06-16 12:00:00+00:00, run_after=2024-06-17 00:00:00+00:00
[2024-06-16T23:59:35.600+0000] {processor.py:183} INFO - Processing /opt/airflow/dags/data_etl_dag.py took 0.396 seconds
