[2024-06-20T23:09:27.923+0000] {local_task_job_runner.py:120} INFO - ::group::Pre task execution logs
[2024-06-20T23:09:27.939+0000] {taskinstance.py:2076} INFO - Dependencies all met for dep_context=non-requeueable deps ti=<TaskInstance: dag_data_etl_v51.data_etl.preprocessing_data.preprocess_data scheduled__2024-06-20T00:00:00+00:00 [queued]>
[2024-06-20T23:09:27.944+0000] {taskinstance.py:2076} INFO - Dependencies all met for dep_context=requeueable deps ti=<TaskInstance: dag_data_etl_v51.data_etl.preprocessing_data.preprocess_data scheduled__2024-06-20T00:00:00+00:00 [queued]>
[2024-06-20T23:09:27.945+0000] {taskinstance.py:2306} INFO - Starting attempt 1 of 6
[2024-06-20T23:09:27.953+0000] {taskinstance.py:2330} INFO - Executing <Task(PythonOperator): data_etl.preprocessing_data.preprocess_data> on 2024-06-20 00:00:00+00:00
[2024-06-20T23:09:27.958+0000] {logging_mixin.py:188} WARNING - /home/***/.local/lib/python3.12/site-packages/***/task/task_runner/standard_task_runner.py:61 DeprecationWarning: This process (pid=3227) is multi-threaded, use of fork() may lead to deadlocks in the child.
[2024-06-20T23:09:27.958+0000] {standard_task_runner.py:90} INFO - Running: ['***', 'tasks', 'run', 'dag_data_etl_v51', 'data_etl.preprocessing_data.preprocess_data', 'scheduled__2024-06-20T00:00:00+00:00', '--job-id', '234', '--raw', '--subdir', 'DAGS_FOLDER/data_etl_dag.py', '--cfg-path', '/tmp/tmpol7iu2x4']
[2024-06-20T23:09:27.959+0000] {standard_task_runner.py:63} INFO - Started process 3229 to run task
[2024-06-20T23:09:27.960+0000] {standard_task_runner.py:91} INFO - Job 234: Subtask data_etl.preprocessing_data.preprocess_data
[2024-06-20T23:09:27.984+0000] {task_command.py:426} INFO - Running <TaskInstance: dag_data_etl_v51.data_etl.preprocessing_data.preprocess_data scheduled__2024-06-20T00:00:00+00:00 [running]> on host 10482076056f
[2024-06-20T23:09:28.026+0000] {taskinstance.py:2648} INFO - Exporting env vars: AIRFLOW_CTX_DAG_OWNER='Solarev Ruslan' AIRFLOW_CTX_DAG_ID='dag_data_etl_v51' AIRFLOW_CTX_TASK_ID='data_etl.preprocessing_data.preprocess_data' AIRFLOW_CTX_EXECUTION_DATE='2024-06-20T00:00:00+00:00' AIRFLOW_CTX_TRY_NUMBER='1' AIRFLOW_CTX_DAG_RUN_ID='scheduled__2024-06-20T00:00:00+00:00'
[2024-06-20T23:09:28.027+0000] {taskinstance.py:430} INFO - ::endgroup::
[2024-06-20T23:09:28.038+0000] {logging_mixin.py:188} INFO - Index(['Profession', 'Link', 'Tags'], dtype='object')
[2024-06-20T23:09:28.045+0000] {logging_mixin.py:188} INFO -                    Profession  ...                                               Tags
0   Администратор базы данных  ...                                                 []
1   Администратор базы данных  ...  [Грамотная речь, Коммуникабельность, Пользоват...
2   Администратор базы данных  ...  [Администрирование баз данных, Работа в команд...
3   Администратор базы данных  ...                                                 []
4   Администратор базы данных  ...                                                 []
..                        ...  ...                                                ...
65            Бизнес-аналитик  ...  [Бизнес-анализ, Аналитическое мышление, Кредит...
66            Бизнес-аналитик  ...            [SQL, Power BI, Работа с базами данных]
67            Бизнес-аналитик  ...  [Бизнес-анализ, Подготовка презентаций, Аналит...
68            Бизнес-аналитик  ...                                                 []
69            Бизнес-аналитик  ...                                                 []

[70 rows x 3 columns]
[2024-06-20T23:09:28.046+0000] {logging_mixin.py:188} INFO - Тип: <class 'pandas.core.frame.DataFrame'>
[2024-06-20T23:09:28.050+0000] {python.py:237} INFO - Done. Returned value was: None
[2024-06-20T23:09:28.050+0000] {taskinstance.py:441} INFO - ::group::Post task execution logs
[2024-06-20T23:09:28.054+0000] {taskinstance.py:1206} INFO - Marking task as SUCCESS. dag_id=dag_data_etl_v51, task_id=data_etl.preprocessing_data.preprocess_data, run_id=scheduled__2024-06-20T00:00:00+00:00, execution_date=20240620T000000, start_date=20240620T230927, end_date=20240620T230928
[2024-06-20T23:09:28.092+0000] {local_task_job_runner.py:240} INFO - Task exited with return code 0
[2024-06-20T23:09:28.105+0000] {taskinstance.py:3498} INFO - 1 downstream tasks scheduled from follow-on schedule check
[2024-06-20T23:09:28.110+0000] {local_task_job_runner.py:222} INFO - ::endgroup::
