[2024-06-18T03:35:21.745+0000] {local_task_job_runner.py:120} INFO - ::group::Pre task execution logs
[2024-06-18T03:35:21.770+0000] {taskinstance.py:2076} INFO - Dependencies all met for dep_context=non-requeueable deps ti=<TaskInstance: dag_data_etl_v30.data_etl.preprocess_data.preprocess_tags scheduled__2024-06-17T12:00:00+00:00 [queued]>
[2024-06-18T03:35:21.779+0000] {taskinstance.py:2076} INFO - Dependencies all met for dep_context=requeueable deps ti=<TaskInstance: dag_data_etl_v30.data_etl.preprocess_data.preprocess_tags scheduled__2024-06-17T12:00:00+00:00 [queued]>
[2024-06-18T03:35:21.779+0000] {taskinstance.py:2306} INFO - Starting attempt 1 of 6
[2024-06-18T03:35:21.794+0000] {taskinstance.py:2330} INFO - Executing <Task(_PythonDecoratedOperator): data_etl.preprocess_data.preprocess_tags> on 2024-06-17 12:00:00+00:00
[2024-06-18T03:35:21.801+0000] {logging_mixin.py:188} WARNING - /home/***/.local/lib/python3.12/site-packages/***/task/task_runner/standard_task_runner.py:61 DeprecationWarning: This process (pid=22356) is multi-threaded, use of fork() may lead to deadlocks in the child.
[2024-06-18T03:35:21.801+0000] {standard_task_runner.py:63} INFO - Started process 22358 to run task
[2024-06-18T03:35:21.801+0000] {standard_task_runner.py:90} INFO - Running: ['***', 'tasks', 'run', 'dag_data_etl_v30', 'data_etl.preprocess_data.preprocess_tags', 'scheduled__2024-06-17T12:00:00+00:00', '--job-id', '121', '--raw', '--subdir', 'DAGS_FOLDER/data_etl_dag.py', '--cfg-path', '/tmp/tmplbq3godf']
[2024-06-18T03:35:21.802+0000] {standard_task_runner.py:91} INFO - Job 121: Subtask data_etl.preprocess_data.preprocess_tags
[2024-06-18T03:35:21.830+0000] {task_command.py:426} INFO - Running <TaskInstance: dag_data_etl_v30.data_etl.preprocess_data.preprocess_tags scheduled__2024-06-17T12:00:00+00:00 [running]> on host 10482076056f
[2024-06-18T03:35:21.883+0000] {taskinstance.py:2648} INFO - Exporting env vars: AIRFLOW_CTX_DAG_OWNER='Solarev Ruslan' AIRFLOW_CTX_DAG_ID='dag_data_etl_v30' AIRFLOW_CTX_TASK_ID='data_etl.preprocess_data.preprocess_tags' AIRFLOW_CTX_EXECUTION_DATE='2024-06-17T12:00:00+00:00' AIRFLOW_CTX_TRY_NUMBER='1' AIRFLOW_CTX_DAG_RUN_ID='scheduled__2024-06-17T12:00:00+00:00'
[2024-06-18T03:35:21.884+0000] {taskinstance.py:430} INFO - ::endgroup::
[2024-06-18T03:35:21.892+0000] {logging_mixin.py:188} INFO - Index(['Profession', 'Link', 'Tags'], dtype='object')
[2024-06-18T03:35:21.900+0000] {logging_mixin.py:188} INFO -                    Profession  ...                                     Tags
0   Администратор базы данных  ...                                       []
1   Администратор базы данных  ...                                       []
2   Администратор базы данных  ...                                       []
3   Администратор базы данных  ...                                       []
4   Администратор базы данных  ...                                       []
..                        ...  ...                                      ...
65           Бизнес-аналитик   ...                                       []
66           Бизнес-аналитик   ...                                       []
67           Бизнес-аналитик   ...                                       []
68           Бизнес-аналитик   ...                                       []
69           Бизнес-аналитик   ...  [SQL, Power BI, Работа с базами данных]

[70 rows x 3 columns]
[2024-06-18T03:35:21.901+0000] {logging_mixin.py:188} INFO - Тип: <class 'pandas.core.frame.DataFrame'>
[2024-06-18T03:35:21.904+0000] {python.py:237} INFO - Done. Returned value was: dags/data/Preprocessed_dataset.csv
[2024-06-18T03:35:21.904+0000] {taskinstance.py:441} INFO - ::group::Post task execution logs
[2024-06-18T03:35:21.917+0000] {taskinstance.py:1206} INFO - Marking task as SUCCESS. dag_id=dag_data_etl_v30, task_id=data_etl.preprocess_data.preprocess_tags, run_id=scheduled__2024-06-17T12:00:00+00:00, execution_date=20240617T120000, start_date=20240618T033521, end_date=20240618T033521
[2024-06-18T03:35:21.934+0000] {local_task_job_runner.py:240} INFO - Task exited with return code 0
[2024-06-18T03:35:21.950+0000] {taskinstance.py:3498} INFO - 1 downstream tasks scheduled from follow-on schedule check
[2024-06-18T03:35:21.952+0000] {local_task_job_runner.py:222} INFO - ::endgroup::
