[2024-06-17T23:56:55.559+0000] {local_task_job_runner.py:120} INFO - ::group::Pre task execution logs
[2024-06-17T23:56:55.575+0000] {taskinstance.py:2076} INFO - Dependencies all met for dep_context=non-requeueable deps ti=<TaskInstance: dag_data_etl_v18.preprocess_data.filter_tags scheduled__2024-06-17T00:00:00+00:00 [queued]>
[2024-06-17T23:56:55.580+0000] {taskinstance.py:2076} INFO - Dependencies all met for dep_context=requeueable deps ti=<TaskInstance: dag_data_etl_v18.preprocess_data.filter_tags scheduled__2024-06-17T00:00:00+00:00 [queued]>
[2024-06-17T23:56:55.580+0000] {taskinstance.py:2306} INFO - Starting attempt 1 of 6
[2024-06-17T23:56:55.590+0000] {taskinstance.py:2330} INFO - Executing <Task(_PythonDecoratedOperator): preprocess_data.filter_tags> on 2024-06-17 00:00:00+00:00
[2024-06-17T23:56:55.595+0000] {standard_task_runner.py:90} INFO - Running: ['***', 'tasks', 'run', 'dag_data_etl_v18', 'preprocess_data.filter_tags', 'scheduled__2024-06-17T00:00:00+00:00', '--job-id', '79', '--raw', '--subdir', 'DAGS_FOLDER/data_etl_dag.py', '--cfg-path', '/tmp/tmpx27zz_ms']
[2024-06-17T23:56:55.597+0000] {logging_mixin.py:188} WARNING - /home/***/.local/lib/python3.12/site-packages/***/task/task_runner/standard_task_runner.py:61 DeprecationWarning: This process (pid=6613) is multi-threaded, use of fork() may lead to deadlocks in the child.
[2024-06-17T23:56:55.597+0000] {standard_task_runner.py:91} INFO - Job 79: Subtask preprocess_data.filter_tags
[2024-06-17T23:56:55.597+0000] {standard_task_runner.py:63} INFO - Started process 6618 to run task
[2024-06-17T23:56:55.624+0000] {task_command.py:426} INFO - Running <TaskInstance: dag_data_etl_v18.preprocess_data.filter_tags scheduled__2024-06-17T00:00:00+00:00 [running]> on host 10482076056f
[2024-06-17T23:56:55.677+0000] {taskinstance.py:2648} INFO - Exporting env vars: AIRFLOW_CTX_DAG_OWNER='Solarev Ruslan' AIRFLOW_CTX_DAG_ID='dag_data_etl_v18' AIRFLOW_CTX_TASK_ID='preprocess_data.filter_tags' AIRFLOW_CTX_EXECUTION_DATE='2024-06-17T00:00:00+00:00' AIRFLOW_CTX_TRY_NUMBER='1' AIRFLOW_CTX_DAG_RUN_ID='scheduled__2024-06-17T00:00:00+00:00'
[2024-06-17T23:56:55.678+0000] {taskinstance.py:430} INFO - ::endgroup::
[2024-06-17T23:56:55.682+0000] {logging_mixin.py:188} INFO - Index(['Profession', 'Link', 'Tags'], dtype='object')
[2024-06-17T23:56:56.000+0000] {logging_mixin.py:188} INFO -                                   Profession  ...                               Tags
0                            ERP-программист  ...                    [С, С, С, R, С]
1                            ERP-программист  ...              [R, С, C, С, С, С, С]
2                            ERP-программист  ...                             [С, R]
3                            ERP-программист  ...                       [C, R, R, С]
4  Тестировщик программного обеспечения (ПО)  ...                       [C, C, R, С]
5                    Системный администратор  ...  [С, C, С, С, С, С, С, С, С, С, С]
6                    Системный администратор  ...                             [С, С]
7                       Технический писатель  ...                                [C]
8                        Администратор сайта  ...                                [C]
9                        Администратор сайта  ...                                [C]

[10 rows x 3 columns]
[2024-06-17T23:56:56.001+0000] {logging_mixin.py:188} INFO - Тип: <class 'pandas.core.frame.DataFrame'>
[2024-06-17T23:56:56.007+0000] {logging_mixin.py:188} INFO - Тип: <class 'pandas.core.frame.DataFrame'>
[2024-06-17T23:56:56.010+0000] {python.py:237} INFO - Done. Returned value was: None
[2024-06-17T23:56:56.010+0000] {taskinstance.py:441} INFO - ::group::Post task execution logs
[2024-06-17T23:56:56.015+0000] {taskinstance.py:1206} INFO - Marking task as SUCCESS. dag_id=dag_data_etl_v18, task_id=preprocess_data.filter_tags, run_id=scheduled__2024-06-17T00:00:00+00:00, execution_date=20240617T000000, start_date=20240617T235655, end_date=20240617T235656
[2024-06-17T23:56:56.051+0000] {local_task_job_runner.py:240} INFO - Task exited with return code 0
[2024-06-17T23:56:56.060+0000] {taskinstance.py:3498} INFO - 0 downstream tasks scheduled from follow-on schedule check
[2024-06-17T23:56:56.063+0000] {local_task_job_runner.py:222} INFO - ::endgroup::
