[2024-06-20T22:59:07.068+0000] {local_task_job_runner.py:120} INFO - ::group::Pre task execution logs
[2024-06-20T22:59:07.084+0000] {taskinstance.py:2076} INFO - Dependencies all met for dep_context=non-requeueable deps ti=<TaskInstance: dag_data_etl_v49.data_etl.preprocess_data.filter_tags scheduled__2024-06-20T00:00:00+00:00 [queued]>
[2024-06-20T22:59:07.089+0000] {taskinstance.py:2076} INFO - Dependencies all met for dep_context=requeueable deps ti=<TaskInstance: dag_data_etl_v49.data_etl.preprocess_data.filter_tags scheduled__2024-06-20T00:00:00+00:00 [queued]>
[2024-06-20T22:59:07.089+0000] {taskinstance.py:2306} INFO - Starting attempt 1 of 6
[2024-06-20T22:59:07.098+0000] {taskinstance.py:2330} INFO - Executing <Task(PythonOperator): data_etl.preprocess_data.filter_tags> on 2024-06-20 00:00:00+00:00
[2024-06-20T22:59:07.103+0000] {standard_task_runner.py:90} INFO - Running: ['***', 'tasks', 'run', 'dag_data_etl_v49', 'data_etl.preprocess_data.filter_tags', 'scheduled__2024-06-20T00:00:00+00:00', '--job-id', '224', '--raw', '--subdir', 'DAGS_FOLDER/data_etl_dag.py', '--cfg-path', '/tmp/tmp8jfhb0fv']
[2024-06-20T22:59:07.104+0000] {standard_task_runner.py:91} INFO - Job 224: Subtask data_etl.preprocess_data.filter_tags
[2024-06-20T22:59:07.105+0000] {logging_mixin.py:188} WARNING - /home/***/.local/lib/python3.12/site-packages/***/task/task_runner/standard_task_runner.py:61 DeprecationWarning: This process (pid=2446) is multi-threaded, use of fork() may lead to deadlocks in the child.
[2024-06-20T22:59:07.105+0000] {standard_task_runner.py:63} INFO - Started process 2448 to run task
[2024-06-20T22:59:07.129+0000] {task_command.py:426} INFO - Running <TaskInstance: dag_data_etl_v49.data_etl.preprocess_data.filter_tags scheduled__2024-06-20T00:00:00+00:00 [running]> on host 10482076056f
[2024-06-20T22:59:07.173+0000] {taskinstance.py:2648} INFO - Exporting env vars: AIRFLOW_CTX_DAG_OWNER='Solarev Ruslan' AIRFLOW_CTX_DAG_ID='dag_data_etl_v49' AIRFLOW_CTX_TASK_ID='data_etl.preprocess_data.filter_tags' AIRFLOW_CTX_EXECUTION_DATE='2024-06-20T00:00:00+00:00' AIRFLOW_CTX_TRY_NUMBER='1' AIRFLOW_CTX_DAG_RUN_ID='scheduled__2024-06-20T00:00:00+00:00'
[2024-06-20T22:59:07.174+0000] {taskinstance.py:430} INFO - ::endgroup::
[2024-06-20T22:59:07.196+0000] {logging_mixin.py:188} INFO - Тип: <class 'pandas.core.frame.DataFrame'>
[2024-06-20T22:59:07.199+0000] {logging_mixin.py:188} INFO - Тип: <class 'pandas.core.frame.DataFrame'>
[2024-06-20T22:59:07.210+0000] {python.py:237} INFO - Done. Returned value was: None
[2024-06-20T22:59:07.210+0000] {taskinstance.py:441} INFO - ::group::Post task execution logs
[2024-06-20T22:59:07.215+0000] {taskinstance.py:1206} INFO - Marking task as SUCCESS. dag_id=dag_data_etl_v49, task_id=data_etl.preprocess_data.filter_tags, run_id=scheduled__2024-06-20T00:00:00+00:00, execution_date=20240620T000000, start_date=20240620T225907, end_date=20240620T225907
[2024-06-20T22:59:07.238+0000] {local_task_job_runner.py:240} INFO - Task exited with return code 0
[2024-06-20T22:59:07.249+0000] {taskinstance.py:3498} INFO - 1 downstream tasks scheduled from follow-on schedule check
[2024-06-20T22:59:07.252+0000] {local_task_job_runner.py:222} INFO - ::endgroup::
