[2024-06-21T01:32:50.681+0000] {local_task_job_runner.py:120} INFO - ::group::Pre task execution logs
[2024-06-21T01:32:50.702+0000] {taskinstance.py:2076} INFO - Dependencies all met for dep_context=non-requeueable deps ti=<TaskInstance: dag_data_etl_v54.data_etl.preprocessing_data.convert_to_matrix scheduled__2024-06-20T12:00:00+00:00 [queued]>
[2024-06-21T01:32:50.707+0000] {taskinstance.py:2076} INFO - Dependencies all met for dep_context=requeueable deps ti=<TaskInstance: dag_data_etl_v54.data_etl.preprocessing_data.convert_to_matrix scheduled__2024-06-20T12:00:00+00:00 [queued]>
[2024-06-21T01:32:50.707+0000] {taskinstance.py:2306} INFO - Starting attempt 1 of 6
[2024-06-21T01:32:50.716+0000] {taskinstance.py:2330} INFO - Executing <Task(PythonOperator): data_etl.preprocessing_data.convert_to_matrix> on 2024-06-20 12:00:00+00:00
[2024-06-21T01:32:50.722+0000] {logging_mixin.py:188} WARNING - /home/***/.local/lib/python3.12/site-packages/***/task/task_runner/standard_task_runner.py:61 DeprecationWarning: This process (pid=13405) is multi-threaded, use of fork() may lead to deadlocks in the child.
[2024-06-21T01:32:50.722+0000] {standard_task_runner.py:90} INFO - Running: ['***', 'tasks', 'run', 'dag_data_etl_v54', 'data_etl.preprocessing_data.convert_to_matrix', 'scheduled__2024-06-20T12:00:00+00:00', '--job-id', '246', '--raw', '--subdir', 'DAGS_FOLDER/data_etl_dag.py', '--cfg-path', '/tmp/tmprot6tn5s']
[2024-06-21T01:32:50.723+0000] {standard_task_runner.py:63} INFO - Started process 13407 to run task
[2024-06-21T01:32:50.723+0000] {standard_task_runner.py:91} INFO - Job 246: Subtask data_etl.preprocessing_data.convert_to_matrix
[2024-06-21T01:32:50.750+0000] {task_command.py:426} INFO - Running <TaskInstance: dag_data_etl_v54.data_etl.preprocessing_data.convert_to_matrix scheduled__2024-06-20T12:00:00+00:00 [running]> on host 10482076056f
[2024-06-21T01:32:50.793+0000] {taskinstance.py:2648} INFO - Exporting env vars: AIRFLOW_CTX_DAG_OWNER='Solarev Ruslan' AIRFLOW_CTX_DAG_ID='dag_data_etl_v54' AIRFLOW_CTX_TASK_ID='data_etl.preprocessing_data.convert_to_matrix' AIRFLOW_CTX_EXECUTION_DATE='2024-06-20T12:00:00+00:00' AIRFLOW_CTX_TRY_NUMBER='1' AIRFLOW_CTX_DAG_RUN_ID='scheduled__2024-06-20T12:00:00+00:00'
[2024-06-21T01:32:50.794+0000] {taskinstance.py:430} INFO - ::endgroup::
[2024-06-21T01:32:50.815+0000] {logging_mixin.py:188} INFO - Index(['Profession', 'Link', 'Tags'], dtype='object')
[2024-06-21T01:32:50.964+0000] {logging_mixin.py:188} INFO - 0/479
[2024-06-21T01:32:50.966+0000] {logging_mixin.py:188} INFO - 1/479
[2024-06-21T01:32:50.967+0000] {logging_mixin.py:188} INFO - 2/479
[2024-06-21T01:32:50.969+0000] {logging_mixin.py:188} INFO - 3/479
[2024-06-21T01:32:50.970+0000] {logging_mixin.py:188} INFO - 4/479
[2024-06-21T01:32:50.971+0000] {logging_mixin.py:188} INFO - 5/479
[2024-06-21T01:32:50.973+0000] {logging_mixin.py:188} INFO - 6/479
[2024-06-21T01:32:50.974+0000] {logging_mixin.py:188} INFO - 7/479
[2024-06-21T01:32:50.975+0000] {logging_mixin.py:188} INFO - 8/479
[2024-06-21T01:32:50.977+0000] {logging_mixin.py:188} INFO - 9/479
[2024-06-21T01:32:50.979+0000] {logging_mixin.py:188} INFO - 10/479
[2024-06-21T01:32:50.980+0000] {logging_mixin.py:188} INFO - 11/479
[2024-06-21T01:32:50.982+0000] {logging_mixin.py:188} INFO - 12/479
[2024-06-21T01:32:50.984+0000] {logging_mixin.py:188} INFO - 13/479
[2024-06-21T01:32:50.986+0000] {logging_mixin.py:188} INFO - 14/479
[2024-06-21T01:32:50.988+0000] {logging_mixin.py:188} INFO - 15/479
[2024-06-21T01:32:50.990+0000] {logging_mixin.py:188} INFO - 16/479
[2024-06-21T01:32:50.992+0000] {logging_mixin.py:188} INFO - 17/479
[2024-06-21T01:32:50.995+0000] {logging_mixin.py:188} INFO - 18/479
[2024-06-21T01:32:50.997+0000] {logging_mixin.py:188} INFO - 19/479
[2024-06-21T01:32:51.001+0000] {logging_mixin.py:188} INFO - 20/479
[2024-06-21T01:32:51.004+0000] {logging_mixin.py:188} INFO - 21/479
[2024-06-21T01:32:51.009+0000] {logging_mixin.py:188} INFO - 22/479
[2024-06-21T01:32:51.012+0000] {logging_mixin.py:188} INFO - 23/479
[2024-06-21T01:32:51.017+0000] {logging_mixin.py:188} INFO - 24/479
[2024-06-21T01:32:51.020+0000] {logging_mixin.py:188} INFO - 25/479
[2024-06-21T01:32:51.025+0000] {logging_mixin.py:188} INFO - 26/479
[2024-06-21T01:32:51.029+0000] {logging_mixin.py:188} INFO - 27/479
[2024-06-21T01:32:51.037+0000] {logging_mixin.py:188} INFO - 28/479
[2024-06-21T01:32:51.042+0000] {logging_mixin.py:188} INFO - 29/479
[2024-06-21T01:32:51.046+0000] {logging_mixin.py:188} INFO - 30/479
[2024-06-21T01:32:51.051+0000] {logging_mixin.py:188} INFO - 31/479
[2024-06-21T01:32:51.055+0000] {logging_mixin.py:188} INFO - 32/479
[2024-06-21T01:32:51.060+0000] {logging_mixin.py:188} INFO - 33/479
[2024-06-21T01:32:51.065+0000] {logging_mixin.py:188} INFO - 34/479
[2024-06-21T01:32:51.070+0000] {logging_mixin.py:188} INFO - 35/479
[2024-06-21T01:32:51.074+0000] {logging_mixin.py:188} INFO - 36/479
[2024-06-21T01:32:51.079+0000] {logging_mixin.py:188} INFO - 37/479
[2024-06-21T01:32:51.084+0000] {logging_mixin.py:188} INFO - 38/479
[2024-06-21T01:32:51.089+0000] {logging_mixin.py:188} INFO - 39/479
[2024-06-21T01:32:51.094+0000] {logging_mixin.py:188} INFO - 40/479
[2024-06-21T01:32:51.099+0000] {logging_mixin.py:188} INFO - 41/479
[2024-06-21T01:32:51.104+0000] {logging_mixin.py:188} INFO - 42/479
[2024-06-21T01:32:51.109+0000] {logging_mixin.py:188} INFO - 43/479
[2024-06-21T01:32:51.114+0000] {logging_mixin.py:188} INFO - 44/479
[2024-06-21T01:32:51.119+0000] {logging_mixin.py:188} INFO - 45/479
[2024-06-21T01:32:51.124+0000] {logging_mixin.py:188} INFO - 46/479
[2024-06-21T01:32:51.129+0000] {logging_mixin.py:188} INFO - 47/479
[2024-06-21T01:32:51.134+0000] {logging_mixin.py:188} INFO - 48/479
[2024-06-21T01:32:51.140+0000] {logging_mixin.py:188} INFO - 49/479
[2024-06-21T01:32:51.146+0000] {logging_mixin.py:188} INFO - 50/479
[2024-06-21T01:32:51.152+0000] {logging_mixin.py:188} INFO - 51/479
[2024-06-21T01:32:51.157+0000] {logging_mixin.py:188} INFO - 52/479
[2024-06-21T01:32:51.162+0000] {logging_mixin.py:188} INFO - 53/479
[2024-06-21T01:32:51.167+0000] {logging_mixin.py:188} INFO - 54/479
[2024-06-21T01:32:51.173+0000] {logging_mixin.py:188} INFO - 55/479
[2024-06-21T01:32:51.178+0000] {logging_mixin.py:188} INFO - 56/479
[2024-06-21T01:32:51.184+0000] {logging_mixin.py:188} INFO - 57/479
[2024-06-21T01:32:51.190+0000] {logging_mixin.py:188} INFO - 58/479
[2024-06-21T01:32:51.195+0000] {logging_mixin.py:188} INFO - 59/479
[2024-06-21T01:32:51.201+0000] {logging_mixin.py:188} INFO - 60/479
[2024-06-21T01:32:51.207+0000] {logging_mixin.py:188} INFO - 61/479
[2024-06-21T01:32:51.213+0000] {logging_mixin.py:188} INFO - 62/479
[2024-06-21T01:32:51.219+0000] {logging_mixin.py:188} INFO - 63/479
[2024-06-21T01:32:51.225+0000] {logging_mixin.py:188} INFO - 64/479
[2024-06-21T01:32:51.231+0000] {logging_mixin.py:188} INFO - 65/479
[2024-06-21T01:32:51.237+0000] {logging_mixin.py:188} INFO - 66/479
[2024-06-21T01:32:51.244+0000] {logging_mixin.py:188} INFO - 67/479
[2024-06-21T01:32:51.250+0000] {logging_mixin.py:188} INFO - 68/479
[2024-06-21T01:32:51.257+0000] {logging_mixin.py:188} INFO - 69/479
[2024-06-21T01:32:51.264+0000] {logging_mixin.py:188} INFO - 70/479
[2024-06-21T01:32:51.270+0000] {logging_mixin.py:188} INFO - 71/479
[2024-06-21T01:32:51.278+0000] {logging_mixin.py:188} INFO - 72/479
[2024-06-21T01:32:51.285+0000] {logging_mixin.py:188} INFO - 73/479
[2024-06-21T01:32:51.292+0000] {logging_mixin.py:188} INFO - 74/479
[2024-06-21T01:32:51.299+0000] {logging_mixin.py:188} INFO - 75/479
[2024-06-21T01:32:51.306+0000] {logging_mixin.py:188} INFO - 76/479
[2024-06-21T01:32:51.314+0000] {logging_mixin.py:188} INFO - 77/479
[2024-06-21T01:32:51.322+0000] {logging_mixin.py:188} INFO - 78/479
[2024-06-21T01:32:51.334+0000] {logging_mixin.py:188} INFO - 79/479
[2024-06-21T01:32:51.342+0000] {logging_mixin.py:188} INFO - 80/479
[2024-06-21T01:32:51.350+0000] {logging_mixin.py:188} INFO - 81/479
[2024-06-21T01:32:51.359+0000] {logging_mixin.py:188} INFO - 82/479
[2024-06-21T01:32:51.369+0000] {logging_mixin.py:188} INFO - 83/479
[2024-06-21T01:32:51.378+0000] {logging_mixin.py:188} INFO - 84/479
[2024-06-21T01:32:51.394+0000] {logging_mixin.py:188} INFO - 85/479
[2024-06-21T01:32:51.403+0000] {logging_mixin.py:188} INFO - 86/479
[2024-06-21T01:32:51.411+0000] {logging_mixin.py:188} INFO - 87/479
[2024-06-21T01:32:51.420+0000] {logging_mixin.py:188} INFO - 88/479
[2024-06-21T01:32:51.429+0000] {logging_mixin.py:188} INFO - 89/479
[2024-06-21T01:32:51.438+0000] {logging_mixin.py:188} INFO - 90/479
[2024-06-21T01:32:51.447+0000] {logging_mixin.py:188} INFO - 91/479
[2024-06-21T01:32:51.455+0000] {logging_mixin.py:188} INFO - 92/479
[2024-06-21T01:32:51.463+0000] {logging_mixin.py:188} INFO - 93/479
[2024-06-21T01:32:51.472+0000] {logging_mixin.py:188} INFO - 94/479
[2024-06-21T01:32:51.480+0000] {logging_mixin.py:188} INFO - 95/479
[2024-06-21T01:32:51.489+0000] {logging_mixin.py:188} INFO - 96/479
[2024-06-21T01:32:51.498+0000] {logging_mixin.py:188} INFO - 97/479
[2024-06-21T01:32:51.507+0000] {logging_mixin.py:188} INFO - 98/479
[2024-06-21T01:32:51.517+0000] {logging_mixin.py:188} INFO - 99/479
[2024-06-21T01:32:51.526+0000] {logging_mixin.py:188} INFO - 100/479
[2024-06-21T01:32:51.535+0000] {logging_mixin.py:188} INFO - 101/479
[2024-06-21T01:32:51.546+0000] {logging_mixin.py:188} INFO - 102/479
[2024-06-21T01:32:51.557+0000] {logging_mixin.py:188} INFO - 103/479
[2024-06-21T01:32:51.568+0000] {logging_mixin.py:188} INFO - 104/479
[2024-06-21T01:32:51.579+0000] {logging_mixin.py:188} INFO - 105/479
[2024-06-21T01:32:51.588+0000] {logging_mixin.py:188} INFO - 106/479
[2024-06-21T01:32:51.598+0000] {logging_mixin.py:188} INFO - 107/479
[2024-06-21T01:32:51.608+0000] {logging_mixin.py:188} INFO - 108/479
[2024-06-21T01:32:51.618+0000] {logging_mixin.py:188} INFO - 109/479
[2024-06-21T01:32:51.628+0000] {logging_mixin.py:188} INFO - 110/479
[2024-06-21T01:32:51.638+0000] {logging_mixin.py:188} INFO - 111/479
[2024-06-21T01:32:51.650+0000] {logging_mixin.py:188} INFO - 112/479
[2024-06-21T01:32:51.664+0000] {logging_mixin.py:188} INFO - 113/479
[2024-06-21T01:32:51.675+0000] {logging_mixin.py:188} INFO - 114/479
[2024-06-21T01:32:51.686+0000] {logging_mixin.py:188} INFO - 115/479
[2024-06-21T01:32:51.697+0000] {logging_mixin.py:188} INFO - 116/479
[2024-06-21T01:32:51.708+0000] {logging_mixin.py:188} INFO - 117/479
[2024-06-21T01:32:51.719+0000] {logging_mixin.py:188} INFO - 118/479
[2024-06-21T01:32:51.730+0000] {logging_mixin.py:188} INFO - 119/479
[2024-06-21T01:32:51.742+0000] {logging_mixin.py:188} INFO - 120/479
[2024-06-21T01:32:51.753+0000] {logging_mixin.py:188} INFO - 121/479
[2024-06-21T01:32:51.765+0000] {logging_mixin.py:188} INFO - 122/479
[2024-06-21T01:32:51.776+0000] {logging_mixin.py:188} INFO - 123/479
[2024-06-21T01:32:51.787+0000] {logging_mixin.py:188} INFO - 124/479
[2024-06-21T01:32:51.799+0000] {logging_mixin.py:188} INFO - 125/479
[2024-06-21T01:32:51.811+0000] {logging_mixin.py:188} INFO - 126/479
[2024-06-21T01:32:51.824+0000] {logging_mixin.py:188} INFO - 127/479
[2024-06-21T01:32:51.836+0000] {logging_mixin.py:188} INFO - 128/479
[2024-06-21T01:32:51.848+0000] {logging_mixin.py:188} INFO - 129/479
[2024-06-21T01:32:51.860+0000] {logging_mixin.py:188} INFO - 130/479
[2024-06-21T01:32:51.874+0000] {logging_mixin.py:188} INFO - 131/479
[2024-06-21T01:32:51.885+0000] {logging_mixin.py:188} INFO - 132/479
[2024-06-21T01:32:51.898+0000] {logging_mixin.py:188} INFO - 133/479
[2024-06-21T01:32:51.911+0000] {logging_mixin.py:188} INFO - 134/479
[2024-06-21T01:32:51.923+0000] {logging_mixin.py:188} INFO - 135/479
[2024-06-21T01:32:51.934+0000] {logging_mixin.py:188} INFO - 136/479
[2024-06-21T01:32:51.946+0000] {logging_mixin.py:188} INFO - 137/479
[2024-06-21T01:32:51.959+0000] {logging_mixin.py:188} INFO - 138/479
[2024-06-21T01:32:51.971+0000] {logging_mixin.py:188} INFO - 139/479
[2024-06-21T01:32:51.984+0000] {logging_mixin.py:188} INFO - 140/479
[2024-06-21T01:32:51.997+0000] {logging_mixin.py:188} INFO - 141/479
[2024-06-21T01:32:52.009+0000] {logging_mixin.py:188} INFO - 142/479
[2024-06-21T01:32:52.021+0000] {logging_mixin.py:188} INFO - 143/479
[2024-06-21T01:32:52.033+0000] {logging_mixin.py:188} INFO - 144/479
[2024-06-21T01:32:52.046+0000] {logging_mixin.py:188} INFO - 145/479
[2024-06-21T01:32:52.058+0000] {logging_mixin.py:188} INFO - 146/479
[2024-06-21T01:32:52.072+0000] {logging_mixin.py:188} INFO - 147/479
[2024-06-21T01:32:52.086+0000] {logging_mixin.py:188} INFO - 148/479
[2024-06-21T01:32:52.099+0000] {logging_mixin.py:188} INFO - 149/479
[2024-06-21T01:32:52.112+0000] {logging_mixin.py:188} INFO - 150/479
[2024-06-21T01:32:52.125+0000] {logging_mixin.py:188} INFO - 151/479
[2024-06-21T01:32:52.139+0000] {logging_mixin.py:188} INFO - 152/479
[2024-06-21T01:32:52.152+0000] {logging_mixin.py:188} INFO - 153/479
[2024-06-21T01:32:52.166+0000] {logging_mixin.py:188} INFO - 154/479
[2024-06-21T01:32:52.179+0000] {logging_mixin.py:188} INFO - 155/479
[2024-06-21T01:32:52.193+0000] {logging_mixin.py:188} INFO - 156/479
[2024-06-21T01:32:52.206+0000] {logging_mixin.py:188} INFO - 157/479
[2024-06-21T01:32:52.220+0000] {logging_mixin.py:188} INFO - 158/479
[2024-06-21T01:32:52.234+0000] {logging_mixin.py:188} INFO - 159/479
[2024-06-21T01:32:52.248+0000] {logging_mixin.py:188} INFO - 160/479
[2024-06-21T01:32:52.262+0000] {logging_mixin.py:188} INFO - 161/479
[2024-06-21T01:32:52.277+0000] {logging_mixin.py:188} INFO - 162/479
[2024-06-21T01:32:52.292+0000] {logging_mixin.py:188} INFO - 163/479
[2024-06-21T01:32:52.307+0000] {logging_mixin.py:188} INFO - 164/479
[2024-06-21T01:32:52.322+0000] {logging_mixin.py:188} INFO - 165/479
[2024-06-21T01:32:52.338+0000] {logging_mixin.py:188} INFO - 166/479
[2024-06-21T01:32:52.353+0000] {logging_mixin.py:188} INFO - 167/479
[2024-06-21T01:32:52.368+0000] {logging_mixin.py:188} INFO - 168/479
[2024-06-21T01:32:52.382+0000] {logging_mixin.py:188} INFO - 169/479
[2024-06-21T01:32:52.397+0000] {logging_mixin.py:188} INFO - 170/479
[2024-06-21T01:32:52.413+0000] {logging_mixin.py:188} INFO - 171/479
[2024-06-21T01:32:52.428+0000] {logging_mixin.py:188} INFO - 172/479
[2024-06-21T01:32:52.448+0000] {logging_mixin.py:188} INFO - 173/479
[2024-06-21T01:32:52.463+0000] {logging_mixin.py:188} INFO - 174/479
[2024-06-21T01:32:52.479+0000] {logging_mixin.py:188} INFO - 175/479
[2024-06-21T01:32:52.494+0000] {logging_mixin.py:188} INFO - 176/479
[2024-06-21T01:32:52.509+0000] {logging_mixin.py:188} INFO - 177/479
[2024-06-21T01:32:52.524+0000] {logging_mixin.py:188} INFO - 178/479
[2024-06-21T01:32:52.540+0000] {logging_mixin.py:188} INFO - 179/479
[2024-06-21T01:32:52.556+0000] {logging_mixin.py:188} INFO - 180/479
[2024-06-21T01:32:52.572+0000] {logging_mixin.py:188} INFO - 181/479
[2024-06-21T01:32:52.588+0000] {logging_mixin.py:188} INFO - 182/479
[2024-06-21T01:32:52.604+0000] {logging_mixin.py:188} INFO - 183/479
[2024-06-21T01:32:52.620+0000] {logging_mixin.py:188} INFO - 184/479
[2024-06-21T01:32:52.636+0000] {logging_mixin.py:188} INFO - 185/479
[2024-06-21T01:32:52.652+0000] {logging_mixin.py:188} INFO - 186/479
[2024-06-21T01:32:52.668+0000] {logging_mixin.py:188} INFO - 187/479
[2024-06-21T01:32:52.684+0000] {logging_mixin.py:188} INFO - 188/479
[2024-06-21T01:32:52.701+0000] {logging_mixin.py:188} INFO - 189/479
[2024-06-21T01:32:52.718+0000] {logging_mixin.py:188} INFO - 190/479
[2024-06-21T01:32:52.735+0000] {logging_mixin.py:188} INFO - 191/479
[2024-06-21T01:32:52.751+0000] {logging_mixin.py:188} INFO - 192/479
[2024-06-21T01:32:52.769+0000] {logging_mixin.py:188} INFO - 193/479
[2024-06-21T01:32:52.786+0000] {logging_mixin.py:188} INFO - 194/479
[2024-06-21T01:32:52.803+0000] {logging_mixin.py:188} INFO - 195/479
[2024-06-21T01:32:52.820+0000] {logging_mixin.py:188} INFO - 196/479
[2024-06-21T01:32:52.837+0000] {logging_mixin.py:188} INFO - 197/479
[2024-06-21T01:32:52.854+0000] {logging_mixin.py:188} INFO - 198/479
[2024-06-21T01:32:52.871+0000] {logging_mixin.py:188} INFO - 199/479
[2024-06-21T01:32:52.889+0000] {logging_mixin.py:188} INFO - 200/479
[2024-06-21T01:32:52.906+0000] {logging_mixin.py:188} INFO - 201/479
[2024-06-21T01:32:52.924+0000] {logging_mixin.py:188} INFO - 202/479
[2024-06-21T01:32:52.942+0000] {logging_mixin.py:188} INFO - 203/479
[2024-06-21T01:32:52.960+0000] {logging_mixin.py:188} INFO - 204/479
[2024-06-21T01:32:52.978+0000] {logging_mixin.py:188} INFO - 205/479
[2024-06-21T01:32:52.997+0000] {logging_mixin.py:188} INFO - 206/479
[2024-06-21T01:32:53.015+0000] {logging_mixin.py:188} INFO - 207/479
[2024-06-21T01:32:53.033+0000] {logging_mixin.py:188} INFO - 208/479
[2024-06-21T01:32:53.052+0000] {logging_mixin.py:188} INFO - 209/479
[2024-06-21T01:32:53.070+0000] {logging_mixin.py:188} INFO - 210/479
[2024-06-21T01:32:53.090+0000] {logging_mixin.py:188} INFO - 211/479
[2024-06-21T01:32:53.109+0000] {logging_mixin.py:188} INFO - 212/479
[2024-06-21T01:32:53.128+0000] {logging_mixin.py:188} INFO - 213/479
[2024-06-21T01:32:53.149+0000] {logging_mixin.py:188} INFO - 214/479
[2024-06-21T01:32:53.169+0000] {logging_mixin.py:188} INFO - 215/479
[2024-06-21T01:32:53.189+0000] {logging_mixin.py:188} INFO - 216/479
[2024-06-21T01:32:53.211+0000] {logging_mixin.py:188} INFO - 217/479
[2024-06-21T01:32:53.232+0000] {logging_mixin.py:188} INFO - 218/479
[2024-06-21T01:32:53.253+0000] {logging_mixin.py:188} INFO - 219/479
[2024-06-21T01:32:53.273+0000] {logging_mixin.py:188} INFO - 220/479
[2024-06-21T01:32:53.293+0000] {logging_mixin.py:188} INFO - 221/479
[2024-06-21T01:32:53.313+0000] {logging_mixin.py:188} INFO - 222/479
[2024-06-21T01:32:53.333+0000] {logging_mixin.py:188} INFO - 223/479
[2024-06-21T01:32:53.352+0000] {logging_mixin.py:188} INFO - 224/479
[2024-06-21T01:32:53.371+0000] {logging_mixin.py:188} INFO - 225/479
[2024-06-21T01:32:53.390+0000] {logging_mixin.py:188} INFO - 226/479
[2024-06-21T01:32:53.411+0000] {logging_mixin.py:188} INFO - 227/479
[2024-06-21T01:32:53.433+0000] {logging_mixin.py:188} INFO - 228/479
[2024-06-21T01:32:53.453+0000] {logging_mixin.py:188} INFO - 229/479
[2024-06-21T01:32:53.473+0000] {logging_mixin.py:188} INFO - 230/479
[2024-06-21T01:32:53.493+0000] {logging_mixin.py:188} INFO - 231/479
[2024-06-21T01:32:53.513+0000] {logging_mixin.py:188} INFO - 232/479
[2024-06-21T01:32:53.532+0000] {logging_mixin.py:188} INFO - 233/479
[2024-06-21T01:32:53.552+0000] {logging_mixin.py:188} INFO - 234/479
[2024-06-21T01:32:53.572+0000] {logging_mixin.py:188} INFO - 235/479
[2024-06-21T01:32:53.592+0000] {logging_mixin.py:188} INFO - 236/479
[2024-06-21T01:32:53.614+0000] {logging_mixin.py:188} INFO - 237/479
[2024-06-21T01:32:53.635+0000] {logging_mixin.py:188} INFO - 238/479
[2024-06-21T01:32:53.657+0000] {logging_mixin.py:188} INFO - 239/479
[2024-06-21T01:32:53.678+0000] {logging_mixin.py:188} INFO - 240/479
[2024-06-21T01:32:53.699+0000] {logging_mixin.py:188} INFO - 241/479
[2024-06-21T01:32:53.720+0000] {logging_mixin.py:188} INFO - 242/479
[2024-06-21T01:32:53.741+0000] {logging_mixin.py:188} INFO - 243/479
[2024-06-21T01:32:53.763+0000] {logging_mixin.py:188} INFO - 244/479
[2024-06-21T01:32:53.784+0000] {logging_mixin.py:188} INFO - 245/479
[2024-06-21T01:32:53.805+0000] {logging_mixin.py:188} INFO - 246/479
[2024-06-21T01:32:53.826+0000] {logging_mixin.py:188} INFO - 247/479
[2024-06-21T01:32:53.848+0000] {logging_mixin.py:188} INFO - 248/479
[2024-06-21T01:32:53.869+0000] {logging_mixin.py:188} INFO - 249/479
[2024-06-21T01:32:53.890+0000] {logging_mixin.py:188} INFO - 250/479
[2024-06-21T01:32:53.912+0000] {logging_mixin.py:188} INFO - 251/479
[2024-06-21T01:32:53.935+0000] {logging_mixin.py:188} INFO - 252/479
[2024-06-21T01:32:53.957+0000] {logging_mixin.py:188} INFO - 253/479
[2024-06-21T01:32:53.980+0000] {logging_mixin.py:188} INFO - 254/479
[2024-06-21T01:32:54.002+0000] {logging_mixin.py:188} INFO - 255/479
[2024-06-21T01:32:54.024+0000] {logging_mixin.py:188} INFO - 256/479
[2024-06-21T01:32:54.046+0000] {logging_mixin.py:188} INFO - 257/479
[2024-06-21T01:32:54.069+0000] {logging_mixin.py:188} INFO - 258/479
[2024-06-21T01:32:54.093+0000] {logging_mixin.py:188} INFO - 259/479
[2024-06-21T01:32:54.115+0000] {logging_mixin.py:188} INFO - 260/479
[2024-06-21T01:32:54.138+0000] {logging_mixin.py:188} INFO - 261/479
[2024-06-21T01:32:54.161+0000] {logging_mixin.py:188} INFO - 262/479
[2024-06-21T01:32:54.183+0000] {logging_mixin.py:188} INFO - 263/479
[2024-06-21T01:32:54.206+0000] {logging_mixin.py:188} INFO - 264/479
[2024-06-21T01:32:54.229+0000] {logging_mixin.py:188} INFO - 265/479
[2024-06-21T01:32:54.252+0000] {logging_mixin.py:188} INFO - 266/479
[2024-06-21T01:32:54.274+0000] {logging_mixin.py:188} INFO - 267/479
[2024-06-21T01:32:54.297+0000] {logging_mixin.py:188} INFO - 268/479
[2024-06-21T01:32:54.321+0000] {logging_mixin.py:188} INFO - 269/479
[2024-06-21T01:32:54.344+0000] {logging_mixin.py:188} INFO - 270/479
[2024-06-21T01:32:54.368+0000] {logging_mixin.py:188} INFO - 271/479
[2024-06-21T01:32:54.391+0000] {logging_mixin.py:188} INFO - 272/479
[2024-06-21T01:32:54.416+0000] {logging_mixin.py:188} INFO - 273/479
[2024-06-21T01:32:54.440+0000] {logging_mixin.py:188} INFO - 274/479
[2024-06-21T01:32:54.465+0000] {logging_mixin.py:188} INFO - 275/479
[2024-06-21T01:32:54.489+0000] {logging_mixin.py:188} INFO - 276/479
[2024-06-21T01:32:54.514+0000] {logging_mixin.py:188} INFO - 277/479
[2024-06-21T01:32:54.539+0000] {logging_mixin.py:188} INFO - 278/479
[2024-06-21T01:32:54.563+0000] {logging_mixin.py:188} INFO - 279/479
[2024-06-21T01:32:54.587+0000] {logging_mixin.py:188} INFO - 280/479
[2024-06-21T01:32:54.611+0000] {logging_mixin.py:188} INFO - 281/479
[2024-06-21T01:32:54.635+0000] {logging_mixin.py:188} INFO - 282/479
[2024-06-21T01:32:54.660+0000] {logging_mixin.py:188} INFO - 283/479
[2024-06-21T01:32:54.684+0000] {logging_mixin.py:188} INFO - 284/479
[2024-06-21T01:32:54.709+0000] {logging_mixin.py:188} INFO - 285/479
[2024-06-21T01:32:54.733+0000] {logging_mixin.py:188} INFO - 286/479
[2024-06-21T01:32:54.758+0000] {logging_mixin.py:188} INFO - 287/479
[2024-06-21T01:32:54.782+0000] {logging_mixin.py:188} INFO - 288/479
[2024-06-21T01:32:54.807+0000] {logging_mixin.py:188} INFO - 289/479
[2024-06-21T01:32:54.833+0000] {logging_mixin.py:188} INFO - 290/479
[2024-06-21T01:32:54.858+0000] {logging_mixin.py:188} INFO - 291/479
[2024-06-21T01:32:54.885+0000] {logging_mixin.py:188} INFO - 292/479
[2024-06-21T01:32:54.910+0000] {logging_mixin.py:188} INFO - 293/479
[2024-06-21T01:32:54.936+0000] {logging_mixin.py:188} INFO - 294/479
[2024-06-21T01:32:54.961+0000] {logging_mixin.py:188} INFO - 295/479
[2024-06-21T01:32:54.987+0000] {logging_mixin.py:188} INFO - 296/479
[2024-06-21T01:32:55.013+0000] {logging_mixin.py:188} INFO - 297/479
[2024-06-21T01:32:55.039+0000] {logging_mixin.py:188} INFO - 298/479
[2024-06-21T01:32:55.066+0000] {logging_mixin.py:188} INFO - 299/479
[2024-06-21T01:32:55.093+0000] {logging_mixin.py:188} INFO - 300/479
[2024-06-21T01:32:55.119+0000] {logging_mixin.py:188} INFO - 301/479
[2024-06-21T01:32:55.145+0000] {logging_mixin.py:188} INFO - 302/479
[2024-06-21T01:32:55.172+0000] {logging_mixin.py:188} INFO - 303/479
[2024-06-21T01:32:55.198+0000] {logging_mixin.py:188} INFO - 304/479
[2024-06-21T01:32:55.227+0000] {logging_mixin.py:188} INFO - 305/479
[2024-06-21T01:32:55.255+0000] {logging_mixin.py:188} INFO - 306/479
[2024-06-21T01:32:55.285+0000] {logging_mixin.py:188} INFO - 307/479
[2024-06-21T01:32:55.315+0000] {logging_mixin.py:188} INFO - 308/479
[2024-06-21T01:32:55.344+0000] {logging_mixin.py:188} INFO - 309/479
[2024-06-21T01:32:55.371+0000] {logging_mixin.py:188} INFO - 310/479
[2024-06-21T01:32:55.400+0000] {logging_mixin.py:188} INFO - 311/479
[2024-06-21T01:32:55.429+0000] {logging_mixin.py:188} INFO - 312/479
[2024-06-21T01:32:55.457+0000] {logging_mixin.py:188} INFO - 313/479
[2024-06-21T01:32:55.485+0000] {logging_mixin.py:188} INFO - 314/479
[2024-06-21T01:32:55.513+0000] {logging_mixin.py:188} INFO - 315/479
[2024-06-21T01:32:55.540+0000] {logging_mixin.py:188} INFO - 316/479
[2024-06-21T01:32:55.568+0000] {logging_mixin.py:188} INFO - 317/479
[2024-06-21T01:32:55.595+0000] {logging_mixin.py:188} INFO - 318/479
[2024-06-21T01:32:55.623+0000] {logging_mixin.py:188} INFO - 319/479
[2024-06-21T01:32:55.651+0000] {logging_mixin.py:188} INFO - 320/479
[2024-06-21T01:32:55.682+0000] {logging_mixin.py:188} INFO - 321/479
[2024-06-21T01:32:55.711+0000] {logging_mixin.py:188} INFO - 322/479
[2024-06-21T01:32:55.741+0000] {logging_mixin.py:188} INFO - 323/479
[2024-06-21T01:32:55.769+0000] {logging_mixin.py:188} INFO - 324/479
[2024-06-21T01:32:55.798+0000] {logging_mixin.py:188} INFO - 325/479
[2024-06-21T01:32:55.825+0000] {logging_mixin.py:188} INFO - 326/479
[2024-06-21T01:32:55.853+0000] {logging_mixin.py:188} INFO - 327/479
[2024-06-21T01:32:55.880+0000] {logging_mixin.py:188} INFO - 328/479
[2024-06-21T01:32:55.908+0000] {logging_mixin.py:188} INFO - 329/479
[2024-06-21T01:32:55.956+0000] {logging_mixin.py:188} INFO - 330/479
[2024-06-21T01:32:55.983+0000] {logging_mixin.py:188} INFO - 331/479
[2024-06-21T01:32:56.011+0000] {logging_mixin.py:188} INFO - 332/479
[2024-06-21T01:32:56.047+0000] {logging_mixin.py:188} INFO - 333/479
[2024-06-21T01:32:56.075+0000] {logging_mixin.py:188} INFO - 334/479
[2024-06-21T01:32:56.105+0000] {logging_mixin.py:188} INFO - 335/479
[2024-06-21T01:32:56.133+0000] {logging_mixin.py:188} INFO - 336/479
[2024-06-21T01:32:56.161+0000] {logging_mixin.py:188} INFO - 337/479
[2024-06-21T01:32:56.192+0000] {logging_mixin.py:188} INFO - 338/479
[2024-06-21T01:32:56.223+0000] {logging_mixin.py:188} INFO - 339/479
[2024-06-21T01:32:56.253+0000] {logging_mixin.py:188} INFO - 340/479
[2024-06-21T01:32:56.282+0000] {logging_mixin.py:188} INFO - 341/479
[2024-06-21T01:32:56.312+0000] {logging_mixin.py:188} INFO - 342/479
[2024-06-21T01:32:56.341+0000] {logging_mixin.py:188} INFO - 343/479
[2024-06-21T01:32:56.369+0000] {logging_mixin.py:188} INFO - 344/479
[2024-06-21T01:32:56.399+0000] {logging_mixin.py:188} INFO - 345/479
[2024-06-21T01:32:56.431+0000] {logging_mixin.py:188} INFO - 346/479
[2024-06-21T01:32:56.478+0000] {logging_mixin.py:188} INFO - 347/479
[2024-06-21T01:32:56.509+0000] {logging_mixin.py:188} INFO - 348/479
[2024-06-21T01:32:56.540+0000] {logging_mixin.py:188} INFO - 349/479
[2024-06-21T01:32:56.571+0000] {logging_mixin.py:188} INFO - 350/479
[2024-06-21T01:32:56.601+0000] {logging_mixin.py:188} INFO - 351/479
[2024-06-21T01:32:56.631+0000] {logging_mixin.py:188} INFO - 352/479
[2024-06-21T01:32:56.660+0000] {logging_mixin.py:188} INFO - 353/479
[2024-06-21T01:32:56.690+0000] {logging_mixin.py:188} INFO - 354/479
[2024-06-21T01:32:56.720+0000] {logging_mixin.py:188} INFO - 355/479
[2024-06-21T01:32:56.752+0000] {logging_mixin.py:188} INFO - 356/479
[2024-06-21T01:32:56.783+0000] {logging_mixin.py:188} INFO - 357/479
[2024-06-21T01:32:56.814+0000] {logging_mixin.py:188} INFO - 358/479
[2024-06-21T01:32:56.844+0000] {logging_mixin.py:188} INFO - 359/479
[2024-06-21T01:32:56.875+0000] {logging_mixin.py:188} INFO - 360/479
[2024-06-21T01:32:56.906+0000] {logging_mixin.py:188} INFO - 361/479
[2024-06-21T01:32:56.938+0000] {logging_mixin.py:188} INFO - 362/479
[2024-06-21T01:32:56.970+0000] {logging_mixin.py:188} INFO - 363/479
[2024-06-21T01:32:57.001+0000] {logging_mixin.py:188} INFO - 364/479
[2024-06-21T01:32:57.032+0000] {logging_mixin.py:188} INFO - 365/479
[2024-06-21T01:32:57.063+0000] {logging_mixin.py:188} INFO - 366/479
[2024-06-21T01:32:57.095+0000] {logging_mixin.py:188} INFO - 367/479
[2024-06-21T01:32:57.129+0000] {logging_mixin.py:188} INFO - 368/479
[2024-06-21T01:32:57.161+0000] {logging_mixin.py:188} INFO - 369/479
[2024-06-21T01:32:57.192+0000] {logging_mixin.py:188} INFO - 370/479
[2024-06-21T01:32:57.227+0000] {logging_mixin.py:188} INFO - 371/479
[2024-06-21T01:32:57.260+0000] {logging_mixin.py:188} INFO - 372/479
[2024-06-21T01:32:57.290+0000] {logging_mixin.py:188} INFO - 373/479
[2024-06-21T01:32:57.321+0000] {logging_mixin.py:188} INFO - 374/479
[2024-06-21T01:32:57.354+0000] {logging_mixin.py:188} INFO - 375/479
[2024-06-21T01:32:57.387+0000] {logging_mixin.py:188} INFO - 376/479
[2024-06-21T01:32:57.421+0000] {logging_mixin.py:188} INFO - 377/479
[2024-06-21T01:32:57.456+0000] {logging_mixin.py:188} INFO - 378/479
[2024-06-21T01:32:57.492+0000] {logging_mixin.py:188} INFO - 379/479
[2024-06-21T01:32:57.527+0000] {logging_mixin.py:188} INFO - 380/479
[2024-06-21T01:32:57.560+0000] {logging_mixin.py:188} INFO - 381/479
[2024-06-21T01:32:57.593+0000] {logging_mixin.py:188} INFO - 382/479
[2024-06-21T01:32:57.624+0000] {logging_mixin.py:188} INFO - 383/479
[2024-06-21T01:32:57.656+0000] {logging_mixin.py:188} INFO - 384/479
[2024-06-21T01:32:57.688+0000] {logging_mixin.py:188} INFO - 385/479
[2024-06-21T01:32:57.719+0000] {logging_mixin.py:188} INFO - 386/479
[2024-06-21T01:32:57.752+0000] {logging_mixin.py:188} INFO - 387/479
[2024-06-21T01:32:57.785+0000] {logging_mixin.py:188} INFO - 388/479
[2024-06-21T01:32:57.818+0000] {logging_mixin.py:188} INFO - 389/479
[2024-06-21T01:32:57.851+0000] {logging_mixin.py:188} INFO - 390/479
[2024-06-21T01:32:57.884+0000] {logging_mixin.py:188} INFO - 391/479
[2024-06-21T01:32:57.919+0000] {logging_mixin.py:188} INFO - 392/479
[2024-06-21T01:32:57.952+0000] {logging_mixin.py:188} INFO - 393/479
[2024-06-21T01:32:57.988+0000] {logging_mixin.py:188} INFO - 394/479
[2024-06-21T01:32:58.022+0000] {logging_mixin.py:188} INFO - 395/479
[2024-06-21T01:32:58.055+0000] {logging_mixin.py:188} INFO - 396/479
[2024-06-21T01:32:58.088+0000] {logging_mixin.py:188} INFO - 397/479
[2024-06-21T01:32:58.122+0000] {logging_mixin.py:188} INFO - 398/479
[2024-06-21T01:32:58.156+0000] {logging_mixin.py:188} INFO - 399/479
[2024-06-21T01:32:58.190+0000] {logging_mixin.py:188} INFO - 400/479
[2024-06-21T01:32:58.224+0000] {logging_mixin.py:188} INFO - 401/479
[2024-06-21T01:32:58.257+0000] {logging_mixin.py:188} INFO - 402/479
[2024-06-21T01:32:58.292+0000] {logging_mixin.py:188} INFO - 403/479
[2024-06-21T01:32:58.327+0000] {logging_mixin.py:188} INFO - 404/479
[2024-06-21T01:32:58.362+0000] {logging_mixin.py:188} INFO - 405/479
[2024-06-21T01:32:58.396+0000] {logging_mixin.py:188} INFO - 406/479
[2024-06-21T01:32:58.432+0000] {logging_mixin.py:188} INFO - 407/479
[2024-06-21T01:32:58.467+0000] {logging_mixin.py:188} INFO - 408/479
[2024-06-21T01:32:58.502+0000] {logging_mixin.py:188} INFO - 409/479
[2024-06-21T01:32:58.539+0000] {logging_mixin.py:188} INFO - 410/479
[2024-06-21T01:32:58.574+0000] {logging_mixin.py:188} INFO - 411/479
[2024-06-21T01:32:58.608+0000] {logging_mixin.py:188} INFO - 412/479
[2024-06-21T01:32:58.644+0000] {logging_mixin.py:188} INFO - 413/479
[2024-06-21T01:32:58.679+0000] {logging_mixin.py:188} INFO - 414/479
[2024-06-21T01:32:58.715+0000] {logging_mixin.py:188} INFO - 415/479
[2024-06-21T01:32:58.752+0000] {logging_mixin.py:188} INFO - 416/479
[2024-06-21T01:32:58.790+0000] {logging_mixin.py:188} INFO - 417/479
[2024-06-21T01:32:58.825+0000] {logging_mixin.py:188} INFO - 418/479
[2024-06-21T01:32:58.859+0000] {logging_mixin.py:188} INFO - 419/479
[2024-06-21T01:32:58.895+0000] {logging_mixin.py:188} INFO - 420/479
[2024-06-21T01:32:58.930+0000] {logging_mixin.py:188} INFO - 421/479
[2024-06-21T01:32:58.966+0000] {logging_mixin.py:188} INFO - 422/479
[2024-06-21T01:32:59.002+0000] {logging_mixin.py:188} INFO - 423/479
[2024-06-21T01:32:59.040+0000] {logging_mixin.py:188} INFO - 424/479
[2024-06-21T01:32:59.078+0000] {logging_mixin.py:188} INFO - 425/479
[2024-06-21T01:32:59.114+0000] {logging_mixin.py:188} INFO - 426/479
[2024-06-21T01:32:59.151+0000] {logging_mixin.py:188} INFO - 427/479
[2024-06-21T01:32:59.188+0000] {logging_mixin.py:188} INFO - 428/479
[2024-06-21T01:32:59.225+0000] {logging_mixin.py:188} INFO - 429/479
[2024-06-21T01:32:59.262+0000] {logging_mixin.py:188} INFO - 430/479
[2024-06-21T01:32:59.298+0000] {logging_mixin.py:188} INFO - 431/479
[2024-06-21T01:32:59.334+0000] {logging_mixin.py:188} INFO - 432/479
[2024-06-21T01:32:59.371+0000] {logging_mixin.py:188} INFO - 433/479
[2024-06-21T01:32:59.408+0000] {logging_mixin.py:188} INFO - 434/479
[2024-06-21T01:32:59.446+0000] {logging_mixin.py:188} INFO - 435/479
[2024-06-21T01:32:59.486+0000] {logging_mixin.py:188} INFO - 436/479
[2024-06-21T01:32:59.525+0000] {logging_mixin.py:188} INFO - 437/479
[2024-06-21T01:32:59.566+0000] {logging_mixin.py:188} INFO - 438/479
[2024-06-21T01:32:59.609+0000] {logging_mixin.py:188} INFO - 439/479
[2024-06-21T01:32:59.650+0000] {logging_mixin.py:188} INFO - 440/479
[2024-06-21T01:32:59.688+0000] {logging_mixin.py:188} INFO - 441/479
[2024-06-21T01:32:59.725+0000] {logging_mixin.py:188} INFO - 442/479
[2024-06-21T01:32:59.762+0000] {logging_mixin.py:188} INFO - 443/479
[2024-06-21T01:32:59.799+0000] {logging_mixin.py:188} INFO - 444/479
[2024-06-21T01:32:59.837+0000] {logging_mixin.py:188} INFO - 445/479
[2024-06-21T01:32:59.873+0000] {logging_mixin.py:188} INFO - 446/479
[2024-06-21T01:32:59.910+0000] {logging_mixin.py:188} INFO - 447/479
[2024-06-21T01:32:59.949+0000] {logging_mixin.py:188} INFO - 448/479
[2024-06-21T01:32:59.986+0000] {logging_mixin.py:188} INFO - 449/479
[2024-06-21T01:33:00.025+0000] {logging_mixin.py:188} INFO - 450/479
[2024-06-21T01:33:00.065+0000] {logging_mixin.py:188} INFO - 451/479
[2024-06-21T01:33:00.102+0000] {logging_mixin.py:188} INFO - 452/479
[2024-06-21T01:33:00.140+0000] {logging_mixin.py:188} INFO - 453/479
[2024-06-21T01:33:00.182+0000] {logging_mixin.py:188} INFO - 454/479
[2024-06-21T01:33:00.221+0000] {logging_mixin.py:188} INFO - 455/479
[2024-06-21T01:33:00.261+0000] {logging_mixin.py:188} INFO - 456/479
[2024-06-21T01:33:00.299+0000] {logging_mixin.py:188} INFO - 457/479
[2024-06-21T01:33:00.337+0000] {logging_mixin.py:188} INFO - 458/479
[2024-06-21T01:33:00.376+0000] {logging_mixin.py:188} INFO - 459/479
[2024-06-21T01:33:00.417+0000] {logging_mixin.py:188} INFO - 460/479
[2024-06-21T01:33:00.456+0000] {logging_mixin.py:188} INFO - 461/479
[2024-06-21T01:33:00.495+0000] {logging_mixin.py:188} INFO - 462/479
[2024-06-21T01:33:00.535+0000] {logging_mixin.py:188} INFO - 463/479
[2024-06-21T01:33:00.574+0000] {logging_mixin.py:188} INFO - 464/479
[2024-06-21T01:33:00.613+0000] {logging_mixin.py:188} INFO - 465/479
[2024-06-21T01:33:00.652+0000] {logging_mixin.py:188} INFO - 466/479
[2024-06-21T01:33:00.690+0000] {logging_mixin.py:188} INFO - 467/479
[2024-06-21T01:33:00.732+0000] {logging_mixin.py:188} INFO - 468/479
[2024-06-21T01:33:00.772+0000] {logging_mixin.py:188} INFO - 469/479
[2024-06-21T01:33:00.815+0000] {logging_mixin.py:188} INFO - 470/479
[2024-06-21T01:33:00.855+0000] {logging_mixin.py:188} INFO - 471/479
[2024-06-21T01:33:00.894+0000] {logging_mixin.py:188} INFO - 472/479
[2024-06-21T01:33:00.933+0000] {logging_mixin.py:188} INFO - 473/479
[2024-06-21T01:33:00.974+0000] {logging_mixin.py:188} INFO - 474/479
[2024-06-21T01:33:01.014+0000] {logging_mixin.py:188} INFO - 475/479
[2024-06-21T01:33:01.054+0000] {logging_mixin.py:188} INFO - 476/479
[2024-06-21T01:33:01.094+0000] {logging_mixin.py:188} INFO - 477/479
[2024-06-21T01:33:01.138+0000] {logging_mixin.py:188} INFO - 478/479
[2024-06-21T01:33:08.070+0000] {convert_to_matrix.py:45} INFO - Task convert_to_matrix was successfully completed
[2024-06-21T01:33:08.088+0000] {python.py:237} INFO - Done. Returned value was: None
[2024-06-21T01:33:08.089+0000] {taskinstance.py:441} INFO - ::group::Post task execution logs
[2024-06-21T01:33:08.095+0000] {taskinstance.py:1206} INFO - Marking task as SUCCESS. dag_id=dag_data_etl_v54, task_id=data_etl.preprocessing_data.convert_to_matrix, run_id=scheduled__2024-06-20T12:00:00+00:00, execution_date=20240620T120000, start_date=20240621T013250, end_date=20240621T013308
[2024-06-21T01:33:08.147+0000] {local_task_job_runner.py:240} INFO - Task exited with return code 0
[2024-06-21T01:33:08.157+0000] {taskinstance.py:3498} INFO - 0 downstream tasks scheduled from follow-on schedule check
[2024-06-21T01:33:08.160+0000] {local_task_job_runner.py:222} INFO - ::endgroup::
