[2024-06-17T23:47:25.150+0000] {local_task_job_runner.py:120} INFO - ::group::Pre task execution logs
[2024-06-17T23:47:25.167+0000] {taskinstance.py:2076} INFO - Dependencies all met for dep_context=non-requeueable deps ti=<TaskInstance: dag_data_etl_v17.preprocess_data.preprocess_tags scheduled__2024-06-17T00:00:00+00:00 [queued]>
[2024-06-17T23:47:25.172+0000] {taskinstance.py:2076} INFO - Dependencies all met for dep_context=requeueable deps ti=<TaskInstance: dag_data_etl_v17.preprocess_data.preprocess_tags scheduled__2024-06-17T00:00:00+00:00 [queued]>
[2024-06-17T23:47:25.173+0000] {taskinstance.py:2306} INFO - Starting attempt 1 of 6
[2024-06-17T23:47:25.180+0000] {taskinstance.py:2330} INFO - Executing <Task(_PythonDecoratedOperator): preprocess_data.preprocess_tags> on 2024-06-17 00:00:00+00:00
[2024-06-17T23:47:25.186+0000] {standard_task_runner.py:90} INFO - Running: ['***', 'tasks', 'run', 'dag_data_etl_v17', 'preprocess_data.preprocess_tags', 'scheduled__2024-06-17T00:00:00+00:00', '--job-id', '72', '--raw', '--subdir', 'DAGS_FOLDER/data_etl_dag.py', '--cfg-path', '/tmp/tmp50q64ufm']
[2024-06-17T23:47:25.188+0000] {standard_task_runner.py:91} INFO - Job 72: Subtask preprocess_data.preprocess_tags
[2024-06-17T23:47:25.188+0000] {logging_mixin.py:188} WARNING - /home/***/.local/lib/python3.12/site-packages/***/task/task_runner/standard_task_runner.py:61 DeprecationWarning: This process (pid=5911) is multi-threaded, use of fork() may lead to deadlocks in the child.
[2024-06-17T23:47:25.188+0000] {standard_task_runner.py:63} INFO - Started process 5913 to run task
[2024-06-17T23:47:25.216+0000] {task_command.py:426} INFO - Running <TaskInstance: dag_data_etl_v17.preprocess_data.preprocess_tags scheduled__2024-06-17T00:00:00+00:00 [running]> on host 10482076056f
[2024-06-17T23:47:25.266+0000] {taskinstance.py:2648} INFO - Exporting env vars: AIRFLOW_CTX_DAG_OWNER='Solarev Ruslan' AIRFLOW_CTX_DAG_ID='dag_data_etl_v17' AIRFLOW_CTX_TASK_ID='preprocess_data.preprocess_tags' AIRFLOW_CTX_EXECUTION_DATE='2024-06-17T00:00:00+00:00' AIRFLOW_CTX_TRY_NUMBER='1' AIRFLOW_CTX_DAG_RUN_ID='scheduled__2024-06-17T00:00:00+00:00'
[2024-06-17T23:47:25.267+0000] {taskinstance.py:430} INFO - ::endgroup::
[2024-06-17T23:47:25.273+0000] {logging_mixin.py:188} INFO - Index(['Profession', 'Link', 'Tags'], dtype='object')
[2024-06-17T23:47:25.284+0000] {logging_mixin.py:188} INFO -                                    Profession  ...                                               Tags
0                   Администратор базы данных  ...  [Деловая переписка, Обеспечение жизнедеятельно...
1                   Администратор базы данных  ...  [Деловая переписка, Делопроизводство, Организа...
2                   Администратор базы данных  ...  [Пользователь ПК, Работа с базами данных, Комм...
3                   Администратор базы данных  ...        [Работа с базами данных, Администрирование]
4                   Администратор базы данных  ...                                                 []
5                             ERP-программист  ...                                                 []
6                             ERP-программист  ...                                                 []
7                             ERP-программист  ...                                                 []
8                             ERP-программист  ...                                                 []
9                             ERP-программист  ...  [ERP-системы на базе 1С, Обновление конфигурац...
10  Тестировщик программного обеспечения (ПО)  ...                                                 []
11  Тестировщик программного обеспечения (ПО)  ...                                                 []
12  Тестировщик программного обеспечения (ПО)  ...                                                 []
13  Тестировщик программного обеспечения (ПО)  ...        [Тестирование, Python, HTTP, Docker, Linux]
14  Тестировщик программного обеспечения (ПО)  ...                                                 []
15                    Системный администратор  ...  [Техническая документация, Проектная документа...
16                    Системный администратор  ...                                                 []
17                    Системный администратор  ...                                                 []
18                    Системный администратор  ...                                                 []
19                    Системный администратор  ...  [Техническая поддержка, Active Directory, Наст...
20                       Технический писатель  ...  [Техническая документация, Проектная документа...
21                       Технический писатель  ...  [Техническая документация, Проектная документа...
22                       Технический писатель  ...  [MS Visio, HTML, Разработка технических задани...
23                       Технический писатель  ...                                                 []
24                       Технический писатель  ...                                                 []
25                        Администратор сайта  ...                                                 []
26                        Администратор сайта  ...                                                 []
27                        Администратор сайта  ...                                                 []
28                        Администратор сайта  ...  [Заполнение карточек сайта, Администрирование ...
29                        Администратор сайта  ...                         [Администрирование сайтов]
30                           Бизнес-аналитик   ...                                                 []
31                           Бизнес-аналитик   ...                                                 []
32                           Бизнес-аналитик   ...                                                 []
33                           Бизнес-аналитик   ...                                                 []
34                           Бизнес-аналитик   ...                                                 []

[35 rows x 3 columns]
[2024-06-17T23:47:25.284+0000] {logging_mixin.py:188} INFO - Тип: <class 'pandas.core.frame.DataFrame'>
[2024-06-17T23:47:25.288+0000] {python.py:237} INFO - Done. Returned value was: dags/data/Preprocessed_dataset.csv
[2024-06-17T23:47:25.289+0000] {taskinstance.py:441} INFO - ::group::Post task execution logs
[2024-06-17T23:47:25.301+0000] {taskinstance.py:1206} INFO - Marking task as SUCCESS. dag_id=dag_data_etl_v17, task_id=preprocess_data.preprocess_tags, run_id=scheduled__2024-06-17T00:00:00+00:00, execution_date=20240617T000000, start_date=20240617T234725, end_date=20240617T234725
[2024-06-17T23:47:25.321+0000] {local_task_job_runner.py:240} INFO - Task exited with return code 0
[2024-06-17T23:47:25.332+0000] {taskinstance.py:3498} INFO - 2 downstream tasks scheduled from follow-on schedule check
[2024-06-17T23:47:25.334+0000] {local_task_job_runner.py:222} INFO - ::endgroup::
