[2024-06-20T11:36:13.869+0000] {local_task_job_runner.py:120} INFO - ::group::Pre task execution logs
[2024-06-20T11:36:13.885+0000] {taskinstance.py:2076} INFO - Dependencies all met for dep_context=non-requeueable deps ti=<TaskInstance: dag_data_etl_v30.data_etl.preprocess_data.convert_to_matrix scheduled__2024-06-18T00:00:00+00:00 [queued]>
[2024-06-20T11:36:13.889+0000] {taskinstance.py:2076} INFO - Dependencies all met for dep_context=requeueable deps ti=<TaskInstance: dag_data_etl_v30.data_etl.preprocess_data.convert_to_matrix scheduled__2024-06-18T00:00:00+00:00 [queued]>
[2024-06-20T11:36:13.890+0000] {taskinstance.py:2306} INFO - Starting attempt 1 of 6
[2024-06-20T11:36:13.898+0000] {taskinstance.py:2330} INFO - Executing <Task(_PythonDecoratedOperator): data_etl.preprocess_data.convert_to_matrix> on 2024-06-18 00:00:00+00:00
[2024-06-20T11:36:13.902+0000] {standard_task_runner.py:90} INFO - Running: ['***', 'tasks', 'run', 'dag_data_etl_v30', 'data_etl.preprocess_data.convert_to_matrix', 'scheduled__2024-06-18T00:00:00+00:00', '--job-id', '134', '--raw', '--subdir', 'DAGS_FOLDER/data_etl_dag.py', '--cfg-path', '/tmp/tmpp_3uo537']
[2024-06-20T11:36:13.904+0000] {standard_task_runner.py:91} INFO - Job 134: Subtask data_etl.preprocess_data.convert_to_matrix
[2024-06-20T11:36:13.904+0000] {logging_mixin.py:188} WARNING - /home/***/.local/lib/python3.12/site-packages/***/task/task_runner/standard_task_runner.py:61 DeprecationWarning: This process (pid=1139) is multi-threaded, use of fork() may lead to deadlocks in the child.
[2024-06-20T11:36:13.904+0000] {standard_task_runner.py:63} INFO - Started process 1141 to run task
[2024-06-20T11:36:13.929+0000] {task_command.py:426} INFO - Running <TaskInstance: dag_data_etl_v30.data_etl.preprocess_data.convert_to_matrix scheduled__2024-06-18T00:00:00+00:00 [running]> on host 10482076056f
[2024-06-20T11:36:13.979+0000] {taskinstance.py:2648} INFO - Exporting env vars: AIRFLOW_CTX_DAG_OWNER='Solarev Ruslan' AIRFLOW_CTX_DAG_ID='dag_data_etl_v30' AIRFLOW_CTX_TASK_ID='data_etl.preprocess_data.convert_to_matrix' AIRFLOW_CTX_EXECUTION_DATE='2024-06-18T00:00:00+00:00' AIRFLOW_CTX_TRY_NUMBER='1' AIRFLOW_CTX_DAG_RUN_ID='scheduled__2024-06-18T00:00:00+00:00'
[2024-06-20T11:36:13.980+0000] {taskinstance.py:430} INFO - ::endgroup::
[2024-06-20T11:36:13.996+0000] {logging_mixin.py:188} INFO - Index(['Profession', 'Link', 'Tags'], dtype='object')
[2024-06-20T11:36:14.159+0000] {logging_mixin.py:188} INFO - 0/70
[2024-06-20T11:36:14.160+0000] {logging_mixin.py:188} INFO - 1/70
[2024-06-20T11:36:14.160+0000] {logging_mixin.py:188} INFO - 2/70
[2024-06-20T11:36:14.161+0000] {logging_mixin.py:188} INFO - 3/70
[2024-06-20T11:36:14.162+0000] {logging_mixin.py:188} INFO - 4/70
[2024-06-20T11:36:14.163+0000] {logging_mixin.py:188} INFO - 5/70
[2024-06-20T11:36:14.163+0000] {logging_mixin.py:188} INFO - 6/70
[2024-06-20T11:36:14.164+0000] {logging_mixin.py:188} INFO - 7/70
[2024-06-20T11:36:14.165+0000] {logging_mixin.py:188} INFO - 8/70
[2024-06-20T11:36:14.166+0000] {logging_mixin.py:188} INFO - 9/70
[2024-06-20T11:36:14.167+0000] {logging_mixin.py:188} INFO - 10/70
[2024-06-20T11:36:14.167+0000] {logging_mixin.py:188} INFO - 11/70
[2024-06-20T11:36:14.167+0000] {logging_mixin.py:188} INFO - 12/70
[2024-06-20T11:36:14.167+0000] {logging_mixin.py:188} INFO - 13/70
[2024-06-20T11:36:14.169+0000] {logging_mixin.py:188} INFO - 14/70
[2024-06-20T11:36:14.170+0000] {logging_mixin.py:188} INFO - 15/70
[2024-06-20T11:36:14.171+0000] {logging_mixin.py:188} INFO - 16/70
[2024-06-20T11:36:14.173+0000] {logging_mixin.py:188} INFO - 17/70
[2024-06-20T11:36:14.174+0000] {logging_mixin.py:188} INFO - 18/70
[2024-06-20T11:36:14.175+0000] {logging_mixin.py:188} INFO - 19/70
[2024-06-20T11:36:14.177+0000] {logging_mixin.py:188} INFO - 20/70
[2024-06-20T11:36:14.177+0000] {logging_mixin.py:188} INFO - 21/70
[2024-06-20T11:36:14.180+0000] {logging_mixin.py:188} INFO - 22/70
[2024-06-20T11:36:14.181+0000] {logging_mixin.py:188} INFO - 23/70
[2024-06-20T11:36:14.183+0000] {logging_mixin.py:188} INFO - 24/70
[2024-06-20T11:36:14.183+0000] {logging_mixin.py:188} INFO - 25/70
[2024-06-20T11:36:14.185+0000] {logging_mixin.py:188} INFO - 26/70
[2024-06-20T11:36:14.187+0000] {logging_mixin.py:188} INFO - 27/70
[2024-06-20T11:36:14.187+0000] {logging_mixin.py:188} INFO - 28/70
[2024-06-20T11:36:14.189+0000] {logging_mixin.py:188} INFO - 29/70
[2024-06-20T11:36:14.192+0000] {logging_mixin.py:188} INFO - 30/70
[2024-06-20T11:36:14.192+0000] {logging_mixin.py:188} INFO - 31/70
[2024-06-20T11:36:14.193+0000] {logging_mixin.py:188} INFO - 32/70
[2024-06-20T11:36:14.195+0000] {logging_mixin.py:188} INFO - 33/70
[2024-06-20T11:36:14.198+0000] {logging_mixin.py:188} INFO - 34/70
[2024-06-20T11:36:14.201+0000] {logging_mixin.py:188} INFO - 35/70
[2024-06-20T11:36:14.201+0000] {logging_mixin.py:188} INFO - 36/70
[2024-06-20T11:36:14.201+0000] {logging_mixin.py:188} INFO - 37/70
[2024-06-20T11:36:14.204+0000] {logging_mixin.py:188} INFO - 38/70
[2024-06-20T11:36:14.206+0000] {logging_mixin.py:188} INFO - 39/70
[2024-06-20T11:36:14.209+0000] {logging_mixin.py:188} INFO - 40/70
[2024-06-20T11:36:14.212+0000] {logging_mixin.py:188} INFO - 41/70
[2024-06-20T11:36:14.215+0000] {logging_mixin.py:188} INFO - 42/70
[2024-06-20T11:36:14.216+0000] {logging_mixin.py:188} INFO - 43/70
[2024-06-20T11:36:14.217+0000] {logging_mixin.py:188} INFO - 44/70
[2024-06-20T11:36:14.221+0000] {logging_mixin.py:188} INFO - 45/70
[2024-06-20T11:36:14.224+0000] {logging_mixin.py:188} INFO - 46/70
[2024-06-20T11:36:14.225+0000] {logging_mixin.py:188} INFO - 47/70
[2024-06-20T11:36:14.225+0000] {logging_mixin.py:188} INFO - 48/70
[2024-06-20T11:36:14.225+0000] {logging_mixin.py:188} INFO - 49/70
[2024-06-20T11:36:14.226+0000] {logging_mixin.py:188} INFO - 50/70
[2024-06-20T11:36:14.226+0000] {logging_mixin.py:188} INFO - 51/70
[2024-06-20T11:36:14.230+0000] {logging_mixin.py:188} INFO - 52/70
[2024-06-20T11:36:14.234+0000] {logging_mixin.py:188} INFO - 53/70
[2024-06-20T11:36:14.234+0000] {logging_mixin.py:188} INFO - 54/70
[2024-06-20T11:36:14.235+0000] {logging_mixin.py:188} INFO - 55/70
[2024-06-20T11:36:14.238+0000] {logging_mixin.py:188} INFO - 56/70
[2024-06-20T11:36:14.239+0000] {logging_mixin.py:188} INFO - 57/70
[2024-06-20T11:36:14.242+0000] {logging_mixin.py:188} INFO - 58/70
[2024-06-20T11:36:14.243+0000] {logging_mixin.py:188} INFO - 59/70
[2024-06-20T11:36:14.243+0000] {logging_mixin.py:188} INFO - 60/70
[2024-06-20T11:36:14.246+0000] {logging_mixin.py:188} INFO - 61/70
[2024-06-20T11:36:14.250+0000] {logging_mixin.py:188} INFO - 62/70
[2024-06-20T11:36:14.254+0000] {logging_mixin.py:188} INFO - 63/70
[2024-06-20T11:36:14.258+0000] {logging_mixin.py:188} INFO - 64/70
[2024-06-20T11:36:14.263+0000] {logging_mixin.py:188} INFO - 65/70
[2024-06-20T11:36:14.267+0000] {logging_mixin.py:188} INFO - 66/70
[2024-06-20T11:36:14.272+0000] {logging_mixin.py:188} INFO - 67/70
[2024-06-20T11:36:14.272+0000] {logging_mixin.py:188} INFO - 68/70
[2024-06-20T11:36:14.272+0000] {logging_mixin.py:188} INFO - 69/70
[2024-06-20T11:36:14.520+0000] {logging_mixin.py:188} INFO - Тип: <class 'pandas.core.frame.DataFrame'>
[2024-06-20T11:45:18.933+0000] {python.py:237} INFO - Done. Returned value was: None
[2024-06-20T11:45:18.934+0000] {taskinstance.py:441} INFO - ::group::Post task execution logs
[2024-06-20T11:45:18.939+0000] {taskinstance.py:1206} INFO - Marking task as SUCCESS. dag_id=dag_data_etl_v30, task_id=data_etl.preprocess_data.convert_to_matrix, run_id=scheduled__2024-06-18T00:00:00+00:00, execution_date=20240618T000000, start_date=20240620T113613, end_date=20240620T114518
[2024-06-20T11:45:19.061+0000] {local_task_job_runner.py:240} INFO - Task exited with return code 0
[2024-06-20T11:45:19.069+0000] {taskinstance.py:3498} INFO - 0 downstream tasks scheduled from follow-on schedule check
[2024-06-20T11:45:19.071+0000] {local_task_job_runner.py:222} INFO - ::endgroup::
