[2024-06-18T03:35:23.960+0000] {local_task_job_runner.py:120} INFO - ::group::Pre task execution logs
[2024-06-18T03:35:23.978+0000] {taskinstance.py:2076} INFO - Dependencies all met for dep_context=non-requeueable deps ti=<TaskInstance: dag_data_etl_v30.data_etl.preprocess_data.convert_to_matrix scheduled__2024-06-17T12:00:00+00:00 [queued]>
[2024-06-18T03:35:23.982+0000] {taskinstance.py:2076} INFO - Dependencies all met for dep_context=requeueable deps ti=<TaskInstance: dag_data_etl_v30.data_etl.preprocess_data.convert_to_matrix scheduled__2024-06-17T12:00:00+00:00 [queued]>
[2024-06-18T03:35:23.983+0000] {taskinstance.py:2306} INFO - Starting attempt 1 of 6
[2024-06-18T03:35:23.991+0000] {taskinstance.py:2330} INFO - Executing <Task(_PythonDecoratedOperator): data_etl.preprocess_data.convert_to_matrix> on 2024-06-17 12:00:00+00:00
[2024-06-18T03:35:23.998+0000] {logging_mixin.py:188} WARNING - /home/***/.local/lib/python3.12/site-packages/***/task/task_runner/standard_task_runner.py:61 DeprecationWarning: This process (pid=22362) is multi-threaded, use of fork() may lead to deadlocks in the child.
[2024-06-18T03:35:23.998+0000] {standard_task_runner.py:90} INFO - Running: ['***', 'tasks', 'run', 'dag_data_etl_v30', 'data_etl.preprocess_data.convert_to_matrix', 'scheduled__2024-06-17T12:00:00+00:00', '--job-id', '123', '--raw', '--subdir', 'DAGS_FOLDER/data_etl_dag.py', '--cfg-path', '/tmp/tmps3ronibc']
[2024-06-18T03:35:23.999+0000] {standard_task_runner.py:63} INFO - Started process 22364 to run task
[2024-06-18T03:35:24.000+0000] {standard_task_runner.py:91} INFO - Job 123: Subtask data_etl.preprocess_data.convert_to_matrix
[2024-06-18T03:35:24.030+0000] {task_command.py:426} INFO - Running <TaskInstance: dag_data_etl_v30.data_etl.preprocess_data.convert_to_matrix scheduled__2024-06-17T12:00:00+00:00 [running]> on host 10482076056f
[2024-06-18T03:35:24.084+0000] {taskinstance.py:2648} INFO - Exporting env vars: AIRFLOW_CTX_DAG_OWNER='Solarev Ruslan' AIRFLOW_CTX_DAG_ID='dag_data_etl_v30' AIRFLOW_CTX_TASK_ID='data_etl.preprocess_data.convert_to_matrix' AIRFLOW_CTX_EXECUTION_DATE='2024-06-17T12:00:00+00:00' AIRFLOW_CTX_TRY_NUMBER='1' AIRFLOW_CTX_DAG_RUN_ID='scheduled__2024-06-17T12:00:00+00:00'
[2024-06-18T03:35:24.085+0000] {taskinstance.py:430} INFO - ::endgroup::
[2024-06-18T03:35:24.098+0000] {logging_mixin.py:188} INFO - Index(['Profession', 'Link', 'Tags'], dtype='object')
[2024-06-18T03:35:24.259+0000] {logging_mixin.py:188} INFO - 0/17
[2024-06-18T03:35:24.260+0000] {logging_mixin.py:188} INFO - 1/17
[2024-06-18T03:35:24.262+0000] {logging_mixin.py:188} INFO - 2/17
[2024-06-18T03:35:24.263+0000] {logging_mixin.py:188} INFO - 3/17
[2024-06-18T03:35:24.264+0000] {logging_mixin.py:188} INFO - 4/17
[2024-06-18T03:35:24.265+0000] {logging_mixin.py:188} INFO - 5/17
[2024-06-18T03:35:24.267+0000] {logging_mixin.py:188} INFO - 6/17
[2024-06-18T03:35:24.268+0000] {logging_mixin.py:188} INFO - 7/17
[2024-06-18T03:35:24.270+0000] {logging_mixin.py:188} INFO - 8/17
[2024-06-18T03:35:24.271+0000] {logging_mixin.py:188} INFO - 9/17
[2024-06-18T03:35:24.273+0000] {logging_mixin.py:188} INFO - 10/17
[2024-06-18T03:35:24.275+0000] {logging_mixin.py:188} INFO - 11/17
[2024-06-18T03:35:24.277+0000] {logging_mixin.py:188} INFO - 12/17
[2024-06-18T03:35:24.279+0000] {logging_mixin.py:188} INFO - 13/17
[2024-06-18T03:35:24.281+0000] {logging_mixin.py:188} INFO - 14/17
[2024-06-18T03:35:24.283+0000] {logging_mixin.py:188} INFO - 15/17
[2024-06-18T03:35:24.285+0000] {logging_mixin.py:188} INFO - 16/17
[2024-06-18T03:35:24.516+0000] {logging_mixin.py:188} INFO - Тип: <class 'pandas.core.frame.DataFrame'>
[2024-06-18T03:40:36.646+0000] {python.py:237} INFO - Done. Returned value was: None
[2024-06-18T03:40:36.646+0000] {taskinstance.py:441} INFO - ::group::Post task execution logs
[2024-06-18T03:40:36.652+0000] {taskinstance.py:1206} INFO - Marking task as SUCCESS. dag_id=dag_data_etl_v30, task_id=data_etl.preprocess_data.convert_to_matrix, run_id=scheduled__2024-06-17T12:00:00+00:00, execution_date=20240617T120000, start_date=20240618T033523, end_date=20240618T034036
[2024-06-18T03:40:36.770+0000] {local_task_job_runner.py:240} INFO - Task exited with return code 0
[2024-06-18T03:40:36.780+0000] {taskinstance.py:3498} INFO - 0 downstream tasks scheduled from follow-on schedule check
[2024-06-18T03:40:36.782+0000] {local_task_job_runner.py:222} INFO - ::endgroup::
