[2024-06-17T23:56:55.558+0000] {local_task_job_runner.py:120} INFO - ::group::Pre task execution logs
[2024-06-17T23:56:55.574+0000] {taskinstance.py:2076} INFO - Dependencies all met for dep_context=non-requeueable deps ti=<TaskInstance: dag_data_etl_v18.preprocess_data.convert_to_matrix scheduled__2024-06-17T00:00:00+00:00 [queued]>
[2024-06-17T23:56:55.579+0000] {taskinstance.py:2076} INFO - Dependencies all met for dep_context=requeueable deps ti=<TaskInstance: dag_data_etl_v18.preprocess_data.convert_to_matrix scheduled__2024-06-17T00:00:00+00:00 [queued]>
[2024-06-17T23:56:55.580+0000] {taskinstance.py:2306} INFO - Starting attempt 1 of 6
[2024-06-17T23:56:55.588+0000] {taskinstance.py:2330} INFO - Executing <Task(_PythonDecoratedOperator): preprocess_data.convert_to_matrix> on 2024-06-17 00:00:00+00:00
[2024-06-17T23:56:55.593+0000] {standard_task_runner.py:90} INFO - Running: ['***', 'tasks', 'run', 'dag_data_etl_v18', 'preprocess_data.convert_to_matrix', 'scheduled__2024-06-17T00:00:00+00:00', '--job-id', '78', '--raw', '--subdir', 'DAGS_FOLDER/data_etl_dag.py', '--cfg-path', '/tmp/tmpe87sxna2']
[2024-06-17T23:56:55.595+0000] {standard_task_runner.py:91} INFO - Job 78: Subtask preprocess_data.convert_to_matrix
[2024-06-17T23:56:55.595+0000] {logging_mixin.py:188} WARNING - /home/***/.local/lib/python3.12/site-packages/***/task/task_runner/standard_task_runner.py:61 DeprecationWarning: This process (pid=6614) is multi-threaded, use of fork() may lead to deadlocks in the child.
[2024-06-17T23:56:55.597+0000] {standard_task_runner.py:63} INFO - Started process 6617 to run task
[2024-06-17T23:56:55.623+0000] {task_command.py:426} INFO - Running <TaskInstance: dag_data_etl_v18.preprocess_data.convert_to_matrix scheduled__2024-06-17T00:00:00+00:00 [running]> on host 10482076056f
[2024-06-17T23:56:55.675+0000] {taskinstance.py:2648} INFO - Exporting env vars: AIRFLOW_CTX_DAG_OWNER='Solarev Ruslan' AIRFLOW_CTX_DAG_ID='dag_data_etl_v18' AIRFLOW_CTX_TASK_ID='preprocess_data.convert_to_matrix' AIRFLOW_CTX_EXECUTION_DATE='2024-06-17T00:00:00+00:00' AIRFLOW_CTX_TRY_NUMBER='1' AIRFLOW_CTX_DAG_RUN_ID='scheduled__2024-06-17T00:00:00+00:00'
[2024-06-17T23:56:55.676+0000] {taskinstance.py:430} INFO - ::endgroup::
[2024-06-17T23:56:55.681+0000] {logging_mixin.py:188} INFO - Index(['Profession', 'Link', 'Tags'], dtype='object')
[2024-06-17T23:56:55.840+0000] {logging_mixin.py:188} INFO - 0/35
[2024-06-17T23:56:55.884+0000] {logging_mixin.py:188} INFO - 1/35
[2024-06-17T23:56:55.898+0000] {logging_mixin.py:188} INFO - 2/35
[2024-06-17T23:56:55.903+0000] {logging_mixin.py:188} INFO - 3/35
[2024-06-17T23:56:55.904+0000] {logging_mixin.py:188} INFO - 4/35
[2024-06-17T23:56:55.905+0000] {logging_mixin.py:188} INFO - 5/35
[2024-06-17T23:56:55.926+0000] {logging_mixin.py:188} INFO - 6/35
[2024-06-17T23:56:55.948+0000] {logging_mixin.py:188} INFO - 7/35
[2024-06-17T23:56:55.953+0000] {logging_mixin.py:188} INFO - 8/35
[2024-06-17T23:56:55.968+0000] {logging_mixin.py:188} INFO - 9/35
[2024-06-17T23:56:55.969+0000] {logging_mixin.py:188} INFO - 10/35
[2024-06-17T23:56:55.970+0000] {logging_mixin.py:188} INFO - 11/35
[2024-06-17T23:56:55.971+0000] {logging_mixin.py:188} INFO - 12/35
[2024-06-17T23:56:56.002+0000] {logging_mixin.py:188} INFO - 13/35
[2024-06-17T23:56:56.009+0000] {logging_mixin.py:188} INFO - 14/35
[2024-06-17T23:56:56.071+0000] {logging_mixin.py:188} INFO - 15/35
[2024-06-17T23:56:56.071+0000] {logging_mixin.py:188} INFO - 16/35
[2024-06-17T23:56:56.081+0000] {logging_mixin.py:188} INFO - 17/35
[2024-06-17T23:56:56.082+0000] {logging_mixin.py:188} INFO - 18/35
[2024-06-17T23:56:56.082+0000] {logging_mixin.py:188} INFO - 19/35
[2024-06-17T23:56:56.109+0000] {logging_mixin.py:188} INFO - 20/35
[2024-06-17T23:56:56.136+0000] {logging_mixin.py:188} INFO - 21/35
[2024-06-17T23:56:56.142+0000] {logging_mixin.py:188} INFO - 22/35
[2024-06-17T23:56:56.150+0000] {logging_mixin.py:188} INFO - 23/35
[2024-06-17T23:56:56.150+0000] {logging_mixin.py:188} INFO - 24/35
[2024-06-17T23:56:56.151+0000] {logging_mixin.py:188} INFO - 25/35
[2024-06-17T23:56:56.157+0000] {logging_mixin.py:188} INFO - 26/35
[2024-06-17T23:56:56.157+0000] {logging_mixin.py:188} INFO - 27/35
[2024-06-17T23:56:56.163+0000] {logging_mixin.py:188} INFO - 28/35
[2024-06-17T23:56:56.164+0000] {logging_mixin.py:188} INFO - 29/35
[2024-06-17T23:56:56.164+0000] {logging_mixin.py:188} INFO - 30/35
[2024-06-17T23:56:56.165+0000] {logging_mixin.py:188} INFO - 31/35
[2024-06-17T23:56:56.165+0000] {logging_mixin.py:188} INFO - 32/35
[2024-06-17T23:56:56.166+0000] {logging_mixin.py:188} INFO - 33/35
[2024-06-17T23:56:56.166+0000] {logging_mixin.py:188} INFO - 34/35
[2024-06-17T23:56:56.352+0000] {logging_mixin.py:188} INFO - Тип: <class 'pandas.core.frame.DataFrame'>
[2024-06-18T00:06:17.225+0000] {python.py:237} INFO - Done. Returned value was: None
[2024-06-18T00:06:17.226+0000] {taskinstance.py:441} INFO - ::group::Post task execution logs
[2024-06-18T00:06:17.231+0000] {taskinstance.py:1206} INFO - Marking task as SUCCESS. dag_id=dag_data_etl_v18, task_id=preprocess_data.convert_to_matrix, run_id=scheduled__2024-06-17T00:00:00+00:00, execution_date=20240617T000000, start_date=20240617T235655, end_date=20240618T000617
[2024-06-18T00:06:17.388+0000] {local_task_job_runner.py:240} INFO - Task exited with return code 0
[2024-06-18T00:06:17.397+0000] {taskinstance.py:3498} INFO - 0 downstream tasks scheduled from follow-on schedule check
[2024-06-18T00:06:17.400+0000] {local_task_job_runner.py:222} INFO - ::endgroup::
