[2024-06-15T12:00:02.404+0000] {local_task_job_runner.py:120} INFO - ::group::Pre task execution logs
[2024-06-15T12:00:02.419+0000] {taskinstance.py:2076} INFO - Dependencies all met for dep_context=non-requeueable deps ti=<TaskInstance: dag_data_etl_v2.parse_data scheduled__2024-06-15T00:00:00+00:00 [queued]>
[2024-06-15T12:00:02.423+0000] {taskinstance.py:2076} INFO - Dependencies all met for dep_context=requeueable deps ti=<TaskInstance: dag_data_etl_v2.parse_data scheduled__2024-06-15T00:00:00+00:00 [queued]>
[2024-06-15T12:00:02.424+0000] {taskinstance.py:2306} INFO - Starting attempt 1 of 6
[2024-06-15T12:00:02.432+0000] {taskinstance.py:2330} INFO - Executing <Task(PythonOperator): parse_data> on 2024-06-15 00:00:00+00:00
[2024-06-15T12:00:02.438+0000] {standard_task_runner.py:90} INFO - Running: ['***', 'tasks', 'run', 'dag_data_etl_v2', 'parse_data', 'scheduled__2024-06-15T00:00:00+00:00', '--job-id', '12', '--raw', '--subdir', 'DAGS_FOLDER/data_etl_dag.py', '--cfg-path', '/tmp/tmpgdgttzj7']
[2024-06-15T12:00:02.439+0000] {logging_mixin.py:188} WARNING - /home/***/.local/lib/python3.12/site-packages/***/task/task_runner/standard_task_runner.py:61 DeprecationWarning: This process (pid=984) is multi-threaded, use of fork() may lead to deadlocks in the child.
[2024-06-15T12:00:02.439+0000] {standard_task_runner.py:91} INFO - Job 12: Subtask parse_data
[2024-06-15T12:00:02.440+0000] {standard_task_runner.py:63} INFO - Started process 986 to run task
[2024-06-15T12:00:02.464+0000] {task_command.py:426} INFO - Running <TaskInstance: dag_data_etl_v2.parse_data scheduled__2024-06-15T00:00:00+00:00 [running]> on host 10482076056f
[2024-06-15T12:00:02.509+0000] {taskinstance.py:2648} INFO - Exporting env vars: AIRFLOW_CTX_DAG_OWNER='Solarev Ruslan' AIRFLOW_CTX_DAG_ID='dag_data_etl_v2' AIRFLOW_CTX_TASK_ID='parse_data' AIRFLOW_CTX_EXECUTION_DATE='2024-06-15T00:00:00+00:00' AIRFLOW_CTX_TRY_NUMBER='1' AIRFLOW_CTX_DAG_RUN_ID='scheduled__2024-06-15T00:00:00+00:00'
[2024-06-15T12:00:02.510+0000] {taskinstance.py:430} INFO - ::endgroup::
[2024-06-15T12:00:02.517+0000] {logging_mixin.py:188} INFO - Добавлена новая профессия: Администратор базы данных
[2024-06-15T12:00:14.641+0000] {logging_mixin.py:188} INFO - Добавлена новая профессия: ERP-программист
[2024-06-15T12:00:27.495+0000] {logging_mixin.py:188} INFO - Добавлена новая профессия: Тестировщик программного обеспечения (ПО)
[2024-06-15T12:00:39.553+0000] {logging_mixin.py:188} INFO - Добавлена новая профессия: Модератор форума
[2024-06-15T12:00:40.772+0000] {logging_mixin.py:188} INFO - Добавлена новая профессия: HTML-верстальщик
[2024-06-15T12:00:42.184+0000] {logging_mixin.py:188} INFO - Добавлена новая профессия: Системный администратор
[2024-06-15T12:00:56.568+0000] {logging_mixin.py:188} INFO - Добавлена новая профессия: IT-евангелист
[2024-06-15T12:00:58.037+0000] {logging_mixin.py:188} INFO - Добавлена новая профессия: Технический писатель
[2024-06-15T12:01:09.793+0000] {logging_mixin.py:188} INFO - Добавлена новая профессия: Администратор сайта
[2024-06-15T12:01:21.511+0000] {logging_mixin.py:188} INFO - Добавлена новая профессия: Бизнес-аналитик 
[2024-06-15T12:01:38.117+0000] {logging_mixin.py:188} INFO - Добавлена новая профессия: Специалист по информационной безопасности
[2024-06-15T12:01:50.671+0000] {logging_mixin.py:188} INFO - Добавлена новая профессия: Веб-программист
[2024-06-15T12:02:02.566+0000] {logging_mixin.py:188} INFO - Добавлена новая профессия: Программист
[2024-06-15T12:02:14.798+0000] {logging_mixin.py:188} INFO - Добавлена новая профессия: Программист 1С
[2024-06-15T12:02:27.585+0000] {logging_mixin.py:188} INFO - Добавлена новая профессия: Системный программист
[2024-06-15T12:02:39.432+0000] {logging_mixin.py:188} INFO - Добавлена новая профессия: ERP-консультант
[2024-06-15T12:02:52.093+0000] {logging_mixin.py:188} INFO - Добавлена новая профессия: Корпоративный архитектор
[2024-06-15T12:03:04.647+0000] {logging_mixin.py:188} INFO - Добавлена новая профессия: QA-инженер
[2024-06-15T12:03:17.152+0000] {logging_mixin.py:188} INFO - Добавлена новая профессия: SEO-специалист
[2024-06-15T12:03:28.767+0000] {logging_mixin.py:188} INFO - Добавлена новая профессия: Data Scientist
[2024-06-15T12:03:41.356+0000] {logging_mixin.py:188} INFO - Добавлена новая профессия: Frontend разработчик
[2024-06-15T12:03:54.260+0000] {logging_mixin.py:188} INFO - Добавлена новая профессия: Backend разработчик
[2024-06-15T12:04:05.706+0000] {logging_mixin.py:188} INFO - Добавлена новая профессия: Мобильный разработчик
[2024-06-15T12:04:17.965+0000] {logging_mixin.py:188} INFO - Добавлена новая профессия: Юзабилити-специалист
[2024-06-15T12:04:19.403+0000] {logging_mixin.py:188} INFO - Добавлена новая профессия: Веб-аналитик
[2024-06-15T12:04:32.097+0000] {logging_mixin.py:188} INFO - Добавлена новая профессия: Специалист по информационным ресурсам
[2024-06-15T12:04:44.447+0000] {logging_mixin.py:188} INFO - Добавлена новая профессия: Линк-менеджер
[2024-06-15T12:04:46.208+0000] {logging_mixin.py:188} INFO - Добавлена новая профессия: Специалист по информационным системам
[2024-06-15T12:05:02.917+0000] {logging_mixin.py:188} INFO - Добавлена новая профессия: Архитектор VR
[2024-06-15T12:05:04.153+0000] {logging_mixin.py:188} INFO - Добавлена новая профессия: Flash-аниматор
[2024-06-15T12:05:05.399+0000] {logging_mixin.py:188} INFO - Добавлена новая профессия: Дизайнер интерфейсов
[2024-06-15T12:05:16.731+0000] {logging_mixin.py:188} INFO - Добавлена новая профессия: Системный инженер
[2024-06-15T12:05:28.097+0000] {logging_mixin.py:188} INFO - Добавлена новая профессия: Gamedev (разработчик игр)
[2024-06-15T12:05:40.311+0000] {logging_mixin.py:188} INFO - Добавлена новая профессия: Сетевой администратор
[2024-06-15T12:05:52.332+0000] {logging_mixin.py:188} INFO - Добавлена новая профессия: Разработчик БД (баз данных)
[2024-06-15T12:06:05.052+0000] {logging_mixin.py:188} INFO - Добавлена новая профессия: Embedded-программист
[2024-06-15T12:06:16.948+0000] {logging_mixin.py:188} INFO - Добавлена новая профессия: Архитектор баз данных
[2024-06-15T12:06:29.440+0000] {logging_mixin.py:188} INFO - Добавлена новая профессия: Программист PHP
[2024-06-15T12:06:41.564+0000] {logging_mixin.py:188} INFO - Добавлена новая профессия: Программист Ruby
[2024-06-15T12:06:53.388+0000] {logging_mixin.py:188} INFO - Добавлена новая профессия: Программист Java
[2024-06-15T12:07:05.078+0000] {logging_mixin.py:188} INFO - Добавлена новая профессия: Android-разработчик
[2024-06-15T12:07:16.518+0000] {logging_mixin.py:188} INFO - Добавлена новая профессия: iOS-разработчик
[2024-06-15T12:07:28.827+0000] {logging_mixin.py:188} INFO - Добавлена новая профессия: Программист C#
[2024-06-15T12:07:41.394+0000] {logging_mixin.py:188} INFO - Добавлена новая профессия: Разработчик нейроинтерфейсов
[2024-06-15T12:07:42.626+0000] {logging_mixin.py:188} INFO - Добавлена новая профессия: Программист Python
[2024-06-15T12:07:54.207+0000] {logging_mixin.py:188} INFO - Добавлена новая профессия: Программист Swift
[2024-06-15T12:08:06.160+0000] {logging_mixin.py:188} INFO - Добавлена новая профессия: Архитектор информационных систем
[2024-06-15T12:08:18.086+0000] {logging_mixin.py:188} INFO - Добавлена новая профессия: Биоинформатик
[2024-06-15T12:08:19.609+0000] {logging_mixin.py:188} INFO - Добавлена новая профессия: Программист C++
[2024-06-15T12:08:31.755+0000] {logging_mixin.py:188} INFO - Добавлена новая профессия: Программист JavaScript
[2024-06-15T12:08:44.041+0000] {logging_mixin.py:188} INFO - Добавлена новая профессия: Программист Kotlin
[2024-06-15T12:08:55.594+0000] {logging_mixin.py:188} INFO - Добавлена новая профессия: BI разработчик
[2024-06-15T12:09:07.538+0000] {logging_mixin.py:188} INFO - Добавлена новая профессия: Data Mining Specialist
[2024-06-15T12:09:08.807+0000] {logging_mixin.py:188} INFO - Добавлена новая профессия: Quant developer
[2024-06-15T12:09:10.182+0000] {logging_mixin.py:188} INFO - Добавлена новая профессия: Intelligent Systems Developer
[2024-06-15T12:09:21.773+0000] {logging_mixin.py:188} INFO - Добавлена новая профессия: Программист С
[2024-06-15T12:09:34.756+0000] {logging_mixin.py:188} INFO - Добавлена новая профессия: Лингвоэксперт
[2024-06-15T12:09:36.363+0000] {logging_mixin.py:188} INFO - Добавлена новая профессия: UX-дизайнер
[2024-06-15T12:09:48.736+0000] {logging_mixin.py:188} INFO - Добавлена новая профессия: UX-аналитик
[2024-06-15T12:10:01.505+0000] {logging_mixin.py:188} INFO - Добавлена новая профессия: UI-дизайнер
[2024-06-15T12:10:14.211+0000] {logging_mixin.py:188} INFO - Добавлена новая профессия: Инженер-программист
[2024-06-15T12:10:26.838+0000] {logging_mixin.py:188} INFO - Добавлена новая профессия: Компьютерный лингвист
[2024-06-15T12:10:28.074+0000] {logging_mixin.py:188} INFO - Добавлена новая профессия: Аналитик
[2024-06-15T12:10:43.749+0000] {logging_mixin.py:188} INFO - Добавлена новая профессия: Тестировщик мобильных приложений
[2024-06-15T12:10:55.585+0000] {logging_mixin.py:188} INFO - Добавлена новая профессия: Системный аналитик
[2024-06-15T12:11:07.627+0000] {logging_mixin.py:188} INFO - Добавлена новая профессия: Продуктовый аналитик
[2024-06-15T12:11:21.224+0000] {logging_mixin.py:188} INFO - Добавлена новая профессия: Go-разработчик
[2024-06-15T12:11:34.481+0000] {logging_mixin.py:188} INFO - Добавлена новая профессия: DevOps-инженер
[2024-06-15T12:11:46.478+0000] {logging_mixin.py:188} INFO - Добавлена новая профессия: Data Engineer
[2024-06-15T12:11:58.528+0000] {logging_mixin.py:188} INFO - Добавлена новая профессия: Big Data Analyst
[2024-06-15T12:12:12.157+0000] {logging_mixin.py:188} INFO - Добавлена новая профессия: Fullstack-разработчик на PHP
[2024-06-15T12:12:23.795+0000] {logging_mixin.py:188} INFO - Добавлена новая профессия: Fullstack-разработчик на JavaScript
[2024-06-15T12:12:35.806+0000] {logging_mixin.py:188} INFO - Добавлена новая профессия: Fullstack-разработчик на Python
[2024-06-15T12:12:37.288+0000] {logging_mixin.py:188} INFO - Добавлена новая профессия: Гейм-аналитик
[2024-06-15T12:12:38.806+0000] {logging_mixin.py:188} INFO - Добавлена новая профессия: Разработчик чат-ботов
[2024-06-15T12:12:50.390+0000] {logging_mixin.py:188} INFO - Добавлена новая профессия: Разработчик на Unity
[2024-06-15T12:13:02.043+0000] {logging_mixin.py:188} INFO - Добавлена новая профессия: QA Automation Engineer
[2024-06-15T12:13:13.508+0000] {logging_mixin.py:188} INFO - Добавлена новая профессия: Аналитик мобильных приложений
[2024-06-15T12:13:25.493+0000] {logging_mixin.py:188} INFO - Добавлена новая профессия: Профессия fullstack-разработчик
[2024-06-15T12:13:27.234+0000] {logging_mixin.py:188} INFO - Добавлена новая профессия: UX-исследователь
[2024-06-15T12:13:40.072+0000] {logging_mixin.py:188} INFO - Добавлена новая профессия: Программист дронов
[2024-06-15T12:13:41.357+0000] {logging_mixin.py:188} INFO - Добавлена новая профессия: VFX-дизайнер
[2024-06-15T12:13:42.718+0000] {logging_mixin.py:188} INFO - Добавлена новая профессия: Специалист по кибербезопасности
[2024-06-15T12:13:54.907+0000] {logging_mixin.py:188} INFO - Добавлена новая профессия: Разработчик на Unreal Engine
[2024-06-15T12:14:06.384+0000] {logging_mixin.py:188} INFO - Добавлена новая профессия: Блокчейн-разработчик
[2024-06-15T12:14:07.637+0000] {logging_mixin.py:188} INFO - Добавлена новая профессия: Разработчик нейросетей 
[2024-06-15T12:14:19.963+0000] {logging_mixin.py:188} INFO - Добавлена новая профессия: ML-специалист
[2024-06-15T12:14:21.524+0000] {logging_mixin.py:188} INFO - Добавлена новая профессия: Разработчик на React Native 
[2024-06-15T12:14:33.821+0000] {logging_mixin.py:188} INFO - Добавлена новая профессия: Node.js-разработчик
[2024-06-15T12:14:46.472+0000] {logging_mixin.py:188} INFO - Добавлена новая профессия: Prompt-инженер
[2024-06-15T12:14:47.922+0000] {logging_mixin.py:188} INFO - Добавлена новая профессия: NLP-специалист
[2024-06-15T12:14:49.122+0000] {logging_mixin.py:188} INFO - Добавлена новая профессия: Deep Learning Engineer
[2024-06-15T12:14:50.754+0000] {logging_mixin.py:188} INFO - Добавлена новая профессия: Разработчик компьютерного зрения
[2024-06-15T12:15:02.122+0000] {logging_mixin.py:188} INFO - Добавлена новая профессия: Пентестер
[2024-06-15T12:15:03.667+0000] {logging_mixin.py:188} INFO - Добавлена новая профессия: Маркетолог
[2024-06-15T12:15:16.141+0000] {logging_mixin.py:188} INFO - Добавлена новая профессия: SMM-специалист
[2024-06-15T12:15:27.746+0000] {logging_mixin.py:188} INFO - Добавлена новая профессия: Веб-маркетолог
[2024-06-15T12:15:29.359+0000] {python.py:237} INFO - Done. Returned value was: None
[2024-06-15T12:15:29.360+0000] {taskinstance.py:441} INFO - ::group::Post task execution logs
[2024-06-15T12:15:29.364+0000] {taskinstance.py:1206} INFO - Marking task as SUCCESS. dag_id=dag_data_etl_v2, task_id=parse_data, run_id=scheduled__2024-06-15T00:00:00+00:00, execution_date=20240615T000000, start_date=20240615T120002, end_date=20240615T121529
[2024-06-15T12:15:29.392+0000] {local_task_job_runner.py:240} INFO - Task exited with return code 0
[2024-06-15T12:15:29.401+0000] {taskinstance.py:3498} INFO - 1 downstream tasks scheduled from follow-on schedule check
[2024-06-15T12:15:29.404+0000] {local_task_job_runner.py:222} INFO - ::endgroup::
