[2024-06-20T11:23:53.995+0000] {local_task_job_runner.py:120} INFO - ::group::Pre task execution logs
[2024-06-20T11:23:54.012+0000] {taskinstance.py:2076} INFO - Dependencies all met for dep_context=non-requeueable deps ti=<TaskInstance: dag_data_etl_v30.data_etl.parse_data.get_dataset_with_tags scheduled__2024-06-19T12:00:00+00:00 [queued]>
[2024-06-20T11:23:54.018+0000] {taskinstance.py:2076} INFO - Dependencies all met for dep_context=requeueable deps ti=<TaskInstance: dag_data_etl_v30.data_etl.parse_data.get_dataset_with_tags scheduled__2024-06-19T12:00:00+00:00 [queued]>
[2024-06-20T11:23:54.019+0000] {taskinstance.py:2306} INFO - Starting attempt 1 of 6
[2024-06-20T11:23:54.029+0000] {taskinstance.py:2330} INFO - Executing <Task(_PythonDecoratedOperator): data_etl.parse_data.get_dataset_with_tags> on 2024-06-19 12:00:00+00:00
[2024-06-20T11:23:54.038+0000] {standard_task_runner.py:90} INFO - Running: ['***', 'tasks', 'run', 'dag_data_etl_v30', 'data_etl.parse_data.get_dataset_with_tags', 'scheduled__2024-06-19T12:00:00+00:00', '--job-id', '128', '--raw', '--subdir', 'DAGS_FOLDER/data_etl_dag.py', '--cfg-path', '/tmp/tmp9xma9vz8']
[2024-06-20T11:23:54.041+0000] {standard_task_runner.py:91} INFO - Job 128: Subtask data_etl.parse_data.get_dataset_with_tags
[2024-06-20T11:23:54.041+0000] {logging_mixin.py:188} WARNING - /home/***/.local/lib/python3.12/site-packages/***/task/task_runner/standard_task_runner.py:61 DeprecationWarning: This process (pid=200) is multi-threaded, use of fork() may lead to deadlocks in the child.
[2024-06-20T11:23:54.042+0000] {standard_task_runner.py:63} INFO - Started process 218 to run task
[2024-06-20T11:23:54.075+0000] {task_command.py:426} INFO - Running <TaskInstance: dag_data_etl_v30.data_etl.parse_data.get_dataset_with_tags scheduled__2024-06-19T12:00:00+00:00 [running]> on host 10482076056f
[2024-06-20T11:23:54.137+0000] {taskinstance.py:2648} INFO - Exporting env vars: AIRFLOW_CTX_DAG_OWNER='Solarev Ruslan' AIRFLOW_CTX_DAG_ID='dag_data_etl_v30' AIRFLOW_CTX_TASK_ID='data_etl.parse_data.get_dataset_with_tags' AIRFLOW_CTX_EXECUTION_DATE='2024-06-19T12:00:00+00:00' AIRFLOW_CTX_TRY_NUMBER='1' AIRFLOW_CTX_DAG_RUN_ID='scheduled__2024-06-19T12:00:00+00:00'
[2024-06-20T11:23:54.137+0000] {taskinstance.py:430} INFO - ::endgroup::
[2024-06-20T11:23:54.154+0000] {logging_mixin.py:188} INFO - Добавлена новая профессия: Администратор базы данных
[2024-06-20T11:24:24.630+0000] {logging_mixin.py:188} INFO - Добавлена новая профессия: ERP-программист
[2024-06-20T11:24:56.456+0000] {logging_mixin.py:188} INFO - Добавлена новая профессия: Тестировщик программного обеспечения (ПО)
[2024-06-20T11:25:21.351+0000] {logging_mixin.py:188} INFO - Добавлена новая профессия: Модератор форума
[2024-06-20T11:25:23.018+0000] {logging_mixin.py:188} INFO - Добавлена новая профессия: HTML-верстальщик
[2024-06-20T11:25:24.878+0000] {logging_mixin.py:188} INFO - Добавлена новая профессия: Системный администратор
[2024-06-20T11:25:57.716+0000] {logging_mixin.py:188} INFO - Добавлена новая профессия: IT-евангелист
[2024-06-20T11:26:10.030+0000] {logging_mixin.py:188} INFO - Добавлена новая профессия: Технический писатель
[2024-06-20T11:27:15.480+0000] {logging_mixin.py:188} INFO - Добавлена новая профессия: Администратор сайта
[2024-06-20T11:27:41.177+0000] {logging_mixin.py:188} INFO - Добавлена новая профессия: Бизнес-аналитик 
[2024-06-20T11:28:06.250+0000] {logging_mixin.py:188} INFO - Тип: <class 'pandas.core.frame.DataFrame'>
[2024-06-20T11:28:06.254+0000] {python.py:237} INFO - Done. Returned value was: dags/data/Parsed_data.csv
[2024-06-20T11:28:06.255+0000] {taskinstance.py:441} INFO - ::group::Post task execution logs
[2024-06-20T11:28:06.269+0000] {taskinstance.py:1206} INFO - Marking task as SUCCESS. dag_id=dag_data_etl_v30, task_id=data_etl.parse_data.get_dataset_with_tags, run_id=scheduled__2024-06-19T12:00:00+00:00, execution_date=20240619T120000, start_date=20240620T112354, end_date=20240620T112806
[2024-06-20T11:28:06.321+0000] {local_task_job_runner.py:240} INFO - Task exited with return code 0
[2024-06-20T11:28:06.337+0000] {taskinstance.py:3498} INFO - 1 downstream tasks scheduled from follow-on schedule check
[2024-06-20T11:28:06.341+0000] {local_task_job_runner.py:222} INFO - ::endgroup::
