[2024-06-18T03:30:25.933+0000] {local_task_job_runner.py:120} INFO - ::group::Pre task execution logs
[2024-06-18T03:30:25.952+0000] {taskinstance.py:2076} INFO - Dependencies all met for dep_context=non-requeueable deps ti=<TaskInstance: dag_data_etl_v28.data_etl.preprocess_data.convert_to_matrix scheduled__2024-06-17T12:00:00+00:00 [queued]>
[2024-06-18T03:30:25.957+0000] {taskinstance.py:2076} INFO - Dependencies all met for dep_context=requeueable deps ti=<TaskInstance: dag_data_etl_v28.data_etl.preprocess_data.convert_to_matrix scheduled__2024-06-17T12:00:00+00:00 [queued]>
[2024-06-18T03:30:25.958+0000] {taskinstance.py:2306} INFO - Starting attempt 1 of 6
[2024-06-18T03:30:25.967+0000] {taskinstance.py:2330} INFO - Executing <Task(_PythonDecoratedOperator): data_etl.preprocess_data.convert_to_matrix> on 2024-06-17 12:00:00+00:00
[2024-06-18T03:30:25.973+0000] {logging_mixin.py:188} WARNING - /home/***/.local/lib/python3.12/site-packages/***/task/task_runner/standard_task_runner.py:61 DeprecationWarning: This process (pid=21999) is multi-threaded, use of fork() may lead to deadlocks in the child.
[2024-06-18T03:30:25.972+0000] {standard_task_runner.py:90} INFO - Running: ['***', 'tasks', 'run', 'dag_data_etl_v28', 'data_etl.preprocess_data.convert_to_matrix', 'scheduled__2024-06-17T12:00:00+00:00', '--job-id', '118', '--raw', '--subdir', 'DAGS_FOLDER/data_etl_dag.py', '--cfg-path', '/tmp/tmpzes6vr66']
[2024-06-18T03:30:25.974+0000] {standard_task_runner.py:63} INFO - Started process 22001 to run task
[2024-06-18T03:30:25.974+0000] {standard_task_runner.py:91} INFO - Job 118: Subtask data_etl.preprocess_data.convert_to_matrix
[2024-06-18T03:30:26.004+0000] {task_command.py:426} INFO - Running <TaskInstance: dag_data_etl_v28.data_etl.preprocess_data.convert_to_matrix scheduled__2024-06-17T12:00:00+00:00 [running]> on host 10482076056f
[2024-06-18T03:30:26.058+0000] {taskinstance.py:2648} INFO - Exporting env vars: AIRFLOW_CTX_DAG_OWNER='Solarev Ruslan' AIRFLOW_CTX_DAG_ID='dag_data_etl_v28' AIRFLOW_CTX_TASK_ID='data_etl.preprocess_data.convert_to_matrix' AIRFLOW_CTX_EXECUTION_DATE='2024-06-17T12:00:00+00:00' AIRFLOW_CTX_TRY_NUMBER='1' AIRFLOW_CTX_DAG_RUN_ID='scheduled__2024-06-17T12:00:00+00:00'
[2024-06-18T03:30:26.059+0000] {taskinstance.py:430} INFO - ::endgroup::
[2024-06-18T03:30:26.071+0000] {logging_mixin.py:188} INFO - Index(['Profession', 'Link', 'Tags'], dtype='object')
[2024-06-18T03:30:26.233+0000] {logging_mixin.py:188} INFO - 0/24
[2024-06-18T03:30:26.234+0000] {logging_mixin.py:188} INFO - 1/24
[2024-06-18T03:30:26.236+0000] {logging_mixin.py:188} INFO - 2/24
[2024-06-18T03:30:26.237+0000] {logging_mixin.py:188} INFO - 3/24
[2024-06-18T03:30:26.238+0000] {logging_mixin.py:188} INFO - 4/24
[2024-06-18T03:30:26.239+0000] {logging_mixin.py:188} INFO - 5/24
[2024-06-18T03:30:26.241+0000] {logging_mixin.py:188} INFO - 6/24
[2024-06-18T03:30:26.242+0000] {logging_mixin.py:188} INFO - 7/24
[2024-06-18T03:30:26.248+0000] {logging_mixin.py:188} INFO - 8/24
[2024-06-18T03:30:26.250+0000] {logging_mixin.py:188} INFO - 9/24
[2024-06-18T03:30:26.252+0000] {logging_mixin.py:188} INFO - 10/24
[2024-06-18T03:30:26.253+0000] {logging_mixin.py:188} INFO - 11/24
[2024-06-18T03:30:26.255+0000] {logging_mixin.py:188} INFO - 12/24
[2024-06-18T03:30:26.257+0000] {logging_mixin.py:188} INFO - 13/24
[2024-06-18T03:30:26.259+0000] {logging_mixin.py:188} INFO - 14/24
[2024-06-18T03:30:26.262+0000] {logging_mixin.py:188} INFO - 15/24
[2024-06-18T03:30:26.264+0000] {logging_mixin.py:188} INFO - 16/24
[2024-06-18T03:30:26.266+0000] {logging_mixin.py:188} INFO - 17/24
[2024-06-18T03:30:26.268+0000] {logging_mixin.py:188} INFO - 18/24
[2024-06-18T03:30:26.270+0000] {logging_mixin.py:188} INFO - 19/24
[2024-06-18T03:30:26.273+0000] {logging_mixin.py:188} INFO - 20/24
[2024-06-18T03:30:26.276+0000] {logging_mixin.py:188} INFO - 21/24
[2024-06-18T03:30:26.279+0000] {logging_mixin.py:188} INFO - 22/24
[2024-06-18T03:30:26.281+0000] {logging_mixin.py:188} INFO - 23/24
[2024-06-18T03:30:26.511+0000] {logging_mixin.py:188} INFO - Тип: <class 'pandas.core.frame.DataFrame'>
[2024-06-18T03:39:48.057+0000] {python.py:237} INFO - Done. Returned value was: None
[2024-06-18T03:39:48.058+0000] {taskinstance.py:441} INFO - ::group::Post task execution logs
[2024-06-18T03:39:48.066+0000] {taskinstance.py:1206} INFO - Marking task as SUCCESS. dag_id=dag_data_etl_v28, task_id=data_etl.preprocess_data.convert_to_matrix, run_id=scheduled__2024-06-17T12:00:00+00:00, execution_date=20240617T120000, start_date=20240618T033025, end_date=20240618T033948
[2024-06-18T03:39:48.209+0000] {local_task_job_runner.py:240} INFO - Task exited with return code 0
[2024-06-18T03:39:48.219+0000] {taskinstance.py:3498} INFO - 0 downstream tasks scheduled from follow-on schedule check
[2024-06-18T03:39:48.222+0000] {local_task_job_runner.py:222} INFO - ::endgroup::
