[2024-06-18T03:07:44.553+0000] {local_task_job_runner.py:120} INFO - ::group::Pre task execution logs
[2024-06-18T03:07:44.571+0000] {taskinstance.py:2076} INFO - Dependencies all met for dep_context=non-requeueable deps ti=<TaskInstance: dag_data_etl_v23.get_dataset_with_tags scheduled__2024-06-17T12:00:00+00:00 [queued]>
[2024-06-18T03:07:44.577+0000] {taskinstance.py:2076} INFO - Dependencies all met for dep_context=requeueable deps ti=<TaskInstance: dag_data_etl_v23.get_dataset_with_tags scheduled__2024-06-17T12:00:00+00:00 [queued]>
[2024-06-18T03:07:44.577+0000] {taskinstance.py:2306} INFO - Starting attempt 1 of 6
[2024-06-18T03:07:44.585+0000] {taskinstance.py:2330} INFO - Executing <Task(_PythonDecoratedOperator): get_dataset_with_tags> on 2024-06-17 12:00:00+00:00
[2024-06-18T03:07:44.590+0000] {logging_mixin.py:188} WARNING - /home/***/.local/lib/python3.12/site-packages/***/task/task_runner/standard_task_runner.py:61 DeprecationWarning: This process (pid=20222) is multi-threaded, use of fork() may lead to deadlocks in the child.
[2024-06-18T03:07:44.590+0000] {standard_task_runner.py:90} INFO - Running: ['***', 'tasks', 'run', 'dag_data_etl_v23', 'get_dataset_with_tags', 'scheduled__2024-06-17T12:00:00+00:00', '--job-id', '106', '--raw', '--subdir', 'DAGS_FOLDER/data_etl_dag.py', '--cfg-path', '/tmp/tmpx0ndxym7']
[2024-06-18T03:07:44.592+0000] {standard_task_runner.py:63} INFO - Started process 20224 to run task
[2024-06-18T03:07:44.592+0000] {standard_task_runner.py:91} INFO - Job 106: Subtask get_dataset_with_tags
[2024-06-18T03:07:44.621+0000] {task_command.py:426} INFO - Running <TaskInstance: dag_data_etl_v23.get_dataset_with_tags scheduled__2024-06-17T12:00:00+00:00 [running]> on host 10482076056f
[2024-06-18T03:07:44.682+0000] {taskinstance.py:2648} INFO - Exporting env vars: AIRFLOW_CTX_DAG_OWNER='Solarev Ruslan' AIRFLOW_CTX_DAG_ID='dag_data_etl_v23' AIRFLOW_CTX_TASK_ID='get_dataset_with_tags' AIRFLOW_CTX_EXECUTION_DATE='2024-06-17T12:00:00+00:00' AIRFLOW_CTX_TRY_NUMBER='1' AIRFLOW_CTX_DAG_RUN_ID='scheduled__2024-06-17T12:00:00+00:00'
[2024-06-18T03:07:44.683+0000] {taskinstance.py:430} INFO - ::endgroup::
[2024-06-18T03:07:44.693+0000] {logging_mixin.py:188} INFO - Добавлена новая профессия: Администратор базы данных
[2024-06-18T03:07:56.189+0000] {logging_mixin.py:188} INFO - Добавлена новая профессия: ERP-программист
[2024-06-18T03:08:07.635+0000] {logging_mixin.py:188} INFO - Добавлена новая профессия: Тестировщик программного обеспечения (ПО)
[2024-06-18T03:08:19.167+0000] {logging_mixin.py:188} INFO - Добавлена новая профессия: Модератор форума
[2024-06-18T03:08:20.548+0000] {logging_mixin.py:188} INFO - Добавлена новая профессия: HTML-верстальщик
[2024-06-18T03:08:22.101+0000] {logging_mixin.py:188} INFO - Добавлена новая профессия: Системный администратор
[2024-06-18T03:08:35.151+0000] {logging_mixin.py:188} INFO - Добавлена новая профессия: IT-евангелист
[2024-06-18T03:08:36.838+0000] {logging_mixin.py:188} INFO - Добавлена новая профессия: Технический писатель
[2024-06-18T03:08:49.000+0000] {logging_mixin.py:188} INFO - Добавлена новая профессия: Администратор сайта
[2024-06-18T03:09:00.472+0000] {logging_mixin.py:188} INFO - Добавлена новая профессия: Бизнес-аналитик 
[2024-06-18T03:09:17.479+0000] {logging_mixin.py:188} INFO - Тип: <class 'pandas.core.frame.DataFrame'>
[2024-06-18T03:09:17.483+0000] {python.py:237} INFO - Done. Returned value was: dags/data/Parsed_data.csv
[2024-06-18T03:09:17.484+0000] {taskinstance.py:441} INFO - ::group::Post task execution logs
[2024-06-18T03:09:17.497+0000] {taskinstance.py:1206} INFO - Marking task as SUCCESS. dag_id=dag_data_etl_v23, task_id=get_dataset_with_tags, run_id=scheduled__2024-06-17T12:00:00+00:00, execution_date=20240617T120000, start_date=20240618T030744, end_date=20240618T030917
[2024-06-18T03:09:17.536+0000] {local_task_job_runner.py:240} INFO - Task exited with return code 0
[2024-06-18T03:09:17.548+0000] {taskinstance.py:3498} INFO - 1 downstream tasks scheduled from follow-on schedule check
[2024-06-18T03:09:17.551+0000] {local_task_job_runner.py:222} INFO - ::endgroup::
