[2024-06-15T06:55:38.975+0000] {local_task_job_runner.py:120} INFO - ::group::Pre task execution logs
[2024-06-15T06:55:38.994+0000] {taskinstance.py:2076} INFO - Dependencies all met for dep_context=non-requeueable deps ti=<TaskInstance: dag_data_etl_v2.parse_data scheduled__2024-06-14T12:00:00+00:00 [queued]>
[2024-06-15T06:55:39.000+0000] {taskinstance.py:2076} INFO - Dependencies all met for dep_context=requeueable deps ti=<TaskInstance: dag_data_etl_v2.parse_data scheduled__2024-06-14T12:00:00+00:00 [queued]>
[2024-06-15T06:55:39.001+0000] {taskinstance.py:2306} INFO - Starting attempt 1 of 6
[2024-06-15T06:55:39.013+0000] {taskinstance.py:2330} INFO - Executing <Task(PythonOperator): parse_data> on 2024-06-14 12:00:00+00:00
[2024-06-15T06:55:39.019+0000] {standard_task_runner.py:90} INFO - Running: ['***', 'tasks', 'run', 'dag_data_etl_v2', 'parse_data', 'scheduled__2024-06-14T12:00:00+00:00', '--job-id', '7', '--raw', '--subdir', 'DAGS_FOLDER/data_etl_dag.py', '--cfg-path', '/tmp/tmpwegtympv']
[2024-06-15T06:55:39.021+0000] {standard_task_runner.py:91} INFO - Job 7: Subtask parse_data
[2024-06-15T06:55:39.021+0000] {logging_mixin.py:188} WARNING - /home/***/.local/lib/python3.12/site-packages/***/task/task_runner/standard_task_runner.py:61 DeprecationWarning: This process (pid=259) is multi-threaded, use of fork() may lead to deadlocks in the child.
[2024-06-15T06:55:39.022+0000] {standard_task_runner.py:63} INFO - Started process 261 to run task
[2024-06-15T06:55:39.058+0000] {task_command.py:426} INFO - Running <TaskInstance: dag_data_etl_v2.parse_data scheduled__2024-06-14T12:00:00+00:00 [running]> on host 10482076056f
[2024-06-15T06:55:39.121+0000] {taskinstance.py:2648} INFO - Exporting env vars: AIRFLOW_CTX_DAG_OWNER='Solarev Ruslan' AIRFLOW_CTX_DAG_ID='dag_data_etl_v2' AIRFLOW_CTX_TASK_ID='parse_data' AIRFLOW_CTX_EXECUTION_DATE='2024-06-14T12:00:00+00:00' AIRFLOW_CTX_TRY_NUMBER='1' AIRFLOW_CTX_DAG_RUN_ID='scheduled__2024-06-14T12:00:00+00:00'
[2024-06-15T06:55:39.123+0000] {taskinstance.py:430} INFO - ::endgroup::
[2024-06-15T06:55:39.132+0000] {logging_mixin.py:188} INFO - Добавлена новая профессия: Администратор базы данных
[2024-06-15T06:55:52.046+0000] {logging_mixin.py:188} INFO - Добавлена новая профессия: ERP-программист
[2024-06-15T06:56:04.666+0000] {logging_mixin.py:188} INFO - Добавлена новая профессия: Тестировщик программного обеспечения (ПО)
[2024-06-15T06:56:17.686+0000] {logging_mixin.py:188} INFO - Добавлена новая профессия: Модератор форума
[2024-06-15T06:56:19.331+0000] {logging_mixin.py:188} INFO - Добавлена новая профессия: HTML-верстальщик
[2024-06-15T06:56:21.445+0000] {logging_mixin.py:188} INFO - Добавлена новая профессия: Системный администратор
[2024-06-15T06:56:34.307+0000] {logging_mixin.py:188} INFO - Добавлена новая профессия: IT-евангелист
[2024-06-15T06:56:35.838+0000] {logging_mixin.py:188} INFO - Добавлена новая профессия: Технический писатель
[2024-06-15T06:56:47.366+0000] {logging_mixin.py:188} INFO - Добавлена новая профессия: Администратор сайта
[2024-06-15T06:57:00.387+0000] {logging_mixin.py:188} INFO - Добавлена новая профессия: Бизнес-аналитик 
[2024-06-15T06:57:19.638+0000] {logging_mixin.py:188} INFO - Добавлена новая профессия: Специалист по информационной безопасности
[2024-06-15T06:57:33.373+0000] {logging_mixin.py:188} INFO - Добавлена новая профессия: Веб-программист
[2024-06-15T06:57:44.745+0000] {logging_mixin.py:188} INFO - Добавлена новая профессия: Программист
[2024-06-15T06:57:57.180+0000] {logging_mixin.py:188} INFO - Добавлена новая профессия: Программист 1С
[2024-06-15T06:58:10.136+0000] {logging_mixin.py:188} INFO - Добавлена новая профессия: Системный программист
[2024-06-15T06:58:21.819+0000] {logging_mixin.py:188} INFO - Добавлена новая профессия: ERP-консультант
[2024-06-15T06:58:33.617+0000] {logging_mixin.py:188} INFO - Добавлена новая профессия: Корпоративный архитектор
[2024-06-15T06:58:46.869+0000] {logging_mixin.py:188} INFO - Добавлена новая профессия: QA-инженер
[2024-06-15T06:58:59.803+0000] {logging_mixin.py:188} INFO - Добавлена новая профессия: SEO-специалист
[2024-06-15T06:59:11.965+0000] {logging_mixin.py:188} INFO - Добавлена новая профессия: Data Scientist
[2024-06-15T06:59:26.502+0000] {logging_mixin.py:188} INFO - Добавлена новая профессия: Frontend разработчик
[2024-06-15T06:59:37.984+0000] {logging_mixin.py:188} INFO - Добавлена новая профессия: Backend разработчик
[2024-06-15T06:59:50.479+0000] {logging_mixin.py:188} INFO - Добавлена новая профессия: Мобильный разработчик
[2024-06-15T07:00:03.147+0000] {logging_mixin.py:188} INFO - Добавлена новая профессия: Юзабилити-специалист
[2024-06-15T07:00:04.623+0000] {logging_mixin.py:188} INFO - Добавлена новая профессия: Веб-аналитик
[2024-06-15T07:00:16.978+0000] {logging_mixin.py:188} INFO - Добавлена новая профессия: Специалист по информационным ресурсам
[2024-06-15T07:00:29.810+0000] {logging_mixin.py:188} INFO - Добавлена новая профессия: Линк-менеджер
[2024-06-15T07:00:31.260+0000] {logging_mixin.py:188} INFO - Добавлена новая профессия: Специалист по информационным системам
[2024-06-15T07:00:50.738+0000] {logging_mixin.py:188} INFO - Добавлена новая профессия: Архитектор VR
[2024-06-15T07:00:52.160+0000] {logging_mixin.py:188} INFO - Добавлена новая профессия: Flash-аниматор
[2024-06-15T07:00:53.591+0000] {logging_mixin.py:188} INFO - Добавлена новая профессия: Дизайнер интерфейсов
[2024-06-15T07:01:05.671+0000] {logging_mixin.py:188} INFO - Добавлена новая профессия: Системный инженер
[2024-06-15T07:01:18.415+0000] {logging_mixin.py:188} INFO - Добавлена новая профессия: Gamedev (разработчик игр)
[2024-06-15T07:01:30.120+0000] {logging_mixin.py:188} INFO - Добавлена новая профессия: Сетевой администратор
[2024-06-15T07:01:42.668+0000] {logging_mixin.py:188} INFO - Добавлена новая профессия: Разработчик БД (баз данных)
[2024-06-15T07:01:54.900+0000] {logging_mixin.py:188} INFO - Добавлена новая профессия: Embedded-программист
[2024-06-15T07:02:07.921+0000] {logging_mixin.py:188} INFO - Добавлена новая профессия: Архитектор баз данных
[2024-06-15T07:02:22.598+0000] {logging_mixin.py:188} INFO - Добавлена новая профессия: Программист PHP
[2024-06-15T07:02:34.758+0000] {logging_mixin.py:188} INFO - Добавлена новая профессия: Программист Ruby
[2024-06-15T07:02:46.814+0000] {logging_mixin.py:188} INFO - Добавлена новая профессия: Программист Java
[2024-06-15T07:02:58.967+0000] {logging_mixin.py:188} INFO - Добавлена новая профессия: Android-разработчик
[2024-06-15T07:03:11.276+0000] {logging_mixin.py:188} INFO - Добавлена новая профессия: iOS-разработчик
[2024-06-15T07:03:23.304+0000] {logging_mixin.py:188} INFO - Добавлена новая профессия: Программист C#
[2024-06-15T07:03:35.121+0000] {logging_mixin.py:188} INFO - Добавлена новая профессия: Разработчик нейроинтерфейсов
[2024-06-15T07:03:36.693+0000] {logging_mixin.py:188} INFO - Добавлена новая профессия: Программист Python
[2024-06-15T07:03:48.420+0000] {logging_mixin.py:188} INFO - Добавлена новая профессия: Программист Swift
[2024-06-15T07:04:00.497+0000] {logging_mixin.py:188} INFO - Добавлена новая профессия: Архитектор информационных систем
[2024-06-15T07:04:12.422+0000] {logging_mixin.py:188} INFO - Добавлена новая профессия: Биоинформатик
[2024-06-15T07:04:14.017+0000] {logging_mixin.py:188} INFO - Добавлена новая профессия: Программист C++
[2024-06-15T07:04:25.125+0000] {logging_mixin.py:188} INFO - Добавлена новая профессия: Программист JavaScript
[2024-06-15T07:04:37.182+0000] {logging_mixin.py:188} INFO - Добавлена новая профессия: Программист Kotlin
[2024-06-15T07:04:48.474+0000] {logging_mixin.py:188} INFO - Добавлена новая профессия: BI разработчик
[2024-06-15T07:05:00.902+0000] {logging_mixin.py:188} INFO - Добавлена новая профессия: Data Mining Specialist
[2024-06-15T07:05:02.411+0000] {logging_mixin.py:188} INFO - Добавлена новая профессия: Quant developer
[2024-06-15T07:05:04.048+0000] {logging_mixin.py:188} INFO - Добавлена новая профессия: Intelligent Systems Developer
[2024-06-15T07:05:16.056+0000] {logging_mixin.py:188} INFO - Добавлена новая профессия: Программист С
[2024-06-15T07:05:28.070+0000] {logging_mixin.py:188} INFO - Добавлена новая профессия: Лингвоэксперт
[2024-06-15T07:05:29.588+0000] {logging_mixin.py:188} INFO - Добавлена новая профессия: UX-дизайнер
[2024-06-15T07:05:42.022+0000] {logging_mixin.py:188} INFO - Добавлена новая профессия: UX-аналитик
[2024-06-15T07:05:54.698+0000] {logging_mixin.py:188} INFO - Добавлена новая профессия: UI-дизайнер
[2024-06-15T07:06:06.324+0000] {logging_mixin.py:188} INFO - Добавлена новая профессия: Инженер-программист
[2024-06-15T07:06:19.001+0000] {logging_mixin.py:188} INFO - Добавлена новая профессия: Компьютерный лингвист
[2024-06-15T07:06:20.572+0000] {logging_mixin.py:188} INFO - Добавлена новая профессия: Аналитик
[2024-06-15T07:06:38.927+0000] {logging_mixin.py:188} INFO - Добавлена новая профессия: Тестировщик мобильных приложений
[2024-06-15T07:06:50.896+0000] {logging_mixin.py:188} INFO - Добавлена новая профессия: Системный аналитик
[2024-06-15T07:07:03.238+0000] {logging_mixin.py:188} INFO - Добавлена новая профессия: Продуктовый аналитик
[2024-06-15T07:07:16.812+0000] {logging_mixin.py:188} INFO - Добавлена новая профессия: Go-разработчик
[2024-06-15T07:07:28.686+0000] {logging_mixin.py:188} INFO - Добавлена новая профессия: DevOps-инженер
[2024-06-15T07:07:41.730+0000] {logging_mixin.py:188} INFO - Добавлена новая профессия: Data Engineer
[2024-06-15T07:07:54.450+0000] {logging_mixin.py:188} INFO - Добавлена новая профессия: Big Data Analyst
[2024-06-15T07:08:09.479+0000] {logging_mixin.py:188} INFO - Добавлена новая профессия: Fullstack-разработчик на PHP
[2024-06-15T07:08:20.743+0000] {logging_mixin.py:188} INFO - Добавлена новая профессия: Fullstack-разработчик на JavaScript
[2024-06-15T07:08:31.829+0000] {logging_mixin.py:188} INFO - Добавлена новая профессия: Fullstack-разработчик на Python
[2024-06-15T07:08:33.954+0000] {logging_mixin.py:188} INFO - Добавлена новая профессия: Гейм-аналитик
[2024-06-15T07:08:35.560+0000] {logging_mixin.py:188} INFO - Добавлена новая профессия: Разработчик чат-ботов
[2024-06-15T07:08:47.567+0000] {logging_mixin.py:188} INFO - Добавлена новая профессия: Разработчик на Unity
[2024-06-15T07:08:58.860+0000] {logging_mixin.py:188} INFO - Добавлена новая профессия: QA Automation Engineer
[2024-06-15T07:09:10.619+0000] {logging_mixin.py:188} INFO - Добавлена новая профессия: Аналитик мобильных приложений
[2024-06-15T07:09:22.716+0000] {logging_mixin.py:188} INFO - Добавлена новая профессия: Профессия fullstack-разработчик
[2024-06-15T07:09:24.180+0000] {logging_mixin.py:188} INFO - Добавлена новая профессия: UX-исследователь
[2024-06-15T07:09:36.902+0000] {logging_mixin.py:188} INFO - Добавлена новая профессия: Программист дронов
[2024-06-15T07:09:38.356+0000] {logging_mixin.py:188} INFO - Добавлена новая профессия: VFX-дизайнер
[2024-06-15T07:09:40.533+0000] {logging_mixin.py:188} INFO - Добавлена новая профессия: Специалист по кибербезопасности
[2024-06-15T07:09:52.711+0000] {logging_mixin.py:188} INFO - Добавлена новая профессия: Разработчик на Unreal Engine
[2024-06-15T07:10:04.736+0000] {logging_mixin.py:188} INFO - Добавлена новая профессия: Блокчейн-разработчик
[2024-06-15T07:10:06.625+0000] {logging_mixin.py:188} INFO - Добавлена новая профессия: Разработчик нейросетей 
[2024-06-15T07:10:20.361+0000] {logging_mixin.py:188} INFO - Добавлена новая профессия: ML-специалист
[2024-06-15T07:10:21.845+0000] {logging_mixin.py:188} INFO - Добавлена новая профессия: Разработчик на React Native 
[2024-06-15T07:10:34.474+0000] {logging_mixin.py:188} INFO - Добавлена новая профессия: Node.js-разработчик
[2024-06-15T07:10:46.364+0000] {logging_mixin.py:188} INFO - Добавлена новая профессия: Prompt-инженер
[2024-06-15T07:10:47.895+0000] {logging_mixin.py:188} INFO - Добавлена новая профессия: NLP-специалист
[2024-06-15T07:10:49.304+0000] {logging_mixin.py:188} INFO - Добавлена новая профессия: Deep Learning Engineer
[2024-06-15T07:11:01.525+0000] {logging_mixin.py:188} INFO - Добавлена новая профессия: Разработчик компьютерного зрения
[2024-06-15T07:11:14.182+0000] {logging_mixin.py:188} INFO - Добавлена новая профессия: Пентестер
[2024-06-15T07:11:16.001+0000] {logging_mixin.py:188} INFO - Добавлена новая профессия: Маркетолог
[2024-06-15T07:11:27.749+0000] {logging_mixin.py:188} INFO - Добавлена новая профессия: SMM-специалист
[2024-06-15T07:11:40.546+0000] {logging_mixin.py:188} INFO - Добавлена новая профессия: Веб-маркетолог
[2024-06-15T07:11:42.314+0000] {python.py:237} INFO - Done. Returned value was: None
[2024-06-15T07:11:42.315+0000] {taskinstance.py:441} INFO - ::group::Post task execution logs
[2024-06-15T07:11:42.320+0000] {taskinstance.py:1206} INFO - Marking task as SUCCESS. dag_id=dag_data_etl_v2, task_id=parse_data, run_id=scheduled__2024-06-14T12:00:00+00:00, execution_date=20240614T120000, start_date=20240615T065538, end_date=20240615T071142
[2024-06-15T07:11:42.350+0000] {local_task_job_runner.py:240} INFO - Task exited with return code 0
[2024-06-15T07:11:42.361+0000] {taskinstance.py:3498} INFO - 1 downstream tasks scheduled from follow-on schedule check
[2024-06-15T07:11:42.365+0000] {local_task_job_runner.py:222} INFO - ::endgroup::
