[2024-06-17T23:08:07.743+0000] {local_task_job_runner.py:120} INFO - ::group::Pre task execution logs
[2024-06-17T23:08:07.759+0000] {taskinstance.py:2076} INFO - Dependencies all met for dep_context=non-requeueable deps ti=<TaskInstance: dag_data_etl_v15.get_dataset_with_tags scheduled__2024-06-17T00:00:00+00:00 [queued]>
[2024-06-17T23:08:07.764+0000] {taskinstance.py:2076} INFO - Dependencies all met for dep_context=requeueable deps ti=<TaskInstance: dag_data_etl_v15.get_dataset_with_tags scheduled__2024-06-17T00:00:00+00:00 [queued]>
[2024-06-17T23:08:07.765+0000] {taskinstance.py:2306} INFO - Starting attempt 1 of 6
[2024-06-17T23:08:07.772+0000] {taskinstance.py:2330} INFO - Executing <Task(_PythonDecoratedOperator): get_dataset_with_tags> on 2024-06-17 00:00:00+00:00
[2024-06-17T23:08:07.777+0000] {standard_task_runner.py:90} INFO - Running: ['***', 'tasks', 'run', 'dag_data_etl_v15', 'get_dataset_with_tags', 'scheduled__2024-06-17T00:00:00+00:00', '--job-id', '61', '--raw', '--subdir', 'DAGS_FOLDER/data_etl_dag.py', '--cfg-path', '/tmp/tmpx2gn8rbi']
[2024-06-17T23:08:07.779+0000] {standard_task_runner.py:91} INFO - Job 61: Subtask get_dataset_with_tags
[2024-06-17T23:08:07.779+0000] {logging_mixin.py:188} WARNING - /home/***/.local/lib/python3.12/site-packages/***/task/task_runner/standard_task_runner.py:61 DeprecationWarning: This process (pid=3130) is multi-threaded, use of fork() may lead to deadlocks in the child.
[2024-06-17T23:08:07.780+0000] {standard_task_runner.py:63} INFO - Started process 3132 to run task
[2024-06-17T23:08:07.806+0000] {task_command.py:426} INFO - Running <TaskInstance: dag_data_etl_v15.get_dataset_with_tags scheduled__2024-06-17T00:00:00+00:00 [running]> on host 10482076056f
[2024-06-17T23:08:07.857+0000] {taskinstance.py:2648} INFO - Exporting env vars: AIRFLOW_CTX_DAG_OWNER='Solarev Ruslan' AIRFLOW_CTX_DAG_ID='dag_data_etl_v15' AIRFLOW_CTX_TASK_ID='get_dataset_with_tags' AIRFLOW_CTX_EXECUTION_DATE='2024-06-17T00:00:00+00:00' AIRFLOW_CTX_TRY_NUMBER='1' AIRFLOW_CTX_DAG_RUN_ID='scheduled__2024-06-17T00:00:00+00:00'
[2024-06-17T23:08:07.857+0000] {taskinstance.py:430} INFO - ::endgroup::
[2024-06-17T23:08:07.860+0000] {logging_mixin.py:188} INFO - Добавлена новая профессия: Администратор базы данных
[2024-06-17T23:08:19.297+0000] {logging_mixin.py:188} INFO - Добавлена новая профессия: ERP-программист
[2024-06-17T23:08:30.113+0000] {logging_mixin.py:188} INFO - Добавлена новая профессия: Тестировщик программного обеспечения (ПО)
[2024-06-17T23:08:41.815+0000] {logging_mixin.py:188} INFO - Добавлена новая профессия: Модератор форума
[2024-06-17T23:08:43.222+0000] {logging_mixin.py:188} INFO - Добавлена новая профессия: HTML-верстальщик
[2024-06-17T23:08:44.802+0000] {logging_mixin.py:188} INFO - Добавлена новая профессия: Системный администратор
[2024-06-17T23:08:55.681+0000] {logging_mixin.py:188} INFO - Добавлена новая профессия: IT-евангелист
[2024-06-17T23:08:56.992+0000] {logging_mixin.py:188} INFO - Добавлена новая профессия: Технический писатель
[2024-06-17T23:09:07.968+0000] {logging_mixin.py:188} INFO - Добавлена новая профессия: Администратор сайта
[2024-06-17T23:09:18.705+0000] {logging_mixin.py:188} INFO - Добавлена новая профессия: Бизнес-аналитик 
[2024-06-17T23:09:35.317+0000] {logging_mixin.py:188} INFO - Тип: <class 'pandas.core.frame.DataFrame'>
[2024-06-17T23:09:35.323+0000] {python.py:237} INFO - Done. Returned value was: dags/data/Parsed_data.csv
[2024-06-17T23:09:35.324+0000] {taskinstance.py:441} INFO - ::group::Post task execution logs
[2024-06-17T23:09:35.337+0000] {taskinstance.py:1206} INFO - Marking task as SUCCESS. dag_id=dag_data_etl_v15, task_id=get_dataset_with_tags, run_id=scheduled__2024-06-17T00:00:00+00:00, execution_date=20240617T000000, start_date=20240617T230807, end_date=20240617T230935
[2024-06-17T23:09:35.370+0000] {local_task_job_runner.py:240} INFO - Task exited with return code 0
[2024-06-17T23:09:35.381+0000] {taskinstance.py:3498} INFO - 0 downstream tasks scheduled from follow-on schedule check
[2024-06-17T23:09:35.389+0000] {local_task_job_runner.py:222} INFO - ::endgroup::
