[2024-06-20T12:06:09.670+0000] {local_task_job_runner.py:120} INFO - ::group::Pre task execution logs
[2024-06-20T12:06:09.688+0000] {taskinstance.py:2076} INFO - Dependencies all met for dep_context=non-requeueable deps ti=<TaskInstance: dag_data_etl_v33.data_etl.parse_data.parse_data scheduled__2024-06-20T00:00:00+00:00 [queued]>
[2024-06-20T12:06:09.693+0000] {taskinstance.py:2076} INFO - Dependencies all met for dep_context=requeueable deps ti=<TaskInstance: dag_data_etl_v33.data_etl.parse_data.parse_data scheduled__2024-06-20T00:00:00+00:00 [queued]>
[2024-06-20T12:06:09.694+0000] {taskinstance.py:2306} INFO - Starting attempt 1 of 6
[2024-06-20T12:06:09.703+0000] {taskinstance.py:2330} INFO - Executing <Task(PythonOperator): data_etl.parse_data.parse_data> on 2024-06-20 00:00:00+00:00
[2024-06-20T12:06:09.710+0000] {standard_task_runner.py:90} INFO - Running: ['***', 'tasks', 'run', 'dag_data_etl_v33', 'data_etl.parse_data.parse_data', 'scheduled__2024-06-20T00:00:00+00:00', '--job-id', '149', '--raw', '--subdir', 'DAGS_FOLDER/data_etl_dag.py', '--cfg-path', '/tmp/tmp22of20o3']
[2024-06-20T12:06:09.711+0000] {standard_task_runner.py:91} INFO - Job 149: Subtask data_etl.parse_data.parse_data
[2024-06-20T12:06:09.711+0000] {logging_mixin.py:188} WARNING - /home/***/.local/lib/python3.12/site-packages/***/task/task_runner/standard_task_runner.py:61 DeprecationWarning: This process (pid=3302) is multi-threaded, use of fork() may lead to deadlocks in the child.
[2024-06-20T12:06:09.712+0000] {standard_task_runner.py:63} INFO - Started process 3304 to run task
[2024-06-20T12:06:09.740+0000] {task_command.py:426} INFO - Running <TaskInstance: dag_data_etl_v33.data_etl.parse_data.parse_data scheduled__2024-06-20T00:00:00+00:00 [running]> on host 10482076056f
[2024-06-20T12:06:09.789+0000] {taskinstance.py:2648} INFO - Exporting env vars: AIRFLOW_CTX_DAG_OWNER='Solarev Ruslan' AIRFLOW_CTX_DAG_ID='dag_data_etl_v33' AIRFLOW_CTX_TASK_ID='data_etl.parse_data.parse_data' AIRFLOW_CTX_EXECUTION_DATE='2024-06-20T00:00:00+00:00' AIRFLOW_CTX_TRY_NUMBER='1' AIRFLOW_CTX_DAG_RUN_ID='scheduled__2024-06-20T00:00:00+00:00'
[2024-06-20T12:06:09.790+0000] {taskinstance.py:430} INFO - ::endgroup::
[2024-06-20T12:06:09.807+0000] {parse_hh.py:232} ERROR - Error: 'NoneType' object is not iterable
[2024-06-20T12:06:09.807+0000] {logging_mixin.py:188} INFO - Тип: <class 'pandas.core.frame.DataFrame'>
[2024-06-20T12:06:09.810+0000] {python.py:237} INFO - Done. Returned value was: None
[2024-06-20T12:06:09.810+0000] {taskinstance.py:441} INFO - ::group::Post task execution logs
[2024-06-20T12:06:09.815+0000] {taskinstance.py:1206} INFO - Marking task as SUCCESS. dag_id=dag_data_etl_v33, task_id=data_etl.parse_data.parse_data, run_id=scheduled__2024-06-20T00:00:00+00:00, execution_date=20240620T000000, start_date=20240620T120609, end_date=20240620T120609
[2024-06-20T12:06:09.846+0000] {local_task_job_runner.py:240} INFO - Task exited with return code 0
[2024-06-20T12:06:09.873+0000] {taskinstance.py:3498} INFO - 1 downstream tasks scheduled from follow-on schedule check
[2024-06-20T12:06:09.895+0000] {local_task_job_runner.py:222} INFO - ::endgroup::
