[2024-06-20T23:06:45.511+0000] {local_task_job_runner.py:120} INFO - ::group::Pre task execution logs
[2024-06-20T23:06:45.528+0000] {taskinstance.py:2076} INFO - Dependencies all met for dep_context=non-requeueable deps ti=<TaskInstance: dag_data_etl_v51.data_etl.parsing_data.get_dataset_with_tags scheduled__2024-06-20T00:00:00+00:00 [queued]>
[2024-06-20T23:06:45.533+0000] {taskinstance.py:2076} INFO - Dependencies all met for dep_context=requeueable deps ti=<TaskInstance: dag_data_etl_v51.data_etl.parsing_data.get_dataset_with_tags scheduled__2024-06-20T00:00:00+00:00 [queued]>
[2024-06-20T23:06:45.533+0000] {taskinstance.py:2306} INFO - Starting attempt 1 of 6
[2024-06-20T23:06:45.541+0000] {taskinstance.py:2330} INFO - Executing <Task(_PythonDecoratedOperator): data_etl.parsing_data.get_dataset_with_tags> on 2024-06-20 00:00:00+00:00
[2024-06-20T23:06:45.546+0000] {logging_mixin.py:188} WARNING - /home/***/.local/lib/python3.12/site-packages/***/task/task_runner/standard_task_runner.py:61 DeprecationWarning: This process (pid=3026) is multi-threaded, use of fork() may lead to deadlocks in the child.
[2024-06-20T23:06:45.546+0000] {standard_task_runner.py:63} INFO - Started process 3028 to run task
[2024-06-20T23:06:45.546+0000] {standard_task_runner.py:90} INFO - Running: ['***', 'tasks', 'run', 'dag_data_etl_v51', 'data_etl.parsing_data.get_dataset_with_tags', 'scheduled__2024-06-20T00:00:00+00:00', '--job-id', '233', '--raw', '--subdir', 'DAGS_FOLDER/data_etl_dag.py', '--cfg-path', '/tmp/tmpqpfhglcc']
[2024-06-20T23:06:45.547+0000] {standard_task_runner.py:91} INFO - Job 233: Subtask data_etl.parsing_data.get_dataset_with_tags
[2024-06-20T23:06:45.573+0000] {task_command.py:426} INFO - Running <TaskInstance: dag_data_etl_v51.data_etl.parsing_data.get_dataset_with_tags scheduled__2024-06-20T00:00:00+00:00 [running]> on host 10482076056f
[2024-06-20T23:06:45.624+0000] {taskinstance.py:2648} INFO - Exporting env vars: AIRFLOW_CTX_DAG_OWNER='Solarev Ruslan' AIRFLOW_CTX_DAG_ID='dag_data_etl_v51' AIRFLOW_CTX_TASK_ID='data_etl.parsing_data.get_dataset_with_tags' AIRFLOW_CTX_EXECUTION_DATE='2024-06-20T00:00:00+00:00' AIRFLOW_CTX_TRY_NUMBER='1' AIRFLOW_CTX_DAG_RUN_ID='scheduled__2024-06-20T00:00:00+00:00'
[2024-06-20T23:06:45.625+0000] {taskinstance.py:430} INFO - ::endgroup::
[2024-06-20T23:06:45.625+0000] {logging_mixin.py:188} INFO - ['Администратор базы данных', 'ERP-программист', 'Тестировщик программного обеспечения (ПО)', 'Модератор форума', 'HTML-верстальщик', 'Системный администратор', 'IT-евангелист', 'Технический писатель', 'Администратор сайта', 'Бизнес-аналитик']
[2024-06-20T23:06:45.638+0000] {logging_mixin.py:188} INFO - Добавлена новая профессия: Администратор базы данных
[2024-06-20T23:07:14.107+0000] {logging_mixin.py:188} INFO - Добавлена новая профессия: ERP-программист
[2024-06-20T23:07:34.468+0000] {logging_mixin.py:188} INFO - Добавлена новая профессия: Тестировщик программного обеспечения (ПО)
[2024-06-20T23:07:56.684+0000] {logging_mixin.py:188} INFO - Добавлена новая профессия: Модератор форума
[2024-06-20T23:07:58.074+0000] {logging_mixin.py:188} INFO - Добавлена новая профессия: HTML-верстальщик
[2024-06-20T23:08:00.153+0000] {logging_mixin.py:188} INFO - Добавлена новая профессия: Системный администратор
[2024-06-20T23:08:25.333+0000] {logging_mixin.py:188} INFO - Добавлена новая профессия: IT-евангелист
[2024-06-20T23:08:26.660+0000] {logging_mixin.py:188} INFO - Добавлена новая профессия: Технический писатель
[2024-06-20T23:08:46.307+0000] {logging_mixin.py:188} INFO - Добавлена новая профессия: Администратор сайта
[2024-06-20T23:09:06.241+0000] {logging_mixin.py:188} INFO - Добавлена новая профессия: Бизнес-аналитик
[2024-06-20T23:09:26.913+0000] {logging_mixin.py:188} INFO - Тип: <class 'pandas.core.frame.DataFrame'>
[2024-06-20T23:09:26.921+0000] {python.py:237} INFO - Done. Returned value was: None
[2024-06-20T23:09:26.922+0000] {taskinstance.py:441} INFO - ::group::Post task execution logs
[2024-06-20T23:09:26.927+0000] {taskinstance.py:1206} INFO - Marking task as SUCCESS. dag_id=dag_data_etl_v51, task_id=data_etl.parsing_data.get_dataset_with_tags, run_id=scheduled__2024-06-20T00:00:00+00:00, execution_date=20240620T000000, start_date=20240620T230645, end_date=20240620T230926
[2024-06-20T23:09:26.953+0000] {local_task_job_runner.py:240} INFO - Task exited with return code 0
[2024-06-20T23:09:26.965+0000] {taskinstance.py:3498} INFO - 1 downstream tasks scheduled from follow-on schedule check
[2024-06-20T23:09:26.968+0000] {local_task_job_runner.py:222} INFO - ::endgroup::
