[2024-06-20T12:36:14.110+0000] {local_task_job_runner.py:120} INFO - ::group::Pre task execution logs
[2024-06-20T12:36:14.128+0000] {taskinstance.py:2076} INFO - Dependencies all met for dep_context=non-requeueable deps ti=<TaskInstance: dag_data_etl_v40.data_etl.preprocess_data.convert_to_matrix scheduled__2024-06-20T00:00:00+00:00 [queued]>
[2024-06-20T12:36:14.133+0000] {taskinstance.py:2076} INFO - Dependencies all met for dep_context=requeueable deps ti=<TaskInstance: dag_data_etl_v40.data_etl.preprocess_data.convert_to_matrix scheduled__2024-06-20T00:00:00+00:00 [queued]>
[2024-06-20T12:36:14.134+0000] {taskinstance.py:2306} INFO - Starting attempt 1 of 6
[2024-06-20T12:36:14.186+0000] {taskinstance.py:2330} INFO - Executing <Task(PythonOperator): data_etl.preprocess_data.convert_to_matrix> on 2024-06-20 00:00:00+00:00
[2024-06-20T12:36:14.190+0000] {logging_mixin.py:188} WARNING - /home/***/.local/lib/python3.12/site-packages/***/task/task_runner/standard_task_runner.py:61 DeprecationWarning: This process (pid=5572) is multi-threaded, use of fork() may lead to deadlocks in the child.
[2024-06-20T12:36:14.191+0000] {standard_task_runner.py:63} INFO - Started process 5574 to run task
[2024-06-20T12:36:14.190+0000] {standard_task_runner.py:90} INFO - Running: ['***', 'tasks', 'run', 'dag_data_etl_v40', 'data_etl.preprocess_data.convert_to_matrix', 'scheduled__2024-06-20T00:00:00+00:00', '--job-id', '184', '--raw', '--subdir', 'DAGS_FOLDER/data_etl_dag.py', '--cfg-path', '/tmp/tmpl9163nd3']
[2024-06-20T12:36:14.192+0000] {standard_task_runner.py:91} INFO - Job 184: Subtask data_etl.preprocess_data.convert_to_matrix
[2024-06-20T12:36:14.219+0000] {task_command.py:426} INFO - Running <TaskInstance: dag_data_etl_v40.data_etl.preprocess_data.convert_to_matrix scheduled__2024-06-20T00:00:00+00:00 [running]> on host 10482076056f
[2024-06-20T12:36:14.266+0000] {taskinstance.py:2648} INFO - Exporting env vars: AIRFLOW_CTX_DAG_OWNER='Solarev Ruslan' AIRFLOW_CTX_DAG_ID='dag_data_etl_v40' AIRFLOW_CTX_TASK_ID='data_etl.preprocess_data.convert_to_matrix' AIRFLOW_CTX_EXECUTION_DATE='2024-06-20T00:00:00+00:00' AIRFLOW_CTX_TRY_NUMBER='1' AIRFLOW_CTX_DAG_RUN_ID='scheduled__2024-06-20T00:00:00+00:00'
[2024-06-20T12:36:14.267+0000] {taskinstance.py:430} INFO - ::endgroup::
[2024-06-20T12:36:14.278+0000] {taskinstance.py:441} INFO - ::group::Post task execution logs
[2024-06-20T12:36:14.279+0000] {taskinstance.py:2905} ERROR - Task failed with exception
Traceback (most recent call last):
  File "/home/airflow/.local/lib/python3.12/site-packages/airflow/models/taskinstance.py", line 465, in _execute_task
    result = _execute_callable(context=context, **execute_callable_kwargs)
             ^^^^^^^^^^^^^^^^^^^^^^^^^^^^^^^^^^^^^^^^^^^^^^^^^^^^^^^^^^^^^
  File "/home/airflow/.local/lib/python3.12/site-packages/airflow/models/taskinstance.py", line 432, in _execute_callable
    return execute_callable(context=context, **execute_callable_kwargs)
           ^^^^^^^^^^^^^^^^^^^^^^^^^^^^^^^^^^^^^^^^^^^^^^^^^^^^^^^^^^^^
  File "/home/airflow/.local/lib/python3.12/site-packages/airflow/models/baseoperator.py", line 400, in wrapper
    return func(self, *args, **kwargs)
           ^^^^^^^^^^^^^^^^^^^^^^^^^^^
  File "/home/airflow/.local/lib/python3.12/site-packages/airflow/operators/python.py", line 235, in execute
    return_value = self.execute_callable()
                   ^^^^^^^^^^^^^^^^^^^^^^^
  File "/home/airflow/.local/lib/python3.12/site-packages/airflow/operators/python.py", line 252, in execute_callable
    return self.python_callable(*self.op_args, **self.op_kwargs)
           ^^^^^^^^^^^^^^^^^^^^^^^^^^^^^^^^^^^^^^^^^^^^^^^^^^^^^
  File "/opt/airflow/dags/tasks/data_preprocessing/convert_to_matrix.py", line 24, in convert_to_matrix
    dataset = pd.read_csv(preproc_data_path)
              ^^^^^^^^^^^^^^^^^^^^^^^^^^^^^^
  File "/home/airflow/.local/lib/python3.12/site-packages/pandas/io/parsers/readers.py", line 948, in read_csv
    return _read(filepath_or_buffer, kwds)
           ^^^^^^^^^^^^^^^^^^^^^^^^^^^^^^^
  File "/home/airflow/.local/lib/python3.12/site-packages/pandas/io/parsers/readers.py", line 611, in _read
    parser = TextFileReader(filepath_or_buffer, **kwds)
             ^^^^^^^^^^^^^^^^^^^^^^^^^^^^^^^^^^^^^^^^^^
  File "/home/airflow/.local/lib/python3.12/site-packages/pandas/io/parsers/readers.py", line 1448, in __init__
    self._engine = self._make_engine(f, self.engine)
                   ^^^^^^^^^^^^^^^^^^^^^^^^^^^^^^^^^
  File "/home/airflow/.local/lib/python3.12/site-packages/pandas/io/parsers/readers.py", line 1723, in _make_engine
    return mapping[engine](f, **self.options)
           ^^^^^^^^^^^^^^^^^^^^^^^^^^^^^^^^^^
  File "/home/airflow/.local/lib/python3.12/site-packages/pandas/io/parsers/c_parser_wrapper.py", line 93, in __init__
    self._reader = parsers.TextReader(src, **kwds)
                   ^^^^^^^^^^^^^^^^^^^^^^^^^^^^^^^
  File "parsers.pyx", line 586, in pandas._libs.parsers.TextReader.__cinit__
pandas.errors.EmptyDataError: No columns to parse from file
[2024-06-20T12:36:14.286+0000] {taskinstance.py:1206} INFO - Marking task as UP_FOR_RETRY. dag_id=dag_data_etl_v40, task_id=data_etl.preprocess_data.convert_to_matrix, run_id=scheduled__2024-06-20T00:00:00+00:00, execution_date=20240620T000000, start_date=20240620T123614, end_date=20240620T123614
[2024-06-20T12:36:14.293+0000] {standard_task_runner.py:110} ERROR - Failed to execute job 184 for task data_etl.preprocess_data.convert_to_matrix (No columns to parse from file; 5574)
[2024-06-20T12:36:14.324+0000] {local_task_job_runner.py:240} INFO - Task exited with return code 1
[2024-06-20T12:36:14.333+0000] {taskinstance.py:3498} INFO - 0 downstream tasks scheduled from follow-on schedule check
[2024-06-20T12:36:14.336+0000] {local_task_job_runner.py:222} INFO - ::endgroup::
